<?xml version="1.0" encoding="UTF-8" standalone="yes" ?>
<!DOCTYPE boost_serialization>
<boost_serialization signature="serialization::archive" version="14">
<this class_id="0" tracking_level="1" version="0" object_id="_0">
	<GameMode class_id="1" tracking_level="0" version="0"></GameMode>
	<layers class_id="2" tracking_level="0" version="0">
		<count>5</count>
		<item_version>0</item_version>
		<item class_id="3" tracking_level="1" version="0" object_id="_1">
			<objects class_id="4" tracking_level="0" version="0">
				<count>21</count>
				<item_version>0</item_version>
				<item class_id="5" class_name="BackgroundObject" tracking_level="1" version="0" object_id="_2">
					<Object class_id="6" tracking_level="0" version="0">
						<pos class_id="7" tracking_level="0" version="0">
							<x>0.000000000e+00</x>
							<y>0.000000000e+00</y>
						</pos>
						<objectDefName>background</objectDefName>
						<controller_num>0</controller_num>
						<properties class_id="8" tracking_level="0" version="0">
							<p.feels_gravity>0</p.feels_gravity>
							<p.feels_user_input>0</p.feels_user_input>
							<p.feels_friction>0</p.feels_friction>
							<p.spawns_enemies>0</p.spawns_enemies>
							<p.is_physical>0</p.is_physical>
							<p.is_static>0</p.is_static>
							<p.is_sensor>0</p.is_sensor>
							<p.ignores_physics_rotation>0</p.ignores_physics_rotation>
							<p.do_our_own_rotation>0</p.do_our_own_rotation>
							<p.use_angled_corners_collision_box>0</p.use_angled_corners_collision_box>
							<p.is_overlay>0</p.is_overlay>
							<p.is_player>0</p.is_player>
							<p.is_spring>0</p.is_spring>
							<p.is_collectable>0</p.is_collectable>
							<p.is_fan>0</p.is_fan>
							<p.is_door>0</p.is_door>
							<p.is_ring>0</p.is_ring>
							<p.is_ball>0</p.is_ball>
							<p.is_badguy>0</p.is_badguy>
						</properties>
					</Object>
				</item>
				<item class_id="9" class_name="StaticObject" tracking_level="1" version="0" object_id="_3">
					<Object>
						<pos>
							<x>1.443300000e+04</x>
							<y>4.368000000e+04</y>
						</pos>
						<objectDefName>cloud</objectDefName>
						<controller_num>0</controller_num>
						<properties>
							<p.feels_gravity>0</p.feels_gravity>
							<p.feels_user_input>0</p.feels_user_input>
							<p.feels_friction>0</p.feels_friction>
							<p.spawns_enemies>0</p.spawns_enemies>
							<p.is_physical>0</p.is_physical>
							<p.is_static>1</p.is_static>
							<p.is_sensor>0</p.is_sensor>
							<p.ignores_physics_rotation>0</p.ignores_physics_rotation>
							<p.do_our_own_rotation>0</p.do_our_own_rotation>
							<p.use_angled_corners_collision_box>0</p.use_angled_corners_collision_box>
							<p.is_overlay>0</p.is_overlay>
							<p.is_player>0</p.is_player>
							<p.is_spring>0</p.is_spring>
							<p.is_collectable>0</p.is_collectable>
							<p.is_fan>0</p.is_fan>
							<p.is_door>0</p.is_door>
							<p.is_ring>0</p.is_ring>
							<p.is_ball>0</p.is_ball>
							<p.is_badguy>0</p.is_badguy>
						</properties>
					</Object>
				</item>
				<item class_id_reference="9" object_id="_4">
					<Object>
						<pos>
							<x>1.764000000e+04</x>
							<y>1.443900000e+04</y>
						</pos>
						<objectDefName>cloud</objectDefName>
						<controller_num>0</controller_num>
						<properties>
							<p.feels_gravity>0</p.feels_gravity>
							<p.feels_user_input>0</p.feels_user_input>
							<p.feels_friction>0</p.feels_friction>
							<p.spawns_enemies>0</p.spawns_enemies>
							<p.is_physical>0</p.is_physical>
							<p.is_static>1</p.is_static>
							<p.is_sensor>0</p.is_sensor>
							<p.ignores_physics_rotation>0</p.ignores_physics_rotation>
							<p.do_our_own_rotation>0</p.do_our_own_rotation>
							<p.use_angled_corners_collision_box>0</p.use_angled_corners_collision_box>
							<p.is_overlay>0</p.is_overlay>
							<p.is_player>0</p.is_player>
							<p.is_spring>0</p.is_spring>
							<p.is_collectable>0</p.is_collectable>
							<p.is_fan>0</p.is_fan>
							<p.is_door>0</p.is_door>
							<p.is_ring>0</p.is_ring>
							<p.is_ball>0</p.is_ball>
							<p.is_badguy>0</p.is_badguy>
						</properties>
					</Object>
				</item>
				<item class_id_reference="9" object_id="_5">
					<Object>
						<pos>
							<x>1.269300000e+04</x>
							<y>2.094000000e+04</y>
						</pos>
						<objectDefName>cloud</objectDefName>
						<controller_num>0</controller_num>
						<properties>
							<p.feels_gravity>0</p.feels_gravity>
							<p.feels_user_input>0</p.feels_user_input>
							<p.feels_friction>0</p.feels_friction>
							<p.spawns_enemies>0</p.spawns_enemies>
							<p.is_physical>0</p.is_physical>
							<p.is_static>1</p.is_static>
							<p.is_sensor>0</p.is_sensor>
							<p.ignores_physics_rotation>0</p.ignores_physics_rotation>
							<p.do_our_own_rotation>0</p.do_our_own_rotation>
							<p.use_angled_corners_collision_box>0</p.use_angled_corners_collision_box>
							<p.is_overlay>0</p.is_overlay>
							<p.is_player>0</p.is_player>
							<p.is_spring>0</p.is_spring>
							<p.is_collectable>0</p.is_collectable>
							<p.is_fan>0</p.is_fan>
							<p.is_door>0</p.is_door>
							<p.is_ring>0</p.is_ring>
							<p.is_ball>0</p.is_ball>
							<p.is_badguy>0</p.is_badguy>
						</properties>
					</Object>
				</item>
				<item class_id_reference="9" object_id="_6">
					<Object>
						<pos>
							<x>1.252600000e+04</x>
							<y>2.961300000e+04</y>
						</pos>
						<objectDefName>cloud</objectDefName>
						<controller_num>0</controller_num>
						<properties>
							<p.feels_gravity>0</p.feels_gravity>
							<p.feels_user_input>0</p.feels_user_input>
							<p.feels_friction>0</p.feels_friction>
							<p.spawns_enemies>0</p.spawns_enemies>
							<p.is_physical>0</p.is_physical>
							<p.is_static>1</p.is_static>
							<p.is_sensor>0</p.is_sensor>
							<p.ignores_physics_rotation>0</p.ignores_physics_rotation>
							<p.do_our_own_rotation>0</p.do_our_own_rotation>
							<p.use_angled_corners_collision_box>0</p.use_angled_corners_collision_box>
							<p.is_overlay>0</p.is_overlay>
							<p.is_player>0</p.is_player>
							<p.is_spring>0</p.is_spring>
							<p.is_collectable>0</p.is_collectable>
							<p.is_fan>0</p.is_fan>
							<p.is_door>0</p.is_door>
							<p.is_ring>0</p.is_ring>
							<p.is_ball>0</p.is_ball>
							<p.is_badguy>0</p.is_badguy>
						</properties>
					</Object>
				</item>
				<item class_id_reference="9" object_id="_7">
					<Object>
						<pos>
							<x>1.146000000e+03</x>
							<y>3.731300000e+04</y>
						</pos>
						<objectDefName>cloud</objectDefName>
						<controller_num>0</controller_num>
						<properties>
							<p.feels_gravity>0</p.feels_gravity>
							<p.feels_user_input>0</p.feels_user_input>
							<p.feels_friction>0</p.feels_friction>
							<p.spawns_enemies>0</p.spawns_enemies>
							<p.is_physical>0</p.is_physical>
							<p.is_static>1</p.is_static>
							<p.is_sensor>0</p.is_sensor>
							<p.ignores_physics_rotation>0</p.ignores_physics_rotation>
							<p.do_our_own_rotation>0</p.do_our_own_rotation>
							<p.use_angled_corners_collision_box>0</p.use_angled_corners_collision_box>
							<p.is_overlay>0</p.is_overlay>
							<p.is_player>0</p.is_player>
							<p.is_spring>0</p.is_spring>
							<p.is_collectable>0</p.is_collectable>
							<p.is_fan>0</p.is_fan>
							<p.is_door>0</p.is_door>
							<p.is_ring>0</p.is_ring>
							<p.is_ball>0</p.is_ball>
							<p.is_badguy>0</p.is_badguy>
						</properties>
					</Object>
				</item>
				<item class_id_reference="9" object_id="_8">
					<Object>
						<pos>
							<x>2.960000000e+03</x>
							<y>3.810000000e+04</y>
						</pos>
						<objectDefName>cloud</objectDefName>
						<controller_num>0</controller_num>
						<properties>
							<p.feels_gravity>0</p.feels_gravity>
							<p.feels_user_input>0</p.feels_user_input>
							<p.feels_friction>0</p.feels_friction>
							<p.spawns_enemies>0</p.spawns_enemies>
							<p.is_physical>0</p.is_physical>
							<p.is_static>1</p.is_static>
							<p.is_sensor>0</p.is_sensor>
							<p.ignores_physics_rotation>0</p.ignores_physics_rotation>
							<p.do_our_own_rotation>0</p.do_our_own_rotation>
							<p.use_angled_corners_collision_box>0</p.use_angled_corners_collision_box>
							<p.is_overlay>0</p.is_overlay>
							<p.is_player>0</p.is_player>
							<p.is_spring>0</p.is_spring>
							<p.is_collectable>0</p.is_collectable>
							<p.is_fan>0</p.is_fan>
							<p.is_door>0</p.is_door>
							<p.is_ring>0</p.is_ring>
							<p.is_ball>0</p.is_ball>
							<p.is_badguy>0</p.is_badguy>
						</properties>
					</Object>
				</item>
				<item class_id_reference="9" object_id="_9">
					<Object>
						<pos>
							<x>2.226000000e+03</x>
							<y>2.060000000e+04</y>
						</pos>
						<objectDefName>cloud</objectDefName>
						<controller_num>0</controller_num>
						<properties>
							<p.feels_gravity>0</p.feels_gravity>
							<p.feels_user_input>0</p.feels_user_input>
							<p.feels_friction>0</p.feels_friction>
							<p.spawns_enemies>0</p.spawns_enemies>
							<p.is_physical>0</p.is_physical>
							<p.is_static>1</p.is_static>
							<p.is_sensor>0</p.is_sensor>
							<p.ignores_physics_rotation>0</p.ignores_physics_rotation>
							<p.do_our_own_rotation>0</p.do_our_own_rotation>
							<p.use_angled_corners_collision_box>0</p.use_angled_corners_collision_box>
							<p.is_overlay>0</p.is_overlay>
							<p.is_player>0</p.is_player>
							<p.is_spring>0</p.is_spring>
							<p.is_collectable>0</p.is_collectable>
							<p.is_fan>0</p.is_fan>
							<p.is_door>0</p.is_door>
							<p.is_ring>0</p.is_ring>
							<p.is_ball>0</p.is_ball>
							<p.is_badguy>0</p.is_badguy>
						</properties>
					</Object>
				</item>
				<item class_id_reference="9" object_id="_10">
					<Object>
						<pos>
							<x>1.246000000e+03</x>
							<y>2.692600000e+04</y>
						</pos>
						<objectDefName>cloud</objectDefName>
						<controller_num>0</controller_num>
						<properties>
							<p.feels_gravity>0</p.feels_gravity>
							<p.feels_user_input>0</p.feels_user_input>
							<p.feels_friction>0</p.feels_friction>
							<p.spawns_enemies>0</p.spawns_enemies>
							<p.is_physical>0</p.is_physical>
							<p.is_static>1</p.is_static>
							<p.is_sensor>0</p.is_sensor>
							<p.ignores_physics_rotation>0</p.ignores_physics_rotation>
							<p.do_our_own_rotation>0</p.do_our_own_rotation>
							<p.use_angled_corners_collision_box>0</p.use_angled_corners_collision_box>
							<p.is_overlay>0</p.is_overlay>
							<p.is_player>0</p.is_player>
							<p.is_spring>0</p.is_spring>
							<p.is_collectable>0</p.is_collectable>
							<p.is_fan>0</p.is_fan>
							<p.is_door>0</p.is_door>
							<p.is_ring>0</p.is_ring>
							<p.is_ball>0</p.is_ball>
							<p.is_badguy>0</p.is_badguy>
						</properties>
					</Object>
				</item>
				<item class_id_reference="9" object_id="_11">
					<Object>
						<pos>
							<x>1.784600000e+04</x>
							<y>1.734600000e+04</y>
						</pos>
						<objectDefName>cloud</objectDefName>
						<controller_num>0</controller_num>
						<properties>
							<p.feels_gravity>0</p.feels_gravity>
							<p.feels_user_input>0</p.feels_user_input>
							<p.feels_friction>0</p.feels_friction>
							<p.spawns_enemies>0</p.spawns_enemies>
							<p.is_physical>0</p.is_physical>
							<p.is_static>1</p.is_static>
							<p.is_sensor>0</p.is_sensor>
							<p.ignores_physics_rotation>0</p.ignores_physics_rotation>
							<p.do_our_own_rotation>0</p.do_our_own_rotation>
							<p.use_angled_corners_collision_box>0</p.use_angled_corners_collision_box>
							<p.is_overlay>0</p.is_overlay>
							<p.is_player>0</p.is_player>
							<p.is_spring>0</p.is_spring>
							<p.is_collectable>0</p.is_collectable>
							<p.is_fan>0</p.is_fan>
							<p.is_door>0</p.is_door>
							<p.is_ring>0</p.is_ring>
							<p.is_ball>0</p.is_ball>
							<p.is_badguy>0</p.is_badguy>
						</properties>
					</Object>
				</item>
				<item class_id_reference="9" object_id="_12">
					<Object>
						<pos>
							<x>1.936600000e+04</x>
							<y>2.483300000e+04</y>
						</pos>
						<objectDefName>cloud</objectDefName>
						<controller_num>0</controller_num>
						<properties>
							<p.feels_gravity>0</p.feels_gravity>
							<p.feels_user_input>0</p.feels_user_input>
							<p.feels_friction>0</p.feels_friction>
							<p.spawns_enemies>0</p.spawns_enemies>
							<p.is_physical>0</p.is_physical>
							<p.is_static>1</p.is_static>
							<p.is_sensor>0</p.is_sensor>
							<p.ignores_physics_rotation>0</p.ignores_physics_rotation>
							<p.do_our_own_rotation>0</p.do_our_own_rotation>
							<p.use_angled_corners_collision_box>0</p.use_angled_corners_collision_box>
							<p.is_overlay>0</p.is_overlay>
							<p.is_player>0</p.is_player>
							<p.is_spring>0</p.is_spring>
							<p.is_collectable>0</p.is_collectable>
							<p.is_fan>0</p.is_fan>
							<p.is_door>0</p.is_door>
							<p.is_ring>0</p.is_ring>
							<p.is_ball>0</p.is_ball>
							<p.is_badguy>0</p.is_badguy>
						</properties>
					</Object>
				</item>
				<item class_id_reference="9" object_id="_13">
					<Object>
						<pos>
							<x>1.564600000e+04</x>
							<y>4.448600000e+04</y>
						</pos>
						<objectDefName>cloud</objectDefName>
						<controller_num>0</controller_num>
						<properties>
							<p.feels_gravity>0</p.feels_gravity>
							<p.feels_user_input>0</p.feels_user_input>
							<p.feels_friction>0</p.feels_friction>
							<p.spawns_enemies>0</p.spawns_enemies>
							<p.is_physical>0</p.is_physical>
							<p.is_static>1</p.is_static>
							<p.is_sensor>0</p.is_sensor>
							<p.ignores_physics_rotation>0</p.ignores_physics_rotation>
							<p.do_our_own_rotation>0</p.do_our_own_rotation>
							<p.use_angled_corners_collision_box>0</p.use_angled_corners_collision_box>
							<p.is_overlay>0</p.is_overlay>
							<p.is_player>0</p.is_player>
							<p.is_spring>0</p.is_spring>
							<p.is_collectable>0</p.is_collectable>
							<p.is_fan>0</p.is_fan>
							<p.is_door>0</p.is_door>
							<p.is_ring>0</p.is_ring>
							<p.is_ball>0</p.is_ball>
							<p.is_badguy>0</p.is_badguy>
						</properties>
					</Object>
				</item>
				<item class_id_reference="9" object_id="_14">
					<Object>
						<pos>
							<x>1.206000000e+03</x>
							<y>3.806600000e+04</y>
						</pos>
						<objectDefName>cloud</objectDefName>
						<controller_num>0</controller_num>
						<properties>
							<p.feels_gravity>0</p.feels_gravity>
							<p.feels_user_input>0</p.feels_user_input>
							<p.feels_friction>0</p.feels_friction>
							<p.spawns_enemies>0</p.spawns_enemies>
							<p.is_physical>0</p.is_physical>
							<p.is_static>1</p.is_static>
							<p.is_sensor>0</p.is_sensor>
							<p.ignores_physics_rotation>0</p.ignores_physics_rotation>
							<p.do_our_own_rotation>0</p.do_our_own_rotation>
							<p.use_angled_corners_collision_box>0</p.use_angled_corners_collision_box>
							<p.is_overlay>0</p.is_overlay>
							<p.is_player>0</p.is_player>
							<p.is_spring>0</p.is_spring>
							<p.is_collectable>0</p.is_collectable>
							<p.is_fan>0</p.is_fan>
							<p.is_door>0</p.is_door>
							<p.is_ring>0</p.is_ring>
							<p.is_ball>0</p.is_ball>
							<p.is_badguy>0</p.is_badguy>
						</properties>
					</Object>
				</item>
				<item class_id_reference="9" object_id="_15">
					<Object>
						<pos>
							<x>1.557300000e+04</x>
							<y>3.480600000e+04</y>
						</pos>
						<objectDefName>cloud</objectDefName>
						<controller_num>0</controller_num>
						<properties>
							<p.feels_gravity>0</p.feels_gravity>
							<p.feels_user_input>0</p.feels_user_input>
							<p.feels_friction>0</p.feels_friction>
							<p.spawns_enemies>0</p.spawns_enemies>
							<p.is_physical>0</p.is_physical>
							<p.is_static>1</p.is_static>
							<p.is_sensor>0</p.is_sensor>
							<p.ignores_physics_rotation>0</p.ignores_physics_rotation>
							<p.do_our_own_rotation>0</p.do_our_own_rotation>
							<p.use_angled_corners_collision_box>0</p.use_angled_corners_collision_box>
							<p.is_overlay>0</p.is_overlay>
							<p.is_player>0</p.is_player>
							<p.is_spring>0</p.is_spring>
							<p.is_collectable>0</p.is_collectable>
							<p.is_fan>0</p.is_fan>
							<p.is_door>0</p.is_door>
							<p.is_ring>0</p.is_ring>
							<p.is_ball>0</p.is_ball>
							<p.is_badguy>0</p.is_badguy>
						</properties>
					</Object>
				</item>
				<item class_id_reference="9" object_id="_16">
					<Object>
						<pos>
							<x>9.780000000e+03</x>
							<y>2.731900000e+04</y>
						</pos>
						<objectDefName>cloud</objectDefName>
						<controller_num>0</controller_num>
						<properties>
							<p.feels_gravity>0</p.feels_gravity>
							<p.feels_user_input>0</p.feels_user_input>
							<p.feels_friction>0</p.feels_friction>
							<p.spawns_enemies>0</p.spawns_enemies>
							<p.is_physical>0</p.is_physical>
							<p.is_static>1</p.is_static>
							<p.is_sensor>0</p.is_sensor>
							<p.ignores_physics_rotation>0</p.ignores_physics_rotation>
							<p.do_our_own_rotation>0</p.do_our_own_rotation>
							<p.use_angled_corners_collision_box>0</p.use_angled_corners_collision_box>
							<p.is_overlay>0</p.is_overlay>
							<p.is_player>0</p.is_player>
							<p.is_spring>0</p.is_spring>
							<p.is_collectable>0</p.is_collectable>
							<p.is_fan>0</p.is_fan>
							<p.is_door>0</p.is_door>
							<p.is_ring>0</p.is_ring>
							<p.is_ball>0</p.is_ball>
							<p.is_badguy>0</p.is_badguy>
						</properties>
					</Object>
				</item>
				<item class_id_reference="9" object_id="_17">
					<Object>
						<pos>
							<x>1.599300000e+04</x>
							<y>4.630000000e+04</y>
						</pos>
						<objectDefName>cloud</objectDefName>
						<controller_num>0</controller_num>
						<properties>
							<p.feels_gravity>0</p.feels_gravity>
							<p.feels_user_input>0</p.feels_user_input>
							<p.feels_friction>0</p.feels_friction>
							<p.spawns_enemies>0</p.spawns_enemies>
							<p.is_physical>0</p.is_physical>
							<p.is_static>1</p.is_static>
							<p.is_sensor>0</p.is_sensor>
							<p.ignores_physics_rotation>0</p.ignores_physics_rotation>
							<p.do_our_own_rotation>0</p.do_our_own_rotation>
							<p.use_angled_corners_collision_box>0</p.use_angled_corners_collision_box>
							<p.is_overlay>0</p.is_overlay>
							<p.is_player>0</p.is_player>
							<p.is_spring>0</p.is_spring>
							<p.is_collectable>0</p.is_collectable>
							<p.is_fan>0</p.is_fan>
							<p.is_door>0</p.is_door>
							<p.is_ring>0</p.is_ring>
							<p.is_ball>0</p.is_ball>
							<p.is_badguy>0</p.is_badguy>
						</properties>
					</Object>
				</item>
				<item class_id_reference="9" object_id="_18">
					<Object>
						<pos>
							<x>5.360000000e+03</x>
							<y>2.512600000e+04</y>
						</pos>
						<objectDefName>cloud</objectDefName>
						<controller_num>0</controller_num>
						<properties>
							<p.feels_gravity>0</p.feels_gravity>
							<p.feels_user_input>0</p.feels_user_input>
							<p.feels_friction>0</p.feels_friction>
							<p.spawns_enemies>0</p.spawns_enemies>
							<p.is_physical>0</p.is_physical>
							<p.is_static>1</p.is_static>
							<p.is_sensor>0</p.is_sensor>
							<p.ignores_physics_rotation>0</p.ignores_physics_rotation>
							<p.do_our_own_rotation>0</p.do_our_own_rotation>
							<p.use_angled_corners_collision_box>0</p.use_angled_corners_collision_box>
							<p.is_overlay>0</p.is_overlay>
							<p.is_player>0</p.is_player>
							<p.is_spring>0</p.is_spring>
							<p.is_collectable>0</p.is_collectable>
							<p.is_fan>0</p.is_fan>
							<p.is_door>0</p.is_door>
							<p.is_ring>0</p.is_ring>
							<p.is_ball>0</p.is_ball>
							<p.is_badguy>0</p.is_badguy>
						</properties>
					</Object>
				</item>
				<item class_id_reference="9" object_id="_19">
					<Object>
						<pos>
							<x>1.342600000e+04</x>
							<y>3.095300000e+04</y>
						</pos>
						<objectDefName>cloud</objectDefName>
						<controller_num>0</controller_num>
						<properties>
							<p.feels_gravity>0</p.feels_gravity>
							<p.feels_user_input>0</p.feels_user_input>
							<p.feels_friction>0</p.feels_friction>
							<p.spawns_enemies>0</p.spawns_enemies>
							<p.is_physical>0</p.is_physical>
							<p.is_static>1</p.is_static>
							<p.is_sensor>0</p.is_sensor>
							<p.ignores_physics_rotation>0</p.ignores_physics_rotation>
							<p.do_our_own_rotation>0</p.do_our_own_rotation>
							<p.use_angled_corners_collision_box>0</p.use_angled_corners_collision_box>
							<p.is_overlay>0</p.is_overlay>
							<p.is_player>0</p.is_player>
							<p.is_spring>0</p.is_spring>
							<p.is_collectable>0</p.is_collectable>
							<p.is_fan>0</p.is_fan>
							<p.is_door>0</p.is_door>
							<p.is_ring>0</p.is_ring>
							<p.is_ball>0</p.is_ball>
							<p.is_badguy>0</p.is_badguy>
						</properties>
					</Object>
				</item>
				<item class_id_reference="9" object_id="_20">
					<Object>
						<pos>
							<x>7.186000000e+03</x>
							<y>3.251300000e+04</y>
						</pos>
						<objectDefName>cloud</objectDefName>
						<controller_num>0</controller_num>
						<properties>
							<p.feels_gravity>0</p.feels_gravity>
							<p.feels_user_input>0</p.feels_user_input>
							<p.feels_friction>0</p.feels_friction>
							<p.spawns_enemies>0</p.spawns_enemies>
							<p.is_physical>0</p.is_physical>
							<p.is_static>1</p.is_static>
							<p.is_sensor>0</p.is_sensor>
							<p.ignores_physics_rotation>0</p.ignores_physics_rotation>
							<p.do_our_own_rotation>0</p.do_our_own_rotation>
							<p.use_angled_corners_collision_box>0</p.use_angled_corners_collision_box>
							<p.is_overlay>0</p.is_overlay>
							<p.is_player>0</p.is_player>
							<p.is_spring>0</p.is_spring>
							<p.is_collectable>0</p.is_collectable>
							<p.is_fan>0</p.is_fan>
							<p.is_door>0</p.is_door>
							<p.is_ring>0</p.is_ring>
							<p.is_ball>0</p.is_ball>
							<p.is_badguy>0</p.is_badguy>
						</properties>
					</Object>
				</item>
				<item class_id_reference="9" object_id="_21">
					<Object>
						<pos>
							<x>1.909300000e+04</x>
							<y>1.366600000e+04</y>
						</pos>
						<objectDefName>cloud</objectDefName>
						<controller_num>0</controller_num>
						<properties>
							<p.feels_gravity>0</p.feels_gravity>
							<p.feels_user_input>0</p.feels_user_input>
							<p.feels_friction>0</p.feels_friction>
							<p.spawns_enemies>0</p.spawns_enemies>
							<p.is_physical>0</p.is_physical>
							<p.is_static>1</p.is_static>
							<p.is_sensor>0</p.is_sensor>
							<p.ignores_physics_rotation>0</p.ignores_physics_rotation>
							<p.do_our_own_rotation>0</p.do_our_own_rotation>
							<p.use_angled_corners_collision_box>0</p.use_angled_corners_collision_box>
							<p.is_overlay>0</p.is_overlay>
							<p.is_player>0</p.is_player>
							<p.is_spring>0</p.is_spring>
							<p.is_collectable>0</p.is_collectable>
							<p.is_fan>0</p.is_fan>
							<p.is_door>0</p.is_door>
							<p.is_ring>0</p.is_ring>
							<p.is_ball>0</p.is_ball>
							<p.is_badguy>0</p.is_badguy>
						</properties>
					</Object>
				</item>
				<item class_id_reference="9" object_id="_22">
					<Object>
						<pos>
							<x>1.166000000e+03</x>
							<y>1.599900000e+04</y>
						</pos>
						<objectDefName>cloud</objectDefName>
						<controller_num>0</controller_num>
						<properties>
							<p.feels_gravity>0</p.feels_gravity>
							<p.feels_user_input>0</p.feels_user_input>
							<p.feels_friction>0</p.feels_friction>
							<p.spawns_enemies>0</p.spawns_enemies>
							<p.is_physical>0</p.is_physical>
							<p.is_static>1</p.is_static>
							<p.is_sensor>0</p.is_sensor>
							<p.ignores_physics_rotation>0</p.ignores_physics_rotation>
							<p.do_our_own_rotation>0</p.do_our_own_rotation>
							<p.use_angled_corners_collision_box>0</p.use_angled_corners_collision_box>
							<p.is_overlay>0</p.is_overlay>
							<p.is_player>0</p.is_player>
							<p.is_spring>0</p.is_spring>
							<p.is_collectable>0</p.is_collectable>
							<p.is_fan>0</p.is_fan>
							<p.is_door>0</p.is_door>
							<p.is_ring>0</p.is_ring>
							<p.is_ball>0</p.is_ball>
							<p.is_badguy>0</p.is_badguy>
						</properties>
					</Object>
				</item>
			</objects>
			<scroll_speed>1.500000060e-01</scroll_speed>
			<name>background</name>
			<visible>1</visible>
		</item>
		<item class_id_reference="3" object_id="_23">
			<objects>
				<count>350</count>
				<item_version>0</item_version>
				<item class_id_reference="9" object_id="_24">
					<Object>
						<pos>
							<x>9.300000000e+02</x>
							<y>3.660000000e+03</y>
						</pos>
						<objectDefName>s_sign_arrow</objectDefName>
						<controller_num>0</controller_num>
						<properties>
							<p.feels_gravity>0</p.feels_gravity>
							<p.feels_user_input>0</p.feels_user_input>
							<p.feels_friction>0</p.feels_friction>
							<p.spawns_enemies>0</p.spawns_enemies>
							<p.is_physical>0</p.is_physical>
							<p.is_static>1</p.is_static>
							<p.is_sensor>0</p.is_sensor>
							<p.ignores_physics_rotation>0</p.ignores_physics_rotation>
							<p.do_our_own_rotation>0</p.do_our_own_rotation>
							<p.use_angled_corners_collision_box>0</p.use_angled_corners_collision_box>
							<p.is_overlay>0</p.is_overlay>
							<p.is_player>0</p.is_player>
							<p.is_spring>0</p.is_spring>
							<p.is_collectable>0</p.is_collectable>
							<p.is_fan>0</p.is_fan>
							<p.is_door>0</p.is_door>
							<p.is_ring>0</p.is_ring>
							<p.is_ball>0</p.is_ball>
							<p.is_badguy>0</p.is_badguy>
						</properties>
					</Object>
				</item>
				<item class_id="10" class_name="DoorObject" tracking_level="1" version="0" object_id="_25">
					<Object>
						<pos>
							<x>1.170000000e+03</x>
							<y>4.470000000e+03</y>
						</pos>
						<objectDefName>door</objectDefName>
						<controller_num>0</controller_num>
						<properties>
							<p.feels_gravity>0</p.feels_gravity>
							<p.feels_user_input>0</p.feels_user_input>
							<p.feels_friction>0</p.feels_friction>
							<p.spawns_enemies>0</p.spawns_enemies>
							<p.is_physical>1</p.is_physical>
							<p.is_static>1</p.is_static>
							<p.is_sensor>1</p.is_sensor>
							<p.ignores_physics_rotation>0</p.ignores_physics_rotation>
							<p.do_our_own_rotation>1</p.do_our_own_rotation>
							<p.use_angled_corners_collision_box>0</p.use_angled_corners_collision_box>
							<p.is_overlay>0</p.is_overlay>
							<p.is_player>0</p.is_player>
							<p.is_spring>0</p.is_spring>
							<p.is_collectable>0</p.is_collectable>
							<p.is_fan>0</p.is_fan>
							<p.is_door>1</p.is_door>
							<p.is_ring>0</p.is_ring>
							<p.is_ball>0</p.is_ball>
							<p.is_badguy>0</p.is_badguy>
						</properties>
					</Object>
				</item>
				<item class_id_reference="9" object_id="_26">
					<Object>
						<pos>
							<x>1.200000000e+03</x>
							<y>4.440000000e+03</y>
						</pos>
						<objectDefName>smallblock</objectDefName>
						<controller_num>0</controller_num>
						<properties>
							<p.feels_gravity>0</p.feels_gravity>
							<p.feels_user_input>0</p.feels_user_input>
							<p.feels_friction>0</p.feels_friction>
							<p.spawns_enemies>0</p.spawns_enemies>
							<p.is_physical>1</p.is_physical>
							<p.is_static>1</p.is_static>
							<p.is_sensor>0</p.is_sensor>
							<p.ignores_physics_rotation>0</p.ignores_physics_rotation>
							<p.do_our_own_rotation>0</p.do_our_own_rotation>
							<p.use_angled_corners_collision_box>0</p.use_angled_corners_collision_box>
							<p.is_overlay>0</p.is_overlay>
							<p.is_player>0</p.is_player>
							<p.is_spring>0</p.is_spring>
							<p.is_collectable>0</p.is_collectable>
							<p.is_fan>0</p.is_fan>
							<p.is_door>0</p.is_door>
							<p.is_ring>0</p.is_ring>
							<p.is_ball>0</p.is_ball>
							<p.is_badguy>0</p.is_badguy>
						</properties>
					</Object>
				</item>
				<item class_id_reference="9" object_id="_27">
					<Object>
						<pos>
							<x>1.170000000e+03</x>
							<y>4.440000000e+03</y>
						</pos>
						<objectDefName>smallblock</objectDefName>
						<controller_num>0</controller_num>
						<properties>
							<p.feels_gravity>0</p.feels_gravity>
							<p.feels_user_input>0</p.feels_user_input>
							<p.feels_friction>0</p.feels_friction>
							<p.spawns_enemies>0</p.spawns_enemies>
							<p.is_physical>1</p.is_physical>
							<p.is_static>1</p.is_static>
							<p.is_sensor>0</p.is_sensor>
							<p.ignores_physics_rotation>0</p.ignores_physics_rotation>
							<p.do_our_own_rotation>0</p.do_our_own_rotation>
							<p.use_angled_corners_collision_box>0</p.use_angled_corners_collision_box>
							<p.is_overlay>0</p.is_overlay>
							<p.is_player>0</p.is_player>
							<p.is_spring>0</p.is_spring>
							<p.is_collectable>0</p.is_collectable>
							<p.is_fan>0</p.is_fan>
							<p.is_door>0</p.is_door>
							<p.is_ring>0</p.is_ring>
							<p.is_ball>0</p.is_ball>
							<p.is_badguy>0</p.is_badguy>
						</properties>
					</Object>
				</item>
				<item class_id_reference="9" object_id="_28">
					<Object>
						<pos>
							<x>1.140000000e+03</x>
							<y>4.440000000e+03</y>
						</pos>
						<objectDefName>smallblock</objectDefName>
						<controller_num>0</controller_num>
						<properties>
							<p.feels_gravity>0</p.feels_gravity>
							<p.feels_user_input>0</p.feels_user_input>
							<p.feels_friction>0</p.feels_friction>
							<p.spawns_enemies>0</p.spawns_enemies>
							<p.is_physical>1</p.is_physical>
							<p.is_static>1</p.is_static>
							<p.is_sensor>0</p.is_sensor>
							<p.ignores_physics_rotation>0</p.ignores_physics_rotation>
							<p.do_our_own_rotation>0</p.do_our_own_rotation>
							<p.use_angled_corners_collision_box>0</p.use_angled_corners_collision_box>
							<p.is_overlay>0</p.is_overlay>
							<p.is_player>0</p.is_player>
							<p.is_spring>0</p.is_spring>
							<p.is_collectable>0</p.is_collectable>
							<p.is_fan>0</p.is_fan>
							<p.is_door>0</p.is_door>
							<p.is_ring>0</p.is_ring>
							<p.is_ball>0</p.is_ball>
							<p.is_badguy>0</p.is_badguy>
						</properties>
					</Object>
				</item>
				<item class_id_reference="9" object_id="_29">
					<Object>
						<pos>
							<x>1.110000000e+03</x>
							<y>4.440000000e+03</y>
						</pos>
						<objectDefName>smallblock</objectDefName>
						<controller_num>0</controller_num>
						<properties>
							<p.feels_gravity>0</p.feels_gravity>
							<p.feels_user_input>0</p.feels_user_input>
							<p.feels_friction>0</p.feels_friction>
							<p.spawns_enemies>0</p.spawns_enemies>
							<p.is_physical>1</p.is_physical>
							<p.is_static>1</p.is_static>
							<p.is_sensor>0</p.is_sensor>
							<p.ignores_physics_rotation>0</p.ignores_physics_rotation>
							<p.do_our_own_rotation>0</p.do_our_own_rotation>
							<p.use_angled_corners_collision_box>0</p.use_angled_corners_collision_box>
							<p.is_overlay>0</p.is_overlay>
							<p.is_player>0</p.is_player>
							<p.is_spring>0</p.is_spring>
							<p.is_collectable>0</p.is_collectable>
							<p.is_fan>0</p.is_fan>
							<p.is_door>0</p.is_door>
							<p.is_ring>0</p.is_ring>
							<p.is_ball>0</p.is_ball>
							<p.is_badguy>0</p.is_badguy>
						</properties>
					</Object>
				</item>
				<item class_id_reference="9" object_id="_30">
					<Object>
						<pos>
							<x>8.700000610e+02</x>
							<y>4.500000000e+03</y>
						</pos>
						<objectDefName>smallblock</objectDefName>
						<controller_num>0</controller_num>
						<properties>
							<p.feels_gravity>0</p.feels_gravity>
							<p.feels_user_input>0</p.feels_user_input>
							<p.feels_friction>0</p.feels_friction>
							<p.spawns_enemies>0</p.spawns_enemies>
							<p.is_physical>1</p.is_physical>
							<p.is_static>1</p.is_static>
							<p.is_sensor>0</p.is_sensor>
							<p.ignores_physics_rotation>0</p.ignores_physics_rotation>
							<p.do_our_own_rotation>0</p.do_our_own_rotation>
							<p.use_angled_corners_collision_box>0</p.use_angled_corners_collision_box>
							<p.is_overlay>0</p.is_overlay>
							<p.is_player>0</p.is_player>
							<p.is_spring>0</p.is_spring>
							<p.is_collectable>0</p.is_collectable>
							<p.is_fan>0</p.is_fan>
							<p.is_door>0</p.is_door>
							<p.is_ring>0</p.is_ring>
							<p.is_ball>0</p.is_ball>
							<p.is_badguy>0</p.is_badguy>
						</properties>
					</Object>
				</item>
				<item class_id_reference="9" object_id="_31">
					<Object>
						<pos>
							<x>6.300000000e+02</x>
							<y>4.470000000e+03</y>
						</pos>
						<objectDefName>smallblock</objectDefName>
						<controller_num>0</controller_num>
						<properties>
							<p.feels_gravity>0</p.feels_gravity>
							<p.feels_user_input>0</p.feels_user_input>
							<p.feels_friction>0</p.feels_friction>
							<p.spawns_enemies>0</p.spawns_enemies>
							<p.is_physical>1</p.is_physical>
							<p.is_static>1</p.is_static>
							<p.is_sensor>0</p.is_sensor>
							<p.ignores_physics_rotation>0</p.ignores_physics_rotation>
							<p.do_our_own_rotation>0</p.do_our_own_rotation>
							<p.use_angled_corners_collision_box>0</p.use_angled_corners_collision_box>
							<p.is_overlay>0</p.is_overlay>
							<p.is_player>0</p.is_player>
							<p.is_spring>0</p.is_spring>
							<p.is_collectable>0</p.is_collectable>
							<p.is_fan>0</p.is_fan>
							<p.is_door>0</p.is_door>
							<p.is_ring>0</p.is_ring>
							<p.is_ball>0</p.is_ball>
							<p.is_badguy>0</p.is_badguy>
						</properties>
					</Object>
				</item>
				<item class_id_reference="9" object_id="_32">
					<Object>
						<pos>
							<x>4.500000000e+02</x>
							<y>4.350000000e+03</y>
						</pos>
						<objectDefName>smallblock</objectDefName>
						<controller_num>0</controller_num>
						<properties>
							<p.feels_gravity>0</p.feels_gravity>
							<p.feels_user_input>0</p.feels_user_input>
							<p.feels_friction>0</p.feels_friction>
							<p.spawns_enemies>0</p.spawns_enemies>
							<p.is_physical>1</p.is_physical>
							<p.is_static>1</p.is_static>
							<p.is_sensor>0</p.is_sensor>
							<p.ignores_physics_rotation>0</p.ignores_physics_rotation>
							<p.do_our_own_rotation>0</p.do_our_own_rotation>
							<p.use_angled_corners_collision_box>0</p.use_angled_corners_collision_box>
							<p.is_overlay>0</p.is_overlay>
							<p.is_player>0</p.is_player>
							<p.is_spring>0</p.is_spring>
							<p.is_collectable>0</p.is_collectable>
							<p.is_fan>0</p.is_fan>
							<p.is_door>0</p.is_door>
							<p.is_ring>0</p.is_ring>
							<p.is_ball>0</p.is_ball>
							<p.is_badguy>0</p.is_badguy>
						</properties>
					</Object>
				</item>
				<item class_id_reference="9" object_id="_33">
					<Object>
						<pos>
							<x>3.900000000e+02</x>
							<y>4.200000000e+03</y>
						</pos>
						<objectDefName>smallblock</objectDefName>
						<controller_num>0</controller_num>
						<properties>
							<p.feels_gravity>0</p.feels_gravity>
							<p.feels_user_input>0</p.feels_user_input>
							<p.feels_friction>0</p.feels_friction>
							<p.spawns_enemies>0</p.spawns_enemies>
							<p.is_physical>1</p.is_physical>
							<p.is_static>1</p.is_static>
							<p.is_sensor>0</p.is_sensor>
							<p.ignores_physics_rotation>0</p.ignores_physics_rotation>
							<p.do_our_own_rotation>0</p.do_our_own_rotation>
							<p.use_angled_corners_collision_box>0</p.use_angled_corners_collision_box>
							<p.is_overlay>0</p.is_overlay>
							<p.is_player>0</p.is_player>
							<p.is_spring>0</p.is_spring>
							<p.is_collectable>0</p.is_collectable>
							<p.is_fan>0</p.is_fan>
							<p.is_door>0</p.is_door>
							<p.is_ring>0</p.is_ring>
							<p.is_ball>0</p.is_ball>
							<p.is_badguy>0</p.is_badguy>
						</properties>
					</Object>
				</item>
				<item class_id_reference="9" object_id="_34">
					<Object>
						<pos>
							<x>4.500000000e+02</x>
							<y>4.320000000e+03</y>
						</pos>
						<objectDefName>smallblock</objectDefName>
						<controller_num>0</controller_num>
						<properties>
							<p.feels_gravity>0</p.feels_gravity>
							<p.feels_user_input>0</p.feels_user_input>
							<p.feels_friction>0</p.feels_friction>
							<p.spawns_enemies>0</p.spawns_enemies>
							<p.is_physical>1</p.is_physical>
							<p.is_static>1</p.is_static>
							<p.is_sensor>0</p.is_sensor>
							<p.ignores_physics_rotation>0</p.ignores_physics_rotation>
							<p.do_our_own_rotation>0</p.do_our_own_rotation>
							<p.use_angled_corners_collision_box>0</p.use_angled_corners_collision_box>
							<p.is_overlay>0</p.is_overlay>
							<p.is_player>0</p.is_player>
							<p.is_spring>0</p.is_spring>
							<p.is_collectable>0</p.is_collectable>
							<p.is_fan>0</p.is_fan>
							<p.is_door>0</p.is_door>
							<p.is_ring>0</p.is_ring>
							<p.is_ball>0</p.is_ball>
							<p.is_badguy>0</p.is_badguy>
						</properties>
					</Object>
				</item>
				<item class_id_reference="9" object_id="_35">
					<Object>
						<pos>
							<x>3.900000000e+02</x>
							<y>4.230000000e+03</y>
						</pos>
						<objectDefName>smallblock</objectDefName>
						<controller_num>0</controller_num>
						<properties>
							<p.feels_gravity>0</p.feels_gravity>
							<p.feels_user_input>0</p.feels_user_input>
							<p.feels_friction>0</p.feels_friction>
							<p.spawns_enemies>0</p.spawns_enemies>
							<p.is_physical>1</p.is_physical>
							<p.is_static>1</p.is_static>
							<p.is_sensor>0</p.is_sensor>
							<p.ignores_physics_rotation>0</p.ignores_physics_rotation>
							<p.do_our_own_rotation>0</p.do_our_own_rotation>
							<p.use_angled_corners_collision_box>0</p.use_angled_corners_collision_box>
							<p.is_overlay>0</p.is_overlay>
							<p.is_player>0</p.is_player>
							<p.is_spring>0</p.is_spring>
							<p.is_collectable>0</p.is_collectable>
							<p.is_fan>0</p.is_fan>
							<p.is_door>0</p.is_door>
							<p.is_ring>0</p.is_ring>
							<p.is_ball>0</p.is_ball>
							<p.is_badguy>0</p.is_badguy>
						</properties>
					</Object>
				</item>
				<item class_id_reference="9" object_id="_36">
					<Object>
						<pos>
							<x>3.600000000e+02</x>
							<y>4.050000000e+03</y>
						</pos>
						<objectDefName>smallblock</objectDefName>
						<controller_num>0</controller_num>
						<properties>
							<p.feels_gravity>0</p.feels_gravity>
							<p.feels_user_input>0</p.feels_user_input>
							<p.feels_friction>0</p.feels_friction>
							<p.spawns_enemies>0</p.spawns_enemies>
							<p.is_physical>1</p.is_physical>
							<p.is_static>1</p.is_static>
							<p.is_sensor>0</p.is_sensor>
							<p.ignores_physics_rotation>0</p.ignores_physics_rotation>
							<p.do_our_own_rotation>0</p.do_our_own_rotation>
							<p.use_angled_corners_collision_box>0</p.use_angled_corners_collision_box>
							<p.is_overlay>0</p.is_overlay>
							<p.is_player>0</p.is_player>
							<p.is_spring>0</p.is_spring>
							<p.is_collectable>0</p.is_collectable>
							<p.is_fan>0</p.is_fan>
							<p.is_door>0</p.is_door>
							<p.is_ring>0</p.is_ring>
							<p.is_ball>0</p.is_ball>
							<p.is_badguy>0</p.is_badguy>
						</properties>
					</Object>
				</item>
				<item class_id_reference="9" object_id="_37">
					<Object>
						<pos>
							<x>3.600000000e+02</x>
							<y>4.080000000e+03</y>
						</pos>
						<objectDefName>smallblock</objectDefName>
						<controller_num>0</controller_num>
						<properties>
							<p.feels_gravity>0</p.feels_gravity>
							<p.feels_user_input>0</p.feels_user_input>
							<p.feels_friction>0</p.feels_friction>
							<p.spawns_enemies>0</p.spawns_enemies>
							<p.is_physical>1</p.is_physical>
							<p.is_static>1</p.is_static>
							<p.is_sensor>0</p.is_sensor>
							<p.ignores_physics_rotation>0</p.ignores_physics_rotation>
							<p.do_our_own_rotation>0</p.do_our_own_rotation>
							<p.use_angled_corners_collision_box>0</p.use_angled_corners_collision_box>
							<p.is_overlay>0</p.is_overlay>
							<p.is_player>0</p.is_player>
							<p.is_spring>0</p.is_spring>
							<p.is_collectable>0</p.is_collectable>
							<p.is_fan>0</p.is_fan>
							<p.is_door>0</p.is_door>
							<p.is_ring>0</p.is_ring>
							<p.is_ball>0</p.is_ball>
							<p.is_badguy>0</p.is_badguy>
						</properties>
					</Object>
				</item>
				<item class_id_reference="9" object_id="_38">
					<Object>
						<pos>
							<x>4.199999695e+02</x>
							<y>3.930000244e+03</y>
						</pos>
						<objectDefName>smallblock</objectDefName>
						<controller_num>0</controller_num>
						<properties>
							<p.feels_gravity>0</p.feels_gravity>
							<p.feels_user_input>0</p.feels_user_input>
							<p.feels_friction>0</p.feels_friction>
							<p.spawns_enemies>0</p.spawns_enemies>
							<p.is_physical>1</p.is_physical>
							<p.is_static>1</p.is_static>
							<p.is_sensor>0</p.is_sensor>
							<p.ignores_physics_rotation>0</p.ignores_physics_rotation>
							<p.do_our_own_rotation>0</p.do_our_own_rotation>
							<p.use_angled_corners_collision_box>0</p.use_angled_corners_collision_box>
							<p.is_overlay>0</p.is_overlay>
							<p.is_player>0</p.is_player>
							<p.is_spring>0</p.is_spring>
							<p.is_collectable>0</p.is_collectable>
							<p.is_fan>0</p.is_fan>
							<p.is_door>0</p.is_door>
							<p.is_ring>0</p.is_ring>
							<p.is_ball>0</p.is_ball>
							<p.is_badguy>0</p.is_badguy>
						</properties>
					</Object>
				</item>
				<item class_id_reference="9" object_id="_39">
					<Object>
						<pos>
							<x>4.500000000e+02</x>
							<y>3.930000244e+03</y>
						</pos>
						<objectDefName>smallblock</objectDefName>
						<controller_num>0</controller_num>
						<properties>
							<p.feels_gravity>0</p.feels_gravity>
							<p.feels_user_input>0</p.feels_user_input>
							<p.feels_friction>0</p.feels_friction>
							<p.spawns_enemies>0</p.spawns_enemies>
							<p.is_physical>1</p.is_physical>
							<p.is_static>1</p.is_static>
							<p.is_sensor>0</p.is_sensor>
							<p.ignores_physics_rotation>0</p.ignores_physics_rotation>
							<p.do_our_own_rotation>0</p.do_our_own_rotation>
							<p.use_angled_corners_collision_box>0</p.use_angled_corners_collision_box>
							<p.is_overlay>0</p.is_overlay>
							<p.is_player>0</p.is_player>
							<p.is_spring>0</p.is_spring>
							<p.is_collectable>0</p.is_collectable>
							<p.is_fan>0</p.is_fan>
							<p.is_door>0</p.is_door>
							<p.is_ring>0</p.is_ring>
							<p.is_ball>0</p.is_ball>
							<p.is_badguy>0</p.is_badguy>
						</properties>
					</Object>
				</item>
				<item class_id_reference="9" object_id="_40">
					<Object>
						<pos>
							<x>4.800000000e+02</x>
							<y>3.930000244e+03</y>
						</pos>
						<objectDefName>smallblock</objectDefName>
						<controller_num>0</controller_num>
						<properties>
							<p.feels_gravity>0</p.feels_gravity>
							<p.feels_user_input>0</p.feels_user_input>
							<p.feels_friction>0</p.feels_friction>
							<p.spawns_enemies>0</p.spawns_enemies>
							<p.is_physical>1</p.is_physical>
							<p.is_static>1</p.is_static>
							<p.is_sensor>0</p.is_sensor>
							<p.ignores_physics_rotation>0</p.ignores_physics_rotation>
							<p.do_our_own_rotation>0</p.do_our_own_rotation>
							<p.use_angled_corners_collision_box>0</p.use_angled_corners_collision_box>
							<p.is_overlay>0</p.is_overlay>
							<p.is_player>0</p.is_player>
							<p.is_spring>0</p.is_spring>
							<p.is_collectable>0</p.is_collectable>
							<p.is_fan>0</p.is_fan>
							<p.is_door>0</p.is_door>
							<p.is_ring>0</p.is_ring>
							<p.is_ball>0</p.is_ball>
							<p.is_badguy>0</p.is_badguy>
						</properties>
					</Object>
				</item>
				<item class_id_reference="9" object_id="_41">
					<Object>
						<pos>
							<x>8.400000000e+02</x>
							<y>4.020000244e+03</y>
						</pos>
						<objectDefName>smallblock</objectDefName>
						<controller_num>0</controller_num>
						<properties>
							<p.feels_gravity>0</p.feels_gravity>
							<p.feels_user_input>0</p.feels_user_input>
							<p.feels_friction>0</p.feels_friction>
							<p.spawns_enemies>0</p.spawns_enemies>
							<p.is_physical>1</p.is_physical>
							<p.is_static>1</p.is_static>
							<p.is_sensor>0</p.is_sensor>
							<p.ignores_physics_rotation>0</p.ignores_physics_rotation>
							<p.do_our_own_rotation>0</p.do_our_own_rotation>
							<p.use_angled_corners_collision_box>0</p.use_angled_corners_collision_box>
							<p.is_overlay>0</p.is_overlay>
							<p.is_player>0</p.is_player>
							<p.is_spring>0</p.is_spring>
							<p.is_collectable>0</p.is_collectable>
							<p.is_fan>0</p.is_fan>
							<p.is_door>0</p.is_door>
							<p.is_ring>0</p.is_ring>
							<p.is_ball>0</p.is_ball>
							<p.is_badguy>0</p.is_badguy>
						</properties>
					</Object>
				</item>
				<item class_id_reference="9" object_id="_42">
					<Object>
						<pos>
							<x>1.140000000e+03</x>
							<y>4.050000000e+03</y>
						</pos>
						<objectDefName>smallblock</objectDefName>
						<controller_num>0</controller_num>
						<properties>
							<p.feels_gravity>0</p.feels_gravity>
							<p.feels_user_input>0</p.feels_user_input>
							<p.feels_friction>0</p.feels_friction>
							<p.spawns_enemies>0</p.spawns_enemies>
							<p.is_physical>1</p.is_physical>
							<p.is_static>1</p.is_static>
							<p.is_sensor>0</p.is_sensor>
							<p.ignores_physics_rotation>0</p.ignores_physics_rotation>
							<p.do_our_own_rotation>0</p.do_our_own_rotation>
							<p.use_angled_corners_collision_box>0</p.use_angled_corners_collision_box>
							<p.is_overlay>0</p.is_overlay>
							<p.is_player>0</p.is_player>
							<p.is_spring>0</p.is_spring>
							<p.is_collectable>0</p.is_collectable>
							<p.is_fan>0</p.is_fan>
							<p.is_door>0</p.is_door>
							<p.is_ring>0</p.is_ring>
							<p.is_ball>0</p.is_ball>
							<p.is_badguy>0</p.is_badguy>
						</properties>
					</Object>
				</item>
				<item class_id_reference="9" object_id="_43">
					<Object>
						<pos>
							<x>1.380000000e+03</x>
							<y>3.960000000e+03</y>
						</pos>
						<objectDefName>spawner</objectDefName>
						<controller_num>0</controller_num>
						<properties>
							<p.feels_gravity>0</p.feels_gravity>
							<p.feels_user_input>0</p.feels_user_input>
							<p.feels_friction>0</p.feels_friction>
							<p.spawns_enemies>1</p.spawns_enemies>
							<p.is_physical>1</p.is_physical>
							<p.is_static>1</p.is_static>
							<p.is_sensor>0</p.is_sensor>
							<p.ignores_physics_rotation>0</p.ignores_physics_rotation>
							<p.do_our_own_rotation>0</p.do_our_own_rotation>
							<p.use_angled_corners_collision_box>0</p.use_angled_corners_collision_box>
							<p.is_overlay>0</p.is_overlay>
							<p.is_player>0</p.is_player>
							<p.is_spring>0</p.is_spring>
							<p.is_collectable>0</p.is_collectable>
							<p.is_fan>0</p.is_fan>
							<p.is_door>0</p.is_door>
							<p.is_ring>0</p.is_ring>
							<p.is_ball>0</p.is_ball>
							<p.is_badguy>0</p.is_badguy>
						</properties>
					</Object>
				</item>
				<item class_id_reference="9" object_id="_44">
					<Object>
						<pos>
							<x>1.350000000e+03</x>
							<y>3.930000244e+03</y>
						</pos>
						<objectDefName>smallblock</objectDefName>
						<controller_num>0</controller_num>
						<properties>
							<p.feels_gravity>0</p.feels_gravity>
							<p.feels_user_input>0</p.feels_user_input>
							<p.feels_friction>0</p.feels_friction>
							<p.spawns_enemies>0</p.spawns_enemies>
							<p.is_physical>1</p.is_physical>
							<p.is_static>1</p.is_static>
							<p.is_sensor>0</p.is_sensor>
							<p.ignores_physics_rotation>0</p.ignores_physics_rotation>
							<p.do_our_own_rotation>0</p.do_our_own_rotation>
							<p.use_angled_corners_collision_box>0</p.use_angled_corners_collision_box>
							<p.is_overlay>0</p.is_overlay>
							<p.is_player>0</p.is_player>
							<p.is_spring>0</p.is_spring>
							<p.is_collectable>0</p.is_collectable>
							<p.is_fan>0</p.is_fan>
							<p.is_door>0</p.is_door>
							<p.is_ring>0</p.is_ring>
							<p.is_ball>0</p.is_ball>
							<p.is_badguy>0</p.is_badguy>
						</properties>
					</Object>
				</item>
				<item class_id_reference="9" object_id="_45">
					<Object>
						<pos>
							<x>1.320000000e+03</x>
							<y>3.900000000e+03</y>
						</pos>
						<objectDefName>smallblock</objectDefName>
						<controller_num>0</controller_num>
						<properties>
							<p.feels_gravity>0</p.feels_gravity>
							<p.feels_user_input>0</p.feels_user_input>
							<p.feels_friction>0</p.feels_friction>
							<p.spawns_enemies>0</p.spawns_enemies>
							<p.is_physical>1</p.is_physical>
							<p.is_static>1</p.is_static>
							<p.is_sensor>0</p.is_sensor>
							<p.ignores_physics_rotation>0</p.ignores_physics_rotation>
							<p.do_our_own_rotation>0</p.do_our_own_rotation>
							<p.use_angled_corners_collision_box>0</p.use_angled_corners_collision_box>
							<p.is_overlay>0</p.is_overlay>
							<p.is_player>0</p.is_player>
							<p.is_spring>0</p.is_spring>
							<p.is_collectable>0</p.is_collectable>
							<p.is_fan>0</p.is_fan>
							<p.is_door>0</p.is_door>
							<p.is_ring>0</p.is_ring>
							<p.is_ball>0</p.is_ball>
							<p.is_badguy>0</p.is_badguy>
						</properties>
					</Object>
				</item>
				<item class_id_reference="9" object_id="_46">
					<Object>
						<pos>
							<x>1.290000000e+03</x>
							<y>3.870000000e+03</y>
						</pos>
						<objectDefName>smallblock</objectDefName>
						<controller_num>0</controller_num>
						<properties>
							<p.feels_gravity>0</p.feels_gravity>
							<p.feels_user_input>0</p.feels_user_input>
							<p.feels_friction>0</p.feels_friction>
							<p.spawns_enemies>0</p.spawns_enemies>
							<p.is_physical>1</p.is_physical>
							<p.is_static>1</p.is_static>
							<p.is_sensor>0</p.is_sensor>
							<p.ignores_physics_rotation>0</p.ignores_physics_rotation>
							<p.do_our_own_rotation>0</p.do_our_own_rotation>
							<p.use_angled_corners_collision_box>0</p.use_angled_corners_collision_box>
							<p.is_overlay>0</p.is_overlay>
							<p.is_player>0</p.is_player>
							<p.is_spring>0</p.is_spring>
							<p.is_collectable>0</p.is_collectable>
							<p.is_fan>0</p.is_fan>
							<p.is_door>0</p.is_door>
							<p.is_ring>0</p.is_ring>
							<p.is_ball>0</p.is_ball>
							<p.is_badguy>0</p.is_badguy>
						</properties>
					</Object>
				</item>
				<item class_id_reference="9" object_id="_47">
					<Object>
						<pos>
							<x>1.290000000e+03</x>
							<y>3.840000244e+03</y>
						</pos>
						<objectDefName>smallblock</objectDefName>
						<controller_num>0</controller_num>
						<properties>
							<p.feels_gravity>0</p.feels_gravity>
							<p.feels_user_input>0</p.feels_user_input>
							<p.feels_friction>0</p.feels_friction>
							<p.spawns_enemies>0</p.spawns_enemies>
							<p.is_physical>1</p.is_physical>
							<p.is_static>1</p.is_static>
							<p.is_sensor>0</p.is_sensor>
							<p.ignores_physics_rotation>0</p.ignores_physics_rotation>
							<p.do_our_own_rotation>0</p.do_our_own_rotation>
							<p.use_angled_corners_collision_box>0</p.use_angled_corners_collision_box>
							<p.is_overlay>0</p.is_overlay>
							<p.is_player>0</p.is_player>
							<p.is_spring>0</p.is_spring>
							<p.is_collectable>0</p.is_collectable>
							<p.is_fan>0</p.is_fan>
							<p.is_door>0</p.is_door>
							<p.is_ring>0</p.is_ring>
							<p.is_ball>0</p.is_ball>
							<p.is_badguy>0</p.is_badguy>
						</properties>
					</Object>
				</item>
				<item class_id_reference="9" object_id="_48">
					<Object>
						<pos>
							<x>1.080000000e+03</x>
							<y>3.750000244e+03</y>
						</pos>
						<objectDefName>smallblock</objectDefName>
						<controller_num>0</controller_num>
						<properties>
							<p.feels_gravity>0</p.feels_gravity>
							<p.feels_user_input>0</p.feels_user_input>
							<p.feels_friction>0</p.feels_friction>
							<p.spawns_enemies>0</p.spawns_enemies>
							<p.is_physical>1</p.is_physical>
							<p.is_static>1</p.is_static>
							<p.is_sensor>0</p.is_sensor>
							<p.ignores_physics_rotation>0</p.ignores_physics_rotation>
							<p.do_our_own_rotation>0</p.do_our_own_rotation>
							<p.use_angled_corners_collision_box>0</p.use_angled_corners_collision_box>
							<p.is_overlay>0</p.is_overlay>
							<p.is_player>0</p.is_player>
							<p.is_spring>0</p.is_spring>
							<p.is_collectable>0</p.is_collectable>
							<p.is_fan>0</p.is_fan>
							<p.is_door>0</p.is_door>
							<p.is_ring>0</p.is_ring>
							<p.is_ball>0</p.is_ball>
							<p.is_badguy>0</p.is_badguy>
						</properties>
					</Object>
				</item>
				<item class_id_reference="9" object_id="_49">
					<Object>
						<pos>
							<x>9.600000610e+02</x>
							<y>3.630000000e+03</y>
						</pos>
						<objectDefName>smallblock</objectDefName>
						<controller_num>0</controller_num>
						<properties>
							<p.feels_gravity>0</p.feels_gravity>
							<p.feels_user_input>0</p.feels_user_input>
							<p.feels_friction>0</p.feels_friction>
							<p.spawns_enemies>0</p.spawns_enemies>
							<p.is_physical>1</p.is_physical>
							<p.is_static>1</p.is_static>
							<p.is_sensor>0</p.is_sensor>
							<p.ignores_physics_rotation>0</p.ignores_physics_rotation>
							<p.do_our_own_rotation>0</p.do_our_own_rotation>
							<p.use_angled_corners_collision_box>0</p.use_angled_corners_collision_box>
							<p.is_overlay>0</p.is_overlay>
							<p.is_player>0</p.is_player>
							<p.is_spring>0</p.is_spring>
							<p.is_collectable>0</p.is_collectable>
							<p.is_fan>0</p.is_fan>
							<p.is_door>0</p.is_door>
							<p.is_ring>0</p.is_ring>
							<p.is_ball>0</p.is_ball>
							<p.is_badguy>0</p.is_badguy>
						</properties>
					</Object>
				</item>
				<item class_id_reference="9" object_id="_50">
					<Object>
						<pos>
							<x>9.300000000e+02</x>
							<y>3.630000000e+03</y>
						</pos>
						<objectDefName>smallblock</objectDefName>
						<controller_num>0</controller_num>
						<properties>
							<p.feels_gravity>0</p.feels_gravity>
							<p.feels_user_input>0</p.feels_user_input>
							<p.feels_friction>0</p.feels_friction>
							<p.spawns_enemies>0</p.spawns_enemies>
							<p.is_physical>1</p.is_physical>
							<p.is_static>1</p.is_static>
							<p.is_sensor>0</p.is_sensor>
							<p.ignores_physics_rotation>0</p.ignores_physics_rotation>
							<p.do_our_own_rotation>0</p.do_our_own_rotation>
							<p.use_angled_corners_collision_box>0</p.use_angled_corners_collision_box>
							<p.is_overlay>0</p.is_overlay>
							<p.is_player>0</p.is_player>
							<p.is_spring>0</p.is_spring>
							<p.is_collectable>0</p.is_collectable>
							<p.is_fan>0</p.is_fan>
							<p.is_door>0</p.is_door>
							<p.is_ring>0</p.is_ring>
							<p.is_ball>0</p.is_ball>
							<p.is_badguy>0</p.is_badguy>
						</properties>
					</Object>
				</item>
				<item class_id_reference="9" object_id="_51">
					<Object>
						<pos>
							<x>1.110000000e+03</x>
							<y>3.030000244e+03</y>
						</pos>
						<objectDefName>smallblock</objectDefName>
						<controller_num>0</controller_num>
						<properties>
							<p.feels_gravity>0</p.feels_gravity>
							<p.feels_user_input>0</p.feels_user_input>
							<p.feels_friction>0</p.feels_friction>
							<p.spawns_enemies>0</p.spawns_enemies>
							<p.is_physical>1</p.is_physical>
							<p.is_static>1</p.is_static>
							<p.is_sensor>0</p.is_sensor>
							<p.ignores_physics_rotation>0</p.ignores_physics_rotation>
							<p.do_our_own_rotation>0</p.do_our_own_rotation>
							<p.use_angled_corners_collision_box>0</p.use_angled_corners_collision_box>
							<p.is_overlay>0</p.is_overlay>
							<p.is_player>0</p.is_player>
							<p.is_spring>0</p.is_spring>
							<p.is_collectable>0</p.is_collectable>
							<p.is_fan>0</p.is_fan>
							<p.is_door>0</p.is_door>
							<p.is_ring>0</p.is_ring>
							<p.is_ball>0</p.is_ball>
							<p.is_badguy>0</p.is_badguy>
						</properties>
					</Object>
				</item>
				<item class_id_reference="9" object_id="_52">
					<Object>
						<pos>
							<x>1.080000000e+03</x>
							<y>3.030000244e+03</y>
						</pos>
						<objectDefName>smallblock</objectDefName>
						<controller_num>0</controller_num>
						<properties>
							<p.feels_gravity>0</p.feels_gravity>
							<p.feels_user_input>0</p.feels_user_input>
							<p.feels_friction>0</p.feels_friction>
							<p.spawns_enemies>0</p.spawns_enemies>
							<p.is_physical>1</p.is_physical>
							<p.is_static>1</p.is_static>
							<p.is_sensor>0</p.is_sensor>
							<p.ignores_physics_rotation>0</p.ignores_physics_rotation>
							<p.do_our_own_rotation>0</p.do_our_own_rotation>
							<p.use_angled_corners_collision_box>0</p.use_angled_corners_collision_box>
							<p.is_overlay>0</p.is_overlay>
							<p.is_player>0</p.is_player>
							<p.is_spring>0</p.is_spring>
							<p.is_collectable>0</p.is_collectable>
							<p.is_fan>0</p.is_fan>
							<p.is_door>0</p.is_door>
							<p.is_ring>0</p.is_ring>
							<p.is_ball>0</p.is_ball>
							<p.is_badguy>0</p.is_badguy>
						</properties>
					</Object>
				</item>
				<item class_id_reference="9" object_id="_53">
					<Object>
						<pos>
							<x>1.050000000e+03</x>
							<y>3.030000244e+03</y>
						</pos>
						<objectDefName>smallblock</objectDefName>
						<controller_num>0</controller_num>
						<properties>
							<p.feels_gravity>0</p.feels_gravity>
							<p.feels_user_input>0</p.feels_user_input>
							<p.feels_friction>0</p.feels_friction>
							<p.spawns_enemies>0</p.spawns_enemies>
							<p.is_physical>1</p.is_physical>
							<p.is_static>1</p.is_static>
							<p.is_sensor>0</p.is_sensor>
							<p.ignores_physics_rotation>0</p.ignores_physics_rotation>
							<p.do_our_own_rotation>0</p.do_our_own_rotation>
							<p.use_angled_corners_collision_box>0</p.use_angled_corners_collision_box>
							<p.is_overlay>0</p.is_overlay>
							<p.is_player>0</p.is_player>
							<p.is_spring>0</p.is_spring>
							<p.is_collectable>0</p.is_collectable>
							<p.is_fan>0</p.is_fan>
							<p.is_door>0</p.is_door>
							<p.is_ring>0</p.is_ring>
							<p.is_ball>0</p.is_ball>
							<p.is_badguy>0</p.is_badguy>
						</properties>
					</Object>
				</item>
				<item class_id_reference="9" object_id="_54">
					<Object>
						<pos>
							<x>1.290000000e+03</x>
							<y>2.970000000e+03</y>
						</pos>
						<objectDefName>smallblock</objectDefName>
						<controller_num>0</controller_num>
						<properties>
							<p.feels_gravity>0</p.feels_gravity>
							<p.feels_user_input>0</p.feels_user_input>
							<p.feels_friction>0</p.feels_friction>
							<p.spawns_enemies>0</p.spawns_enemies>
							<p.is_physical>1</p.is_physical>
							<p.is_static>1</p.is_static>
							<p.is_sensor>0</p.is_sensor>
							<p.ignores_physics_rotation>0</p.ignores_physics_rotation>
							<p.do_our_own_rotation>0</p.do_our_own_rotation>
							<p.use_angled_corners_collision_box>0</p.use_angled_corners_collision_box>
							<p.is_overlay>0</p.is_overlay>
							<p.is_player>0</p.is_player>
							<p.is_spring>0</p.is_spring>
							<p.is_collectable>0</p.is_collectable>
							<p.is_fan>0</p.is_fan>
							<p.is_door>0</p.is_door>
							<p.is_ring>0</p.is_ring>
							<p.is_ball>0</p.is_ball>
							<p.is_badguy>0</p.is_badguy>
						</properties>
					</Object>
				</item>
				<item class_id_reference="9" object_id="_55">
					<Object>
						<pos>
							<x>1.440000000e+03</x>
							<y>2.970000000e+03</y>
						</pos>
						<objectDefName>smallblock</objectDefName>
						<controller_num>0</controller_num>
						<properties>
							<p.feels_gravity>0</p.feels_gravity>
							<p.feels_user_input>0</p.feels_user_input>
							<p.feels_friction>0</p.feels_friction>
							<p.spawns_enemies>0</p.spawns_enemies>
							<p.is_physical>1</p.is_physical>
							<p.is_static>1</p.is_static>
							<p.is_sensor>0</p.is_sensor>
							<p.ignores_physics_rotation>0</p.ignores_physics_rotation>
							<p.do_our_own_rotation>0</p.do_our_own_rotation>
							<p.use_angled_corners_collision_box>0</p.use_angled_corners_collision_box>
							<p.is_overlay>0</p.is_overlay>
							<p.is_player>0</p.is_player>
							<p.is_spring>0</p.is_spring>
							<p.is_collectable>0</p.is_collectable>
							<p.is_fan>0</p.is_fan>
							<p.is_door>0</p.is_door>
							<p.is_ring>0</p.is_ring>
							<p.is_ball>0</p.is_ball>
							<p.is_badguy>0</p.is_badguy>
						</properties>
					</Object>
				</item>
				<item class_id_reference="9" object_id="_56">
					<Object>
						<pos>
							<x>1.440000000e+03</x>
							<y>2.940000244e+03</y>
						</pos>
						<objectDefName>smallblock</objectDefName>
						<controller_num>0</controller_num>
						<properties>
							<p.feels_gravity>0</p.feels_gravity>
							<p.feels_user_input>0</p.feels_user_input>
							<p.feels_friction>0</p.feels_friction>
							<p.spawns_enemies>0</p.spawns_enemies>
							<p.is_physical>1</p.is_physical>
							<p.is_static>1</p.is_static>
							<p.is_sensor>0</p.is_sensor>
							<p.ignores_physics_rotation>0</p.ignores_physics_rotation>
							<p.do_our_own_rotation>0</p.do_our_own_rotation>
							<p.use_angled_corners_collision_box>0</p.use_angled_corners_collision_box>
							<p.is_overlay>0</p.is_overlay>
							<p.is_player>0</p.is_player>
							<p.is_spring>0</p.is_spring>
							<p.is_collectable>0</p.is_collectable>
							<p.is_fan>0</p.is_fan>
							<p.is_door>0</p.is_door>
							<p.is_ring>0</p.is_ring>
							<p.is_ball>0</p.is_ball>
							<p.is_badguy>0</p.is_badguy>
						</properties>
					</Object>
				</item>
				<item class_id_reference="9" object_id="_57">
					<Object>
						<pos>
							<x>1.440000000e+03</x>
							<y>2.910000000e+03</y>
						</pos>
						<objectDefName>smallblock</objectDefName>
						<controller_num>0</controller_num>
						<properties>
							<p.feels_gravity>0</p.feels_gravity>
							<p.feels_user_input>0</p.feels_user_input>
							<p.feels_friction>0</p.feels_friction>
							<p.spawns_enemies>0</p.spawns_enemies>
							<p.is_physical>1</p.is_physical>
							<p.is_static>1</p.is_static>
							<p.is_sensor>0</p.is_sensor>
							<p.ignores_physics_rotation>0</p.ignores_physics_rotation>
							<p.do_our_own_rotation>0</p.do_our_own_rotation>
							<p.use_angled_corners_collision_box>0</p.use_angled_corners_collision_box>
							<p.is_overlay>0</p.is_overlay>
							<p.is_player>0</p.is_player>
							<p.is_spring>0</p.is_spring>
							<p.is_collectable>0</p.is_collectable>
							<p.is_fan>0</p.is_fan>
							<p.is_door>0</p.is_door>
							<p.is_ring>0</p.is_ring>
							<p.is_ball>0</p.is_ball>
							<p.is_badguy>0</p.is_badguy>
						</properties>
					</Object>
				</item>
				<item class_id_reference="9" object_id="_58">
					<Object>
						<pos>
							<x>1.440000000e+03</x>
							<y>2.880000000e+03</y>
						</pos>
						<objectDefName>smallblock</objectDefName>
						<controller_num>0</controller_num>
						<properties>
							<p.feels_gravity>0</p.feels_gravity>
							<p.feels_user_input>0</p.feels_user_input>
							<p.feels_friction>0</p.feels_friction>
							<p.spawns_enemies>0</p.spawns_enemies>
							<p.is_physical>1</p.is_physical>
							<p.is_static>1</p.is_static>
							<p.is_sensor>0</p.is_sensor>
							<p.ignores_physics_rotation>0</p.ignores_physics_rotation>
							<p.do_our_own_rotation>0</p.do_our_own_rotation>
							<p.use_angled_corners_collision_box>0</p.use_angled_corners_collision_box>
							<p.is_overlay>0</p.is_overlay>
							<p.is_player>0</p.is_player>
							<p.is_spring>0</p.is_spring>
							<p.is_collectable>0</p.is_collectable>
							<p.is_fan>0</p.is_fan>
							<p.is_door>0</p.is_door>
							<p.is_ring>0</p.is_ring>
							<p.is_ball>0</p.is_ball>
							<p.is_badguy>0</p.is_badguy>
						</properties>
					</Object>
				</item>
				<item class_id_reference="9" object_id="_59">
					<Object>
						<pos>
							<x>1.102000000e+03</x>
							<y>3.205000000e+03</y>
						</pos>
						<objectDefName>s_sign_arrow</objectDefName>
						<controller_num>0</controller_num>
						<properties>
							<p.feels_gravity>0</p.feels_gravity>
							<p.feels_user_input>0</p.feels_user_input>
							<p.feels_friction>0</p.feels_friction>
							<p.spawns_enemies>0</p.spawns_enemies>
							<p.is_physical>0</p.is_physical>
							<p.is_static>1</p.is_static>
							<p.is_sensor>0</p.is_sensor>
							<p.ignores_physics_rotation>0</p.ignores_physics_rotation>
							<p.do_our_own_rotation>0</p.do_our_own_rotation>
							<p.use_angled_corners_collision_box>0</p.use_angled_corners_collision_box>
							<p.is_overlay>0</p.is_overlay>
							<p.is_player>0</p.is_player>
							<p.is_spring>0</p.is_spring>
							<p.is_collectable>0</p.is_collectable>
							<p.is_fan>0</p.is_fan>
							<p.is_door>0</p.is_door>
							<p.is_ring>0</p.is_ring>
							<p.is_ball>0</p.is_ball>
							<p.is_badguy>0</p.is_badguy>
						</properties>
					</Object>
				</item>
				<item class_id_reference="9" object_id="_60">
					<Object>
						<pos>
							<x>1.410000000e+03</x>
							<y>2.671000000e+03</y>
						</pos>
						<objectDefName>s_sign_arrow</objectDefName>
						<controller_num>0</controller_num>
						<properties>
							<p.feels_gravity>0</p.feels_gravity>
							<p.feels_user_input>0</p.feels_user_input>
							<p.feels_friction>0</p.feels_friction>
							<p.spawns_enemies>0</p.spawns_enemies>
							<p.is_physical>0</p.is_physical>
							<p.is_static>1</p.is_static>
							<p.is_sensor>0</p.is_sensor>
							<p.ignores_physics_rotation>0</p.ignores_physics_rotation>
							<p.do_our_own_rotation>0</p.do_our_own_rotation>
							<p.use_angled_corners_collision_box>0</p.use_angled_corners_collision_box>
							<p.is_overlay>0</p.is_overlay>
							<p.is_player>0</p.is_player>
							<p.is_spring>0</p.is_spring>
							<p.is_collectable>0</p.is_collectable>
							<p.is_fan>0</p.is_fan>
							<p.is_door>0</p.is_door>
							<p.is_ring>0</p.is_ring>
							<p.is_ball>0</p.is_ball>
							<p.is_badguy>0</p.is_badguy>
						</properties>
					</Object>
				</item>
				<item class_id_reference="9" object_id="_61">
					<Object>
						<pos>
							<x>6.100000000e+02</x>
							<y>2.488000000e+03</y>
						</pos>
						<objectDefName>s_sign_arrow</objectDefName>
						<controller_num>0</controller_num>
						<properties>
							<p.feels_gravity>0</p.feels_gravity>
							<p.feels_user_input>0</p.feels_user_input>
							<p.feels_friction>0</p.feels_friction>
							<p.spawns_enemies>0</p.spawns_enemies>
							<p.is_physical>0</p.is_physical>
							<p.is_static>1</p.is_static>
							<p.is_sensor>0</p.is_sensor>
							<p.ignores_physics_rotation>0</p.ignores_physics_rotation>
							<p.do_our_own_rotation>0</p.do_our_own_rotation>
							<p.use_angled_corners_collision_box>0</p.use_angled_corners_collision_box>
							<p.is_overlay>0</p.is_overlay>
							<p.is_player>0</p.is_player>
							<p.is_spring>0</p.is_spring>
							<p.is_collectable>0</p.is_collectable>
							<p.is_fan>0</p.is_fan>
							<p.is_door>0</p.is_door>
							<p.is_ring>0</p.is_ring>
							<p.is_ball>0</p.is_ball>
							<p.is_badguy>0</p.is_badguy>
						</properties>
					</Object>
				</item>
				<item class_id_reference="9" object_id="_62">
					<Object>
						<pos>
							<x>1.099000000e+03</x>
							<y>2.759000000e+03</y>
						</pos>
						<objectDefName>s_sign_arrow</objectDefName>
						<controller_num>0</controller_num>
						<properties>
							<p.feels_gravity>0</p.feels_gravity>
							<p.feels_user_input>0</p.feels_user_input>
							<p.feels_friction>0</p.feels_friction>
							<p.spawns_enemies>0</p.spawns_enemies>
							<p.is_physical>0</p.is_physical>
							<p.is_static>1</p.is_static>
							<p.is_sensor>0</p.is_sensor>
							<p.ignores_physics_rotation>0</p.ignores_physics_rotation>
							<p.do_our_own_rotation>0</p.do_our_own_rotation>
							<p.use_angled_corners_collision_box>0</p.use_angled_corners_collision_box>
							<p.is_overlay>0</p.is_overlay>
							<p.is_player>0</p.is_player>
							<p.is_spring>0</p.is_spring>
							<p.is_collectable>0</p.is_collectable>
							<p.is_fan>0</p.is_fan>
							<p.is_door>0</p.is_door>
							<p.is_ring>0</p.is_ring>
							<p.is_ball>0</p.is_ball>
							<p.is_badguy>0</p.is_badguy>
						</properties>
					</Object>
				</item>
				<item class_id_reference="9" object_id="_63">
					<Object>
						<pos>
							<x>8.370000000e+02</x>
							<y>2.367000000e+03</y>
						</pos>
						<objectDefName>s_sign_arrow_up</objectDefName>
						<controller_num>0</controller_num>
						<properties>
							<p.feels_gravity>0</p.feels_gravity>
							<p.feels_user_input>0</p.feels_user_input>
							<p.feels_friction>0</p.feels_friction>
							<p.spawns_enemies>0</p.spawns_enemies>
							<p.is_physical>0</p.is_physical>
							<p.is_static>1</p.is_static>
							<p.is_sensor>0</p.is_sensor>
							<p.ignores_physics_rotation>0</p.ignores_physics_rotation>
							<p.do_our_own_rotation>0</p.do_our_own_rotation>
							<p.use_angled_corners_collision_box>0</p.use_angled_corners_collision_box>
							<p.is_overlay>0</p.is_overlay>
							<p.is_player>0</p.is_player>
							<p.is_spring>0</p.is_spring>
							<p.is_collectable>0</p.is_collectable>
							<p.is_fan>0</p.is_fan>
							<p.is_door>0</p.is_door>
							<p.is_ring>0</p.is_ring>
							<p.is_ball>0</p.is_ball>
							<p.is_badguy>0</p.is_badguy>
						</properties>
					</Object>
				</item>
				<item class_id_reference="9" object_id="_64">
					<Object>
						<pos>
							<x>7.500000000e+02</x>
							<y>1.770000000e+03</y>
						</pos>
						<objectDefName>sign_jump</objectDefName>
						<controller_num>0</controller_num>
						<properties>
							<p.feels_gravity>0</p.feels_gravity>
							<p.feels_user_input>0</p.feels_user_input>
							<p.feels_friction>0</p.feels_friction>
							<p.spawns_enemies>0</p.spawns_enemies>
							<p.is_physical>0</p.is_physical>
							<p.is_static>1</p.is_static>
							<p.is_sensor>0</p.is_sensor>
							<p.ignores_physics_rotation>0</p.ignores_physics_rotation>
							<p.do_our_own_rotation>0</p.do_our_own_rotation>
							<p.use_angled_corners_collision_box>0</p.use_angled_corners_collision_box>
							<p.is_overlay>0</p.is_overlay>
							<p.is_player>0</p.is_player>
							<p.is_spring>0</p.is_spring>
							<p.is_collectable>0</p.is_collectable>
							<p.is_fan>0</p.is_fan>
							<p.is_door>0</p.is_door>
							<p.is_ring>0</p.is_ring>
							<p.is_ball>0</p.is_ball>
							<p.is_badguy>0</p.is_badguy>
						</properties>
					</Object>
				</item>
				<item class_id_reference="9" object_id="_65">
					<Object>
						<pos>
							<x>3.710000000e+02</x>
							<y>3.265000000e+03</y>
						</pos>
						<objectDefName>s_flower2</objectDefName>
						<controller_num>0</controller_num>
						<properties>
							<p.feels_gravity>0</p.feels_gravity>
							<p.feels_user_input>0</p.feels_user_input>
							<p.feels_friction>0</p.feels_friction>
							<p.spawns_enemies>0</p.spawns_enemies>
							<p.is_physical>0</p.is_physical>
							<p.is_static>1</p.is_static>
							<p.is_sensor>0</p.is_sensor>
							<p.ignores_physics_rotation>0</p.ignores_physics_rotation>
							<p.do_our_own_rotation>0</p.do_our_own_rotation>
							<p.use_angled_corners_collision_box>0</p.use_angled_corners_collision_box>
							<p.is_overlay>0</p.is_overlay>
							<p.is_player>0</p.is_player>
							<p.is_spring>0</p.is_spring>
							<p.is_collectable>0</p.is_collectable>
							<p.is_fan>0</p.is_fan>
							<p.is_door>0</p.is_door>
							<p.is_ring>0</p.is_ring>
							<p.is_ball>0</p.is_ball>
							<p.is_badguy>0</p.is_badguy>
						</properties>
					</Object>
				</item>
				<item class_id_reference="9" object_id="_66">
					<Object>
						<pos>
							<x>5.560000000e+02</x>
							<y>3.099000000e+03</y>
						</pos>
						<objectDefName>s_flower2</objectDefName>
						<controller_num>0</controller_num>
						<properties>
							<p.feels_gravity>0</p.feels_gravity>
							<p.feels_user_input>0</p.feels_user_input>
							<p.feels_friction>0</p.feels_friction>
							<p.spawns_enemies>0</p.spawns_enemies>
							<p.is_physical>0</p.is_physical>
							<p.is_static>1</p.is_static>
							<p.is_sensor>0</p.is_sensor>
							<p.ignores_physics_rotation>0</p.ignores_physics_rotation>
							<p.do_our_own_rotation>0</p.do_our_own_rotation>
							<p.use_angled_corners_collision_box>0</p.use_angled_corners_collision_box>
							<p.is_overlay>0</p.is_overlay>
							<p.is_player>0</p.is_player>
							<p.is_spring>0</p.is_spring>
							<p.is_collectable>0</p.is_collectable>
							<p.is_fan>0</p.is_fan>
							<p.is_door>0</p.is_door>
							<p.is_ring>0</p.is_ring>
							<p.is_ball>0</p.is_ball>
							<p.is_badguy>0</p.is_badguy>
						</properties>
					</Object>
				</item>
				<item class_id_reference="9" object_id="_67">
					<Object>
						<pos>
							<x>5.460000000e+02</x>
							<y>3.132000000e+03</y>
						</pos>
						<objectDefName>s_flower1</objectDefName>
						<controller_num>0</controller_num>
						<properties>
							<p.feels_gravity>0</p.feels_gravity>
							<p.feels_user_input>0</p.feels_user_input>
							<p.feels_friction>0</p.feels_friction>
							<p.spawns_enemies>0</p.spawns_enemies>
							<p.is_physical>0</p.is_physical>
							<p.is_static>1</p.is_static>
							<p.is_sensor>0</p.is_sensor>
							<p.ignores_physics_rotation>0</p.ignores_physics_rotation>
							<p.do_our_own_rotation>0</p.do_our_own_rotation>
							<p.use_angled_corners_collision_box>0</p.use_angled_corners_collision_box>
							<p.is_overlay>0</p.is_overlay>
							<p.is_player>0</p.is_player>
							<p.is_spring>0</p.is_spring>
							<p.is_collectable>0</p.is_collectable>
							<p.is_fan>0</p.is_fan>
							<p.is_door>0</p.is_door>
							<p.is_ring>0</p.is_ring>
							<p.is_ball>0</p.is_ball>
							<p.is_badguy>0</p.is_badguy>
						</properties>
					</Object>
				</item>
				<item class_id_reference="9" object_id="_68">
					<Object>
						<pos>
							<x>3.200000000e+02</x>
							<y>3.092000000e+03</y>
						</pos>
						<objectDefName>s_sign_haha</objectDefName>
						<controller_num>0</controller_num>
						<properties>
							<p.feels_gravity>0</p.feels_gravity>
							<p.feels_user_input>0</p.feels_user_input>
							<p.feels_friction>0</p.feels_friction>
							<p.spawns_enemies>0</p.spawns_enemies>
							<p.is_physical>0</p.is_physical>
							<p.is_static>1</p.is_static>
							<p.is_sensor>0</p.is_sensor>
							<p.ignores_physics_rotation>0</p.ignores_physics_rotation>
							<p.do_our_own_rotation>0</p.do_our_own_rotation>
							<p.use_angled_corners_collision_box>0</p.use_angled_corners_collision_box>
							<p.is_overlay>0</p.is_overlay>
							<p.is_player>0</p.is_player>
							<p.is_spring>0</p.is_spring>
							<p.is_collectable>0</p.is_collectable>
							<p.is_fan>0</p.is_fan>
							<p.is_door>0</p.is_door>
							<p.is_ring>0</p.is_ring>
							<p.is_ball>0</p.is_ball>
							<p.is_badguy>0</p.is_badguy>
						</properties>
					</Object>
				</item>
				<item class_id_reference="9" object_id="_69">
					<Object>
						<pos>
							<x>4.690000000e+02</x>
							<y>3.092000000e+03</y>
						</pos>
						<objectDefName>s_palm_tall</objectDefName>
						<controller_num>0</controller_num>
						<properties>
							<p.feels_gravity>0</p.feels_gravity>
							<p.feels_user_input>0</p.feels_user_input>
							<p.feels_friction>0</p.feels_friction>
							<p.spawns_enemies>0</p.spawns_enemies>
							<p.is_physical>0</p.is_physical>
							<p.is_static>1</p.is_static>
							<p.is_sensor>0</p.is_sensor>
							<p.ignores_physics_rotation>0</p.ignores_physics_rotation>
							<p.do_our_own_rotation>0</p.do_our_own_rotation>
							<p.use_angled_corners_collision_box>0</p.use_angled_corners_collision_box>
							<p.is_overlay>0</p.is_overlay>
							<p.is_player>0</p.is_player>
							<p.is_spring>0</p.is_spring>
							<p.is_collectable>0</p.is_collectable>
							<p.is_fan>0</p.is_fan>
							<p.is_door>0</p.is_door>
							<p.is_ring>0</p.is_ring>
							<p.is_ball>0</p.is_ball>
							<p.is_badguy>0</p.is_badguy>
						</properties>
					</Object>
				</item>
				<item class_id_reference="9" object_id="_70">
					<Object>
						<pos>
							<x>4.970000000e+02</x>
							<y>3.104000000e+03</y>
						</pos>
						<objectDefName>s_flower2</objectDefName>
						<controller_num>0</controller_num>
						<properties>
							<p.feels_gravity>0</p.feels_gravity>
							<p.feels_user_input>0</p.feels_user_input>
							<p.feels_friction>0</p.feels_friction>
							<p.spawns_enemies>0</p.spawns_enemies>
							<p.is_physical>0</p.is_physical>
							<p.is_static>1</p.is_static>
							<p.is_sensor>0</p.is_sensor>
							<p.ignores_physics_rotation>0</p.ignores_physics_rotation>
							<p.do_our_own_rotation>0</p.do_our_own_rotation>
							<p.use_angled_corners_collision_box>0</p.use_angled_corners_collision_box>
							<p.is_overlay>0</p.is_overlay>
							<p.is_player>0</p.is_player>
							<p.is_spring>0</p.is_spring>
							<p.is_collectable>0</p.is_collectable>
							<p.is_fan>0</p.is_fan>
							<p.is_door>0</p.is_door>
							<p.is_ring>0</p.is_ring>
							<p.is_ball>0</p.is_ball>
							<p.is_badguy>0</p.is_badguy>
						</properties>
					</Object>
				</item>
				<item class_id_reference="9" object_id="_71">
					<Object>
						<pos>
							<x>5.210000000e+02</x>
							<y>3.097000000e+03</y>
						</pos>
						<objectDefName>s_flower2</objectDefName>
						<controller_num>0</controller_num>
						<properties>
							<p.feels_gravity>0</p.feels_gravity>
							<p.feels_user_input>0</p.feels_user_input>
							<p.feels_friction>0</p.feels_friction>
							<p.spawns_enemies>0</p.spawns_enemies>
							<p.is_physical>0</p.is_physical>
							<p.is_static>1</p.is_static>
							<p.is_sensor>0</p.is_sensor>
							<p.ignores_physics_rotation>0</p.ignores_physics_rotation>
							<p.do_our_own_rotation>0</p.do_our_own_rotation>
							<p.use_angled_corners_collision_box>0</p.use_angled_corners_collision_box>
							<p.is_overlay>0</p.is_overlay>
							<p.is_player>0</p.is_player>
							<p.is_spring>0</p.is_spring>
							<p.is_collectable>0</p.is_collectable>
							<p.is_fan>0</p.is_fan>
							<p.is_door>0</p.is_door>
							<p.is_ring>0</p.is_ring>
							<p.is_ball>0</p.is_ball>
							<p.is_badguy>0</p.is_badguy>
						</properties>
					</Object>
				</item>
				<item class_id_reference="9" object_id="_72">
					<Object>
						<pos>
							<x>5.160000000e+02</x>
							<y>3.120000000e+03</y>
						</pos>
						<objectDefName>s_flower2</objectDefName>
						<controller_num>0</controller_num>
						<properties>
							<p.feels_gravity>0</p.feels_gravity>
							<p.feels_user_input>0</p.feels_user_input>
							<p.feels_friction>0</p.feels_friction>
							<p.spawns_enemies>0</p.spawns_enemies>
							<p.is_physical>0</p.is_physical>
							<p.is_static>1</p.is_static>
							<p.is_sensor>0</p.is_sensor>
							<p.ignores_physics_rotation>0</p.ignores_physics_rotation>
							<p.do_our_own_rotation>0</p.do_our_own_rotation>
							<p.use_angled_corners_collision_box>0</p.use_angled_corners_collision_box>
							<p.is_overlay>0</p.is_overlay>
							<p.is_player>0</p.is_player>
							<p.is_spring>0</p.is_spring>
							<p.is_collectable>0</p.is_collectable>
							<p.is_fan>0</p.is_fan>
							<p.is_door>0</p.is_door>
							<p.is_ring>0</p.is_ring>
							<p.is_ball>0</p.is_ball>
							<p.is_badguy>0</p.is_badguy>
						</properties>
					</Object>
				</item>
				<item class_id_reference="9" object_id="_73">
					<Object>
						<pos>
							<x>5.100000000e+02</x>
							<y>3.091000000e+03</y>
						</pos>
						<objectDefName>s_flower2</objectDefName>
						<controller_num>0</controller_num>
						<properties>
							<p.feels_gravity>0</p.feels_gravity>
							<p.feels_user_input>0</p.feels_user_input>
							<p.feels_friction>0</p.feels_friction>
							<p.spawns_enemies>0</p.spawns_enemies>
							<p.is_physical>0</p.is_physical>
							<p.is_static>1</p.is_static>
							<p.is_sensor>0</p.is_sensor>
							<p.ignores_physics_rotation>0</p.ignores_physics_rotation>
							<p.do_our_own_rotation>0</p.do_our_own_rotation>
							<p.use_angled_corners_collision_box>0</p.use_angled_corners_collision_box>
							<p.is_overlay>0</p.is_overlay>
							<p.is_player>0</p.is_player>
							<p.is_spring>0</p.is_spring>
							<p.is_collectable>0</p.is_collectable>
							<p.is_fan>0</p.is_fan>
							<p.is_door>0</p.is_door>
							<p.is_ring>0</p.is_ring>
							<p.is_ball>0</p.is_ball>
							<p.is_badguy>0</p.is_badguy>
						</properties>
					</Object>
				</item>
				<item class_id_reference="9" object_id="_74">
					<Object>
						<pos>
							<x>5.320000000e+02</x>
							<y>3.092000000e+03</y>
						</pos>
						<objectDefName>s_flower2</objectDefName>
						<controller_num>0</controller_num>
						<properties>
							<p.feels_gravity>0</p.feels_gravity>
							<p.feels_user_input>0</p.feels_user_input>
							<p.feels_friction>0</p.feels_friction>
							<p.spawns_enemies>0</p.spawns_enemies>
							<p.is_physical>0</p.is_physical>
							<p.is_static>1</p.is_static>
							<p.is_sensor>0</p.is_sensor>
							<p.ignores_physics_rotation>0</p.ignores_physics_rotation>
							<p.do_our_own_rotation>0</p.do_our_own_rotation>
							<p.use_angled_corners_collision_box>0</p.use_angled_corners_collision_box>
							<p.is_overlay>0</p.is_overlay>
							<p.is_player>0</p.is_player>
							<p.is_spring>0</p.is_spring>
							<p.is_collectable>0</p.is_collectable>
							<p.is_fan>0</p.is_fan>
							<p.is_door>0</p.is_door>
							<p.is_ring>0</p.is_ring>
							<p.is_ball>0</p.is_ball>
							<p.is_badguy>0</p.is_badguy>
						</properties>
					</Object>
				</item>
				<item class_id_reference="9" object_id="_75">
					<Object>
						<pos>
							<x>5.430000000e+02</x>
							<y>3.109000000e+03</y>
						</pos>
						<objectDefName>s_flower2</objectDefName>
						<controller_num>0</controller_num>
						<properties>
							<p.feels_gravity>0</p.feels_gravity>
							<p.feels_user_input>0</p.feels_user_input>
							<p.feels_friction>0</p.feels_friction>
							<p.spawns_enemies>0</p.spawns_enemies>
							<p.is_physical>0</p.is_physical>
							<p.is_static>1</p.is_static>
							<p.is_sensor>0</p.is_sensor>
							<p.ignores_physics_rotation>0</p.ignores_physics_rotation>
							<p.do_our_own_rotation>0</p.do_our_own_rotation>
							<p.use_angled_corners_collision_box>0</p.use_angled_corners_collision_box>
							<p.is_overlay>0</p.is_overlay>
							<p.is_player>0</p.is_player>
							<p.is_spring>0</p.is_spring>
							<p.is_collectable>0</p.is_collectable>
							<p.is_fan>0</p.is_fan>
							<p.is_door>0</p.is_door>
							<p.is_ring>0</p.is_ring>
							<p.is_ball>0</p.is_ball>
							<p.is_badguy>0</p.is_badguy>
						</properties>
					</Object>
				</item>
				<item class_id_reference="9" object_id="_76">
					<Object>
						<pos>
							<x>5.490000000e+02</x>
							<y>3.091000000e+03</y>
						</pos>
						<objectDefName>s_flower1</objectDefName>
						<controller_num>0</controller_num>
						<properties>
							<p.feels_gravity>0</p.feels_gravity>
							<p.feels_user_input>0</p.feels_user_input>
							<p.feels_friction>0</p.feels_friction>
							<p.spawns_enemies>0</p.spawns_enemies>
							<p.is_physical>0</p.is_physical>
							<p.is_static>1</p.is_static>
							<p.is_sensor>0</p.is_sensor>
							<p.ignores_physics_rotation>0</p.ignores_physics_rotation>
							<p.do_our_own_rotation>0</p.do_our_own_rotation>
							<p.use_angled_corners_collision_box>0</p.use_angled_corners_collision_box>
							<p.is_overlay>0</p.is_overlay>
							<p.is_player>0</p.is_player>
							<p.is_spring>0</p.is_spring>
							<p.is_collectable>0</p.is_collectable>
							<p.is_fan>0</p.is_fan>
							<p.is_door>0</p.is_door>
							<p.is_ring>0</p.is_ring>
							<p.is_ball>0</p.is_ball>
							<p.is_badguy>0</p.is_badguy>
						</properties>
					</Object>
				</item>
				<item class_id_reference="9" object_id="_77">
					<Object>
						<pos>
							<x>5.240000000e+02</x>
							<y>3.092000000e+03</y>
						</pos>
						<objectDefName>s_flower1</objectDefName>
						<controller_num>0</controller_num>
						<properties>
							<p.feels_gravity>0</p.feels_gravity>
							<p.feels_user_input>0</p.feels_user_input>
							<p.feels_friction>0</p.feels_friction>
							<p.spawns_enemies>0</p.spawns_enemies>
							<p.is_physical>0</p.is_physical>
							<p.is_static>1</p.is_static>
							<p.is_sensor>0</p.is_sensor>
							<p.ignores_physics_rotation>0</p.ignores_physics_rotation>
							<p.do_our_own_rotation>0</p.do_our_own_rotation>
							<p.use_angled_corners_collision_box>0</p.use_angled_corners_collision_box>
							<p.is_overlay>0</p.is_overlay>
							<p.is_player>0</p.is_player>
							<p.is_spring>0</p.is_spring>
							<p.is_collectable>0</p.is_collectable>
							<p.is_fan>0</p.is_fan>
							<p.is_door>0</p.is_door>
							<p.is_ring>0</p.is_ring>
							<p.is_ball>0</p.is_ball>
							<p.is_badguy>0</p.is_badguy>
						</properties>
					</Object>
				</item>
				<item class_id_reference="9" object_id="_78">
					<Object>
						<pos>
							<x>4.910000000e+02</x>
							<y>3.091000000e+03</y>
						</pos>
						<objectDefName>s_flower1</objectDefName>
						<controller_num>0</controller_num>
						<properties>
							<p.feels_gravity>0</p.feels_gravity>
							<p.feels_user_input>0</p.feels_user_input>
							<p.feels_friction>0</p.feels_friction>
							<p.spawns_enemies>0</p.spawns_enemies>
							<p.is_physical>0</p.is_physical>
							<p.is_static>1</p.is_static>
							<p.is_sensor>0</p.is_sensor>
							<p.ignores_physics_rotation>0</p.ignores_physics_rotation>
							<p.do_our_own_rotation>0</p.do_our_own_rotation>
							<p.use_angled_corners_collision_box>0</p.use_angled_corners_collision_box>
							<p.is_overlay>0</p.is_overlay>
							<p.is_player>0</p.is_player>
							<p.is_spring>0</p.is_spring>
							<p.is_collectable>0</p.is_collectable>
							<p.is_fan>0</p.is_fan>
							<p.is_door>0</p.is_door>
							<p.is_ring>0</p.is_ring>
							<p.is_ball>0</p.is_ball>
							<p.is_badguy>0</p.is_badguy>
						</properties>
					</Object>
				</item>
				<item class_id_reference="10" object_id="_79">
					<Object>
						<pos>
							<x>2.850000000e+02</x>
							<y>2.915000000e+03</y>
						</pos>
						<objectDefName>door</objectDefName>
						<controller_num>0</controller_num>
						<properties>
							<p.feels_gravity>0</p.feels_gravity>
							<p.feels_user_input>0</p.feels_user_input>
							<p.feels_friction>0</p.feels_friction>
							<p.spawns_enemies>0</p.spawns_enemies>
							<p.is_physical>1</p.is_physical>
							<p.is_static>1</p.is_static>
							<p.is_sensor>1</p.is_sensor>
							<p.ignores_physics_rotation>0</p.ignores_physics_rotation>
							<p.do_our_own_rotation>1</p.do_our_own_rotation>
							<p.use_angled_corners_collision_box>0</p.use_angled_corners_collision_box>
							<p.is_overlay>0</p.is_overlay>
							<p.is_player>0</p.is_player>
							<p.is_spring>0</p.is_spring>
							<p.is_collectable>0</p.is_collectable>
							<p.is_fan>0</p.is_fan>
							<p.is_door>1</p.is_door>
							<p.is_ring>0</p.is_ring>
							<p.is_ball>0</p.is_ball>
							<p.is_badguy>0</p.is_badguy>
						</properties>
					</Object>
				</item>
				<item class_id_reference="9" object_id="_80">
					<Object>
						<pos>
							<x>1.600000000e+02</x>
							<y>2.915000000e+03</y>
						</pos>
						<objectDefName>s_totem1</objectDefName>
						<controller_num>0</controller_num>
						<properties>
							<p.feels_gravity>0</p.feels_gravity>
							<p.feels_user_input>0</p.feels_user_input>
							<p.feels_friction>0</p.feels_friction>
							<p.spawns_enemies>0</p.spawns_enemies>
							<p.is_physical>0</p.is_physical>
							<p.is_static>1</p.is_static>
							<p.is_sensor>0</p.is_sensor>
							<p.ignores_physics_rotation>0</p.ignores_physics_rotation>
							<p.do_our_own_rotation>0</p.do_our_own_rotation>
							<p.use_angled_corners_collision_box>0</p.use_angled_corners_collision_box>
							<p.is_overlay>0</p.is_overlay>
							<p.is_player>0</p.is_player>
							<p.is_spring>0</p.is_spring>
							<p.is_collectable>0</p.is_collectable>
							<p.is_fan>0</p.is_fan>
							<p.is_door>0</p.is_door>
							<p.is_ring>0</p.is_ring>
							<p.is_ball>0</p.is_ball>
							<p.is_badguy>0</p.is_badguy>
						</properties>
					</Object>
				</item>
				<item class_id_reference="9" object_id="_81">
					<Object>
						<pos>
							<x>1.860000000e+02</x>
							<y>2.965000000e+03</y>
						</pos>
						<objectDefName>s_sign_arrow</objectDefName>
						<controller_num>0</controller_num>
						<properties>
							<p.feels_gravity>0</p.feels_gravity>
							<p.feels_user_input>0</p.feels_user_input>
							<p.feels_friction>0</p.feels_friction>
							<p.spawns_enemies>0</p.spawns_enemies>
							<p.is_physical>0</p.is_physical>
							<p.is_static>1</p.is_static>
							<p.is_sensor>0</p.is_sensor>
							<p.ignores_physics_rotation>0</p.ignores_physics_rotation>
							<p.do_our_own_rotation>0</p.do_our_own_rotation>
							<p.use_angled_corners_collision_box>0</p.use_angled_corners_collision_box>
							<p.is_overlay>0</p.is_overlay>
							<p.is_player>0</p.is_player>
							<p.is_spring>0</p.is_spring>
							<p.is_collectable>0</p.is_collectable>
							<p.is_fan>0</p.is_fan>
							<p.is_door>0</p.is_door>
							<p.is_ring>0</p.is_ring>
							<p.is_ball>0</p.is_ball>
							<p.is_badguy>0</p.is_badguy>
						</properties>
					</Object>
				</item>
				<item class_id_reference="9" object_id="_82">
					<Object>
						<pos>
							<x>1.430000000e+02</x>
							<y>2.915000000e+03</y>
						</pos>
						<objectDefName>s_palm_tall</objectDefName>
						<controller_num>0</controller_num>
						<properties>
							<p.feels_gravity>0</p.feels_gravity>
							<p.feels_user_input>0</p.feels_user_input>
							<p.feels_friction>0</p.feels_friction>
							<p.spawns_enemies>0</p.spawns_enemies>
							<p.is_physical>0</p.is_physical>
							<p.is_static>1</p.is_static>
							<p.is_sensor>0</p.is_sensor>
							<p.ignores_physics_rotation>0</p.ignores_physics_rotation>
							<p.do_our_own_rotation>0</p.do_our_own_rotation>
							<p.use_angled_corners_collision_box>0</p.use_angled_corners_collision_box>
							<p.is_overlay>0</p.is_overlay>
							<p.is_player>0</p.is_player>
							<p.is_spring>0</p.is_spring>
							<p.is_collectable>0</p.is_collectable>
							<p.is_fan>0</p.is_fan>
							<p.is_door>0</p.is_door>
							<p.is_ring>0</p.is_ring>
							<p.is_ball>0</p.is_ball>
							<p.is_badguy>0</p.is_badguy>
						</properties>
					</Object>
				</item>
				<item class_id_reference="9" object_id="_83">
					<Object>
						<pos>
							<x>4.840000000e+02</x>
							<y>3.091000000e+03</y>
						</pos>
						<objectDefName>s_flower2</objectDefName>
						<controller_num>0</controller_num>
						<properties>
							<p.feels_gravity>0</p.feels_gravity>
							<p.feels_user_input>0</p.feels_user_input>
							<p.feels_friction>0</p.feels_friction>
							<p.spawns_enemies>0</p.spawns_enemies>
							<p.is_physical>0</p.is_physical>
							<p.is_static>1</p.is_static>
							<p.is_sensor>0</p.is_sensor>
							<p.ignores_physics_rotation>0</p.ignores_physics_rotation>
							<p.do_our_own_rotation>0</p.do_our_own_rotation>
							<p.use_angled_corners_collision_box>0</p.use_angled_corners_collision_box>
							<p.is_overlay>0</p.is_overlay>
							<p.is_player>0</p.is_player>
							<p.is_spring>0</p.is_spring>
							<p.is_collectable>0</p.is_collectable>
							<p.is_fan>0</p.is_fan>
							<p.is_door>0</p.is_door>
							<p.is_ring>0</p.is_ring>
							<p.is_ball>0</p.is_ball>
							<p.is_badguy>0</p.is_badguy>
						</properties>
					</Object>
				</item>
				<item class_id_reference="9" object_id="_84">
					<Object>
						<pos>
							<x>5.580000000e+02</x>
							<y>3.091000000e+03</y>
						</pos>
						<objectDefName>s_flower2</objectDefName>
						<controller_num>0</controller_num>
						<properties>
							<p.feels_gravity>0</p.feels_gravity>
							<p.feels_user_input>0</p.feels_user_input>
							<p.feels_friction>0</p.feels_friction>
							<p.spawns_enemies>0</p.spawns_enemies>
							<p.is_physical>0</p.is_physical>
							<p.is_static>1</p.is_static>
							<p.is_sensor>0</p.is_sensor>
							<p.ignores_physics_rotation>0</p.ignores_physics_rotation>
							<p.do_our_own_rotation>0</p.do_our_own_rotation>
							<p.use_angled_corners_collision_box>0</p.use_angled_corners_collision_box>
							<p.is_overlay>0</p.is_overlay>
							<p.is_player>0</p.is_player>
							<p.is_spring>0</p.is_spring>
							<p.is_collectable>0</p.is_collectable>
							<p.is_fan>0</p.is_fan>
							<p.is_door>0</p.is_door>
							<p.is_ring>0</p.is_ring>
							<p.is_ball>0</p.is_ball>
							<p.is_badguy>0</p.is_badguy>
						</properties>
					</Object>
				</item>
				<item class_id_reference="9" object_id="_85">
					<Object>
						<pos>
							<x>1.959999847e+02</x>
							<y>2.915000000e+03</y>
						</pos>
						<objectDefName>greenblock</objectDefName>
						<controller_num>0</controller_num>
						<properties>
							<p.feels_gravity>0</p.feels_gravity>
							<p.feels_user_input>0</p.feels_user_input>
							<p.feels_friction>0</p.feels_friction>
							<p.spawns_enemies>0</p.spawns_enemies>
							<p.is_physical>1</p.is_physical>
							<p.is_static>1</p.is_static>
							<p.is_sensor>0</p.is_sensor>
							<p.ignores_physics_rotation>0</p.ignores_physics_rotation>
							<p.do_our_own_rotation>0</p.do_our_own_rotation>
							<p.use_angled_corners_collision_box>0</p.use_angled_corners_collision_box>
							<p.is_overlay>0</p.is_overlay>
							<p.is_player>0</p.is_player>
							<p.is_spring>0</p.is_spring>
							<p.is_collectable>0</p.is_collectable>
							<p.is_fan>0</p.is_fan>
							<p.is_door>0</p.is_door>
							<p.is_ring>0</p.is_ring>
							<p.is_ball>0</p.is_ball>
							<p.is_badguy>0</p.is_badguy>
						</properties>
					</Object>
				</item>
				<item class_id_reference="9" object_id="_86">
					<Object>
						<pos>
							<x>2.460000000e+02</x>
							<y>2.965000000e+03</y>
						</pos>
						<objectDefName>greenblock</objectDefName>
						<controller_num>0</controller_num>
						<properties>
							<p.feels_gravity>0</p.feels_gravity>
							<p.feels_user_input>0</p.feels_user_input>
							<p.feels_friction>0</p.feels_friction>
							<p.spawns_enemies>0</p.spawns_enemies>
							<p.is_physical>1</p.is_physical>
							<p.is_static>1</p.is_static>
							<p.is_sensor>0</p.is_sensor>
							<p.ignores_physics_rotation>0</p.ignores_physics_rotation>
							<p.do_our_own_rotation>0</p.do_our_own_rotation>
							<p.use_angled_corners_collision_box>0</p.use_angled_corners_collision_box>
							<p.is_overlay>0</p.is_overlay>
							<p.is_player>0</p.is_player>
							<p.is_spring>0</p.is_spring>
							<p.is_collectable>0</p.is_collectable>
							<p.is_fan>0</p.is_fan>
							<p.is_door>0</p.is_door>
							<p.is_ring>0</p.is_ring>
							<p.is_ball>0</p.is_ball>
							<p.is_badguy>0</p.is_badguy>
						</properties>
					</Object>
				</item>
				<item class_id_reference="9" object_id="_87">
					<Object>
						<pos>
							<x>2.460000000e+02</x>
							<y>2.915000000e+03</y>
						</pos>
						<objectDefName>greenblock</objectDefName>
						<controller_num>0</controller_num>
						<properties>
							<p.feels_gravity>0</p.feels_gravity>
							<p.feels_user_input>0</p.feels_user_input>
							<p.feels_friction>0</p.feels_friction>
							<p.spawns_enemies>0</p.spawns_enemies>
							<p.is_physical>1</p.is_physical>
							<p.is_static>1</p.is_static>
							<p.is_sensor>0</p.is_sensor>
							<p.ignores_physics_rotation>0</p.ignores_physics_rotation>
							<p.do_our_own_rotation>0</p.do_our_own_rotation>
							<p.use_angled_corners_collision_box>0</p.use_angled_corners_collision_box>
							<p.is_overlay>0</p.is_overlay>
							<p.is_player>0</p.is_player>
							<p.is_spring>0</p.is_spring>
							<p.is_collectable>0</p.is_collectable>
							<p.is_fan>0</p.is_fan>
							<p.is_door>0</p.is_door>
							<p.is_ring>0</p.is_ring>
							<p.is_ball>0</p.is_ball>
							<p.is_badguy>0</p.is_badguy>
						</properties>
					</Object>
				</item>
				<item class_id_reference="9" object_id="_88">
					<Object>
						<pos>
							<x>2.960000000e+02</x>
							<y>2.965000000e+03</y>
						</pos>
						<objectDefName>greenblock</objectDefName>
						<controller_num>0</controller_num>
						<properties>
							<p.feels_gravity>0</p.feels_gravity>
							<p.feels_user_input>0</p.feels_user_input>
							<p.feels_friction>0</p.feels_friction>
							<p.spawns_enemies>0</p.spawns_enemies>
							<p.is_physical>1</p.is_physical>
							<p.is_static>1</p.is_static>
							<p.is_sensor>0</p.is_sensor>
							<p.ignores_physics_rotation>0</p.ignores_physics_rotation>
							<p.do_our_own_rotation>0</p.do_our_own_rotation>
							<p.use_angled_corners_collision_box>0</p.use_angled_corners_collision_box>
							<p.is_overlay>0</p.is_overlay>
							<p.is_player>0</p.is_player>
							<p.is_spring>0</p.is_spring>
							<p.is_collectable>0</p.is_collectable>
							<p.is_fan>0</p.is_fan>
							<p.is_door>0</p.is_door>
							<p.is_ring>0</p.is_ring>
							<p.is_ball>0</p.is_ball>
							<p.is_badguy>0</p.is_badguy>
						</properties>
					</Object>
				</item>
				<item class_id_reference="9" object_id="_89">
					<Object>
						<pos>
							<x>2.960000000e+02</x>
							<y>2.915000000e+03</y>
						</pos>
						<objectDefName>greenblock</objectDefName>
						<controller_num>0</controller_num>
						<properties>
							<p.feels_gravity>0</p.feels_gravity>
							<p.feels_user_input>0</p.feels_user_input>
							<p.feels_friction>0</p.feels_friction>
							<p.spawns_enemies>0</p.spawns_enemies>
							<p.is_physical>1</p.is_physical>
							<p.is_static>1</p.is_static>
							<p.is_sensor>0</p.is_sensor>
							<p.ignores_physics_rotation>0</p.ignores_physics_rotation>
							<p.do_our_own_rotation>0</p.do_our_own_rotation>
							<p.use_angled_corners_collision_box>0</p.use_angled_corners_collision_box>
							<p.is_overlay>0</p.is_overlay>
							<p.is_player>0</p.is_player>
							<p.is_spring>0</p.is_spring>
							<p.is_collectable>0</p.is_collectable>
							<p.is_fan>0</p.is_fan>
							<p.is_door>0</p.is_door>
							<p.is_ring>0</p.is_ring>
							<p.is_ball>0</p.is_ball>
							<p.is_badguy>0</p.is_badguy>
						</properties>
					</Object>
				</item>
				<item class_id_reference="9" object_id="_90">
					<Object>
						<pos>
							<x>1.740000000e+02</x>
							<y>2.895000000e+03</y>
						</pos>
						<objectDefName>block3</objectDefName>
						<controller_num>0</controller_num>
						<properties>
							<p.feels_gravity>0</p.feels_gravity>
							<p.feels_user_input>0</p.feels_user_input>
							<p.feels_friction>0</p.feels_friction>
							<p.spawns_enemies>0</p.spawns_enemies>
							<p.is_physical>1</p.is_physical>
							<p.is_static>1</p.is_static>
							<p.is_sensor>0</p.is_sensor>
							<p.ignores_physics_rotation>0</p.ignores_physics_rotation>
							<p.do_our_own_rotation>0</p.do_our_own_rotation>
							<p.use_angled_corners_collision_box>0</p.use_angled_corners_collision_box>
							<p.is_overlay>0</p.is_overlay>
							<p.is_player>0</p.is_player>
							<p.is_spring>0</p.is_spring>
							<p.is_collectable>0</p.is_collectable>
							<p.is_fan>0</p.is_fan>
							<p.is_door>0</p.is_door>
							<p.is_ring>0</p.is_ring>
							<p.is_ball>0</p.is_ball>
							<p.is_badguy>0</p.is_badguy>
						</properties>
					</Object>
				</item>
				<item class_id_reference="9" object_id="_91">
					<Object>
						<pos>
							<x>3.440000000e+02</x>
							<y>2.913000000e+03</y>
						</pos>
						<objectDefName>smallblock</objectDefName>
						<controller_num>0</controller_num>
						<properties>
							<p.feels_gravity>0</p.feels_gravity>
							<p.feels_user_input>0</p.feels_user_input>
							<p.feels_friction>0</p.feels_friction>
							<p.spawns_enemies>0</p.spawns_enemies>
							<p.is_physical>1</p.is_physical>
							<p.is_static>1</p.is_static>
							<p.is_sensor>0</p.is_sensor>
							<p.ignores_physics_rotation>0</p.ignores_physics_rotation>
							<p.do_our_own_rotation>0</p.do_our_own_rotation>
							<p.use_angled_corners_collision_box>0</p.use_angled_corners_collision_box>
							<p.is_overlay>0</p.is_overlay>
							<p.is_player>0</p.is_player>
							<p.is_spring>0</p.is_spring>
							<p.is_collectable>0</p.is_collectable>
							<p.is_fan>0</p.is_fan>
							<p.is_door>0</p.is_door>
							<p.is_ring>0</p.is_ring>
							<p.is_ball>0</p.is_ball>
							<p.is_badguy>0</p.is_badguy>
						</properties>
					</Object>
				</item>
				<item class_id_reference="9" object_id="_92">
					<Object>
						<pos>
							<x>3.450000000e+02</x>
							<y>2.943000244e+03</y>
						</pos>
						<objectDefName>smallblock</objectDefName>
						<controller_num>0</controller_num>
						<properties>
							<p.feels_gravity>0</p.feels_gravity>
							<p.feels_user_input>0</p.feels_user_input>
							<p.feels_friction>0</p.feels_friction>
							<p.spawns_enemies>0</p.spawns_enemies>
							<p.is_physical>1</p.is_physical>
							<p.is_static>1</p.is_static>
							<p.is_sensor>0</p.is_sensor>
							<p.ignores_physics_rotation>0</p.ignores_physics_rotation>
							<p.do_our_own_rotation>0</p.do_our_own_rotation>
							<p.use_angled_corners_collision_box>0</p.use_angled_corners_collision_box>
							<p.is_overlay>0</p.is_overlay>
							<p.is_player>0</p.is_player>
							<p.is_spring>0</p.is_spring>
							<p.is_collectable>0</p.is_collectable>
							<p.is_fan>0</p.is_fan>
							<p.is_door>0</p.is_door>
							<p.is_ring>0</p.is_ring>
							<p.is_ball>0</p.is_ball>
							<p.is_badguy>0</p.is_badguy>
						</properties>
					</Object>
				</item>
				<item class_id_reference="9" object_id="_93">
					<Object>
						<pos>
							<x>3.450000000e+02</x>
							<y>2.973000000e+03</y>
						</pos>
						<objectDefName>smallblock</objectDefName>
						<controller_num>0</controller_num>
						<properties>
							<p.feels_gravity>0</p.feels_gravity>
							<p.feels_user_input>0</p.feels_user_input>
							<p.feels_friction>0</p.feels_friction>
							<p.spawns_enemies>0</p.spawns_enemies>
							<p.is_physical>1</p.is_physical>
							<p.is_static>1</p.is_static>
							<p.is_sensor>0</p.is_sensor>
							<p.ignores_physics_rotation>0</p.ignores_physics_rotation>
							<p.do_our_own_rotation>0</p.do_our_own_rotation>
							<p.use_angled_corners_collision_box>0</p.use_angled_corners_collision_box>
							<p.is_overlay>0</p.is_overlay>
							<p.is_player>0</p.is_player>
							<p.is_spring>0</p.is_spring>
							<p.is_collectable>0</p.is_collectable>
							<p.is_fan>0</p.is_fan>
							<p.is_door>0</p.is_door>
							<p.is_ring>0</p.is_ring>
							<p.is_ball>0</p.is_ball>
							<p.is_badguy>0</p.is_badguy>
						</properties>
					</Object>
				</item>
				<item class_id_reference="9" object_id="_94">
					<Object>
						<pos>
							<x>3.440000000e+02</x>
							<y>3.003000000e+03</y>
						</pos>
						<objectDefName>smallblock</objectDefName>
						<controller_num>0</controller_num>
						<properties>
							<p.feels_gravity>0</p.feels_gravity>
							<p.feels_user_input>0</p.feels_user_input>
							<p.feels_friction>0</p.feels_friction>
							<p.spawns_enemies>0</p.spawns_enemies>
							<p.is_physical>1</p.is_physical>
							<p.is_static>1</p.is_static>
							<p.is_sensor>0</p.is_sensor>
							<p.ignores_physics_rotation>0</p.ignores_physics_rotation>
							<p.do_our_own_rotation>0</p.do_our_own_rotation>
							<p.use_angled_corners_collision_box>0</p.use_angled_corners_collision_box>
							<p.is_overlay>0</p.is_overlay>
							<p.is_player>0</p.is_player>
							<p.is_spring>0</p.is_spring>
							<p.is_collectable>0</p.is_collectable>
							<p.is_fan>0</p.is_fan>
							<p.is_door>0</p.is_door>
							<p.is_ring>0</p.is_ring>
							<p.is_ball>0</p.is_ball>
							<p.is_badguy>0</p.is_badguy>
						</properties>
					</Object>
				</item>
				<item class_id_reference="9" object_id="_95">
					<Object>
						<pos>
							<x>3.140000000e+02</x>
							<y>3.032000000e+03</y>
						</pos>
						<objectDefName>smallblock</objectDefName>
						<controller_num>0</controller_num>
						<properties>
							<p.feels_gravity>0</p.feels_gravity>
							<p.feels_user_input>0</p.feels_user_input>
							<p.feels_friction>0</p.feels_friction>
							<p.spawns_enemies>0</p.spawns_enemies>
							<p.is_physical>1</p.is_physical>
							<p.is_static>1</p.is_static>
							<p.is_sensor>0</p.is_sensor>
							<p.ignores_physics_rotation>0</p.ignores_physics_rotation>
							<p.do_our_own_rotation>0</p.do_our_own_rotation>
							<p.use_angled_corners_collision_box>0</p.use_angled_corners_collision_box>
							<p.is_overlay>0</p.is_overlay>
							<p.is_player>0</p.is_player>
							<p.is_spring>0</p.is_spring>
							<p.is_collectable>0</p.is_collectable>
							<p.is_fan>0</p.is_fan>
							<p.is_door>0</p.is_door>
							<p.is_ring>0</p.is_ring>
							<p.is_ball>0</p.is_ball>
							<p.is_badguy>0</p.is_badguy>
						</properties>
					</Object>
				</item>
				<item class_id_reference="9" object_id="_96">
					<Object>
						<pos>
							<x>2.540000000e+02</x>
							<y>3.062000000e+03</y>
						</pos>
						<objectDefName>smallblock</objectDefName>
						<controller_num>0</controller_num>
						<properties>
							<p.feels_gravity>0</p.feels_gravity>
							<p.feels_user_input>0</p.feels_user_input>
							<p.feels_friction>0</p.feels_friction>
							<p.spawns_enemies>0</p.spawns_enemies>
							<p.is_physical>1</p.is_physical>
							<p.is_static>1</p.is_static>
							<p.is_sensor>0</p.is_sensor>
							<p.ignores_physics_rotation>0</p.ignores_physics_rotation>
							<p.do_our_own_rotation>0</p.do_our_own_rotation>
							<p.use_angled_corners_collision_box>0</p.use_angled_corners_collision_box>
							<p.is_overlay>0</p.is_overlay>
							<p.is_player>0</p.is_player>
							<p.is_spring>0</p.is_spring>
							<p.is_collectable>0</p.is_collectable>
							<p.is_fan>0</p.is_fan>
							<p.is_door>0</p.is_door>
							<p.is_ring>0</p.is_ring>
							<p.is_ball>0</p.is_ball>
							<p.is_badguy>0</p.is_badguy>
						</properties>
					</Object>
				</item>
				<item class_id_reference="9" object_id="_97">
					<Object>
						<pos>
							<x>2.840000000e+02</x>
							<y>3.062000000e+03</y>
						</pos>
						<objectDefName>smallblock</objectDefName>
						<controller_num>0</controller_num>
						<properties>
							<p.feels_gravity>0</p.feels_gravity>
							<p.feels_user_input>0</p.feels_user_input>
							<p.feels_friction>0</p.feels_friction>
							<p.spawns_enemies>0</p.spawns_enemies>
							<p.is_physical>1</p.is_physical>
							<p.is_static>1</p.is_static>
							<p.is_sensor>0</p.is_sensor>
							<p.ignores_physics_rotation>0</p.ignores_physics_rotation>
							<p.do_our_own_rotation>0</p.do_our_own_rotation>
							<p.use_angled_corners_collision_box>0</p.use_angled_corners_collision_box>
							<p.is_overlay>0</p.is_overlay>
							<p.is_player>0</p.is_player>
							<p.is_spring>0</p.is_spring>
							<p.is_collectable>0</p.is_collectable>
							<p.is_fan>0</p.is_fan>
							<p.is_door>0</p.is_door>
							<p.is_ring>0</p.is_ring>
							<p.is_ball>0</p.is_ball>
							<p.is_badguy>0</p.is_badguy>
						</properties>
					</Object>
				</item>
				<item class_id_reference="9" object_id="_98">
					<Object>
						<pos>
							<x>3.140000000e+02</x>
							<y>3.062000000e+03</y>
						</pos>
						<objectDefName>smallblock</objectDefName>
						<controller_num>0</controller_num>
						<properties>
							<p.feels_gravity>0</p.feels_gravity>
							<p.feels_user_input>0</p.feels_user_input>
							<p.feels_friction>0</p.feels_friction>
							<p.spawns_enemies>0</p.spawns_enemies>
							<p.is_physical>1</p.is_physical>
							<p.is_static>1</p.is_static>
							<p.is_sensor>0</p.is_sensor>
							<p.ignores_physics_rotation>0</p.ignores_physics_rotation>
							<p.do_our_own_rotation>0</p.do_our_own_rotation>
							<p.use_angled_corners_collision_box>0</p.use_angled_corners_collision_box>
							<p.is_overlay>0</p.is_overlay>
							<p.is_player>0</p.is_player>
							<p.is_spring>0</p.is_spring>
							<p.is_collectable>0</p.is_collectable>
							<p.is_fan>0</p.is_fan>
							<p.is_door>0</p.is_door>
							<p.is_ring>0</p.is_ring>
							<p.is_ball>0</p.is_ball>
							<p.is_badguy>0</p.is_badguy>
						</properties>
					</Object>
				</item>
				<item class_id_reference="9" object_id="_99">
					<Object>
						<pos>
							<x>3.740000000e+02</x>
							<y>3.062000000e+03</y>
						</pos>
						<objectDefName>smallblock</objectDefName>
						<controller_num>0</controller_num>
						<properties>
							<p.feels_gravity>0</p.feels_gravity>
							<p.feels_user_input>0</p.feels_user_input>
							<p.feels_friction>0</p.feels_friction>
							<p.spawns_enemies>0</p.spawns_enemies>
							<p.is_physical>1</p.is_physical>
							<p.is_static>1</p.is_static>
							<p.is_sensor>0</p.is_sensor>
							<p.ignores_physics_rotation>0</p.ignores_physics_rotation>
							<p.do_our_own_rotation>0</p.do_our_own_rotation>
							<p.use_angled_corners_collision_box>0</p.use_angled_corners_collision_box>
							<p.is_overlay>0</p.is_overlay>
							<p.is_player>0</p.is_player>
							<p.is_spring>0</p.is_spring>
							<p.is_collectable>0</p.is_collectable>
							<p.is_fan>0</p.is_fan>
							<p.is_door>0</p.is_door>
							<p.is_ring>0</p.is_ring>
							<p.is_ball>0</p.is_ball>
							<p.is_badguy>0</p.is_badguy>
						</properties>
					</Object>
				</item>
				<item class_id_reference="9" object_id="_100">
					<Object>
						<pos>
							<x>3.440000000e+02</x>
							<y>3.032000000e+03</y>
						</pos>
						<objectDefName>smallblock</objectDefName>
						<controller_num>0</controller_num>
						<properties>
							<p.feels_gravity>0</p.feels_gravity>
							<p.feels_user_input>0</p.feels_user_input>
							<p.feels_friction>0</p.feels_friction>
							<p.spawns_enemies>0</p.spawns_enemies>
							<p.is_physical>1</p.is_physical>
							<p.is_static>1</p.is_static>
							<p.is_sensor>0</p.is_sensor>
							<p.ignores_physics_rotation>0</p.ignores_physics_rotation>
							<p.do_our_own_rotation>0</p.do_our_own_rotation>
							<p.use_angled_corners_collision_box>0</p.use_angled_corners_collision_box>
							<p.is_overlay>0</p.is_overlay>
							<p.is_player>0</p.is_player>
							<p.is_spring>0</p.is_spring>
							<p.is_collectable>0</p.is_collectable>
							<p.is_fan>0</p.is_fan>
							<p.is_door>0</p.is_door>
							<p.is_ring>0</p.is_ring>
							<p.is_ball>0</p.is_ball>
							<p.is_badguy>0</p.is_badguy>
						</properties>
					</Object>
				</item>
				<item class_id_reference="9" object_id="_101">
					<Object>
						<pos>
							<x>3.440000000e+02</x>
							<y>3.062000000e+03</y>
						</pos>
						<objectDefName>smallblock</objectDefName>
						<controller_num>0</controller_num>
						<properties>
							<p.feels_gravity>0</p.feels_gravity>
							<p.feels_user_input>0</p.feels_user_input>
							<p.feels_friction>0</p.feels_friction>
							<p.spawns_enemies>0</p.spawns_enemies>
							<p.is_physical>1</p.is_physical>
							<p.is_static>1</p.is_static>
							<p.is_sensor>0</p.is_sensor>
							<p.ignores_physics_rotation>0</p.ignores_physics_rotation>
							<p.do_our_own_rotation>0</p.do_our_own_rotation>
							<p.use_angled_corners_collision_box>0</p.use_angled_corners_collision_box>
							<p.is_overlay>0</p.is_overlay>
							<p.is_player>0</p.is_player>
							<p.is_spring>0</p.is_spring>
							<p.is_collectable>0</p.is_collectable>
							<p.is_fan>0</p.is_fan>
							<p.is_door>0</p.is_door>
							<p.is_ring>0</p.is_ring>
							<p.is_ball>0</p.is_ball>
							<p.is_badguy>0</p.is_badguy>
						</properties>
					</Object>
				</item>
				<item class_id_reference="9" object_id="_102">
					<Object>
						<pos>
							<x>5.490000000e+02</x>
							<y>3.061000244e+03</y>
						</pos>
						<objectDefName>smallblock</objectDefName>
						<controller_num>0</controller_num>
						<properties>
							<p.feels_gravity>0</p.feels_gravity>
							<p.feels_user_input>0</p.feels_user_input>
							<p.feels_friction>0</p.feels_friction>
							<p.spawns_enemies>0</p.spawns_enemies>
							<p.is_physical>1</p.is_physical>
							<p.is_static>1</p.is_static>
							<p.is_sensor>0</p.is_sensor>
							<p.ignores_physics_rotation>0</p.ignores_physics_rotation>
							<p.do_our_own_rotation>0</p.do_our_own_rotation>
							<p.use_angled_corners_collision_box>0</p.use_angled_corners_collision_box>
							<p.is_overlay>0</p.is_overlay>
							<p.is_player>0</p.is_player>
							<p.is_spring>0</p.is_spring>
							<p.is_collectable>0</p.is_collectable>
							<p.is_fan>0</p.is_fan>
							<p.is_door>0</p.is_door>
							<p.is_ring>0</p.is_ring>
							<p.is_ball>0</p.is_ball>
							<p.is_badguy>0</p.is_badguy>
						</properties>
					</Object>
				</item>
				<item class_id_reference="9" object_id="_103">
					<Object>
						<pos>
							<x>5.200000000e+02</x>
							<y>3.061000244e+03</y>
						</pos>
						<objectDefName>smallblock</objectDefName>
						<controller_num>0</controller_num>
						<properties>
							<p.feels_gravity>0</p.feels_gravity>
							<p.feels_user_input>0</p.feels_user_input>
							<p.feels_friction>0</p.feels_friction>
							<p.spawns_enemies>0</p.spawns_enemies>
							<p.is_physical>1</p.is_physical>
							<p.is_static>1</p.is_static>
							<p.is_sensor>0</p.is_sensor>
							<p.ignores_physics_rotation>0</p.ignores_physics_rotation>
							<p.do_our_own_rotation>0</p.do_our_own_rotation>
							<p.use_angled_corners_collision_box>0</p.use_angled_corners_collision_box>
							<p.is_overlay>0</p.is_overlay>
							<p.is_player>0</p.is_player>
							<p.is_spring>0</p.is_spring>
							<p.is_collectable>0</p.is_collectable>
							<p.is_fan>0</p.is_fan>
							<p.is_door>0</p.is_door>
							<p.is_ring>0</p.is_ring>
							<p.is_ball>0</p.is_ball>
							<p.is_badguy>0</p.is_badguy>
						</properties>
					</Object>
				</item>
				<item class_id_reference="9" object_id="_104">
					<Object>
						<pos>
							<x>4.900000000e+02</x>
							<y>3.061000244e+03</y>
						</pos>
						<objectDefName>smallblock</objectDefName>
						<controller_num>0</controller_num>
						<properties>
							<p.feels_gravity>0</p.feels_gravity>
							<p.feels_user_input>0</p.feels_user_input>
							<p.feels_friction>0</p.feels_friction>
							<p.spawns_enemies>0</p.spawns_enemies>
							<p.is_physical>1</p.is_physical>
							<p.is_static>1</p.is_static>
							<p.is_sensor>0</p.is_sensor>
							<p.ignores_physics_rotation>0</p.ignores_physics_rotation>
							<p.do_our_own_rotation>0</p.do_our_own_rotation>
							<p.use_angled_corners_collision_box>0</p.use_angled_corners_collision_box>
							<p.is_overlay>0</p.is_overlay>
							<p.is_player>0</p.is_player>
							<p.is_spring>0</p.is_spring>
							<p.is_collectable>0</p.is_collectable>
							<p.is_fan>0</p.is_fan>
							<p.is_door>0</p.is_door>
							<p.is_ring>0</p.is_ring>
							<p.is_ball>0</p.is_ball>
							<p.is_badguy>0</p.is_badguy>
						</properties>
					</Object>
				</item>
				<item class_id="11" class_name="FanObject" tracking_level="1" version="0" object_id="_105">
					<Object>
						<pos>
							<x>7.670000000e+02</x>
							<y>3.621000000e+03</y>
						</pos>
						<objectDefName>fan</objectDefName>
						<controller_num>0</controller_num>
						<properties>
							<p.feels_gravity>0</p.feels_gravity>
							<p.feels_user_input>0</p.feels_user_input>
							<p.feels_friction>0</p.feels_friction>
							<p.spawns_enemies>0</p.spawns_enemies>
							<p.is_physical>1</p.is_physical>
							<p.is_static>1</p.is_static>
							<p.is_sensor>1</p.is_sensor>
							<p.ignores_physics_rotation>0</p.ignores_physics_rotation>
							<p.do_our_own_rotation>1</p.do_our_own_rotation>
							<p.use_angled_corners_collision_box>0</p.use_angled_corners_collision_box>
							<p.is_overlay>0</p.is_overlay>
							<p.is_player>0</p.is_player>
							<p.is_spring>0</p.is_spring>
							<p.is_collectable>0</p.is_collectable>
							<p.is_fan>1</p.is_fan>
							<p.is_door>0</p.is_door>
							<p.is_ring>0</p.is_ring>
							<p.is_ball>0</p.is_ball>
							<p.is_badguy>0</p.is_badguy>
						</properties>
					</Object>
				</item>
				<item class_id="12" class_name="CollectableObject" tracking_level="1" version="0" object_id="_106">
					<Object>
						<pos>
							<x>5.280000610e+02</x>
							<y>3.197000000e+03</y>
						</pos>
						<objectDefName>ring</objectDefName>
						<controller_num>0</controller_num>
						<properties>
							<p.feels_gravity>0</p.feels_gravity>
							<p.feels_user_input>0</p.feels_user_input>
							<p.feels_friction>0</p.feels_friction>
							<p.spawns_enemies>0</p.spawns_enemies>
							<p.is_physical>1</p.is_physical>
							<p.is_static>1</p.is_static>
							<p.is_sensor>1</p.is_sensor>
							<p.ignores_physics_rotation>0</p.ignores_physics_rotation>
							<p.do_our_own_rotation>0</p.do_our_own_rotation>
							<p.use_angled_corners_collision_box>0</p.use_angled_corners_collision_box>
							<p.is_overlay>0</p.is_overlay>
							<p.is_player>0</p.is_player>
							<p.is_spring>0</p.is_spring>
							<p.is_collectable>1</p.is_collectable>
							<p.is_fan>0</p.is_fan>
							<p.is_door>0</p.is_door>
							<p.is_ring>1</p.is_ring>
							<p.is_ball>0</p.is_ball>
							<p.is_badguy>0</p.is_badguy>
						</properties>
					</Object>
				</item>
				<item class_id_reference="12" object_id="_107">
					<Object>
						<pos>
							<x>5.420000000e+02</x>
							<y>3.330000000e+03</y>
						</pos>
						<objectDefName>ring</objectDefName>
						<controller_num>0</controller_num>
						<properties>
							<p.feels_gravity>0</p.feels_gravity>
							<p.feels_user_input>0</p.feels_user_input>
							<p.feels_friction>0</p.feels_friction>
							<p.spawns_enemies>0</p.spawns_enemies>
							<p.is_physical>1</p.is_physical>
							<p.is_static>1</p.is_static>
							<p.is_sensor>1</p.is_sensor>
							<p.ignores_physics_rotation>0</p.ignores_physics_rotation>
							<p.do_our_own_rotation>0</p.do_our_own_rotation>
							<p.use_angled_corners_collision_box>0</p.use_angled_corners_collision_box>
							<p.is_overlay>0</p.is_overlay>
							<p.is_player>0</p.is_player>
							<p.is_spring>0</p.is_spring>
							<p.is_collectable>1</p.is_collectable>
							<p.is_fan>0</p.is_fan>
							<p.is_door>0</p.is_door>
							<p.is_ring>1</p.is_ring>
							<p.is_ball>0</p.is_ball>
							<p.is_badguy>0</p.is_badguy>
						</properties>
					</Object>
				</item>
				<item class_id_reference="12" object_id="_108">
					<Object>
						<pos>
							<x>5.660000000e+02</x>
							<y>3.427000000e+03</y>
						</pos>
						<objectDefName>ring</objectDefName>
						<controller_num>0</controller_num>
						<properties>
							<p.feels_gravity>0</p.feels_gravity>
							<p.feels_user_input>0</p.feels_user_input>
							<p.feels_friction>0</p.feels_friction>
							<p.spawns_enemies>0</p.spawns_enemies>
							<p.is_physical>1</p.is_physical>
							<p.is_static>1</p.is_static>
							<p.is_sensor>1</p.is_sensor>
							<p.ignores_physics_rotation>0</p.ignores_physics_rotation>
							<p.do_our_own_rotation>0</p.do_our_own_rotation>
							<p.use_angled_corners_collision_box>0</p.use_angled_corners_collision_box>
							<p.is_overlay>0</p.is_overlay>
							<p.is_player>0</p.is_player>
							<p.is_spring>0</p.is_spring>
							<p.is_collectable>1</p.is_collectable>
							<p.is_fan>0</p.is_fan>
							<p.is_door>0</p.is_door>
							<p.is_ring>1</p.is_ring>
							<p.is_ball>0</p.is_ball>
							<p.is_badguy>0</p.is_badguy>
						</properties>
					</Object>
				</item>
				<item class_id_reference="12" object_id="_109">
					<Object>
						<pos>
							<x>6.130000000e+02</x>
							<y>3.509000000e+03</y>
						</pos>
						<objectDefName>ring</objectDefName>
						<controller_num>0</controller_num>
						<properties>
							<p.feels_gravity>0</p.feels_gravity>
							<p.feels_user_input>0</p.feels_user_input>
							<p.feels_friction>0</p.feels_friction>
							<p.spawns_enemies>0</p.spawns_enemies>
							<p.is_physical>1</p.is_physical>
							<p.is_static>1</p.is_static>
							<p.is_sensor>1</p.is_sensor>
							<p.ignores_physics_rotation>0</p.ignores_physics_rotation>
							<p.do_our_own_rotation>0</p.do_our_own_rotation>
							<p.use_angled_corners_collision_box>0</p.use_angled_corners_collision_box>
							<p.is_overlay>0</p.is_overlay>
							<p.is_player>0</p.is_player>
							<p.is_spring>0</p.is_spring>
							<p.is_collectable>1</p.is_collectable>
							<p.is_fan>0</p.is_fan>
							<p.is_door>0</p.is_door>
							<p.is_ring>1</p.is_ring>
							<p.is_ball>0</p.is_ball>
							<p.is_badguy>0</p.is_badguy>
						</properties>
					</Object>
				</item>
				<item class_id_reference="12" object_id="_110">
					<Object>
						<pos>
							<x>6.650000000e+02</x>
							<y>3.569000000e+03</y>
						</pos>
						<objectDefName>ring</objectDefName>
						<controller_num>0</controller_num>
						<properties>
							<p.feels_gravity>0</p.feels_gravity>
							<p.feels_user_input>0</p.feels_user_input>
							<p.feels_friction>0</p.feels_friction>
							<p.spawns_enemies>0</p.spawns_enemies>
							<p.is_physical>1</p.is_physical>
							<p.is_static>1</p.is_static>
							<p.is_sensor>1</p.is_sensor>
							<p.ignores_physics_rotation>0</p.ignores_physics_rotation>
							<p.do_our_own_rotation>0</p.do_our_own_rotation>
							<p.use_angled_corners_collision_box>0</p.use_angled_corners_collision_box>
							<p.is_overlay>0</p.is_overlay>
							<p.is_player>0</p.is_player>
							<p.is_spring>0</p.is_spring>
							<p.is_collectable>1</p.is_collectable>
							<p.is_fan>0</p.is_fan>
							<p.is_door>0</p.is_door>
							<p.is_ring>1</p.is_ring>
							<p.is_ball>0</p.is_ball>
							<p.is_badguy>0</p.is_badguy>
						</properties>
					</Object>
				</item>
				<item class_id_reference="12" object_id="_111">
					<Object>
						<pos>
							<x>7.170000000e+02</x>
							<y>3.594000244e+03</y>
						</pos>
						<objectDefName>ring</objectDefName>
						<controller_num>0</controller_num>
						<properties>
							<p.feels_gravity>0</p.feels_gravity>
							<p.feels_user_input>0</p.feels_user_input>
							<p.feels_friction>0</p.feels_friction>
							<p.spawns_enemies>0</p.spawns_enemies>
							<p.is_physical>1</p.is_physical>
							<p.is_static>1</p.is_static>
							<p.is_sensor>1</p.is_sensor>
							<p.ignores_physics_rotation>0</p.ignores_physics_rotation>
							<p.do_our_own_rotation>0</p.do_our_own_rotation>
							<p.use_angled_corners_collision_box>0</p.use_angled_corners_collision_box>
							<p.is_overlay>0</p.is_overlay>
							<p.is_player>0</p.is_player>
							<p.is_spring>0</p.is_spring>
							<p.is_collectable>1</p.is_collectable>
							<p.is_fan>0</p.is_fan>
							<p.is_door>0</p.is_door>
							<p.is_ring>1</p.is_ring>
							<p.is_ball>0</p.is_ball>
							<p.is_badguy>0</p.is_badguy>
						</properties>
					</Object>
				</item>
				<item class_id_reference="12" object_id="_112">
					<Object>
						<pos>
							<x>7.700000000e+02</x>
							<y>3.594000244e+03</y>
						</pos>
						<objectDefName>ring</objectDefName>
						<controller_num>0</controller_num>
						<properties>
							<p.feels_gravity>0</p.feels_gravity>
							<p.feels_user_input>0</p.feels_user_input>
							<p.feels_friction>0</p.feels_friction>
							<p.spawns_enemies>0</p.spawns_enemies>
							<p.is_physical>1</p.is_physical>
							<p.is_static>1</p.is_static>
							<p.is_sensor>1</p.is_sensor>
							<p.ignores_physics_rotation>0</p.ignores_physics_rotation>
							<p.do_our_own_rotation>0</p.do_our_own_rotation>
							<p.use_angled_corners_collision_box>0</p.use_angled_corners_collision_box>
							<p.is_overlay>0</p.is_overlay>
							<p.is_player>0</p.is_player>
							<p.is_spring>0</p.is_spring>
							<p.is_collectable>1</p.is_collectable>
							<p.is_fan>0</p.is_fan>
							<p.is_door>0</p.is_door>
							<p.is_ring>1</p.is_ring>
							<p.is_ball>0</p.is_ball>
							<p.is_badguy>0</p.is_badguy>
						</properties>
					</Object>
				</item>
				<item class_id_reference="12" object_id="_113">
					<Object>
						<pos>
							<x>2.217999756e+03</x>
							<y>6.590000000e+02</y>
						</pos>
						<objectDefName>ring</objectDefName>
						<controller_num>0</controller_num>
						<properties>
							<p.feels_gravity>0</p.feels_gravity>
							<p.feels_user_input>0</p.feels_user_input>
							<p.feels_friction>0</p.feels_friction>
							<p.spawns_enemies>0</p.spawns_enemies>
							<p.is_physical>1</p.is_physical>
							<p.is_static>1</p.is_static>
							<p.is_sensor>1</p.is_sensor>
							<p.ignores_physics_rotation>0</p.ignores_physics_rotation>
							<p.do_our_own_rotation>0</p.do_our_own_rotation>
							<p.use_angled_corners_collision_box>0</p.use_angled_corners_collision_box>
							<p.is_overlay>0</p.is_overlay>
							<p.is_player>0</p.is_player>
							<p.is_spring>0</p.is_spring>
							<p.is_collectable>1</p.is_collectable>
							<p.is_fan>0</p.is_fan>
							<p.is_door>0</p.is_door>
							<p.is_ring>1</p.is_ring>
							<p.is_ball>0</p.is_ball>
							<p.is_badguy>0</p.is_badguy>
						</properties>
					</Object>
				</item>
				<item class_id_reference="12" object_id="_114">
					<Object>
						<pos>
							<x>2.217000000e+03</x>
							<y>5.920000000e+02</y>
						</pos>
						<objectDefName>ring</objectDefName>
						<controller_num>0</controller_num>
						<properties>
							<p.feels_gravity>0</p.feels_gravity>
							<p.feels_user_input>0</p.feels_user_input>
							<p.feels_friction>0</p.feels_friction>
							<p.spawns_enemies>0</p.spawns_enemies>
							<p.is_physical>1</p.is_physical>
							<p.is_static>1</p.is_static>
							<p.is_sensor>1</p.is_sensor>
							<p.ignores_physics_rotation>0</p.ignores_physics_rotation>
							<p.do_our_own_rotation>0</p.do_our_own_rotation>
							<p.use_angled_corners_collision_box>0</p.use_angled_corners_collision_box>
							<p.is_overlay>0</p.is_overlay>
							<p.is_player>0</p.is_player>
							<p.is_spring>0</p.is_spring>
							<p.is_collectable>1</p.is_collectable>
							<p.is_fan>0</p.is_fan>
							<p.is_door>0</p.is_door>
							<p.is_ring>1</p.is_ring>
							<p.is_ball>0</p.is_ball>
							<p.is_badguy>0</p.is_badguy>
						</properties>
					</Object>
				</item>
				<item class_id_reference="12" object_id="_115">
					<Object>
						<pos>
							<x>2.217000000e+03</x>
							<y>5.220000610e+02</y>
						</pos>
						<objectDefName>ring</objectDefName>
						<controller_num>0</controller_num>
						<properties>
							<p.feels_gravity>0</p.feels_gravity>
							<p.feels_user_input>0</p.feels_user_input>
							<p.feels_friction>0</p.feels_friction>
							<p.spawns_enemies>0</p.spawns_enemies>
							<p.is_physical>1</p.is_physical>
							<p.is_static>1</p.is_static>
							<p.is_sensor>1</p.is_sensor>
							<p.ignores_physics_rotation>0</p.ignores_physics_rotation>
							<p.do_our_own_rotation>0</p.do_our_own_rotation>
							<p.use_angled_corners_collision_box>0</p.use_angled_corners_collision_box>
							<p.is_overlay>0</p.is_overlay>
							<p.is_player>0</p.is_player>
							<p.is_spring>0</p.is_spring>
							<p.is_collectable>1</p.is_collectable>
							<p.is_fan>0</p.is_fan>
							<p.is_door>0</p.is_door>
							<p.is_ring>1</p.is_ring>
							<p.is_ball>0</p.is_ball>
							<p.is_badguy>0</p.is_badguy>
						</properties>
					</Object>
				</item>
				<item class_id_reference="12" object_id="_116">
					<Object>
						<pos>
							<x>1.409000000e+03</x>
							<y>3.412000000e+03</y>
						</pos>
						<objectDefName>ring</objectDefName>
						<controller_num>0</controller_num>
						<properties>
							<p.feels_gravity>0</p.feels_gravity>
							<p.feels_user_input>0</p.feels_user_input>
							<p.feels_friction>0</p.feels_friction>
							<p.spawns_enemies>0</p.spawns_enemies>
							<p.is_physical>1</p.is_physical>
							<p.is_static>1</p.is_static>
							<p.is_sensor>1</p.is_sensor>
							<p.ignores_physics_rotation>0</p.ignores_physics_rotation>
							<p.do_our_own_rotation>0</p.do_our_own_rotation>
							<p.use_angled_corners_collision_box>0</p.use_angled_corners_collision_box>
							<p.is_overlay>0</p.is_overlay>
							<p.is_player>0</p.is_player>
							<p.is_spring>0</p.is_spring>
							<p.is_collectable>1</p.is_collectable>
							<p.is_fan>0</p.is_fan>
							<p.is_door>0</p.is_door>
							<p.is_ring>1</p.is_ring>
							<p.is_ball>0</p.is_ball>
							<p.is_badguy>0</p.is_badguy>
						</properties>
					</Object>
				</item>
				<item class_id_reference="12" object_id="_117">
					<Object>
						<pos>
							<x>1.380000000e+03</x>
							<y>3.412000000e+03</y>
						</pos>
						<objectDefName>ring</objectDefName>
						<controller_num>0</controller_num>
						<properties>
							<p.feels_gravity>0</p.feels_gravity>
							<p.feels_user_input>0</p.feels_user_input>
							<p.feels_friction>0</p.feels_friction>
							<p.spawns_enemies>0</p.spawns_enemies>
							<p.is_physical>1</p.is_physical>
							<p.is_static>1</p.is_static>
							<p.is_sensor>1</p.is_sensor>
							<p.ignores_physics_rotation>0</p.ignores_physics_rotation>
							<p.do_our_own_rotation>0</p.do_our_own_rotation>
							<p.use_angled_corners_collision_box>0</p.use_angled_corners_collision_box>
							<p.is_overlay>0</p.is_overlay>
							<p.is_player>0</p.is_player>
							<p.is_spring>0</p.is_spring>
							<p.is_collectable>1</p.is_collectable>
							<p.is_fan>0</p.is_fan>
							<p.is_door>0</p.is_door>
							<p.is_ring>1</p.is_ring>
							<p.is_ball>0</p.is_ball>
							<p.is_badguy>0</p.is_badguy>
						</properties>
					</Object>
				</item>
				<item class_id_reference="12" object_id="_118">
					<Object>
						<pos>
							<x>1.254000000e+03</x>
							<y>3.413000000e+03</y>
						</pos>
						<objectDefName>ring</objectDefName>
						<controller_num>0</controller_num>
						<properties>
							<p.feels_gravity>0</p.feels_gravity>
							<p.feels_user_input>0</p.feels_user_input>
							<p.feels_friction>0</p.feels_friction>
							<p.spawns_enemies>0</p.spawns_enemies>
							<p.is_physical>1</p.is_physical>
							<p.is_static>1</p.is_static>
							<p.is_sensor>1</p.is_sensor>
							<p.ignores_physics_rotation>0</p.ignores_physics_rotation>
							<p.do_our_own_rotation>0</p.do_our_own_rotation>
							<p.use_angled_corners_collision_box>0</p.use_angled_corners_collision_box>
							<p.is_overlay>0</p.is_overlay>
							<p.is_player>0</p.is_player>
							<p.is_spring>0</p.is_spring>
							<p.is_collectable>1</p.is_collectable>
							<p.is_fan>0</p.is_fan>
							<p.is_door>0</p.is_door>
							<p.is_ring>1</p.is_ring>
							<p.is_ball>0</p.is_ball>
							<p.is_badguy>0</p.is_badguy>
						</properties>
					</Object>
				</item>
				<item class_id_reference="12" object_id="_119">
					<Object>
						<pos>
							<x>1.222000000e+03</x>
							<y>3.413000000e+03</y>
						</pos>
						<objectDefName>ring</objectDefName>
						<controller_num>0</controller_num>
						<properties>
							<p.feels_gravity>0</p.feels_gravity>
							<p.feels_user_input>0</p.feels_user_input>
							<p.feels_friction>0</p.feels_friction>
							<p.spawns_enemies>0</p.spawns_enemies>
							<p.is_physical>1</p.is_physical>
							<p.is_static>1</p.is_static>
							<p.is_sensor>1</p.is_sensor>
							<p.ignores_physics_rotation>0</p.ignores_physics_rotation>
							<p.do_our_own_rotation>0</p.do_our_own_rotation>
							<p.use_angled_corners_collision_box>0</p.use_angled_corners_collision_box>
							<p.is_overlay>0</p.is_overlay>
							<p.is_player>0</p.is_player>
							<p.is_spring>0</p.is_spring>
							<p.is_collectable>1</p.is_collectable>
							<p.is_fan>0</p.is_fan>
							<p.is_door>0</p.is_door>
							<p.is_ring>1</p.is_ring>
							<p.is_ball>0</p.is_ball>
							<p.is_badguy>0</p.is_badguy>
						</properties>
					</Object>
				</item>
				<item class_id_reference="9" object_id="_120">
					<Object>
						<pos>
							<x>7.710000000e+02</x>
							<y>3.518000244e+03</y>
						</pos>
						<objectDefName>greenblock</objectDefName>
						<controller_num>0</controller_num>
						<properties>
							<p.feels_gravity>0</p.feels_gravity>
							<p.feels_user_input>0</p.feels_user_input>
							<p.feels_friction>0</p.feels_friction>
							<p.spawns_enemies>0</p.spawns_enemies>
							<p.is_physical>1</p.is_physical>
							<p.is_static>1</p.is_static>
							<p.is_sensor>0</p.is_sensor>
							<p.ignores_physics_rotation>0</p.ignores_physics_rotation>
							<p.do_our_own_rotation>0</p.do_our_own_rotation>
							<p.use_angled_corners_collision_box>0</p.use_angled_corners_collision_box>
							<p.is_overlay>0</p.is_overlay>
							<p.is_player>0</p.is_player>
							<p.is_spring>0</p.is_spring>
							<p.is_collectable>0</p.is_collectable>
							<p.is_fan>0</p.is_fan>
							<p.is_door>0</p.is_door>
							<p.is_ring>0</p.is_ring>
							<p.is_ball>0</p.is_ball>
							<p.is_badguy>0</p.is_badguy>
						</properties>
					</Object>
				</item>
				<item class_id_reference="9" object_id="_121">
					<Object>
						<pos>
							<x>7.210000000e+02</x>
							<y>3.518000244e+03</y>
						</pos>
						<objectDefName>greenblock</objectDefName>
						<controller_num>0</controller_num>
						<properties>
							<p.feels_gravity>0</p.feels_gravity>
							<p.feels_user_input>0</p.feels_user_input>
							<p.feels_friction>0</p.feels_friction>
							<p.spawns_enemies>0</p.spawns_enemies>
							<p.is_physical>1</p.is_physical>
							<p.is_static>1</p.is_static>
							<p.is_sensor>0</p.is_sensor>
							<p.ignores_physics_rotation>0</p.ignores_physics_rotation>
							<p.do_our_own_rotation>0</p.do_our_own_rotation>
							<p.use_angled_corners_collision_box>0</p.use_angled_corners_collision_box>
							<p.is_overlay>0</p.is_overlay>
							<p.is_player>0</p.is_player>
							<p.is_spring>0</p.is_spring>
							<p.is_collectable>0</p.is_collectable>
							<p.is_fan>0</p.is_fan>
							<p.is_door>0</p.is_door>
							<p.is_ring>0</p.is_ring>
							<p.is_ball>0</p.is_ball>
							<p.is_badguy>0</p.is_badguy>
						</properties>
					</Object>
				</item>
				<item class_id_reference="9" object_id="_122">
					<Object>
						<pos>
							<x>6.810000000e+02</x>
							<y>3.468000000e+03</y>
						</pos>
						<objectDefName>greenblock</objectDefName>
						<controller_num>0</controller_num>
						<properties>
							<p.feels_gravity>0</p.feels_gravity>
							<p.feels_user_input>0</p.feels_user_input>
							<p.feels_friction>0</p.feels_friction>
							<p.spawns_enemies>0</p.spawns_enemies>
							<p.is_physical>1</p.is_physical>
							<p.is_static>1</p.is_static>
							<p.is_sensor>0</p.is_sensor>
							<p.ignores_physics_rotation>0</p.ignores_physics_rotation>
							<p.do_our_own_rotation>0</p.do_our_own_rotation>
							<p.use_angled_corners_collision_box>0</p.use_angled_corners_collision_box>
							<p.is_overlay>0</p.is_overlay>
							<p.is_player>0</p.is_player>
							<p.is_spring>0</p.is_spring>
							<p.is_collectable>0</p.is_collectable>
							<p.is_fan>0</p.is_fan>
							<p.is_door>0</p.is_door>
							<p.is_ring>0</p.is_ring>
							<p.is_ball>0</p.is_ball>
							<p.is_badguy>0</p.is_badguy>
						</properties>
					</Object>
				</item>
				<item class_id_reference="9" object_id="_123">
					<Object>
						<pos>
							<x>7.290000000e+02</x>
							<y>3.497999756e+03</y>
						</pos>
						<objectDefName>block3</objectDefName>
						<controller_num>0</controller_num>
						<properties>
							<p.feels_gravity>0</p.feels_gravity>
							<p.feels_user_input>0</p.feels_user_input>
							<p.feels_friction>0</p.feels_friction>
							<p.spawns_enemies>0</p.spawns_enemies>
							<p.is_physical>1</p.is_physical>
							<p.is_static>1</p.is_static>
							<p.is_sensor>0</p.is_sensor>
							<p.ignores_physics_rotation>0</p.ignores_physics_rotation>
							<p.do_our_own_rotation>0</p.do_our_own_rotation>
							<p.use_angled_corners_collision_box>0</p.use_angled_corners_collision_box>
							<p.is_overlay>0</p.is_overlay>
							<p.is_player>0</p.is_player>
							<p.is_spring>0</p.is_spring>
							<p.is_collectable>0</p.is_collectable>
							<p.is_fan>0</p.is_fan>
							<p.is_door>0</p.is_door>
							<p.is_ring>0</p.is_ring>
							<p.is_ball>0</p.is_ball>
							<p.is_badguy>0</p.is_badguy>
						</properties>
					</Object>
				</item>
				<item class_id_reference="9" object_id="_124">
					<Object>
						<pos>
							<x>9.289998779e+02</x>
							<y>3.497999756e+03</y>
						</pos>
						<objectDefName>block3</objectDefName>
						<controller_num>0</controller_num>
						<properties>
							<p.feels_gravity>0</p.feels_gravity>
							<p.feels_user_input>0</p.feels_user_input>
							<p.feels_friction>0</p.feels_friction>
							<p.spawns_enemies>0</p.spawns_enemies>
							<p.is_physical>1</p.is_physical>
							<p.is_static>1</p.is_static>
							<p.is_sensor>0</p.is_sensor>
							<p.ignores_physics_rotation>0</p.ignores_physics_rotation>
							<p.do_our_own_rotation>0</p.do_our_own_rotation>
							<p.use_angled_corners_collision_box>0</p.use_angled_corners_collision_box>
							<p.is_overlay>0</p.is_overlay>
							<p.is_player>0</p.is_player>
							<p.is_spring>0</p.is_spring>
							<p.is_collectable>0</p.is_collectable>
							<p.is_fan>0</p.is_fan>
							<p.is_door>0</p.is_door>
							<p.is_ring>0</p.is_ring>
							<p.is_ball>0</p.is_ball>
							<p.is_badguy>0</p.is_badguy>
						</properties>
					</Object>
				</item>
				<item class_id_reference="9" object_id="_125">
					<Object>
						<pos>
							<x>1.158000000e+03</x>
							<y>3.488000000e+03</y>
						</pos>
						<objectDefName>smallblock</objectDefName>
						<controller_num>0</controller_num>
						<properties>
							<p.feels_gravity>0</p.feels_gravity>
							<p.feels_user_input>0</p.feels_user_input>
							<p.feels_friction>0</p.feels_friction>
							<p.spawns_enemies>0</p.spawns_enemies>
							<p.is_physical>1</p.is_physical>
							<p.is_static>1</p.is_static>
							<p.is_sensor>0</p.is_sensor>
							<p.ignores_physics_rotation>0</p.ignores_physics_rotation>
							<p.do_our_own_rotation>0</p.do_our_own_rotation>
							<p.use_angled_corners_collision_box>0</p.use_angled_corners_collision_box>
							<p.is_overlay>0</p.is_overlay>
							<p.is_player>0</p.is_player>
							<p.is_spring>0</p.is_spring>
							<p.is_collectable>0</p.is_collectable>
							<p.is_fan>0</p.is_fan>
							<p.is_door>0</p.is_door>
							<p.is_ring>0</p.is_ring>
							<p.is_ball>0</p.is_ball>
							<p.is_badguy>0</p.is_badguy>
						</properties>
					</Object>
				</item>
				<item class_id_reference="9" object_id="_126">
					<Object>
						<pos>
							<x>1.129000000e+03</x>
							<y>3.488000000e+03</y>
						</pos>
						<objectDefName>smallblock</objectDefName>
						<controller_num>0</controller_num>
						<properties>
							<p.feels_gravity>0</p.feels_gravity>
							<p.feels_user_input>0</p.feels_user_input>
							<p.feels_friction>0</p.feels_friction>
							<p.spawns_enemies>0</p.spawns_enemies>
							<p.is_physical>1</p.is_physical>
							<p.is_static>1</p.is_static>
							<p.is_sensor>0</p.is_sensor>
							<p.ignores_physics_rotation>0</p.ignores_physics_rotation>
							<p.do_our_own_rotation>0</p.do_our_own_rotation>
							<p.use_angled_corners_collision_box>0</p.use_angled_corners_collision_box>
							<p.is_overlay>0</p.is_overlay>
							<p.is_player>0</p.is_player>
							<p.is_spring>0</p.is_spring>
							<p.is_collectable>0</p.is_collectable>
							<p.is_fan>0</p.is_fan>
							<p.is_door>0</p.is_door>
							<p.is_ring>0</p.is_ring>
							<p.is_ball>0</p.is_ball>
							<p.is_badguy>0</p.is_badguy>
						</properties>
					</Object>
				</item>
				<item class_id_reference="9" object_id="_127">
					<Object>
						<pos>
							<x>1.050000000e+03</x>
							<y>3.405000000e+03</y>
						</pos>
						<objectDefName>smallblock</objectDefName>
						<controller_num>0</controller_num>
						<properties>
							<p.feels_gravity>0</p.feels_gravity>
							<p.feels_user_input>0</p.feels_user_input>
							<p.feels_friction>0</p.feels_friction>
							<p.spawns_enemies>0</p.spawns_enemies>
							<p.is_physical>1</p.is_physical>
							<p.is_static>1</p.is_static>
							<p.is_sensor>0</p.is_sensor>
							<p.ignores_physics_rotation>0</p.ignores_physics_rotation>
							<p.do_our_own_rotation>0</p.do_our_own_rotation>
							<p.use_angled_corners_collision_box>0</p.use_angled_corners_collision_box>
							<p.is_overlay>0</p.is_overlay>
							<p.is_player>0</p.is_player>
							<p.is_spring>0</p.is_spring>
							<p.is_collectable>0</p.is_collectable>
							<p.is_fan>0</p.is_fan>
							<p.is_door>0</p.is_door>
							<p.is_ring>0</p.is_ring>
							<p.is_ball>0</p.is_ball>
							<p.is_badguy>0</p.is_badguy>
						</properties>
					</Object>
				</item>
				<item class_id_reference="9" object_id="_128">
					<Object>
						<pos>
							<x>1.050000000e+03</x>
							<y>3.376000244e+03</y>
						</pos>
						<objectDefName>smallblock</objectDefName>
						<controller_num>0</controller_num>
						<properties>
							<p.feels_gravity>0</p.feels_gravity>
							<p.feels_user_input>0</p.feels_user_input>
							<p.feels_friction>0</p.feels_friction>
							<p.spawns_enemies>0</p.spawns_enemies>
							<p.is_physical>1</p.is_physical>
							<p.is_static>1</p.is_static>
							<p.is_sensor>0</p.is_sensor>
							<p.ignores_physics_rotation>0</p.ignores_physics_rotation>
							<p.do_our_own_rotation>0</p.do_our_own_rotation>
							<p.use_angled_corners_collision_box>0</p.use_angled_corners_collision_box>
							<p.is_overlay>0</p.is_overlay>
							<p.is_player>0</p.is_player>
							<p.is_spring>0</p.is_spring>
							<p.is_collectable>0</p.is_collectable>
							<p.is_fan>0</p.is_fan>
							<p.is_door>0</p.is_door>
							<p.is_ring>0</p.is_ring>
							<p.is_ball>0</p.is_ball>
							<p.is_badguy>0</p.is_badguy>
						</properties>
					</Object>
				</item>
				<item class_id_reference="9" object_id="_129">
					<Object>
						<pos>
							<x>1.049000000e+03</x>
							<y>3.317000244e+03</y>
						</pos>
						<objectDefName>smallblock</objectDefName>
						<controller_num>0</controller_num>
						<properties>
							<p.feels_gravity>0</p.feels_gravity>
							<p.feels_user_input>0</p.feels_user_input>
							<p.feels_friction>0</p.feels_friction>
							<p.spawns_enemies>0</p.spawns_enemies>
							<p.is_physical>1</p.is_physical>
							<p.is_static>1</p.is_static>
							<p.is_sensor>0</p.is_sensor>
							<p.ignores_physics_rotation>0</p.ignores_physics_rotation>
							<p.do_our_own_rotation>0</p.do_our_own_rotation>
							<p.use_angled_corners_collision_box>0</p.use_angled_corners_collision_box>
							<p.is_overlay>0</p.is_overlay>
							<p.is_player>0</p.is_player>
							<p.is_spring>0</p.is_spring>
							<p.is_collectable>0</p.is_collectable>
							<p.is_fan>0</p.is_fan>
							<p.is_door>0</p.is_door>
							<p.is_ring>0</p.is_ring>
							<p.is_ball>0</p.is_ball>
							<p.is_badguy>0</p.is_badguy>
						</properties>
					</Object>
				</item>
				<item class_id_reference="9" object_id="_130">
					<Object>
						<pos>
							<x>1.050000000e+03</x>
							<y>3.347000000e+03</y>
						</pos>
						<objectDefName>smallblock</objectDefName>
						<controller_num>0</controller_num>
						<properties>
							<p.feels_gravity>0</p.feels_gravity>
							<p.feels_user_input>0</p.feels_user_input>
							<p.feels_friction>0</p.feels_friction>
							<p.spawns_enemies>0</p.spawns_enemies>
							<p.is_physical>1</p.is_physical>
							<p.is_static>1</p.is_static>
							<p.is_sensor>0</p.is_sensor>
							<p.ignores_physics_rotation>0</p.ignores_physics_rotation>
							<p.do_our_own_rotation>0</p.do_our_own_rotation>
							<p.use_angled_corners_collision_box>0</p.use_angled_corners_collision_box>
							<p.is_overlay>0</p.is_overlay>
							<p.is_player>0</p.is_player>
							<p.is_spring>0</p.is_spring>
							<p.is_collectable>0</p.is_collectable>
							<p.is_fan>0</p.is_fan>
							<p.is_door>0</p.is_door>
							<p.is_ring>0</p.is_ring>
							<p.is_ball>0</p.is_ball>
							<p.is_badguy>0</p.is_badguy>
						</properties>
					</Object>
				</item>
				<item class_id_reference="9" object_id="_131">
					<Object>
						<pos>
							<x>1.079000000e+03</x>
							<y>3.317000244e+03</y>
						</pos>
						<objectDefName>smallblock</objectDefName>
						<controller_num>0</controller_num>
						<properties>
							<p.feels_gravity>0</p.feels_gravity>
							<p.feels_user_input>0</p.feels_user_input>
							<p.feels_friction>0</p.feels_friction>
							<p.spawns_enemies>0</p.spawns_enemies>
							<p.is_physical>1</p.is_physical>
							<p.is_static>1</p.is_static>
							<p.is_sensor>0</p.is_sensor>
							<p.ignores_physics_rotation>0</p.ignores_physics_rotation>
							<p.do_our_own_rotation>0</p.do_our_own_rotation>
							<p.use_angled_corners_collision_box>0</p.use_angled_corners_collision_box>
							<p.is_overlay>0</p.is_overlay>
							<p.is_player>0</p.is_player>
							<p.is_spring>0</p.is_spring>
							<p.is_collectable>0</p.is_collectable>
							<p.is_fan>0</p.is_fan>
							<p.is_door>0</p.is_door>
							<p.is_ring>0</p.is_ring>
							<p.is_ball>0</p.is_ball>
							<p.is_badguy>0</p.is_badguy>
						</properties>
					</Object>
				</item>
				<item class_id_reference="9" object_id="_132">
					<Object>
						<pos>
							<x>1.218000122e+03</x>
							<y>3.317000244e+03</y>
						</pos>
						<objectDefName>smallblock</objectDefName>
						<controller_num>0</controller_num>
						<properties>
							<p.feels_gravity>0</p.feels_gravity>
							<p.feels_user_input>0</p.feels_user_input>
							<p.feels_friction>0</p.feels_friction>
							<p.spawns_enemies>0</p.spawns_enemies>
							<p.is_physical>1</p.is_physical>
							<p.is_static>1</p.is_static>
							<p.is_sensor>0</p.is_sensor>
							<p.ignores_physics_rotation>0</p.ignores_physics_rotation>
							<p.do_our_own_rotation>0</p.do_our_own_rotation>
							<p.use_angled_corners_collision_box>0</p.use_angled_corners_collision_box>
							<p.is_overlay>0</p.is_overlay>
							<p.is_player>0</p.is_player>
							<p.is_spring>0</p.is_spring>
							<p.is_collectable>0</p.is_collectable>
							<p.is_fan>0</p.is_fan>
							<p.is_door>0</p.is_door>
							<p.is_ring>0</p.is_ring>
							<p.is_ball>0</p.is_ball>
							<p.is_badguy>0</p.is_badguy>
						</properties>
					</Object>
				</item>
				<item class_id_reference="9" object_id="_133">
					<Object>
						<pos>
							<x>1.248000000e+03</x>
							<y>3.317000244e+03</y>
						</pos>
						<objectDefName>smallblock</objectDefName>
						<controller_num>0</controller_num>
						<properties>
							<p.feels_gravity>0</p.feels_gravity>
							<p.feels_user_input>0</p.feels_user_input>
							<p.feels_friction>0</p.feels_friction>
							<p.spawns_enemies>0</p.spawns_enemies>
							<p.is_physical>1</p.is_physical>
							<p.is_static>1</p.is_static>
							<p.is_sensor>0</p.is_sensor>
							<p.ignores_physics_rotation>0</p.ignores_physics_rotation>
							<p.do_our_own_rotation>0</p.do_our_own_rotation>
							<p.use_angled_corners_collision_box>0</p.use_angled_corners_collision_box>
							<p.is_overlay>0</p.is_overlay>
							<p.is_player>0</p.is_player>
							<p.is_spring>0</p.is_spring>
							<p.is_collectable>0</p.is_collectable>
							<p.is_fan>0</p.is_fan>
							<p.is_door>0</p.is_door>
							<p.is_ring>0</p.is_ring>
							<p.is_ball>0</p.is_ball>
							<p.is_badguy>0</p.is_badguy>
						</properties>
					</Object>
				</item>
				<item class_id_reference="9" object_id="_134">
					<Object>
						<pos>
							<x>1.373000000e+03</x>
							<y>3.317000244e+03</y>
						</pos>
						<objectDefName>smallblock</objectDefName>
						<controller_num>0</controller_num>
						<properties>
							<p.feels_gravity>0</p.feels_gravity>
							<p.feels_user_input>0</p.feels_user_input>
							<p.feels_friction>0</p.feels_friction>
							<p.spawns_enemies>0</p.spawns_enemies>
							<p.is_physical>1</p.is_physical>
							<p.is_static>1</p.is_static>
							<p.is_sensor>0</p.is_sensor>
							<p.ignores_physics_rotation>0</p.ignores_physics_rotation>
							<p.do_our_own_rotation>0</p.do_our_own_rotation>
							<p.use_angled_corners_collision_box>0</p.use_angled_corners_collision_box>
							<p.is_overlay>0</p.is_overlay>
							<p.is_player>0</p.is_player>
							<p.is_spring>0</p.is_spring>
							<p.is_collectable>0</p.is_collectable>
							<p.is_fan>0</p.is_fan>
							<p.is_door>0</p.is_door>
							<p.is_ring>0</p.is_ring>
							<p.is_ball>0</p.is_ball>
							<p.is_badguy>0</p.is_badguy>
						</properties>
					</Object>
				</item>
				<item class_id_reference="9" object_id="_135">
					<Object>
						<pos>
							<x>1.403000000e+03</x>
							<y>3.317000244e+03</y>
						</pos>
						<objectDefName>smallblock</objectDefName>
						<controller_num>0</controller_num>
						<properties>
							<p.feels_gravity>0</p.feels_gravity>
							<p.feels_user_input>0</p.feels_user_input>
							<p.feels_friction>0</p.feels_friction>
							<p.spawns_enemies>0</p.spawns_enemies>
							<p.is_physical>1</p.is_physical>
							<p.is_static>1</p.is_static>
							<p.is_sensor>0</p.is_sensor>
							<p.ignores_physics_rotation>0</p.ignores_physics_rotation>
							<p.do_our_own_rotation>0</p.do_our_own_rotation>
							<p.use_angled_corners_collision_box>0</p.use_angled_corners_collision_box>
							<p.is_overlay>0</p.is_overlay>
							<p.is_player>0</p.is_player>
							<p.is_spring>0</p.is_spring>
							<p.is_collectable>0</p.is_collectable>
							<p.is_fan>0</p.is_fan>
							<p.is_door>0</p.is_door>
							<p.is_ring>0</p.is_ring>
							<p.is_ball>0</p.is_ball>
							<p.is_badguy>0</p.is_badguy>
						</properties>
					</Object>
				</item>
				<item class_id_reference="9" object_id="_136">
					<Object>
						<pos>
							<x>1.518000000e+03</x>
							<y>3.349000000e+03</y>
						</pos>
						<objectDefName>s_palm_tall</objectDefName>
						<controller_num>0</controller_num>
						<properties>
							<p.feels_gravity>0</p.feels_gravity>
							<p.feels_user_input>0</p.feels_user_input>
							<p.feels_friction>0</p.feels_friction>
							<p.spawns_enemies>0</p.spawns_enemies>
							<p.is_physical>0</p.is_physical>
							<p.is_static>1</p.is_static>
							<p.is_sensor>0</p.is_sensor>
							<p.ignores_physics_rotation>0</p.ignores_physics_rotation>
							<p.do_our_own_rotation>0</p.do_our_own_rotation>
							<p.use_angled_corners_collision_box>0</p.use_angled_corners_collision_box>
							<p.is_overlay>0</p.is_overlay>
							<p.is_player>0</p.is_player>
							<p.is_spring>0</p.is_spring>
							<p.is_collectable>0</p.is_collectable>
							<p.is_fan>0</p.is_fan>
							<p.is_door>0</p.is_door>
							<p.is_ring>0</p.is_ring>
							<p.is_ball>0</p.is_ball>
							<p.is_badguy>0</p.is_badguy>
						</properties>
					</Object>
				</item>
				<item class_id_reference="9" object_id="_137">
					<Object>
						<pos>
							<x>5.000000000e+02</x>
							<y>2.000000000e+01</y>
						</pos>
						<objectDefName>sign_jump</objectDefName>
						<controller_num>0</controller_num>
						<properties>
							<p.feels_gravity>0</p.feels_gravity>
							<p.feels_user_input>0</p.feels_user_input>
							<p.feels_friction>0</p.feels_friction>
							<p.spawns_enemies>0</p.spawns_enemies>
							<p.is_physical>0</p.is_physical>
							<p.is_static>1</p.is_static>
							<p.is_sensor>0</p.is_sensor>
							<p.ignores_physics_rotation>0</p.ignores_physics_rotation>
							<p.do_our_own_rotation>0</p.do_our_own_rotation>
							<p.use_angled_corners_collision_box>0</p.use_angled_corners_collision_box>
							<p.is_overlay>0</p.is_overlay>
							<p.is_player>0</p.is_player>
							<p.is_spring>0</p.is_spring>
							<p.is_collectable>0</p.is_collectable>
							<p.is_fan>0</p.is_fan>
							<p.is_door>0</p.is_door>
							<p.is_ring>0</p.is_ring>
							<p.is_ball>0</p.is_ball>
							<p.is_badguy>0</p.is_badguy>
						</properties>
					</Object>
				</item>
				<item class_id_reference="9" object_id="_138">
					<Object>
						<pos>
							<x>2.400000000e+03</x>
							<y>2.000000000e+01</y>
						</pos>
						<objectDefName>sign_left_right</objectDefName>
						<controller_num>0</controller_num>
						<properties>
							<p.feels_gravity>0</p.feels_gravity>
							<p.feels_user_input>0</p.feels_user_input>
							<p.feels_friction>0</p.feels_friction>
							<p.spawns_enemies>0</p.spawns_enemies>
							<p.is_physical>0</p.is_physical>
							<p.is_static>1</p.is_static>
							<p.is_sensor>0</p.is_sensor>
							<p.ignores_physics_rotation>0</p.ignores_physics_rotation>
							<p.do_our_own_rotation>0</p.do_our_own_rotation>
							<p.use_angled_corners_collision_box>0</p.use_angled_corners_collision_box>
							<p.is_overlay>0</p.is_overlay>
							<p.is_player>0</p.is_player>
							<p.is_spring>0</p.is_spring>
							<p.is_collectable>0</p.is_collectable>
							<p.is_fan>0</p.is_fan>
							<p.is_door>0</p.is_door>
							<p.is_ring>0</p.is_ring>
							<p.is_ball>0</p.is_ball>
							<p.is_badguy>0</p.is_badguy>
						</properties>
					</Object>
				</item>
				<item class_id_reference="9" object_id="_139">
					<Object>
						<pos>
							<x>1.600000000e+03</x>
							<y>3.400000000e+03</y>
						</pos>
						<objectDefName>sign_up</objectDefName>
						<controller_num>0</controller_num>
						<properties>
							<p.feels_gravity>0</p.feels_gravity>
							<p.feels_user_input>0</p.feels_user_input>
							<p.feels_friction>0</p.feels_friction>
							<p.spawns_enemies>0</p.spawns_enemies>
							<p.is_physical>0</p.is_physical>
							<p.is_static>1</p.is_static>
							<p.is_sensor>0</p.is_sensor>
							<p.ignores_physics_rotation>0</p.ignores_physics_rotation>
							<p.do_our_own_rotation>0</p.do_our_own_rotation>
							<p.use_angled_corners_collision_box>0</p.use_angled_corners_collision_box>
							<p.is_overlay>0</p.is_overlay>
							<p.is_player>0</p.is_player>
							<p.is_spring>0</p.is_spring>
							<p.is_collectable>0</p.is_collectable>
							<p.is_fan>0</p.is_fan>
							<p.is_door>0</p.is_door>
							<p.is_ring>0</p.is_ring>
							<p.is_ball>0</p.is_ball>
							<p.is_badguy>0</p.is_badguy>
						</properties>
					</Object>
				</item>
				<item class_id_reference="9" object_id="_140">
					<Object>
						<pos>
							<x>1.840000000e+03</x>
							<y>3.400000000e+03</y>
						</pos>
						<objectDefName>s_sign_credits</objectDefName>
						<controller_num>0</controller_num>
						<properties>
							<p.feels_gravity>0</p.feels_gravity>
							<p.feels_user_input>0</p.feels_user_input>
							<p.feels_friction>0</p.feels_friction>
							<p.spawns_enemies>0</p.spawns_enemies>
							<p.is_physical>0</p.is_physical>
							<p.is_static>1</p.is_static>
							<p.is_sensor>0</p.is_sensor>
							<p.ignores_physics_rotation>0</p.ignores_physics_rotation>
							<p.do_our_own_rotation>0</p.do_our_own_rotation>
							<p.use_angled_corners_collision_box>0</p.use_angled_corners_collision_box>
							<p.is_overlay>0</p.is_overlay>
							<p.is_player>0</p.is_player>
							<p.is_spring>0</p.is_spring>
							<p.is_collectable>0</p.is_collectable>
							<p.is_fan>0</p.is_fan>
							<p.is_door>0</p.is_door>
							<p.is_ring>0</p.is_ring>
							<p.is_ball>0</p.is_ball>
							<p.is_badguy>0</p.is_badguy>
						</properties>
					</Object>
				</item>
				<item class_id_reference="9" object_id="_141">
					<Object>
						<pos>
							<x>1.700000122e+03</x>
							<y>3.500000000e+03</y>
						</pos>
						<objectDefName>greenblock</objectDefName>
						<controller_num>0</controller_num>
						<properties>
							<p.feels_gravity>0</p.feels_gravity>
							<p.feels_user_input>0</p.feels_user_input>
							<p.feels_friction>0</p.feels_friction>
							<p.spawns_enemies>0</p.spawns_enemies>
							<p.is_physical>1</p.is_physical>
							<p.is_static>1</p.is_static>
							<p.is_sensor>0</p.is_sensor>
							<p.ignores_physics_rotation>0</p.ignores_physics_rotation>
							<p.do_our_own_rotation>0</p.do_our_own_rotation>
							<p.use_angled_corners_collision_box>0</p.use_angled_corners_collision_box>
							<p.is_overlay>0</p.is_overlay>
							<p.is_player>0</p.is_player>
							<p.is_spring>0</p.is_spring>
							<p.is_collectable>0</p.is_collectable>
							<p.is_fan>0</p.is_fan>
							<p.is_door>0</p.is_door>
							<p.is_ring>0</p.is_ring>
							<p.is_ball>0</p.is_ball>
							<p.is_badguy>0</p.is_badguy>
						</properties>
					</Object>
				</item>
				<item class_id_reference="9" object_id="_142">
					<Object>
						<pos>
							<x>1.725000000e+03</x>
							<y>3.450000000e+03</y>
						</pos>
						<objectDefName>greenblock</objectDefName>
						<controller_num>0</controller_num>
						<properties>
							<p.feels_gravity>0</p.feels_gravity>
							<p.feels_user_input>0</p.feels_user_input>
							<p.feels_friction>0</p.feels_friction>
							<p.spawns_enemies>0</p.spawns_enemies>
							<p.is_physical>1</p.is_physical>
							<p.is_static>1</p.is_static>
							<p.is_sensor>0</p.is_sensor>
							<p.ignores_physics_rotation>0</p.ignores_physics_rotation>
							<p.do_our_own_rotation>0</p.do_our_own_rotation>
							<p.use_angled_corners_collision_box>0</p.use_angled_corners_collision_box>
							<p.is_overlay>0</p.is_overlay>
							<p.is_player>0</p.is_player>
							<p.is_spring>0</p.is_spring>
							<p.is_collectable>0</p.is_collectable>
							<p.is_fan>0</p.is_fan>
							<p.is_door>0</p.is_door>
							<p.is_ring>0</p.is_ring>
							<p.is_ball>0</p.is_ball>
							<p.is_badguy>0</p.is_badguy>
						</properties>
					</Object>
				</item>
				<item class_id_reference="9" object_id="_143">
					<Object>
						<pos>
							<x>1.675000000e+03</x>
							<y>3.450000000e+03</y>
						</pos>
						<objectDefName>greenblock</objectDefName>
						<controller_num>0</controller_num>
						<properties>
							<p.feels_gravity>0</p.feels_gravity>
							<p.feels_user_input>0</p.feels_user_input>
							<p.feels_friction>0</p.feels_friction>
							<p.spawns_enemies>0</p.spawns_enemies>
							<p.is_physical>1</p.is_physical>
							<p.is_static>1</p.is_static>
							<p.is_sensor>0</p.is_sensor>
							<p.ignores_physics_rotation>0</p.ignores_physics_rotation>
							<p.do_our_own_rotation>0</p.do_our_own_rotation>
							<p.use_angled_corners_collision_box>0</p.use_angled_corners_collision_box>
							<p.is_overlay>0</p.is_overlay>
							<p.is_player>0</p.is_player>
							<p.is_spring>0</p.is_spring>
							<p.is_collectable>0</p.is_collectable>
							<p.is_fan>0</p.is_fan>
							<p.is_door>0</p.is_door>
							<p.is_ring>0</p.is_ring>
							<p.is_ball>0</p.is_ball>
							<p.is_badguy>0</p.is_badguy>
						</properties>
					</Object>
				</item>
				<item class_id_reference="9" object_id="_144">
					<Object>
						<pos>
							<x>1.750000122e+03</x>
							<y>3.400000244e+03</y>
						</pos>
						<objectDefName>greenblock</objectDefName>
						<controller_num>0</controller_num>
						<properties>
							<p.feels_gravity>0</p.feels_gravity>
							<p.feels_user_input>0</p.feels_user_input>
							<p.feels_friction>0</p.feels_friction>
							<p.spawns_enemies>0</p.spawns_enemies>
							<p.is_physical>1</p.is_physical>
							<p.is_static>1</p.is_static>
							<p.is_sensor>0</p.is_sensor>
							<p.ignores_physics_rotation>0</p.ignores_physics_rotation>
							<p.do_our_own_rotation>0</p.do_our_own_rotation>
							<p.use_angled_corners_collision_box>0</p.use_angled_corners_collision_box>
							<p.is_overlay>0</p.is_overlay>
							<p.is_player>0</p.is_player>
							<p.is_spring>0</p.is_spring>
							<p.is_collectable>0</p.is_collectable>
							<p.is_fan>0</p.is_fan>
							<p.is_door>0</p.is_door>
							<p.is_ring>0</p.is_ring>
							<p.is_ball>0</p.is_ball>
							<p.is_badguy>0</p.is_badguy>
						</properties>
					</Object>
				</item>
				<item class_id_reference="9" object_id="_145">
					<Object>
						<pos>
							<x>1.700000122e+03</x>
							<y>3.400000244e+03</y>
						</pos>
						<objectDefName>greenblock</objectDefName>
						<controller_num>0</controller_num>
						<properties>
							<p.feels_gravity>0</p.feels_gravity>
							<p.feels_user_input>0</p.feels_user_input>
							<p.feels_friction>0</p.feels_friction>
							<p.spawns_enemies>0</p.spawns_enemies>
							<p.is_physical>1</p.is_physical>
							<p.is_static>1</p.is_static>
							<p.is_sensor>0</p.is_sensor>
							<p.ignores_physics_rotation>0</p.ignores_physics_rotation>
							<p.do_our_own_rotation>0</p.do_our_own_rotation>
							<p.use_angled_corners_collision_box>0</p.use_angled_corners_collision_box>
							<p.is_overlay>0</p.is_overlay>
							<p.is_player>0</p.is_player>
							<p.is_spring>0</p.is_spring>
							<p.is_collectable>0</p.is_collectable>
							<p.is_fan>0</p.is_fan>
							<p.is_door>0</p.is_door>
							<p.is_ring>0</p.is_ring>
							<p.is_ball>0</p.is_ball>
							<p.is_badguy>0</p.is_badguy>
						</properties>
					</Object>
				</item>
				<item class_id_reference="9" object_id="_146">
					<Object>
						<pos>
							<x>1.650000122e+03</x>
							<y>3.400000244e+03</y>
						</pos>
						<objectDefName>greenblock</objectDefName>
						<controller_num>0</controller_num>
						<properties>
							<p.feels_gravity>0</p.feels_gravity>
							<p.feels_user_input>0</p.feels_user_input>
							<p.feels_friction>0</p.feels_friction>
							<p.spawns_enemies>0</p.spawns_enemies>
							<p.is_physical>1</p.is_physical>
							<p.is_static>1</p.is_static>
							<p.is_sensor>0</p.is_sensor>
							<p.ignores_physics_rotation>0</p.ignores_physics_rotation>
							<p.do_our_own_rotation>0</p.do_our_own_rotation>
							<p.use_angled_corners_collision_box>0</p.use_angled_corners_collision_box>
							<p.is_overlay>0</p.is_overlay>
							<p.is_player>0</p.is_player>
							<p.is_spring>0</p.is_spring>
							<p.is_collectable>0</p.is_collectable>
							<p.is_fan>0</p.is_fan>
							<p.is_door>0</p.is_door>
							<p.is_ring>0</p.is_ring>
							<p.is_ball>0</p.is_ball>
							<p.is_badguy>0</p.is_badguy>
						</properties>
					</Object>
				</item>
				<item class_id_reference="9" object_id="_147">
					<Object>
						<pos>
							<x>1.875000122e+03</x>
							<y>3.350000000e+03</y>
						</pos>
						<objectDefName>greenblock</objectDefName>
						<controller_num>0</controller_num>
						<properties>
							<p.feels_gravity>0</p.feels_gravity>
							<p.feels_user_input>0</p.feels_user_input>
							<p.feels_friction>0</p.feels_friction>
							<p.spawns_enemies>0</p.spawns_enemies>
							<p.is_physical>1</p.is_physical>
							<p.is_static>1</p.is_static>
							<p.is_sensor>0</p.is_sensor>
							<p.ignores_physics_rotation>0</p.ignores_physics_rotation>
							<p.do_our_own_rotation>0</p.do_our_own_rotation>
							<p.use_angled_corners_collision_box>0</p.use_angled_corners_collision_box>
							<p.is_overlay>0</p.is_overlay>
							<p.is_player>0</p.is_player>
							<p.is_spring>0</p.is_spring>
							<p.is_collectable>0</p.is_collectable>
							<p.is_fan>0</p.is_fan>
							<p.is_door>0</p.is_door>
							<p.is_ring>0</p.is_ring>
							<p.is_ball>0</p.is_ball>
							<p.is_badguy>0</p.is_badguy>
						</properties>
					</Object>
				</item>
				<item class_id_reference="9" object_id="_148">
					<Object>
						<pos>
							<x>1.825000122e+03</x>
							<y>3.350000000e+03</y>
						</pos>
						<objectDefName>greenblock</objectDefName>
						<controller_num>0</controller_num>
						<properties>
							<p.feels_gravity>0</p.feels_gravity>
							<p.feels_user_input>0</p.feels_user_input>
							<p.feels_friction>0</p.feels_friction>
							<p.spawns_enemies>0</p.spawns_enemies>
							<p.is_physical>1</p.is_physical>
							<p.is_static>1</p.is_static>
							<p.is_sensor>0</p.is_sensor>
							<p.ignores_physics_rotation>0</p.ignores_physics_rotation>
							<p.do_our_own_rotation>0</p.do_our_own_rotation>
							<p.use_angled_corners_collision_box>0</p.use_angled_corners_collision_box>
							<p.is_overlay>0</p.is_overlay>
							<p.is_player>0</p.is_player>
							<p.is_spring>0</p.is_spring>
							<p.is_collectable>0</p.is_collectable>
							<p.is_fan>0</p.is_fan>
							<p.is_door>0</p.is_door>
							<p.is_ring>0</p.is_ring>
							<p.is_ball>0</p.is_ball>
							<p.is_badguy>0</p.is_badguy>
						</properties>
					</Object>
				</item>
				<item class_id_reference="9" object_id="_149">
					<Object>
						<pos>
							<x>1.775000000e+03</x>
							<y>3.350000000e+03</y>
						</pos>
						<objectDefName>greenblock</objectDefName>
						<controller_num>0</controller_num>
						<properties>
							<p.feels_gravity>0</p.feels_gravity>
							<p.feels_user_input>0</p.feels_user_input>
							<p.feels_friction>0</p.feels_friction>
							<p.spawns_enemies>0</p.spawns_enemies>
							<p.is_physical>1</p.is_physical>
							<p.is_static>1</p.is_static>
							<p.is_sensor>0</p.is_sensor>
							<p.ignores_physics_rotation>0</p.ignores_physics_rotation>
							<p.do_our_own_rotation>0</p.do_our_own_rotation>
							<p.use_angled_corners_collision_box>0</p.use_angled_corners_collision_box>
							<p.is_overlay>0</p.is_overlay>
							<p.is_player>0</p.is_player>
							<p.is_spring>0</p.is_spring>
							<p.is_collectable>0</p.is_collectable>
							<p.is_fan>0</p.is_fan>
							<p.is_door>0</p.is_door>
							<p.is_ring>0</p.is_ring>
							<p.is_ball>0</p.is_ball>
							<p.is_badguy>0</p.is_badguy>
						</properties>
					</Object>
				</item>
				<item class_id_reference="9" object_id="_150">
					<Object>
						<pos>
							<x>1.725000000e+03</x>
							<y>3.350000000e+03</y>
						</pos>
						<objectDefName>greenblock</objectDefName>
						<controller_num>0</controller_num>
						<properties>
							<p.feels_gravity>0</p.feels_gravity>
							<p.feels_user_input>0</p.feels_user_input>
							<p.feels_friction>0</p.feels_friction>
							<p.spawns_enemies>0</p.spawns_enemies>
							<p.is_physical>1</p.is_physical>
							<p.is_static>1</p.is_static>
							<p.is_sensor>0</p.is_sensor>
							<p.ignores_physics_rotation>0</p.ignores_physics_rotation>
							<p.do_our_own_rotation>0</p.do_our_own_rotation>
							<p.use_angled_corners_collision_box>0</p.use_angled_corners_collision_box>
							<p.is_overlay>0</p.is_overlay>
							<p.is_player>0</p.is_player>
							<p.is_spring>0</p.is_spring>
							<p.is_collectable>0</p.is_collectable>
							<p.is_fan>0</p.is_fan>
							<p.is_door>0</p.is_door>
							<p.is_ring>0</p.is_ring>
							<p.is_ball>0</p.is_ball>
							<p.is_badguy>0</p.is_badguy>
						</properties>
					</Object>
				</item>
				<item class_id_reference="9" object_id="_151">
					<Object>
						<pos>
							<x>1.675000000e+03</x>
							<y>3.350000000e+03</y>
						</pos>
						<objectDefName>greenblock</objectDefName>
						<controller_num>0</controller_num>
						<properties>
							<p.feels_gravity>0</p.feels_gravity>
							<p.feels_user_input>0</p.feels_user_input>
							<p.feels_friction>0</p.feels_friction>
							<p.spawns_enemies>0</p.spawns_enemies>
							<p.is_physical>1</p.is_physical>
							<p.is_static>1</p.is_static>
							<p.is_sensor>0</p.is_sensor>
							<p.ignores_physics_rotation>0</p.ignores_physics_rotation>
							<p.do_our_own_rotation>0</p.do_our_own_rotation>
							<p.use_angled_corners_collision_box>0</p.use_angled_corners_collision_box>
							<p.is_overlay>0</p.is_overlay>
							<p.is_player>0</p.is_player>
							<p.is_spring>0</p.is_spring>
							<p.is_collectable>0</p.is_collectable>
							<p.is_fan>0</p.is_fan>
							<p.is_door>0</p.is_door>
							<p.is_ring>0</p.is_ring>
							<p.is_ball>0</p.is_ball>
							<p.is_badguy>0</p.is_badguy>
						</properties>
					</Object>
				</item>
				<item class_id_reference="9" object_id="_152">
					<Object>
						<pos>
							<x>1.625000000e+03</x>
							<y>3.350000000e+03</y>
						</pos>
						<objectDefName>greenblock</objectDefName>
						<controller_num>0</controller_num>
						<properties>
							<p.feels_gravity>0</p.feels_gravity>
							<p.feels_user_input>0</p.feels_user_input>
							<p.feels_friction>0</p.feels_friction>
							<p.spawns_enemies>0</p.spawns_enemies>
							<p.is_physical>1</p.is_physical>
							<p.is_static>1</p.is_static>
							<p.is_sensor>0</p.is_sensor>
							<p.ignores_physics_rotation>0</p.ignores_physics_rotation>
							<p.do_our_own_rotation>0</p.do_our_own_rotation>
							<p.use_angled_corners_collision_box>0</p.use_angled_corners_collision_box>
							<p.is_overlay>0</p.is_overlay>
							<p.is_player>0</p.is_player>
							<p.is_spring>0</p.is_spring>
							<p.is_collectable>0</p.is_collectable>
							<p.is_fan>0</p.is_fan>
							<p.is_door>0</p.is_door>
							<p.is_ring>0</p.is_ring>
							<p.is_ball>0</p.is_ball>
							<p.is_badguy>0</p.is_badguy>
						</properties>
					</Object>
				</item>
				<item class_id_reference="9" object_id="_153">
					<Object>
						<pos>
							<x>1.575000122e+03</x>
							<y>3.350000000e+03</y>
						</pos>
						<objectDefName>greenblock</objectDefName>
						<controller_num>0</controller_num>
						<properties>
							<p.feels_gravity>0</p.feels_gravity>
							<p.feels_user_input>0</p.feels_user_input>
							<p.feels_friction>0</p.feels_friction>
							<p.spawns_enemies>0</p.spawns_enemies>
							<p.is_physical>1</p.is_physical>
							<p.is_static>1</p.is_static>
							<p.is_sensor>0</p.is_sensor>
							<p.ignores_physics_rotation>0</p.ignores_physics_rotation>
							<p.do_our_own_rotation>0</p.do_our_own_rotation>
							<p.use_angled_corners_collision_box>0</p.use_angled_corners_collision_box>
							<p.is_overlay>0</p.is_overlay>
							<p.is_player>0</p.is_player>
							<p.is_spring>0</p.is_spring>
							<p.is_collectable>0</p.is_collectable>
							<p.is_fan>0</p.is_fan>
							<p.is_door>0</p.is_door>
							<p.is_ring>0</p.is_ring>
							<p.is_ball>0</p.is_ball>
							<p.is_badguy>0</p.is_badguy>
						</properties>
					</Object>
				</item>
				<item class_id_reference="9" object_id="_154">
					<Object>
						<pos>
							<x>1.900000000e+03</x>
							<y>3.300000244e+03</y>
						</pos>
						<objectDefName>greenblock</objectDefName>
						<controller_num>0</controller_num>
						<properties>
							<p.feels_gravity>0</p.feels_gravity>
							<p.feels_user_input>0</p.feels_user_input>
							<p.feels_friction>0</p.feels_friction>
							<p.spawns_enemies>0</p.spawns_enemies>
							<p.is_physical>1</p.is_physical>
							<p.is_static>1</p.is_static>
							<p.is_sensor>0</p.is_sensor>
							<p.ignores_physics_rotation>0</p.ignores_physics_rotation>
							<p.do_our_own_rotation>0</p.do_our_own_rotation>
							<p.use_angled_corners_collision_box>0</p.use_angled_corners_collision_box>
							<p.is_overlay>0</p.is_overlay>
							<p.is_player>0</p.is_player>
							<p.is_spring>0</p.is_spring>
							<p.is_collectable>0</p.is_collectable>
							<p.is_fan>0</p.is_fan>
							<p.is_door>0</p.is_door>
							<p.is_ring>0</p.is_ring>
							<p.is_ball>0</p.is_ball>
							<p.is_badguy>0</p.is_badguy>
						</properties>
					</Object>
				</item>
				<item class_id_reference="9" object_id="_155">
					<Object>
						<pos>
							<x>1.850000000e+03</x>
							<y>3.300000244e+03</y>
						</pos>
						<objectDefName>greenblock</objectDefName>
						<controller_num>0</controller_num>
						<properties>
							<p.feels_gravity>0</p.feels_gravity>
							<p.feels_user_input>0</p.feels_user_input>
							<p.feels_friction>0</p.feels_friction>
							<p.spawns_enemies>0</p.spawns_enemies>
							<p.is_physical>1</p.is_physical>
							<p.is_static>1</p.is_static>
							<p.is_sensor>0</p.is_sensor>
							<p.ignores_physics_rotation>0</p.ignores_physics_rotation>
							<p.do_our_own_rotation>0</p.do_our_own_rotation>
							<p.use_angled_corners_collision_box>0</p.use_angled_corners_collision_box>
							<p.is_overlay>0</p.is_overlay>
							<p.is_player>0</p.is_player>
							<p.is_spring>0</p.is_spring>
							<p.is_collectable>0</p.is_collectable>
							<p.is_fan>0</p.is_fan>
							<p.is_door>0</p.is_door>
							<p.is_ring>0</p.is_ring>
							<p.is_ball>0</p.is_ball>
							<p.is_badguy>0</p.is_badguy>
						</properties>
					</Object>
				</item>
				<item class_id_reference="9" object_id="_156">
					<Object>
						<pos>
							<x>1.800000122e+03</x>
							<y>3.300000244e+03</y>
						</pos>
						<objectDefName>greenblock</objectDefName>
						<controller_num>0</controller_num>
						<properties>
							<p.feels_gravity>0</p.feels_gravity>
							<p.feels_user_input>0</p.feels_user_input>
							<p.feels_friction>0</p.feels_friction>
							<p.spawns_enemies>0</p.spawns_enemies>
							<p.is_physical>1</p.is_physical>
							<p.is_static>1</p.is_static>
							<p.is_sensor>0</p.is_sensor>
							<p.ignores_physics_rotation>0</p.ignores_physics_rotation>
							<p.do_our_own_rotation>0</p.do_our_own_rotation>
							<p.use_angled_corners_collision_box>0</p.use_angled_corners_collision_box>
							<p.is_overlay>0</p.is_overlay>
							<p.is_player>0</p.is_player>
							<p.is_spring>0</p.is_spring>
							<p.is_collectable>0</p.is_collectable>
							<p.is_fan>0</p.is_fan>
							<p.is_door>0</p.is_door>
							<p.is_ring>0</p.is_ring>
							<p.is_ball>0</p.is_ball>
							<p.is_badguy>0</p.is_badguy>
						</properties>
					</Object>
				</item>
				<item class_id_reference="9" object_id="_157">
					<Object>
						<pos>
							<x>1.750000122e+03</x>
							<y>3.300000244e+03</y>
						</pos>
						<objectDefName>greenblock</objectDefName>
						<controller_num>0</controller_num>
						<properties>
							<p.feels_gravity>0</p.feels_gravity>
							<p.feels_user_input>0</p.feels_user_input>
							<p.feels_friction>0</p.feels_friction>
							<p.spawns_enemies>0</p.spawns_enemies>
							<p.is_physical>1</p.is_physical>
							<p.is_static>1</p.is_static>
							<p.is_sensor>0</p.is_sensor>
							<p.ignores_physics_rotation>0</p.ignores_physics_rotation>
							<p.do_our_own_rotation>0</p.do_our_own_rotation>
							<p.use_angled_corners_collision_box>0</p.use_angled_corners_collision_box>
							<p.is_overlay>0</p.is_overlay>
							<p.is_player>0</p.is_player>
							<p.is_spring>0</p.is_spring>
							<p.is_collectable>0</p.is_collectable>
							<p.is_fan>0</p.is_fan>
							<p.is_door>0</p.is_door>
							<p.is_ring>0</p.is_ring>
							<p.is_ball>0</p.is_ball>
							<p.is_badguy>0</p.is_badguy>
						</properties>
					</Object>
				</item>
				<item class_id_reference="9" object_id="_158">
					<Object>
						<pos>
							<x>1.700000122e+03</x>
							<y>3.300000244e+03</y>
						</pos>
						<objectDefName>greenblock</objectDefName>
						<controller_num>0</controller_num>
						<properties>
							<p.feels_gravity>0</p.feels_gravity>
							<p.feels_user_input>0</p.feels_user_input>
							<p.feels_friction>0</p.feels_friction>
							<p.spawns_enemies>0</p.spawns_enemies>
							<p.is_physical>1</p.is_physical>
							<p.is_static>1</p.is_static>
							<p.is_sensor>0</p.is_sensor>
							<p.ignores_physics_rotation>0</p.ignores_physics_rotation>
							<p.do_our_own_rotation>0</p.do_our_own_rotation>
							<p.use_angled_corners_collision_box>0</p.use_angled_corners_collision_box>
							<p.is_overlay>0</p.is_overlay>
							<p.is_player>0</p.is_player>
							<p.is_spring>0</p.is_spring>
							<p.is_collectable>0</p.is_collectable>
							<p.is_fan>0</p.is_fan>
							<p.is_door>0</p.is_door>
							<p.is_ring>0</p.is_ring>
							<p.is_ball>0</p.is_ball>
							<p.is_badguy>0</p.is_badguy>
						</properties>
					</Object>
				</item>
				<item class_id_reference="9" object_id="_159">
					<Object>
						<pos>
							<x>1.650000122e+03</x>
							<y>3.300000244e+03</y>
						</pos>
						<objectDefName>greenblock</objectDefName>
						<controller_num>0</controller_num>
						<properties>
							<p.feels_gravity>0</p.feels_gravity>
							<p.feels_user_input>0</p.feels_user_input>
							<p.feels_friction>0</p.feels_friction>
							<p.spawns_enemies>0</p.spawns_enemies>
							<p.is_physical>1</p.is_physical>
							<p.is_static>1</p.is_static>
							<p.is_sensor>0</p.is_sensor>
							<p.ignores_physics_rotation>0</p.ignores_physics_rotation>
							<p.do_our_own_rotation>0</p.do_our_own_rotation>
							<p.use_angled_corners_collision_box>0</p.use_angled_corners_collision_box>
							<p.is_overlay>0</p.is_overlay>
							<p.is_player>0</p.is_player>
							<p.is_spring>0</p.is_spring>
							<p.is_collectable>0</p.is_collectable>
							<p.is_fan>0</p.is_fan>
							<p.is_door>0</p.is_door>
							<p.is_ring>0</p.is_ring>
							<p.is_ball>0</p.is_ball>
							<p.is_badguy>0</p.is_badguy>
						</properties>
					</Object>
				</item>
				<item class_id_reference="9" object_id="_160">
					<Object>
						<pos>
							<x>1.600000122e+03</x>
							<y>3.300000244e+03</y>
						</pos>
						<objectDefName>greenblock</objectDefName>
						<controller_num>0</controller_num>
						<properties>
							<p.feels_gravity>0</p.feels_gravity>
							<p.feels_user_input>0</p.feels_user_input>
							<p.feels_friction>0</p.feels_friction>
							<p.spawns_enemies>0</p.spawns_enemies>
							<p.is_physical>1</p.is_physical>
							<p.is_static>1</p.is_static>
							<p.is_sensor>0</p.is_sensor>
							<p.ignores_physics_rotation>0</p.ignores_physics_rotation>
							<p.do_our_own_rotation>0</p.do_our_own_rotation>
							<p.use_angled_corners_collision_box>0</p.use_angled_corners_collision_box>
							<p.is_overlay>0</p.is_overlay>
							<p.is_player>0</p.is_player>
							<p.is_spring>0</p.is_spring>
							<p.is_collectable>0</p.is_collectable>
							<p.is_fan>0</p.is_fan>
							<p.is_door>0</p.is_door>
							<p.is_ring>0</p.is_ring>
							<p.is_ball>0</p.is_ball>
							<p.is_badguy>0</p.is_badguy>
						</properties>
					</Object>
				</item>
				<item class_id_reference="9" object_id="_161">
					<Object>
						<pos>
							<x>1.550000000e+03</x>
							<y>3.300000244e+03</y>
						</pos>
						<objectDefName>greenblock</objectDefName>
						<controller_num>0</controller_num>
						<properties>
							<p.feels_gravity>0</p.feels_gravity>
							<p.feels_user_input>0</p.feels_user_input>
							<p.feels_friction>0</p.feels_friction>
							<p.spawns_enemies>0</p.spawns_enemies>
							<p.is_physical>1</p.is_physical>
							<p.is_static>1</p.is_static>
							<p.is_sensor>0</p.is_sensor>
							<p.ignores_physics_rotation>0</p.ignores_physics_rotation>
							<p.do_our_own_rotation>0</p.do_our_own_rotation>
							<p.use_angled_corners_collision_box>0</p.use_angled_corners_collision_box>
							<p.is_overlay>0</p.is_overlay>
							<p.is_player>0</p.is_player>
							<p.is_spring>0</p.is_spring>
							<p.is_collectable>0</p.is_collectable>
							<p.is_fan>0</p.is_fan>
							<p.is_door>0</p.is_door>
							<p.is_ring>0</p.is_ring>
							<p.is_ball>0</p.is_ball>
							<p.is_badguy>0</p.is_badguy>
						</properties>
					</Object>
				</item>
				<item class_id_reference="9" object_id="_162">
					<Object>
						<pos>
							<x>1.800000000e+03</x>
							<y>3.400000000e+03</y>
						</pos>
						<objectDefName>s_totem1</objectDefName>
						<controller_num>0</controller_num>
						<properties>
							<p.feels_gravity>0</p.feels_gravity>
							<p.feels_user_input>0</p.feels_user_input>
							<p.feels_friction>0</p.feels_friction>
							<p.spawns_enemies>0</p.spawns_enemies>
							<p.is_physical>0</p.is_physical>
							<p.is_static>1</p.is_static>
							<p.is_sensor>0</p.is_sensor>
							<p.ignores_physics_rotation>0</p.ignores_physics_rotation>
							<p.do_our_own_rotation>0</p.do_our_own_rotation>
							<p.use_angled_corners_collision_box>0</p.use_angled_corners_collision_box>
							<p.is_overlay>0</p.is_overlay>
							<p.is_player>0</p.is_player>
							<p.is_spring>0</p.is_spring>
							<p.is_collectable>0</p.is_collectable>
							<p.is_fan>0</p.is_fan>
							<p.is_door>0</p.is_door>
							<p.is_ring>0</p.is_ring>
							<p.is_ball>0</p.is_ball>
							<p.is_badguy>0</p.is_badguy>
						</properties>
					</Object>
				</item>
				<item class_id_reference="9" object_id="_163">
					<Object>
						<pos>
							<x>1.610000000e+03</x>
							<y>3.400000000e+03</y>
						</pos>
						<objectDefName>s_totem1</objectDefName>
						<controller_num>0</controller_num>
						<properties>
							<p.feels_gravity>0</p.feels_gravity>
							<p.feels_user_input>0</p.feels_user_input>
							<p.feels_friction>0</p.feels_friction>
							<p.spawns_enemies>0</p.spawns_enemies>
							<p.is_physical>0</p.is_physical>
							<p.is_static>1</p.is_static>
							<p.is_sensor>0</p.is_sensor>
							<p.ignores_physics_rotation>0</p.ignores_physics_rotation>
							<p.do_our_own_rotation>0</p.do_our_own_rotation>
							<p.use_angled_corners_collision_box>0</p.use_angled_corners_collision_box>
							<p.is_overlay>0</p.is_overlay>
							<p.is_player>0</p.is_player>
							<p.is_spring>0</p.is_spring>
							<p.is_collectable>0</p.is_collectable>
							<p.is_fan>0</p.is_fan>
							<p.is_door>0</p.is_door>
							<p.is_ring>0</p.is_ring>
							<p.is_ball>0</p.is_ball>
							<p.is_badguy>0</p.is_badguy>
						</properties>
					</Object>
				</item>
				<item class_id="13" class_name="SpringObject" tracking_level="1" version="0" object_id="_164">
					<Object>
						<pos>
							<x>2.550000244e+03</x>
							<y>3.600000000e+03</y>
						</pos>
						<objectDefName>spring-right</objectDefName>
						<controller_num>0</controller_num>
						<properties>
							<p.feels_gravity>0</p.feels_gravity>
							<p.feels_user_input>0</p.feels_user_input>
							<p.feels_friction>0</p.feels_friction>
							<p.spawns_enemies>0</p.spawns_enemies>
							<p.is_physical>1</p.is_physical>
							<p.is_static>1</p.is_static>
							<p.is_sensor>1</p.is_sensor>
							<p.ignores_physics_rotation>0</p.ignores_physics_rotation>
							<p.do_our_own_rotation>0</p.do_our_own_rotation>
							<p.use_angled_corners_collision_box>0</p.use_angled_corners_collision_box>
							<p.is_overlay>0</p.is_overlay>
							<p.is_player>0</p.is_player>
							<p.is_spring>1</p.is_spring>
							<p.is_collectable>0</p.is_collectable>
							<p.is_fan>0</p.is_fan>
							<p.is_door>0</p.is_door>
							<p.is_ring>0</p.is_ring>
							<p.is_ball>0</p.is_ball>
							<p.is_badguy>0</p.is_badguy>
						</properties>
					</Object>
					<springDirection>
						<x>2.000000000e+01</x>
						<y>0.000000000e+00</y>
					</springDirection>
				</item>
				<item class_id_reference="13" object_id="_165">
					<Object>
						<pos>
							<x>2.450000000e+03</x>
							<y>4.500000000e+03</y>
						</pos>
						<objectDefName>spring-up</objectDefName>
						<controller_num>0</controller_num>
						<properties>
							<p.feels_gravity>0</p.feels_gravity>
							<p.feels_user_input>0</p.feels_user_input>
							<p.feels_friction>0</p.feels_friction>
							<p.spawns_enemies>0</p.spawns_enemies>
							<p.is_physical>1</p.is_physical>
							<p.is_static>1</p.is_static>
							<p.is_sensor>1</p.is_sensor>
							<p.ignores_physics_rotation>0</p.ignores_physics_rotation>
							<p.do_our_own_rotation>0</p.do_our_own_rotation>
							<p.use_angled_corners_collision_box>0</p.use_angled_corners_collision_box>
							<p.is_overlay>0</p.is_overlay>
							<p.is_player>0</p.is_player>
							<p.is_spring>1</p.is_spring>
							<p.is_collectable>0</p.is_collectable>
							<p.is_fan>0</p.is_fan>
							<p.is_door>0</p.is_door>
							<p.is_ring>0</p.is_ring>
							<p.is_ball>0</p.is_ball>
							<p.is_badguy>0</p.is_badguy>
						</properties>
					</Object>
					<springDirection>
						<x>0.000000000e+00</x>
						<y>-2.000000000e+01</y>
					</springDirection>
				</item>
				<item class_id_reference="13" object_id="_166">
					<Object>
						<pos>
							<x>1.700000122e+03</x>
							<y>5.000000000e+03</y>
						</pos>
						<objectDefName>spring-right</objectDefName>
						<controller_num>0</controller_num>
						<properties>
							<p.feels_gravity>0</p.feels_gravity>
							<p.feels_user_input>0</p.feels_user_input>
							<p.feels_friction>0</p.feels_friction>
							<p.spawns_enemies>0</p.spawns_enemies>
							<p.is_physical>1</p.is_physical>
							<p.is_static>1</p.is_static>
							<p.is_sensor>1</p.is_sensor>
							<p.ignores_physics_rotation>0</p.ignores_physics_rotation>
							<p.do_our_own_rotation>0</p.do_our_own_rotation>
							<p.use_angled_corners_collision_box>0</p.use_angled_corners_collision_box>
							<p.is_overlay>0</p.is_overlay>
							<p.is_player>0</p.is_player>
							<p.is_spring>1</p.is_spring>
							<p.is_collectable>0</p.is_collectable>
							<p.is_fan>0</p.is_fan>
							<p.is_door>0</p.is_door>
							<p.is_ring>0</p.is_ring>
							<p.is_ball>0</p.is_ball>
							<p.is_badguy>0</p.is_badguy>
						</properties>
					</Object>
					<springDirection>
						<x>2.000000000e+01</x>
						<y>0.000000000e+00</y>
					</springDirection>
				</item>
				<item class_id_reference="13" object_id="_167">
					<Object>
						<pos>
							<x>1.720000000e+03</x>
							<y>3.800000000e+03</y>
						</pos>
						<objectDefName>spring-up</objectDefName>
						<controller_num>0</controller_num>
						<properties>
							<p.feels_gravity>0</p.feels_gravity>
							<p.feels_user_input>0</p.feels_user_input>
							<p.feels_friction>0</p.feels_friction>
							<p.spawns_enemies>0</p.spawns_enemies>
							<p.is_physical>1</p.is_physical>
							<p.is_static>1</p.is_static>
							<p.is_sensor>1</p.is_sensor>
							<p.ignores_physics_rotation>0</p.ignores_physics_rotation>
							<p.do_our_own_rotation>0</p.do_our_own_rotation>
							<p.use_angled_corners_collision_box>0</p.use_angled_corners_collision_box>
							<p.is_overlay>0</p.is_overlay>
							<p.is_player>0</p.is_player>
							<p.is_spring>1</p.is_spring>
							<p.is_collectable>0</p.is_collectable>
							<p.is_fan>0</p.is_fan>
							<p.is_door>0</p.is_door>
							<p.is_ring>0</p.is_ring>
							<p.is_ball>0</p.is_ball>
							<p.is_badguy>0</p.is_badguy>
						</properties>
					</Object>
					<springDirection>
						<x>0.000000000e+00</x>
						<y>4.000000000e+01</y>
					</springDirection>
				</item>
				<item class_id_reference="9" object_id="_168">
					<Object>
						<pos>
							<x>1.850000000e+03</x>
							<y>3.000000000e+03</y>
						</pos>
						<objectDefName>greenblock</objectDefName>
						<controller_num>0</controller_num>
						<properties>
							<p.feels_gravity>0</p.feels_gravity>
							<p.feels_user_input>0</p.feels_user_input>
							<p.feels_friction>0</p.feels_friction>
							<p.spawns_enemies>0</p.spawns_enemies>
							<p.is_physical>1</p.is_physical>
							<p.is_static>1</p.is_static>
							<p.is_sensor>0</p.is_sensor>
							<p.ignores_physics_rotation>0</p.ignores_physics_rotation>
							<p.do_our_own_rotation>0</p.do_our_own_rotation>
							<p.use_angled_corners_collision_box>0</p.use_angled_corners_collision_box>
							<p.is_overlay>0</p.is_overlay>
							<p.is_player>0</p.is_player>
							<p.is_spring>0</p.is_spring>
							<p.is_collectable>0</p.is_collectable>
							<p.is_fan>0</p.is_fan>
							<p.is_door>0</p.is_door>
							<p.is_ring>0</p.is_ring>
							<p.is_ball>0</p.is_ball>
							<p.is_badguy>0</p.is_badguy>
						</properties>
					</Object>
				</item>
				<item class_id_reference="9" object_id="_169">
					<Object>
						<pos>
							<x>1.550000000e+03</x>
							<y>3.000000000e+03</y>
						</pos>
						<objectDefName>greenblock</objectDefName>
						<controller_num>0</controller_num>
						<properties>
							<p.feels_gravity>0</p.feels_gravity>
							<p.feels_user_input>0</p.feels_user_input>
							<p.feels_friction>0</p.feels_friction>
							<p.spawns_enemies>0</p.spawns_enemies>
							<p.is_physical>1</p.is_physical>
							<p.is_static>1</p.is_static>
							<p.is_sensor>0</p.is_sensor>
							<p.ignores_physics_rotation>0</p.ignores_physics_rotation>
							<p.do_our_own_rotation>0</p.do_our_own_rotation>
							<p.use_angled_corners_collision_box>0</p.use_angled_corners_collision_box>
							<p.is_overlay>0</p.is_overlay>
							<p.is_player>0</p.is_player>
							<p.is_spring>0</p.is_spring>
							<p.is_collectable>0</p.is_collectable>
							<p.is_fan>0</p.is_fan>
							<p.is_door>0</p.is_door>
							<p.is_ring>0</p.is_ring>
							<p.is_ball>0</p.is_ball>
							<p.is_badguy>0</p.is_badguy>
						</properties>
					</Object>
				</item>
				<item class_id_reference="9" object_id="_170">
					<Object>
						<pos>
							<x>1.540000000e+03</x>
							<y>3.000000000e+03</y>
						</pos>
						<objectDefName>s_palm_tall</objectDefName>
						<controller_num>0</controller_num>
						<properties>
							<p.feels_gravity>0</p.feels_gravity>
							<p.feels_user_input>0</p.feels_user_input>
							<p.feels_friction>0</p.feels_friction>
							<p.spawns_enemies>0</p.spawns_enemies>
							<p.is_physical>0</p.is_physical>
							<p.is_static>1</p.is_static>
							<p.is_sensor>0</p.is_sensor>
							<p.ignores_physics_rotation>0</p.ignores_physics_rotation>
							<p.do_our_own_rotation>0</p.do_our_own_rotation>
							<p.use_angled_corners_collision_box>0</p.use_angled_corners_collision_box>
							<p.is_overlay>0</p.is_overlay>
							<p.is_player>0</p.is_player>
							<p.is_spring>0</p.is_spring>
							<p.is_collectable>0</p.is_collectable>
							<p.is_fan>0</p.is_fan>
							<p.is_door>0</p.is_door>
							<p.is_ring>0</p.is_ring>
							<p.is_ball>0</p.is_ball>
							<p.is_badguy>0</p.is_badguy>
						</properties>
					</Object>
				</item>
				<item class_id_reference="9" object_id="_171">
					<Object>
						<pos>
							<x>1.840000000e+03</x>
							<y>3.000000000e+03</y>
						</pos>
						<objectDefName>s_palm_tall</objectDefName>
						<controller_num>0</controller_num>
						<properties>
							<p.feels_gravity>0</p.feels_gravity>
							<p.feels_user_input>0</p.feels_user_input>
							<p.feels_friction>0</p.feels_friction>
							<p.spawns_enemies>0</p.spawns_enemies>
							<p.is_physical>0</p.is_physical>
							<p.is_static>1</p.is_static>
							<p.is_sensor>0</p.is_sensor>
							<p.ignores_physics_rotation>0</p.ignores_physics_rotation>
							<p.do_our_own_rotation>0</p.do_our_own_rotation>
							<p.use_angled_corners_collision_box>0</p.use_angled_corners_collision_box>
							<p.is_overlay>0</p.is_overlay>
							<p.is_player>0</p.is_player>
							<p.is_spring>0</p.is_spring>
							<p.is_collectable>0</p.is_collectable>
							<p.is_fan>0</p.is_fan>
							<p.is_door>0</p.is_door>
							<p.is_ring>0</p.is_ring>
							<p.is_ball>0</p.is_ball>
							<p.is_badguy>0</p.is_badguy>
						</properties>
					</Object>
				</item>
				<item class_id_reference="12" object_id="_172">
					<Object>
						<pos>
							<x>1.719999878e+03</x>
							<y>3.150000000e+03</y>
						</pos>
						<objectDefName>ring</objectDefName>
						<controller_num>0</controller_num>
						<properties>
							<p.feels_gravity>0</p.feels_gravity>
							<p.feels_user_input>0</p.feels_user_input>
							<p.feels_friction>0</p.feels_friction>
							<p.spawns_enemies>0</p.spawns_enemies>
							<p.is_physical>1</p.is_physical>
							<p.is_static>1</p.is_static>
							<p.is_sensor>1</p.is_sensor>
							<p.ignores_physics_rotation>0</p.ignores_physics_rotation>
							<p.do_our_own_rotation>0</p.do_our_own_rotation>
							<p.use_angled_corners_collision_box>0</p.use_angled_corners_collision_box>
							<p.is_overlay>0</p.is_overlay>
							<p.is_player>0</p.is_player>
							<p.is_spring>0</p.is_spring>
							<p.is_collectable>1</p.is_collectable>
							<p.is_fan>0</p.is_fan>
							<p.is_door>0</p.is_door>
							<p.is_ring>1</p.is_ring>
							<p.is_ball>0</p.is_ball>
							<p.is_badguy>0</p.is_badguy>
						</properties>
					</Object>
				</item>
				<item class_id_reference="12" object_id="_173">
					<Object>
						<pos>
							<x>1.719999878e+03</x>
							<y>3.100000000e+03</y>
						</pos>
						<objectDefName>ring</objectDefName>
						<controller_num>0</controller_num>
						<properties>
							<p.feels_gravity>0</p.feels_gravity>
							<p.feels_user_input>0</p.feels_user_input>
							<p.feels_friction>0</p.feels_friction>
							<p.spawns_enemies>0</p.spawns_enemies>
							<p.is_physical>1</p.is_physical>
							<p.is_static>1</p.is_static>
							<p.is_sensor>1</p.is_sensor>
							<p.ignores_physics_rotation>0</p.ignores_physics_rotation>
							<p.do_our_own_rotation>0</p.do_our_own_rotation>
							<p.use_angled_corners_collision_box>0</p.use_angled_corners_collision_box>
							<p.is_overlay>0</p.is_overlay>
							<p.is_player>0</p.is_player>
							<p.is_spring>0</p.is_spring>
							<p.is_collectable>1</p.is_collectable>
							<p.is_fan>0</p.is_fan>
							<p.is_door>0</p.is_door>
							<p.is_ring>1</p.is_ring>
							<p.is_ball>0</p.is_ball>
							<p.is_badguy>0</p.is_badguy>
						</properties>
					</Object>
				</item>
				<item class_id_reference="12" object_id="_174">
					<Object>
						<pos>
							<x>1.719999878e+03</x>
							<y>3.050000244e+03</y>
						</pos>
						<objectDefName>ring</objectDefName>
						<controller_num>0</controller_num>
						<properties>
							<p.feels_gravity>0</p.feels_gravity>
							<p.feels_user_input>0</p.feels_user_input>
							<p.feels_friction>0</p.feels_friction>
							<p.spawns_enemies>0</p.spawns_enemies>
							<p.is_physical>1</p.is_physical>
							<p.is_static>1</p.is_static>
							<p.is_sensor>1</p.is_sensor>
							<p.ignores_physics_rotation>0</p.ignores_physics_rotation>
							<p.do_our_own_rotation>0</p.do_our_own_rotation>
							<p.use_angled_corners_collision_box>0</p.use_angled_corners_collision_box>
							<p.is_overlay>0</p.is_overlay>
							<p.is_player>0</p.is_player>
							<p.is_spring>0</p.is_spring>
							<p.is_collectable>1</p.is_collectable>
							<p.is_fan>0</p.is_fan>
							<p.is_door>0</p.is_door>
							<p.is_ring>1</p.is_ring>
							<p.is_ball>0</p.is_ball>
							<p.is_badguy>0</p.is_badguy>
						</properties>
					</Object>
				</item>
				<item class_id_reference="12" object_id="_175">
					<Object>
						<pos>
							<x>1.719999878e+03</x>
							<y>3.000000000e+03</y>
						</pos>
						<objectDefName>ring</objectDefName>
						<controller_num>0</controller_num>
						<properties>
							<p.feels_gravity>0</p.feels_gravity>
							<p.feels_user_input>0</p.feels_user_input>
							<p.feels_friction>0</p.feels_friction>
							<p.spawns_enemies>0</p.spawns_enemies>
							<p.is_physical>1</p.is_physical>
							<p.is_static>1</p.is_static>
							<p.is_sensor>1</p.is_sensor>
							<p.ignores_physics_rotation>0</p.ignores_physics_rotation>
							<p.do_our_own_rotation>0</p.do_our_own_rotation>
							<p.use_angled_corners_collision_box>0</p.use_angled_corners_collision_box>
							<p.is_overlay>0</p.is_overlay>
							<p.is_player>0</p.is_player>
							<p.is_spring>0</p.is_spring>
							<p.is_collectable>1</p.is_collectable>
							<p.is_fan>0</p.is_fan>
							<p.is_door>0</p.is_door>
							<p.is_ring>1</p.is_ring>
							<p.is_ball>0</p.is_ball>
							<p.is_badguy>0</p.is_badguy>
						</properties>
					</Object>
				</item>
				<item class_id_reference="12" object_id="_176">
					<Object>
						<pos>
							<x>1.719999878e+03</x>
							<y>2.950000244e+03</y>
						</pos>
						<objectDefName>ring</objectDefName>
						<controller_num>0</controller_num>
						<properties>
							<p.feels_gravity>0</p.feels_gravity>
							<p.feels_user_input>0</p.feels_user_input>
							<p.feels_friction>0</p.feels_friction>
							<p.spawns_enemies>0</p.spawns_enemies>
							<p.is_physical>1</p.is_physical>
							<p.is_static>1</p.is_static>
							<p.is_sensor>1</p.is_sensor>
							<p.ignores_physics_rotation>0</p.ignores_physics_rotation>
							<p.do_our_own_rotation>0</p.do_our_own_rotation>
							<p.use_angled_corners_collision_box>0</p.use_angled_corners_collision_box>
							<p.is_overlay>0</p.is_overlay>
							<p.is_player>0</p.is_player>
							<p.is_spring>0</p.is_spring>
							<p.is_collectable>1</p.is_collectable>
							<p.is_fan>0</p.is_fan>
							<p.is_door>0</p.is_door>
							<p.is_ring>1</p.is_ring>
							<p.is_ball>0</p.is_ball>
							<p.is_badguy>0</p.is_badguy>
						</properties>
					</Object>
				</item>
				<item class_id_reference="12" object_id="_177">
					<Object>
						<pos>
							<x>1.719999878e+03</x>
							<y>2.900000000e+03</y>
						</pos>
						<objectDefName>ring</objectDefName>
						<controller_num>0</controller_num>
						<properties>
							<p.feels_gravity>0</p.feels_gravity>
							<p.feels_user_input>0</p.feels_user_input>
							<p.feels_friction>0</p.feels_friction>
							<p.spawns_enemies>0</p.spawns_enemies>
							<p.is_physical>1</p.is_physical>
							<p.is_static>1</p.is_static>
							<p.is_sensor>1</p.is_sensor>
							<p.ignores_physics_rotation>0</p.ignores_physics_rotation>
							<p.do_our_own_rotation>0</p.do_our_own_rotation>
							<p.use_angled_corners_collision_box>0</p.use_angled_corners_collision_box>
							<p.is_overlay>0</p.is_overlay>
							<p.is_player>0</p.is_player>
							<p.is_spring>0</p.is_spring>
							<p.is_collectable>1</p.is_collectable>
							<p.is_fan>0</p.is_fan>
							<p.is_door>0</p.is_door>
							<p.is_ring>1</p.is_ring>
							<p.is_ball>0</p.is_ball>
							<p.is_badguy>0</p.is_badguy>
						</properties>
					</Object>
				</item>
				<item class_id_reference="12" object_id="_178">
					<Object>
						<pos>
							<x>1.719999878e+03</x>
							<y>2.850000000e+03</y>
						</pos>
						<objectDefName>ring</objectDefName>
						<controller_num>0</controller_num>
						<properties>
							<p.feels_gravity>0</p.feels_gravity>
							<p.feels_user_input>0</p.feels_user_input>
							<p.feels_friction>0</p.feels_friction>
							<p.spawns_enemies>0</p.spawns_enemies>
							<p.is_physical>1</p.is_physical>
							<p.is_static>1</p.is_static>
							<p.is_sensor>1</p.is_sensor>
							<p.ignores_physics_rotation>0</p.ignores_physics_rotation>
							<p.do_our_own_rotation>0</p.do_our_own_rotation>
							<p.use_angled_corners_collision_box>0</p.use_angled_corners_collision_box>
							<p.is_overlay>0</p.is_overlay>
							<p.is_player>0</p.is_player>
							<p.is_spring>0</p.is_spring>
							<p.is_collectable>1</p.is_collectable>
							<p.is_fan>0</p.is_fan>
							<p.is_door>0</p.is_door>
							<p.is_ring>1</p.is_ring>
							<p.is_ball>0</p.is_ball>
							<p.is_badguy>0</p.is_badguy>
						</properties>
					</Object>
				</item>
				<item class_id_reference="12" object_id="_179">
					<Object>
						<pos>
							<x>1.719999878e+03</x>
							<y>2.800000000e+03</y>
						</pos>
						<objectDefName>ring</objectDefName>
						<controller_num>0</controller_num>
						<properties>
							<p.feels_gravity>0</p.feels_gravity>
							<p.feels_user_input>0</p.feels_user_input>
							<p.feels_friction>0</p.feels_friction>
							<p.spawns_enemies>0</p.spawns_enemies>
							<p.is_physical>1</p.is_physical>
							<p.is_static>1</p.is_static>
							<p.is_sensor>1</p.is_sensor>
							<p.ignores_physics_rotation>0</p.ignores_physics_rotation>
							<p.do_our_own_rotation>0</p.do_our_own_rotation>
							<p.use_angled_corners_collision_box>0</p.use_angled_corners_collision_box>
							<p.is_overlay>0</p.is_overlay>
							<p.is_player>0</p.is_player>
							<p.is_spring>0</p.is_spring>
							<p.is_collectable>1</p.is_collectable>
							<p.is_fan>0</p.is_fan>
							<p.is_door>0</p.is_door>
							<p.is_ring>1</p.is_ring>
							<p.is_ball>0</p.is_ball>
							<p.is_badguy>0</p.is_badguy>
						</properties>
					</Object>
				</item>
				<item class_id_reference="12" object_id="_180">
					<Object>
						<pos>
							<x>1.719999878e+03</x>
							<y>2.750000000e+03</y>
						</pos>
						<objectDefName>ring</objectDefName>
						<controller_num>0</controller_num>
						<properties>
							<p.feels_gravity>0</p.feels_gravity>
							<p.feels_user_input>0</p.feels_user_input>
							<p.feels_friction>0</p.feels_friction>
							<p.spawns_enemies>0</p.spawns_enemies>
							<p.is_physical>1</p.is_physical>
							<p.is_static>1</p.is_static>
							<p.is_sensor>1</p.is_sensor>
							<p.ignores_physics_rotation>0</p.ignores_physics_rotation>
							<p.do_our_own_rotation>0</p.do_our_own_rotation>
							<p.use_angled_corners_collision_box>0</p.use_angled_corners_collision_box>
							<p.is_overlay>0</p.is_overlay>
							<p.is_player>0</p.is_player>
							<p.is_spring>0</p.is_spring>
							<p.is_collectable>1</p.is_collectable>
							<p.is_fan>0</p.is_fan>
							<p.is_door>0</p.is_door>
							<p.is_ring>1</p.is_ring>
							<p.is_ball>0</p.is_ball>
							<p.is_badguy>0</p.is_badguy>
						</properties>
					</Object>
				</item>
				<item class_id_reference="12" object_id="_181">
					<Object>
						<pos>
							<x>1.719999878e+03</x>
							<y>2.700000000e+03</y>
						</pos>
						<objectDefName>ring</objectDefName>
						<controller_num>0</controller_num>
						<properties>
							<p.feels_gravity>0</p.feels_gravity>
							<p.feels_user_input>0</p.feels_user_input>
							<p.feels_friction>0</p.feels_friction>
							<p.spawns_enemies>0</p.spawns_enemies>
							<p.is_physical>1</p.is_physical>
							<p.is_static>1</p.is_static>
							<p.is_sensor>1</p.is_sensor>
							<p.ignores_physics_rotation>0</p.ignores_physics_rotation>
							<p.do_our_own_rotation>0</p.do_our_own_rotation>
							<p.use_angled_corners_collision_box>0</p.use_angled_corners_collision_box>
							<p.is_overlay>0</p.is_overlay>
							<p.is_player>0</p.is_player>
							<p.is_spring>0</p.is_spring>
							<p.is_collectable>1</p.is_collectable>
							<p.is_fan>0</p.is_fan>
							<p.is_door>0</p.is_door>
							<p.is_ring>1</p.is_ring>
							<p.is_ball>0</p.is_ball>
							<p.is_badguy>0</p.is_badguy>
						</properties>
					</Object>
				</item>
				<item class_id_reference="12" object_id="_182">
					<Object>
						<pos>
							<x>1.719999878e+03</x>
							<y>2.650000000e+03</y>
						</pos>
						<objectDefName>ring</objectDefName>
						<controller_num>0</controller_num>
						<properties>
							<p.feels_gravity>0</p.feels_gravity>
							<p.feels_user_input>0</p.feels_user_input>
							<p.feels_friction>0</p.feels_friction>
							<p.spawns_enemies>0</p.spawns_enemies>
							<p.is_physical>1</p.is_physical>
							<p.is_static>1</p.is_static>
							<p.is_sensor>1</p.is_sensor>
							<p.ignores_physics_rotation>0</p.ignores_physics_rotation>
							<p.do_our_own_rotation>0</p.do_our_own_rotation>
							<p.use_angled_corners_collision_box>0</p.use_angled_corners_collision_box>
							<p.is_overlay>0</p.is_overlay>
							<p.is_player>0</p.is_player>
							<p.is_spring>0</p.is_spring>
							<p.is_collectable>1</p.is_collectable>
							<p.is_fan>0</p.is_fan>
							<p.is_door>0</p.is_door>
							<p.is_ring>1</p.is_ring>
							<p.is_ball>0</p.is_ball>
							<p.is_badguy>0</p.is_badguy>
						</properties>
					</Object>
				</item>
				<item class_id_reference="12" object_id="_183">
					<Object>
						<pos>
							<x>1.719999878e+03</x>
							<y>2.600000000e+03</y>
						</pos>
						<objectDefName>ring</objectDefName>
						<controller_num>0</controller_num>
						<properties>
							<p.feels_gravity>0</p.feels_gravity>
							<p.feels_user_input>0</p.feels_user_input>
							<p.feels_friction>0</p.feels_friction>
							<p.spawns_enemies>0</p.spawns_enemies>
							<p.is_physical>1</p.is_physical>
							<p.is_static>1</p.is_static>
							<p.is_sensor>1</p.is_sensor>
							<p.ignores_physics_rotation>0</p.ignores_physics_rotation>
							<p.do_our_own_rotation>0</p.do_our_own_rotation>
							<p.use_angled_corners_collision_box>0</p.use_angled_corners_collision_box>
							<p.is_overlay>0</p.is_overlay>
							<p.is_player>0</p.is_player>
							<p.is_spring>0</p.is_spring>
							<p.is_collectable>1</p.is_collectable>
							<p.is_fan>0</p.is_fan>
							<p.is_door>0</p.is_door>
							<p.is_ring>1</p.is_ring>
							<p.is_ball>0</p.is_ball>
							<p.is_badguy>0</p.is_badguy>
						</properties>
					</Object>
				</item>
				<item class_id_reference="12" object_id="_184">
					<Object>
						<pos>
							<x>1.719999878e+03</x>
							<y>2.550000000e+03</y>
						</pos>
						<objectDefName>ring</objectDefName>
						<controller_num>0</controller_num>
						<properties>
							<p.feels_gravity>0</p.feels_gravity>
							<p.feels_user_input>0</p.feels_user_input>
							<p.feels_friction>0</p.feels_friction>
							<p.spawns_enemies>0</p.spawns_enemies>
							<p.is_physical>1</p.is_physical>
							<p.is_static>1</p.is_static>
							<p.is_sensor>1</p.is_sensor>
							<p.ignores_physics_rotation>0</p.ignores_physics_rotation>
							<p.do_our_own_rotation>0</p.do_our_own_rotation>
							<p.use_angled_corners_collision_box>0</p.use_angled_corners_collision_box>
							<p.is_overlay>0</p.is_overlay>
							<p.is_player>0</p.is_player>
							<p.is_spring>0</p.is_spring>
							<p.is_collectable>1</p.is_collectable>
							<p.is_fan>0</p.is_fan>
							<p.is_door>0</p.is_door>
							<p.is_ring>1</p.is_ring>
							<p.is_ball>0</p.is_ball>
							<p.is_badguy>0</p.is_badguy>
						</properties>
					</Object>
				</item>
				<item class_id_reference="12" object_id="_185">
					<Object>
						<pos>
							<x>1.719999878e+03</x>
							<y>2.500000000e+03</y>
						</pos>
						<objectDefName>ring</objectDefName>
						<controller_num>0</controller_num>
						<properties>
							<p.feels_gravity>0</p.feels_gravity>
							<p.feels_user_input>0</p.feels_user_input>
							<p.feels_friction>0</p.feels_friction>
							<p.spawns_enemies>0</p.spawns_enemies>
							<p.is_physical>1</p.is_physical>
							<p.is_static>1</p.is_static>
							<p.is_sensor>1</p.is_sensor>
							<p.ignores_physics_rotation>0</p.ignores_physics_rotation>
							<p.do_our_own_rotation>0</p.do_our_own_rotation>
							<p.use_angled_corners_collision_box>0</p.use_angled_corners_collision_box>
							<p.is_overlay>0</p.is_overlay>
							<p.is_player>0</p.is_player>
							<p.is_spring>0</p.is_spring>
							<p.is_collectable>1</p.is_collectable>
							<p.is_fan>0</p.is_fan>
							<p.is_door>0</p.is_door>
							<p.is_ring>1</p.is_ring>
							<p.is_ball>0</p.is_ball>
							<p.is_badguy>0</p.is_badguy>
						</properties>
					</Object>
				</item>
				<item class_id_reference="12" object_id="_186">
					<Object>
						<pos>
							<x>1.719999878e+03</x>
							<y>2.449999756e+03</y>
						</pos>
						<objectDefName>ring</objectDefName>
						<controller_num>0</controller_num>
						<properties>
							<p.feels_gravity>0</p.feels_gravity>
							<p.feels_user_input>0</p.feels_user_input>
							<p.feels_friction>0</p.feels_friction>
							<p.spawns_enemies>0</p.spawns_enemies>
							<p.is_physical>1</p.is_physical>
							<p.is_static>1</p.is_static>
							<p.is_sensor>1</p.is_sensor>
							<p.ignores_physics_rotation>0</p.ignores_physics_rotation>
							<p.do_our_own_rotation>0</p.do_our_own_rotation>
							<p.use_angled_corners_collision_box>0</p.use_angled_corners_collision_box>
							<p.is_overlay>0</p.is_overlay>
							<p.is_player>0</p.is_player>
							<p.is_spring>0</p.is_spring>
							<p.is_collectable>1</p.is_collectable>
							<p.is_fan>0</p.is_fan>
							<p.is_door>0</p.is_door>
							<p.is_ring>1</p.is_ring>
							<p.is_ball>0</p.is_ball>
							<p.is_badguy>0</p.is_badguy>
						</properties>
					</Object>
				</item>
				<item class_id_reference="12" object_id="_187">
					<Object>
						<pos>
							<x>1.719999878e+03</x>
							<y>2.400000000e+03</y>
						</pos>
						<objectDefName>ring</objectDefName>
						<controller_num>0</controller_num>
						<properties>
							<p.feels_gravity>0</p.feels_gravity>
							<p.feels_user_input>0</p.feels_user_input>
							<p.feels_friction>0</p.feels_friction>
							<p.spawns_enemies>0</p.spawns_enemies>
							<p.is_physical>1</p.is_physical>
							<p.is_static>1</p.is_static>
							<p.is_sensor>1</p.is_sensor>
							<p.ignores_physics_rotation>0</p.ignores_physics_rotation>
							<p.do_our_own_rotation>0</p.do_our_own_rotation>
							<p.use_angled_corners_collision_box>0</p.use_angled_corners_collision_box>
							<p.is_overlay>0</p.is_overlay>
							<p.is_player>0</p.is_player>
							<p.is_spring>0</p.is_spring>
							<p.is_collectable>1</p.is_collectable>
							<p.is_fan>0</p.is_fan>
							<p.is_door>0</p.is_door>
							<p.is_ring>1</p.is_ring>
							<p.is_ball>0</p.is_ball>
							<p.is_badguy>0</p.is_badguy>
						</properties>
					</Object>
				</item>
				<item class_id_reference="13" object_id="_188">
					<Object>
						<pos>
							<x>1.700000122e+03</x>
							<y>2.100000244e+03</y>
						</pos>
						<objectDefName>spring-up</objectDefName>
						<controller_num>0</controller_num>
						<properties>
							<p.feels_gravity>0</p.feels_gravity>
							<p.feels_user_input>0</p.feels_user_input>
							<p.feels_friction>0</p.feels_friction>
							<p.spawns_enemies>0</p.spawns_enemies>
							<p.is_physical>1</p.is_physical>
							<p.is_static>1</p.is_static>
							<p.is_sensor>1</p.is_sensor>
							<p.ignores_physics_rotation>0</p.ignores_physics_rotation>
							<p.do_our_own_rotation>0</p.do_our_own_rotation>
							<p.use_angled_corners_collision_box>0</p.use_angled_corners_collision_box>
							<p.is_overlay>0</p.is_overlay>
							<p.is_player>0</p.is_player>
							<p.is_spring>1</p.is_spring>
							<p.is_collectable>0</p.is_collectable>
							<p.is_fan>0</p.is_fan>
							<p.is_door>0</p.is_door>
							<p.is_ring>0</p.is_ring>
							<p.is_ball>0</p.is_ball>
							<p.is_badguy>0</p.is_badguy>
						</properties>
					</Object>
					<springDirection>
						<x>0.000000000e+00</x>
						<y>3.000000000e+01</y>
					</springDirection>
				</item>
				<item class_id_reference="9" object_id="_189">
					<Object>
						<pos>
							<x>1.700000122e+03</x>
							<y>2.050000244e+03</y>
						</pos>
						<objectDefName>greenblock</objectDefName>
						<controller_num>0</controller_num>
						<properties>
							<p.feels_gravity>0</p.feels_gravity>
							<p.feels_user_input>0</p.feels_user_input>
							<p.feels_friction>0</p.feels_friction>
							<p.spawns_enemies>0</p.spawns_enemies>
							<p.is_physical>1</p.is_physical>
							<p.is_static>1</p.is_static>
							<p.is_sensor>0</p.is_sensor>
							<p.ignores_physics_rotation>0</p.ignores_physics_rotation>
							<p.do_our_own_rotation>0</p.do_our_own_rotation>
							<p.use_angled_corners_collision_box>0</p.use_angled_corners_collision_box>
							<p.is_overlay>0</p.is_overlay>
							<p.is_player>0</p.is_player>
							<p.is_spring>0</p.is_spring>
							<p.is_collectable>0</p.is_collectable>
							<p.is_fan>0</p.is_fan>
							<p.is_door>0</p.is_door>
							<p.is_ring>0</p.is_ring>
							<p.is_ball>0</p.is_ball>
							<p.is_badguy>0</p.is_badguy>
						</properties>
					</Object>
				</item>
				<item class_id_reference="9" object_id="_190">
					<Object>
						<pos>
							<x>1.600000122e+03</x>
							<y>2.000000000e+03</y>
						</pos>
						<objectDefName>greenblock</objectDefName>
						<controller_num>0</controller_num>
						<properties>
							<p.feels_gravity>0</p.feels_gravity>
							<p.feels_user_input>0</p.feels_user_input>
							<p.feels_friction>0</p.feels_friction>
							<p.spawns_enemies>0</p.spawns_enemies>
							<p.is_physical>1</p.is_physical>
							<p.is_static>1</p.is_static>
							<p.is_sensor>0</p.is_sensor>
							<p.ignores_physics_rotation>0</p.ignores_physics_rotation>
							<p.do_our_own_rotation>0</p.do_our_own_rotation>
							<p.use_angled_corners_collision_box>0</p.use_angled_corners_collision_box>
							<p.is_overlay>0</p.is_overlay>
							<p.is_player>0</p.is_player>
							<p.is_spring>0</p.is_spring>
							<p.is_collectable>0</p.is_collectable>
							<p.is_fan>0</p.is_fan>
							<p.is_door>0</p.is_door>
							<p.is_ring>0</p.is_ring>
							<p.is_ball>0</p.is_ball>
							<p.is_badguy>0</p.is_badguy>
						</properties>
					</Object>
				</item>
				<item class_id_reference="9" object_id="_191">
					<Object>
						<pos>
							<x>1.650000122e+03</x>
							<y>2.000000000e+03</y>
						</pos>
						<objectDefName>greenblock</objectDefName>
						<controller_num>0</controller_num>
						<properties>
							<p.feels_gravity>0</p.feels_gravity>
							<p.feels_user_input>0</p.feels_user_input>
							<p.feels_friction>0</p.feels_friction>
							<p.spawns_enemies>0</p.spawns_enemies>
							<p.is_physical>1</p.is_physical>
							<p.is_static>1</p.is_static>
							<p.is_sensor>0</p.is_sensor>
							<p.ignores_physics_rotation>0</p.ignores_physics_rotation>
							<p.do_our_own_rotation>0</p.do_our_own_rotation>
							<p.use_angled_corners_collision_box>0</p.use_angled_corners_collision_box>
							<p.is_overlay>0</p.is_overlay>
							<p.is_player>0</p.is_player>
							<p.is_spring>0</p.is_spring>
							<p.is_collectable>0</p.is_collectable>
							<p.is_fan>0</p.is_fan>
							<p.is_door>0</p.is_door>
							<p.is_ring>0</p.is_ring>
							<p.is_ball>0</p.is_ball>
							<p.is_badguy>0</p.is_badguy>
						</properties>
					</Object>
				</item>
				<item class_id_reference="9" object_id="_192">
					<Object>
						<pos>
							<x>1.700000122e+03</x>
							<y>2.000000000e+03</y>
						</pos>
						<objectDefName>greenblock</objectDefName>
						<controller_num>0</controller_num>
						<properties>
							<p.feels_gravity>0</p.feels_gravity>
							<p.feels_user_input>0</p.feels_user_input>
							<p.feels_friction>0</p.feels_friction>
							<p.spawns_enemies>0</p.spawns_enemies>
							<p.is_physical>1</p.is_physical>
							<p.is_static>1</p.is_static>
							<p.is_sensor>0</p.is_sensor>
							<p.ignores_physics_rotation>0</p.ignores_physics_rotation>
							<p.do_our_own_rotation>0</p.do_our_own_rotation>
							<p.use_angled_corners_collision_box>0</p.use_angled_corners_collision_box>
							<p.is_overlay>0</p.is_overlay>
							<p.is_player>0</p.is_player>
							<p.is_spring>0</p.is_spring>
							<p.is_collectable>0</p.is_collectable>
							<p.is_fan>0</p.is_fan>
							<p.is_door>0</p.is_door>
							<p.is_ring>0</p.is_ring>
							<p.is_ball>0</p.is_ball>
							<p.is_badguy>0</p.is_badguy>
						</properties>
					</Object>
				</item>
				<item class_id_reference="9" object_id="_193">
					<Object>
						<pos>
							<x>1.750000122e+03</x>
							<y>2.000000000e+03</y>
						</pos>
						<objectDefName>greenblock</objectDefName>
						<controller_num>0</controller_num>
						<properties>
							<p.feels_gravity>0</p.feels_gravity>
							<p.feels_user_input>0</p.feels_user_input>
							<p.feels_friction>0</p.feels_friction>
							<p.spawns_enemies>0</p.spawns_enemies>
							<p.is_physical>1</p.is_physical>
							<p.is_static>1</p.is_static>
							<p.is_sensor>0</p.is_sensor>
							<p.ignores_physics_rotation>0</p.ignores_physics_rotation>
							<p.do_our_own_rotation>0</p.do_our_own_rotation>
							<p.use_angled_corners_collision_box>0</p.use_angled_corners_collision_box>
							<p.is_overlay>0</p.is_overlay>
							<p.is_player>0</p.is_player>
							<p.is_spring>0</p.is_spring>
							<p.is_collectable>0</p.is_collectable>
							<p.is_fan>0</p.is_fan>
							<p.is_door>0</p.is_door>
							<p.is_ring>0</p.is_ring>
							<p.is_ball>0</p.is_ball>
							<p.is_badguy>0</p.is_badguy>
						</properties>
					</Object>
				</item>
				<item class_id_reference="9" object_id="_194">
					<Object>
						<pos>
							<x>1.800000122e+03</x>
							<y>2.000000000e+03</y>
						</pos>
						<objectDefName>greenblock</objectDefName>
						<controller_num>0</controller_num>
						<properties>
							<p.feels_gravity>0</p.feels_gravity>
							<p.feels_user_input>0</p.feels_user_input>
							<p.feels_friction>0</p.feels_friction>
							<p.spawns_enemies>0</p.spawns_enemies>
							<p.is_physical>1</p.is_physical>
							<p.is_static>1</p.is_static>
							<p.is_sensor>0</p.is_sensor>
							<p.ignores_physics_rotation>0</p.ignores_physics_rotation>
							<p.do_our_own_rotation>0</p.do_our_own_rotation>
							<p.use_angled_corners_collision_box>0</p.use_angled_corners_collision_box>
							<p.is_overlay>0</p.is_overlay>
							<p.is_player>0</p.is_player>
							<p.is_spring>0</p.is_spring>
							<p.is_collectable>0</p.is_collectable>
							<p.is_fan>0</p.is_fan>
							<p.is_door>0</p.is_door>
							<p.is_ring>0</p.is_ring>
							<p.is_ball>0</p.is_ball>
							<p.is_badguy>0</p.is_badguy>
						</properties>
					</Object>
				</item>
				<item class_id_reference="9" object_id="_195">
					<Object>
						<pos>
							<x>2.200000000e+03</x>
							<y>2.000000000e+03</y>
						</pos>
						<objectDefName>s_sign_arrow</objectDefName>
						<controller_num>0</controller_num>
						<properties>
							<p.feels_gravity>0</p.feels_gravity>
							<p.feels_user_input>0</p.feels_user_input>
							<p.feels_friction>0</p.feels_friction>
							<p.spawns_enemies>0</p.spawns_enemies>
							<p.is_physical>0</p.is_physical>
							<p.is_static>1</p.is_static>
							<p.is_sensor>0</p.is_sensor>
							<p.ignores_physics_rotation>0</p.ignores_physics_rotation>
							<p.do_our_own_rotation>0</p.do_our_own_rotation>
							<p.use_angled_corners_collision_box>0</p.use_angled_corners_collision_box>
							<p.is_overlay>0</p.is_overlay>
							<p.is_player>0</p.is_player>
							<p.is_spring>0</p.is_spring>
							<p.is_collectable>0</p.is_collectable>
							<p.is_fan>0</p.is_fan>
							<p.is_door>0</p.is_door>
							<p.is_ring>0</p.is_ring>
							<p.is_ball>0</p.is_ball>
							<p.is_badguy>0</p.is_badguy>
						</properties>
					</Object>
				</item>
				<item class_id_reference="9" object_id="_196">
					<Object>
						<pos>
							<x>2.100000000e+03</x>
							<y>1.980000000e+03</y>
						</pos>
						<objectDefName>block3</objectDefName>
						<controller_num>0</controller_num>
						<properties>
							<p.feels_gravity>0</p.feels_gravity>
							<p.feels_user_input>0</p.feels_user_input>
							<p.feels_friction>0</p.feels_friction>
							<p.spawns_enemies>0</p.spawns_enemies>
							<p.is_physical>1</p.is_physical>
							<p.is_static>1</p.is_static>
							<p.is_sensor>0</p.is_sensor>
							<p.ignores_physics_rotation>0</p.ignores_physics_rotation>
							<p.do_our_own_rotation>0</p.do_our_own_rotation>
							<p.use_angled_corners_collision_box>0</p.use_angled_corners_collision_box>
							<p.is_overlay>0</p.is_overlay>
							<p.is_player>0</p.is_player>
							<p.is_spring>0</p.is_spring>
							<p.is_collectable>0</p.is_collectable>
							<p.is_fan>0</p.is_fan>
							<p.is_door>0</p.is_door>
							<p.is_ring>0</p.is_ring>
							<p.is_ball>0</p.is_ball>
							<p.is_badguy>0</p.is_badguy>
						</properties>
					</Object>
				</item>
				<item class_id_reference="9" object_id="_197">
					<Object>
						<pos>
							<x>1.899999878e+03</x>
							<y>1.980000000e+03</y>
						</pos>
						<objectDefName>block3</objectDefName>
						<controller_num>0</controller_num>
						<properties>
							<p.feels_gravity>0</p.feels_gravity>
							<p.feels_user_input>0</p.feels_user_input>
							<p.feels_friction>0</p.feels_friction>
							<p.spawns_enemies>0</p.spawns_enemies>
							<p.is_physical>1</p.is_physical>
							<p.is_static>1</p.is_static>
							<p.is_sensor>0</p.is_sensor>
							<p.ignores_physics_rotation>0</p.ignores_physics_rotation>
							<p.do_our_own_rotation>0</p.do_our_own_rotation>
							<p.use_angled_corners_collision_box>0</p.use_angled_corners_collision_box>
							<p.is_overlay>0</p.is_overlay>
							<p.is_player>0</p.is_player>
							<p.is_spring>0</p.is_spring>
							<p.is_collectable>0</p.is_collectable>
							<p.is_fan>0</p.is_fan>
							<p.is_door>0</p.is_door>
							<p.is_ring>0</p.is_ring>
							<p.is_ball>0</p.is_ball>
							<p.is_badguy>0</p.is_badguy>
						</properties>
					</Object>
				</item>
				<item class_id_reference="9" object_id="_198">
					<Object>
						<pos>
							<x>1.700000000e+03</x>
							<y>1.980000000e+03</y>
						</pos>
						<objectDefName>block3</objectDefName>
						<controller_num>0</controller_num>
						<properties>
							<p.feels_gravity>0</p.feels_gravity>
							<p.feels_user_input>0</p.feels_user_input>
							<p.feels_friction>0</p.feels_friction>
							<p.spawns_enemies>0</p.spawns_enemies>
							<p.is_physical>1</p.is_physical>
							<p.is_static>1</p.is_static>
							<p.is_sensor>0</p.is_sensor>
							<p.ignores_physics_rotation>0</p.ignores_physics_rotation>
							<p.do_our_own_rotation>0</p.do_our_own_rotation>
							<p.use_angled_corners_collision_box>0</p.use_angled_corners_collision_box>
							<p.is_overlay>0</p.is_overlay>
							<p.is_player>0</p.is_player>
							<p.is_spring>0</p.is_spring>
							<p.is_collectable>0</p.is_collectable>
							<p.is_fan>0</p.is_fan>
							<p.is_door>0</p.is_door>
							<p.is_ring>0</p.is_ring>
							<p.is_ball>0</p.is_ball>
							<p.is_badguy>0</p.is_badguy>
						</properties>
					</Object>
				</item>
				<item class_id_reference="9" object_id="_199">
					<Object>
						<pos>
							<x>1.499999878e+03</x>
							<y>1.980000000e+03</y>
						</pos>
						<objectDefName>block3</objectDefName>
						<controller_num>0</controller_num>
						<properties>
							<p.feels_gravity>0</p.feels_gravity>
							<p.feels_user_input>0</p.feels_user_input>
							<p.feels_friction>0</p.feels_friction>
							<p.spawns_enemies>0</p.spawns_enemies>
							<p.is_physical>1</p.is_physical>
							<p.is_static>1</p.is_static>
							<p.is_sensor>0</p.is_sensor>
							<p.ignores_physics_rotation>0</p.ignores_physics_rotation>
							<p.do_our_own_rotation>0</p.do_our_own_rotation>
							<p.use_angled_corners_collision_box>0</p.use_angled_corners_collision_box>
							<p.is_overlay>0</p.is_overlay>
							<p.is_player>0</p.is_player>
							<p.is_spring>0</p.is_spring>
							<p.is_collectable>0</p.is_collectable>
							<p.is_fan>0</p.is_fan>
							<p.is_door>0</p.is_door>
							<p.is_ring>0</p.is_ring>
							<p.is_ball>0</p.is_ball>
							<p.is_badguy>0</p.is_badguy>
						</properties>
					</Object>
				</item>
				<item class_id_reference="9" object_id="_200">
					<Object>
						<pos>
							<x>1.500000000e+03</x>
							<y>2.000000000e+03</y>
						</pos>
						<objectDefName>s_sign_arrow</objectDefName>
						<controller_num>0</controller_num>
						<properties>
							<p.feels_gravity>0</p.feels_gravity>
							<p.feels_user_input>0</p.feels_user_input>
							<p.feels_friction>0</p.feels_friction>
							<p.spawns_enemies>0</p.spawns_enemies>
							<p.is_physical>0</p.is_physical>
							<p.is_static>1</p.is_static>
							<p.is_sensor>0</p.is_sensor>
							<p.ignores_physics_rotation>0</p.ignores_physics_rotation>
							<p.do_our_own_rotation>0</p.do_our_own_rotation>
							<p.use_angled_corners_collision_box>0</p.use_angled_corners_collision_box>
							<p.is_overlay>0</p.is_overlay>
							<p.is_player>0</p.is_player>
							<p.is_spring>0</p.is_spring>
							<p.is_collectable>0</p.is_collectable>
							<p.is_fan>0</p.is_fan>
							<p.is_door>0</p.is_door>
							<p.is_ring>0</p.is_ring>
							<p.is_ball>0</p.is_ball>
							<p.is_badguy>0</p.is_badguy>
						</properties>
					</Object>
				</item>
				<item class_id_reference="12" object_id="_201">
					<Object>
						<pos>
							<x>2.530000000e+03</x>
							<y>2.800000000e+03</y>
						</pos>
						<objectDefName>ring</objectDefName>
						<controller_num>0</controller_num>
						<properties>
							<p.feels_gravity>0</p.feels_gravity>
							<p.feels_user_input>0</p.feels_user_input>
							<p.feels_friction>0</p.feels_friction>
							<p.spawns_enemies>0</p.spawns_enemies>
							<p.is_physical>1</p.is_physical>
							<p.is_static>1</p.is_static>
							<p.is_sensor>1</p.is_sensor>
							<p.ignores_physics_rotation>0</p.ignores_physics_rotation>
							<p.do_our_own_rotation>0</p.do_our_own_rotation>
							<p.use_angled_corners_collision_box>0</p.use_angled_corners_collision_box>
							<p.is_overlay>0</p.is_overlay>
							<p.is_player>0</p.is_player>
							<p.is_spring>0</p.is_spring>
							<p.is_collectable>1</p.is_collectable>
							<p.is_fan>0</p.is_fan>
							<p.is_door>0</p.is_door>
							<p.is_ring>1</p.is_ring>
							<p.is_ball>0</p.is_ball>
							<p.is_badguy>0</p.is_badguy>
						</properties>
					</Object>
				</item>
				<item class_id_reference="12" object_id="_202">
					<Object>
						<pos>
							<x>2.530000000e+03</x>
							<y>2.500000000e+03</y>
						</pos>
						<objectDefName>ring</objectDefName>
						<controller_num>0</controller_num>
						<properties>
							<p.feels_gravity>0</p.feels_gravity>
							<p.feels_user_input>0</p.feels_user_input>
							<p.feels_friction>0</p.feels_friction>
							<p.spawns_enemies>0</p.spawns_enemies>
							<p.is_physical>1</p.is_physical>
							<p.is_static>1</p.is_static>
							<p.is_sensor>1</p.is_sensor>
							<p.ignores_physics_rotation>0</p.ignores_physics_rotation>
							<p.do_our_own_rotation>0</p.do_our_own_rotation>
							<p.use_angled_corners_collision_box>0</p.use_angled_corners_collision_box>
							<p.is_overlay>0</p.is_overlay>
							<p.is_player>0</p.is_player>
							<p.is_spring>0</p.is_spring>
							<p.is_collectable>1</p.is_collectable>
							<p.is_fan>0</p.is_fan>
							<p.is_door>0</p.is_door>
							<p.is_ring>1</p.is_ring>
							<p.is_ball>0</p.is_ball>
							<p.is_badguy>0</p.is_badguy>
						</properties>
					</Object>
				</item>
				<item class_id_reference="12" object_id="_203">
					<Object>
						<pos>
							<x>2.530000000e+03</x>
							<y>2.200000000e+03</y>
						</pos>
						<objectDefName>ring</objectDefName>
						<controller_num>0</controller_num>
						<properties>
							<p.feels_gravity>0</p.feels_gravity>
							<p.feels_user_input>0</p.feels_user_input>
							<p.feels_friction>0</p.feels_friction>
							<p.spawns_enemies>0</p.spawns_enemies>
							<p.is_physical>1</p.is_physical>
							<p.is_static>1</p.is_static>
							<p.is_sensor>1</p.is_sensor>
							<p.ignores_physics_rotation>0</p.ignores_physics_rotation>
							<p.do_our_own_rotation>0</p.do_our_own_rotation>
							<p.use_angled_corners_collision_box>0</p.use_angled_corners_collision_box>
							<p.is_overlay>0</p.is_overlay>
							<p.is_player>0</p.is_player>
							<p.is_spring>0</p.is_spring>
							<p.is_collectable>1</p.is_collectable>
							<p.is_fan>0</p.is_fan>
							<p.is_door>0</p.is_door>
							<p.is_ring>1</p.is_ring>
							<p.is_ball>0</p.is_ball>
							<p.is_badguy>0</p.is_badguy>
						</properties>
					</Object>
				</item>
				<item class_id_reference="12" object_id="_204">
					<Object>
						<pos>
							<x>2.530000000e+03</x>
							<y>1.899999878e+03</y>
						</pos>
						<objectDefName>ring</objectDefName>
						<controller_num>0</controller_num>
						<properties>
							<p.feels_gravity>0</p.feels_gravity>
							<p.feels_user_input>0</p.feels_user_input>
							<p.feels_friction>0</p.feels_friction>
							<p.spawns_enemies>0</p.spawns_enemies>
							<p.is_physical>1</p.is_physical>
							<p.is_static>1</p.is_static>
							<p.is_sensor>1</p.is_sensor>
							<p.ignores_physics_rotation>0</p.ignores_physics_rotation>
							<p.do_our_own_rotation>0</p.do_our_own_rotation>
							<p.use_angled_corners_collision_box>0</p.use_angled_corners_collision_box>
							<p.is_overlay>0</p.is_overlay>
							<p.is_player>0</p.is_player>
							<p.is_spring>0</p.is_spring>
							<p.is_collectable>1</p.is_collectable>
							<p.is_fan>0</p.is_fan>
							<p.is_door>0</p.is_door>
							<p.is_ring>1</p.is_ring>
							<p.is_ball>0</p.is_ball>
							<p.is_badguy>0</p.is_badguy>
						</properties>
					</Object>
				</item>
				<item class_id_reference="12" object_id="_205">
					<Object>
						<pos>
							<x>2.530000000e+03</x>
							<y>1.300000000e+03</y>
						</pos>
						<objectDefName>ring</objectDefName>
						<controller_num>0</controller_num>
						<properties>
							<p.feels_gravity>0</p.feels_gravity>
							<p.feels_user_input>0</p.feels_user_input>
							<p.feels_friction>0</p.feels_friction>
							<p.spawns_enemies>0</p.spawns_enemies>
							<p.is_physical>1</p.is_physical>
							<p.is_static>1</p.is_static>
							<p.is_sensor>1</p.is_sensor>
							<p.ignores_physics_rotation>0</p.ignores_physics_rotation>
							<p.do_our_own_rotation>0</p.do_our_own_rotation>
							<p.use_angled_corners_collision_box>0</p.use_angled_corners_collision_box>
							<p.is_overlay>0</p.is_overlay>
							<p.is_player>0</p.is_player>
							<p.is_spring>0</p.is_spring>
							<p.is_collectable>1</p.is_collectable>
							<p.is_fan>0</p.is_fan>
							<p.is_door>0</p.is_door>
							<p.is_ring>1</p.is_ring>
							<p.is_ball>0</p.is_ball>
							<p.is_badguy>0</p.is_badguy>
						</properties>
					</Object>
				</item>
				<item class_id_reference="12" object_id="_206">
					<Object>
						<pos>
							<x>2.530000000e+03</x>
							<y>1.000000000e+03</y>
						</pos>
						<objectDefName>ring</objectDefName>
						<controller_num>0</controller_num>
						<properties>
							<p.feels_gravity>0</p.feels_gravity>
							<p.feels_user_input>0</p.feels_user_input>
							<p.feels_friction>0</p.feels_friction>
							<p.spawns_enemies>0</p.spawns_enemies>
							<p.is_physical>1</p.is_physical>
							<p.is_static>1</p.is_static>
							<p.is_sensor>1</p.is_sensor>
							<p.ignores_physics_rotation>0</p.ignores_physics_rotation>
							<p.do_our_own_rotation>0</p.do_our_own_rotation>
							<p.use_angled_corners_collision_box>0</p.use_angled_corners_collision_box>
							<p.is_overlay>0</p.is_overlay>
							<p.is_player>0</p.is_player>
							<p.is_spring>0</p.is_spring>
							<p.is_collectable>1</p.is_collectable>
							<p.is_fan>0</p.is_fan>
							<p.is_door>0</p.is_door>
							<p.is_ring>1</p.is_ring>
							<p.is_ball>0</p.is_ball>
							<p.is_badguy>0</p.is_badguy>
						</properties>
					</Object>
				</item>
				<item class_id_reference="9" object_id="_207">
					<Object>
						<pos>
							<x>2.300000000e+03</x>
							<y>6.200000000e+02</y>
						</pos>
						<objectDefName>s_sign_arrow</objectDefName>
						<controller_num>0</controller_num>
						<properties>
							<p.feels_gravity>0</p.feels_gravity>
							<p.feels_user_input>0</p.feels_user_input>
							<p.feels_friction>0</p.feels_friction>
							<p.spawns_enemies>0</p.spawns_enemies>
							<p.is_physical>0</p.is_physical>
							<p.is_static>1</p.is_static>
							<p.is_sensor>0</p.is_sensor>
							<p.ignores_physics_rotation>0</p.ignores_physics_rotation>
							<p.do_our_own_rotation>0</p.do_our_own_rotation>
							<p.use_angled_corners_collision_box>0</p.use_angled_corners_collision_box>
							<p.is_overlay>0</p.is_overlay>
							<p.is_player>0</p.is_player>
							<p.is_spring>0</p.is_spring>
							<p.is_collectable>0</p.is_collectable>
							<p.is_fan>0</p.is_fan>
							<p.is_door>0</p.is_door>
							<p.is_ring>0</p.is_ring>
							<p.is_ball>0</p.is_ball>
							<p.is_badguy>0</p.is_badguy>
						</properties>
					</Object>
				</item>
				<item class_id_reference="9" object_id="_208">
					<Object>
						<pos>
							<x>2.500000244e+03</x>
							<y>6.000000000e+02</y>
						</pos>
						<objectDefName>greenblock</objectDefName>
						<controller_num>0</controller_num>
						<properties>
							<p.feels_gravity>0</p.feels_gravity>
							<p.feels_user_input>0</p.feels_user_input>
							<p.feels_friction>0</p.feels_friction>
							<p.spawns_enemies>0</p.spawns_enemies>
							<p.is_physical>1</p.is_physical>
							<p.is_static>1</p.is_static>
							<p.is_sensor>0</p.is_sensor>
							<p.ignores_physics_rotation>0</p.ignores_physics_rotation>
							<p.do_our_own_rotation>0</p.do_our_own_rotation>
							<p.use_angled_corners_collision_box>0</p.use_angled_corners_collision_box>
							<p.is_overlay>0</p.is_overlay>
							<p.is_player>0</p.is_player>
							<p.is_spring>0</p.is_spring>
							<p.is_collectable>0</p.is_collectable>
							<p.is_fan>0</p.is_fan>
							<p.is_door>0</p.is_door>
							<p.is_ring>0</p.is_ring>
							<p.is_ball>0</p.is_ball>
							<p.is_badguy>0</p.is_badguy>
						</properties>
					</Object>
				</item>
				<item class_id_reference="9" object_id="_209">
					<Object>
						<pos>
							<x>2.250000000e+03</x>
							<y>6.000000000e+02</y>
						</pos>
						<objectDefName>greenblock</objectDefName>
						<controller_num>0</controller_num>
						<properties>
							<p.feels_gravity>0</p.feels_gravity>
							<p.feels_user_input>0</p.feels_user_input>
							<p.feels_friction>0</p.feels_friction>
							<p.spawns_enemies>0</p.spawns_enemies>
							<p.is_physical>1</p.is_physical>
							<p.is_static>1</p.is_static>
							<p.is_sensor>0</p.is_sensor>
							<p.ignores_physics_rotation>0</p.ignores_physics_rotation>
							<p.do_our_own_rotation>0</p.do_our_own_rotation>
							<p.use_angled_corners_collision_box>0</p.use_angled_corners_collision_box>
							<p.is_overlay>0</p.is_overlay>
							<p.is_player>0</p.is_player>
							<p.is_spring>0</p.is_spring>
							<p.is_collectable>0</p.is_collectable>
							<p.is_fan>0</p.is_fan>
							<p.is_door>0</p.is_door>
							<p.is_ring>0</p.is_ring>
							<p.is_ball>0</p.is_ball>
							<p.is_badguy>0</p.is_badguy>
						</properties>
					</Object>
				</item>
				<item class_id_reference="9" object_id="_210">
					<Object>
						<pos>
							<x>2.300000000e+03</x>
							<y>6.000000000e+02</y>
						</pos>
						<objectDefName>block3</objectDefName>
						<controller_num>0</controller_num>
						<properties>
							<p.feels_gravity>0</p.feels_gravity>
							<p.feels_user_input>0</p.feels_user_input>
							<p.feels_friction>0</p.feels_friction>
							<p.spawns_enemies>0</p.spawns_enemies>
							<p.is_physical>1</p.is_physical>
							<p.is_static>1</p.is_static>
							<p.is_sensor>0</p.is_sensor>
							<p.ignores_physics_rotation>0</p.ignores_physics_rotation>
							<p.do_our_own_rotation>0</p.do_our_own_rotation>
							<p.use_angled_corners_collision_box>0</p.use_angled_corners_collision_box>
							<p.is_overlay>0</p.is_overlay>
							<p.is_player>0</p.is_player>
							<p.is_spring>0</p.is_spring>
							<p.is_collectable>0</p.is_collectable>
							<p.is_fan>0</p.is_fan>
							<p.is_door>0</p.is_door>
							<p.is_ring>0</p.is_ring>
							<p.is_ball>0</p.is_ball>
							<p.is_badguy>0</p.is_badguy>
						</properties>
					</Object>
				</item>
				<item class_id_reference="13" object_id="_211">
					<Object>
						<pos>
							<x>2.500000244e+03</x>
							<y>6.400000000e+02</y>
						</pos>
						<objectDefName>spring-up</objectDefName>
						<controller_num>0</controller_num>
						<properties>
							<p.feels_gravity>0</p.feels_gravity>
							<p.feels_user_input>0</p.feels_user_input>
							<p.feels_friction>0</p.feels_friction>
							<p.spawns_enemies>0</p.spawns_enemies>
							<p.is_physical>1</p.is_physical>
							<p.is_static>1</p.is_static>
							<p.is_sensor>1</p.is_sensor>
							<p.ignores_physics_rotation>0</p.ignores_physics_rotation>
							<p.do_our_own_rotation>0</p.do_our_own_rotation>
							<p.use_angled_corners_collision_box>0</p.use_angled_corners_collision_box>
							<p.is_overlay>0</p.is_overlay>
							<p.is_player>0</p.is_player>
							<p.is_spring>1</p.is_spring>
							<p.is_collectable>0</p.is_collectable>
							<p.is_fan>0</p.is_fan>
							<p.is_door>0</p.is_door>
							<p.is_ring>0</p.is_ring>
							<p.is_ball>0</p.is_ball>
							<p.is_badguy>0</p.is_badguy>
						</properties>
					</Object>
					<springDirection>
						<x>0.000000000e+00</x>
						<y>6.000000000e+01</y>
					</springDirection>
				</item>
				<item class_id_reference="13" object_id="_212">
					<Object>
						<pos>
							<x>2.200000000e+03</x>
							<y>4.000000000e+02</y>
						</pos>
						<objectDefName>spring-up</objectDefName>
						<controller_num>0</controller_num>
						<properties>
							<p.feels_gravity>0</p.feels_gravity>
							<p.feels_user_input>0</p.feels_user_input>
							<p.feels_friction>0</p.feels_friction>
							<p.spawns_enemies>0</p.spawns_enemies>
							<p.is_physical>1</p.is_physical>
							<p.is_static>1</p.is_static>
							<p.is_sensor>1</p.is_sensor>
							<p.ignores_physics_rotation>0</p.ignores_physics_rotation>
							<p.do_our_own_rotation>0</p.do_our_own_rotation>
							<p.use_angled_corners_collision_box>0</p.use_angled_corners_collision_box>
							<p.is_overlay>0</p.is_overlay>
							<p.is_player>0</p.is_player>
							<p.is_spring>1</p.is_spring>
							<p.is_collectable>0</p.is_collectable>
							<p.is_fan>0</p.is_fan>
							<p.is_door>0</p.is_door>
							<p.is_ring>0</p.is_ring>
							<p.is_ball>0</p.is_ball>
							<p.is_badguy>0</p.is_badguy>
						</properties>
					</Object>
					<springDirection>
						<x>0.000000000e+00</x>
						<y>2.000000000e+01</y>
					</springDirection>
				</item>
				<item class_id_reference="9" object_id="_213">
					<Object>
						<pos>
							<x>2.190000244e+03</x>
							<y>3.500000000e+02</y>
						</pos>
						<objectDefName>greenblock</objectDefName>
						<controller_num>0</controller_num>
						<properties>
							<p.feels_gravity>0</p.feels_gravity>
							<p.feels_user_input>0</p.feels_user_input>
							<p.feels_friction>0</p.feels_friction>
							<p.spawns_enemies>0</p.spawns_enemies>
							<p.is_physical>1</p.is_physical>
							<p.is_static>1</p.is_static>
							<p.is_sensor>0</p.is_sensor>
							<p.ignores_physics_rotation>0</p.ignores_physics_rotation>
							<p.do_our_own_rotation>0</p.do_our_own_rotation>
							<p.use_angled_corners_collision_box>0</p.use_angled_corners_collision_box>
							<p.is_overlay>0</p.is_overlay>
							<p.is_player>0</p.is_player>
							<p.is_spring>0</p.is_spring>
							<p.is_collectable>0</p.is_collectable>
							<p.is_fan>0</p.is_fan>
							<p.is_door>0</p.is_door>
							<p.is_ring>0</p.is_ring>
							<p.is_ball>0</p.is_ball>
							<p.is_badguy>0</p.is_badguy>
						</properties>
					</Object>
				</item>
				<item class_id_reference="9" object_id="_214">
					<Object>
						<pos>
							<x>1.990000000e+03</x>
							<y>3.500000000e+02</y>
						</pos>
						<objectDefName>block3</objectDefName>
						<controller_num>0</controller_num>
						<properties>
							<p.feels_gravity>0</p.feels_gravity>
							<p.feels_user_input>0</p.feels_user_input>
							<p.feels_friction>0</p.feels_friction>
							<p.spawns_enemies>0</p.spawns_enemies>
							<p.is_physical>1</p.is_physical>
							<p.is_static>1</p.is_static>
							<p.is_sensor>0</p.is_sensor>
							<p.ignores_physics_rotation>0</p.ignores_physics_rotation>
							<p.do_our_own_rotation>0</p.do_our_own_rotation>
							<p.use_angled_corners_collision_box>0</p.use_angled_corners_collision_box>
							<p.is_overlay>0</p.is_overlay>
							<p.is_player>0</p.is_player>
							<p.is_spring>0</p.is_spring>
							<p.is_collectable>0</p.is_collectable>
							<p.is_fan>0</p.is_fan>
							<p.is_door>0</p.is_door>
							<p.is_ring>0</p.is_ring>
							<p.is_ball>0</p.is_ball>
							<p.is_badguy>0</p.is_badguy>
						</properties>
					</Object>
				</item>
				<item class_id_reference="9" object_id="_215">
					<Object>
						<pos>
							<x>1.710000000e+03</x>
							<y>3.500000000e+02</y>
						</pos>
						<objectDefName>block3</objectDefName>
						<controller_num>0</controller_num>
						<properties>
							<p.feels_gravity>0</p.feels_gravity>
							<p.feels_user_input>0</p.feels_user_input>
							<p.feels_friction>0</p.feels_friction>
							<p.spawns_enemies>0</p.spawns_enemies>
							<p.is_physical>1</p.is_physical>
							<p.is_static>1</p.is_static>
							<p.is_sensor>0</p.is_sensor>
							<p.ignores_physics_rotation>0</p.ignores_physics_rotation>
							<p.do_our_own_rotation>0</p.do_our_own_rotation>
							<p.use_angled_corners_collision_box>0</p.use_angled_corners_collision_box>
							<p.is_overlay>0</p.is_overlay>
							<p.is_player>0</p.is_player>
							<p.is_spring>0</p.is_spring>
							<p.is_collectable>0</p.is_collectable>
							<p.is_fan>0</p.is_fan>
							<p.is_door>0</p.is_door>
							<p.is_ring>0</p.is_ring>
							<p.is_ball>0</p.is_ball>
							<p.is_badguy>0</p.is_badguy>
						</properties>
					</Object>
				</item>
				<item class_id_reference="9" object_id="_216">
					<Object>
						<pos>
							<x>1.650000000e+03</x>
							<y>3.300000000e+02</y>
						</pos>
						<objectDefName>block3</objectDefName>
						<controller_num>0</controller_num>
						<properties>
							<p.feels_gravity>0</p.feels_gravity>
							<p.feels_user_input>0</p.feels_user_input>
							<p.feels_friction>0</p.feels_friction>
							<p.spawns_enemies>0</p.spawns_enemies>
							<p.is_physical>1</p.is_physical>
							<p.is_static>1</p.is_static>
							<p.is_sensor>0</p.is_sensor>
							<p.ignores_physics_rotation>0</p.ignores_physics_rotation>
							<p.do_our_own_rotation>0</p.do_our_own_rotation>
							<p.use_angled_corners_collision_box>0</p.use_angled_corners_collision_box>
							<p.is_overlay>0</p.is_overlay>
							<p.is_player>0</p.is_player>
							<p.is_spring>0</p.is_spring>
							<p.is_collectable>0</p.is_collectable>
							<p.is_fan>0</p.is_fan>
							<p.is_door>0</p.is_door>
							<p.is_ring>0</p.is_ring>
							<p.is_ball>0</p.is_ball>
							<p.is_badguy>0</p.is_badguy>
						</properties>
					</Object>
				</item>
				<item class_id_reference="9" object_id="_217">
					<Object>
						<pos>
							<x>1.600000122e+03</x>
							<y>3.000000000e+02</y>
						</pos>
						<objectDefName>greenblock</objectDefName>
						<controller_num>0</controller_num>
						<properties>
							<p.feels_gravity>0</p.feels_gravity>
							<p.feels_user_input>0</p.feels_user_input>
							<p.feels_friction>0</p.feels_friction>
							<p.spawns_enemies>0</p.spawns_enemies>
							<p.is_physical>1</p.is_physical>
							<p.is_static>1</p.is_static>
							<p.is_sensor>0</p.is_sensor>
							<p.ignores_physics_rotation>0</p.ignores_physics_rotation>
							<p.do_our_own_rotation>0</p.do_our_own_rotation>
							<p.use_angled_corners_collision_box>0</p.use_angled_corners_collision_box>
							<p.is_overlay>0</p.is_overlay>
							<p.is_player>0</p.is_player>
							<p.is_spring>0</p.is_spring>
							<p.is_collectable>0</p.is_collectable>
							<p.is_fan>0</p.is_fan>
							<p.is_door>0</p.is_door>
							<p.is_ring>0</p.is_ring>
							<p.is_ball>0</p.is_ball>
							<p.is_badguy>0</p.is_badguy>
						</properties>
					</Object>
				</item>
				<item class_id_reference="9" object_id="_218">
					<Object>
						<pos>
							<x>1.710000000e+03</x>
							<y>3.400000000e+02</y>
						</pos>
						<objectDefName>s_palm_tall</objectDefName>
						<controller_num>0</controller_num>
						<properties>
							<p.feels_gravity>0</p.feels_gravity>
							<p.feels_user_input>0</p.feels_user_input>
							<p.feels_friction>0</p.feels_friction>
							<p.spawns_enemies>0</p.spawns_enemies>
							<p.is_physical>0</p.is_physical>
							<p.is_static>1</p.is_static>
							<p.is_sensor>0</p.is_sensor>
							<p.ignores_physics_rotation>0</p.ignores_physics_rotation>
							<p.do_our_own_rotation>0</p.do_our_own_rotation>
							<p.use_angled_corners_collision_box>0</p.use_angled_corners_collision_box>
							<p.is_overlay>0</p.is_overlay>
							<p.is_player>0</p.is_player>
							<p.is_spring>0</p.is_spring>
							<p.is_collectable>0</p.is_collectable>
							<p.is_fan>0</p.is_fan>
							<p.is_door>0</p.is_door>
							<p.is_ring>0</p.is_ring>
							<p.is_ball>0</p.is_ball>
							<p.is_badguy>0</p.is_badguy>
						</properties>
					</Object>
				</item>
				<item class_id_reference="9" object_id="_219">
					<Object>
						<pos>
							<x>1.690000000e+03</x>
							<y>3.500000000e+02</y>
						</pos>
						<objectDefName>s_palm_tall</objectDefName>
						<controller_num>0</controller_num>
						<properties>
							<p.feels_gravity>0</p.feels_gravity>
							<p.feels_user_input>0</p.feels_user_input>
							<p.feels_friction>0</p.feels_friction>
							<p.spawns_enemies>0</p.spawns_enemies>
							<p.is_physical>0</p.is_physical>
							<p.is_static>1</p.is_static>
							<p.is_sensor>0</p.is_sensor>
							<p.ignores_physics_rotation>0</p.ignores_physics_rotation>
							<p.do_our_own_rotation>0</p.do_our_own_rotation>
							<p.use_angled_corners_collision_box>0</p.use_angled_corners_collision_box>
							<p.is_overlay>0</p.is_overlay>
							<p.is_player>0</p.is_player>
							<p.is_spring>0</p.is_spring>
							<p.is_collectable>0</p.is_collectable>
							<p.is_fan>0</p.is_fan>
							<p.is_door>0</p.is_door>
							<p.is_ring>0</p.is_ring>
							<p.is_ball>0</p.is_ball>
							<p.is_badguy>0</p.is_badguy>
						</properties>
					</Object>
				</item>
				<item class_id_reference="12" object_id="_220">
					<Object>
						<pos>
							<x>1.849999878e+03</x>
							<y>4.000000305e+02</y>
						</pos>
						<objectDefName>ring</objectDefName>
						<controller_num>0</controller_num>
						<properties>
							<p.feels_gravity>0</p.feels_gravity>
							<p.feels_user_input>0</p.feels_user_input>
							<p.feels_friction>0</p.feels_friction>
							<p.spawns_enemies>0</p.spawns_enemies>
							<p.is_physical>1</p.is_physical>
							<p.is_static>1</p.is_static>
							<p.is_sensor>1</p.is_sensor>
							<p.ignores_physics_rotation>0</p.ignores_physics_rotation>
							<p.do_our_own_rotation>0</p.do_our_own_rotation>
							<p.use_angled_corners_collision_box>0</p.use_angled_corners_collision_box>
							<p.is_overlay>0</p.is_overlay>
							<p.is_player>0</p.is_player>
							<p.is_spring>0</p.is_spring>
							<p.is_collectable>1</p.is_collectable>
							<p.is_fan>0</p.is_fan>
							<p.is_door>0</p.is_door>
							<p.is_ring>1</p.is_ring>
							<p.is_ball>0</p.is_ball>
							<p.is_badguy>0</p.is_badguy>
						</properties>
					</Object>
				</item>
				<item class_id_reference="12" object_id="_221">
					<Object>
						<pos>
							<x>1.799999878e+03</x>
							<y>4.000000305e+02</y>
						</pos>
						<objectDefName>ring</objectDefName>
						<controller_num>0</controller_num>
						<properties>
							<p.feels_gravity>0</p.feels_gravity>
							<p.feels_user_input>0</p.feels_user_input>
							<p.feels_friction>0</p.feels_friction>
							<p.spawns_enemies>0</p.spawns_enemies>
							<p.is_physical>1</p.is_physical>
							<p.is_static>1</p.is_static>
							<p.is_sensor>1</p.is_sensor>
							<p.ignores_physics_rotation>0</p.ignores_physics_rotation>
							<p.do_our_own_rotation>0</p.do_our_own_rotation>
							<p.use_angled_corners_collision_box>0</p.use_angled_corners_collision_box>
							<p.is_overlay>0</p.is_overlay>
							<p.is_player>0</p.is_player>
							<p.is_spring>0</p.is_spring>
							<p.is_collectable>1</p.is_collectable>
							<p.is_fan>0</p.is_fan>
							<p.is_door>0</p.is_door>
							<p.is_ring>1</p.is_ring>
							<p.is_ball>0</p.is_ball>
							<p.is_badguy>0</p.is_badguy>
						</properties>
					</Object>
				</item>
				<item class_id_reference="12" object_id="_222">
					<Object>
						<pos>
							<x>1.750000000e+03</x>
							<y>4.000000305e+02</y>
						</pos>
						<objectDefName>ring</objectDefName>
						<controller_num>0</controller_num>
						<properties>
							<p.feels_gravity>0</p.feels_gravity>
							<p.feels_user_input>0</p.feels_user_input>
							<p.feels_friction>0</p.feels_friction>
							<p.spawns_enemies>0</p.spawns_enemies>
							<p.is_physical>1</p.is_physical>
							<p.is_static>1</p.is_static>
							<p.is_sensor>1</p.is_sensor>
							<p.ignores_physics_rotation>0</p.ignores_physics_rotation>
							<p.do_our_own_rotation>0</p.do_our_own_rotation>
							<p.use_angled_corners_collision_box>0</p.use_angled_corners_collision_box>
							<p.is_overlay>0</p.is_overlay>
							<p.is_player>0</p.is_player>
							<p.is_spring>0</p.is_spring>
							<p.is_collectable>1</p.is_collectable>
							<p.is_fan>0</p.is_fan>
							<p.is_door>0</p.is_door>
							<p.is_ring>1</p.is_ring>
							<p.is_ball>0</p.is_ball>
							<p.is_badguy>0</p.is_badguy>
						</properties>
					</Object>
				</item>
				<item class_id_reference="12" object_id="_223">
					<Object>
						<pos>
							<x>1.400000000e+03</x>
							<y>4.500000305e+02</y>
						</pos>
						<objectDefName>ring</objectDefName>
						<controller_num>0</controller_num>
						<properties>
							<p.feels_gravity>0</p.feels_gravity>
							<p.feels_user_input>0</p.feels_user_input>
							<p.feels_friction>0</p.feels_friction>
							<p.spawns_enemies>0</p.spawns_enemies>
							<p.is_physical>1</p.is_physical>
							<p.is_static>1</p.is_static>
							<p.is_sensor>1</p.is_sensor>
							<p.ignores_physics_rotation>0</p.ignores_physics_rotation>
							<p.do_our_own_rotation>0</p.do_our_own_rotation>
							<p.use_angled_corners_collision_box>0</p.use_angled_corners_collision_box>
							<p.is_overlay>0</p.is_overlay>
							<p.is_player>0</p.is_player>
							<p.is_spring>0</p.is_spring>
							<p.is_collectable>1</p.is_collectable>
							<p.is_fan>0</p.is_fan>
							<p.is_door>0</p.is_door>
							<p.is_ring>1</p.is_ring>
							<p.is_ball>0</p.is_ball>
							<p.is_badguy>0</p.is_badguy>
						</properties>
					</Object>
				</item>
				<item class_id_reference="12" object_id="_224">
					<Object>
						<pos>
							<x>1.350000000e+03</x>
							<y>4.750000000e+02</y>
						</pos>
						<objectDefName>ring</objectDefName>
						<controller_num>0</controller_num>
						<properties>
							<p.feels_gravity>0</p.feels_gravity>
							<p.feels_user_input>0</p.feels_user_input>
							<p.feels_friction>0</p.feels_friction>
							<p.spawns_enemies>0</p.spawns_enemies>
							<p.is_physical>1</p.is_physical>
							<p.is_static>1</p.is_static>
							<p.is_sensor>1</p.is_sensor>
							<p.ignores_physics_rotation>0</p.ignores_physics_rotation>
							<p.do_our_own_rotation>0</p.do_our_own_rotation>
							<p.use_angled_corners_collision_box>0</p.use_angled_corners_collision_box>
							<p.is_overlay>0</p.is_overlay>
							<p.is_player>0</p.is_player>
							<p.is_spring>0</p.is_spring>
							<p.is_collectable>1</p.is_collectable>
							<p.is_fan>0</p.is_fan>
							<p.is_door>0</p.is_door>
							<p.is_ring>1</p.is_ring>
							<p.is_ball>0</p.is_ball>
							<p.is_badguy>0</p.is_badguy>
						</properties>
					</Object>
				</item>
				<item class_id_reference="12" object_id="_225">
					<Object>
						<pos>
							<x>1.300000000e+03</x>
							<y>5.000000000e+02</y>
						</pos>
						<objectDefName>ring</objectDefName>
						<controller_num>0</controller_num>
						<properties>
							<p.feels_gravity>0</p.feels_gravity>
							<p.feels_user_input>0</p.feels_user_input>
							<p.feels_friction>0</p.feels_friction>
							<p.spawns_enemies>0</p.spawns_enemies>
							<p.is_physical>1</p.is_physical>
							<p.is_static>1</p.is_static>
							<p.is_sensor>1</p.is_sensor>
							<p.ignores_physics_rotation>0</p.ignores_physics_rotation>
							<p.do_our_own_rotation>0</p.do_our_own_rotation>
							<p.use_angled_corners_collision_box>0</p.use_angled_corners_collision_box>
							<p.is_overlay>0</p.is_overlay>
							<p.is_player>0</p.is_player>
							<p.is_spring>0</p.is_spring>
							<p.is_collectable>1</p.is_collectable>
							<p.is_fan>0</p.is_fan>
							<p.is_door>0</p.is_door>
							<p.is_ring>1</p.is_ring>
							<p.is_ball>0</p.is_ball>
							<p.is_badguy>0</p.is_badguy>
						</properties>
					</Object>
				</item>
				<item class_id_reference="12" object_id="_226">
					<Object>
						<pos>
							<x>1.250000000e+03</x>
							<y>4.750000000e+02</y>
						</pos>
						<objectDefName>ring</objectDefName>
						<controller_num>0</controller_num>
						<properties>
							<p.feels_gravity>0</p.feels_gravity>
							<p.feels_user_input>0</p.feels_user_input>
							<p.feels_friction>0</p.feels_friction>
							<p.spawns_enemies>0</p.spawns_enemies>
							<p.is_physical>1</p.is_physical>
							<p.is_static>1</p.is_static>
							<p.is_sensor>1</p.is_sensor>
							<p.ignores_physics_rotation>0</p.ignores_physics_rotation>
							<p.do_our_own_rotation>0</p.do_our_own_rotation>
							<p.use_angled_corners_collision_box>0</p.use_angled_corners_collision_box>
							<p.is_overlay>0</p.is_overlay>
							<p.is_player>0</p.is_player>
							<p.is_spring>0</p.is_spring>
							<p.is_collectable>1</p.is_collectable>
							<p.is_fan>0</p.is_fan>
							<p.is_door>0</p.is_door>
							<p.is_ring>1</p.is_ring>
							<p.is_ball>0</p.is_ball>
							<p.is_badguy>0</p.is_badguy>
						</properties>
					</Object>
				</item>
				<item class_id_reference="12" object_id="_227">
					<Object>
						<pos>
							<x>1.200000000e+03</x>
							<y>4.500000305e+02</y>
						</pos>
						<objectDefName>ring</objectDefName>
						<controller_num>0</controller_num>
						<properties>
							<p.feels_gravity>0</p.feels_gravity>
							<p.feels_user_input>0</p.feels_user_input>
							<p.feels_friction>0</p.feels_friction>
							<p.spawns_enemies>0</p.spawns_enemies>
							<p.is_physical>1</p.is_physical>
							<p.is_static>1</p.is_static>
							<p.is_sensor>1</p.is_sensor>
							<p.ignores_physics_rotation>0</p.ignores_physics_rotation>
							<p.do_our_own_rotation>0</p.do_our_own_rotation>
							<p.use_angled_corners_collision_box>0</p.use_angled_corners_collision_box>
							<p.is_overlay>0</p.is_overlay>
							<p.is_player>0</p.is_player>
							<p.is_spring>0</p.is_spring>
							<p.is_collectable>1</p.is_collectable>
							<p.is_fan>0</p.is_fan>
							<p.is_door>0</p.is_door>
							<p.is_ring>1</p.is_ring>
							<p.is_ball>0</p.is_ball>
							<p.is_badguy>0</p.is_badguy>
						</properties>
					</Object>
				</item>
				<item class_id_reference="9" object_id="_228">
					<Object>
						<pos>
							<x>1.000000000e+03</x>
							<y>3.500000000e+02</y>
						</pos>
						<objectDefName>greenblock</objectDefName>
						<controller_num>0</controller_num>
						<properties>
							<p.feels_gravity>0</p.feels_gravity>
							<p.feels_user_input>0</p.feels_user_input>
							<p.feels_friction>0</p.feels_friction>
							<p.spawns_enemies>0</p.spawns_enemies>
							<p.is_physical>1</p.is_physical>
							<p.is_static>1</p.is_static>
							<p.is_sensor>0</p.is_sensor>
							<p.ignores_physics_rotation>0</p.ignores_physics_rotation>
							<p.do_our_own_rotation>0</p.do_our_own_rotation>
							<p.use_angled_corners_collision_box>0</p.use_angled_corners_collision_box>
							<p.is_overlay>0</p.is_overlay>
							<p.is_player>0</p.is_player>
							<p.is_spring>0</p.is_spring>
							<p.is_collectable>0</p.is_collectable>
							<p.is_fan>0</p.is_fan>
							<p.is_door>0</p.is_door>
							<p.is_ring>0</p.is_ring>
							<p.is_ball>0</p.is_ball>
							<p.is_badguy>0</p.is_badguy>
						</properties>
					</Object>
				</item>
				<item class_id_reference="9" object_id="_229">
					<Object>
						<pos>
							<x>1.000000000e+03</x>
							<y>4.000000000e+02</y>
						</pos>
						<objectDefName>s_sign_arrow</objectDefName>
						<controller_num>0</controller_num>
						<properties>
							<p.feels_gravity>0</p.feels_gravity>
							<p.feels_user_input>0</p.feels_user_input>
							<p.feels_friction>0</p.feels_friction>
							<p.spawns_enemies>0</p.spawns_enemies>
							<p.is_physical>0</p.is_physical>
							<p.is_static>1</p.is_static>
							<p.is_sensor>0</p.is_sensor>
							<p.ignores_physics_rotation>0</p.ignores_physics_rotation>
							<p.do_our_own_rotation>0</p.do_our_own_rotation>
							<p.use_angled_corners_collision_box>0</p.use_angled_corners_collision_box>
							<p.is_overlay>0</p.is_overlay>
							<p.is_player>0</p.is_player>
							<p.is_spring>0</p.is_spring>
							<p.is_collectable>0</p.is_collectable>
							<p.is_fan>0</p.is_fan>
							<p.is_door>0</p.is_door>
							<p.is_ring>0</p.is_ring>
							<p.is_ball>0</p.is_ball>
							<p.is_badguy>0</p.is_badguy>
						</properties>
					</Object>
				</item>
				<item class_id_reference="9" object_id="_230">
					<Object>
						<pos>
							<x>1.050000000e+03</x>
							<y>3.500000000e+02</y>
						</pos>
						<objectDefName>greenblock</objectDefName>
						<controller_num>0</controller_num>
						<properties>
							<p.feels_gravity>0</p.feels_gravity>
							<p.feels_user_input>0</p.feels_user_input>
							<p.feels_friction>0</p.feels_friction>
							<p.spawns_enemies>0</p.spawns_enemies>
							<p.is_physical>1</p.is_physical>
							<p.is_static>1</p.is_static>
							<p.is_sensor>0</p.is_sensor>
							<p.ignores_physics_rotation>0</p.ignores_physics_rotation>
							<p.do_our_own_rotation>0</p.do_our_own_rotation>
							<p.use_angled_corners_collision_box>0</p.use_angled_corners_collision_box>
							<p.is_overlay>0</p.is_overlay>
							<p.is_player>0</p.is_player>
							<p.is_spring>0</p.is_spring>
							<p.is_collectable>0</p.is_collectable>
							<p.is_fan>0</p.is_fan>
							<p.is_door>0</p.is_door>
							<p.is_ring>0</p.is_ring>
							<p.is_ball>0</p.is_ball>
							<p.is_badguy>0</p.is_badguy>
						</properties>
					</Object>
				</item>
				<item class_id_reference="9" object_id="_231">
					<Object>
						<pos>
							<x>1.100000000e+03</x>
							<y>3.500000000e+02</y>
						</pos>
						<objectDefName>greenblock</objectDefName>
						<controller_num>0</controller_num>
						<properties>
							<p.feels_gravity>0</p.feels_gravity>
							<p.feels_user_input>0</p.feels_user_input>
							<p.feels_friction>0</p.feels_friction>
							<p.spawns_enemies>0</p.spawns_enemies>
							<p.is_physical>1</p.is_physical>
							<p.is_static>1</p.is_static>
							<p.is_sensor>0</p.is_sensor>
							<p.ignores_physics_rotation>0</p.ignores_physics_rotation>
							<p.do_our_own_rotation>0</p.do_our_own_rotation>
							<p.use_angled_corners_collision_box>0</p.use_angled_corners_collision_box>
							<p.is_overlay>0</p.is_overlay>
							<p.is_player>0</p.is_player>
							<p.is_spring>0</p.is_spring>
							<p.is_collectable>0</p.is_collectable>
							<p.is_fan>0</p.is_fan>
							<p.is_door>0</p.is_door>
							<p.is_ring>0</p.is_ring>
							<p.is_ball>0</p.is_ball>
							<p.is_badguy>0</p.is_badguy>
						</properties>
					</Object>
				</item>
				<item class_id_reference="9" object_id="_232">
					<Object>
						<pos>
							<x>1.100000000e+03</x>
							<y>4.000000000e+02</y>
						</pos>
						<objectDefName>s_sign_arrow</objectDefName>
						<controller_num>0</controller_num>
						<properties>
							<p.feels_gravity>0</p.feels_gravity>
							<p.feels_user_input>0</p.feels_user_input>
							<p.feels_friction>0</p.feels_friction>
							<p.spawns_enemies>0</p.spawns_enemies>
							<p.is_physical>0</p.is_physical>
							<p.is_static>1</p.is_static>
							<p.is_sensor>0</p.is_sensor>
							<p.ignores_physics_rotation>0</p.ignores_physics_rotation>
							<p.do_our_own_rotation>0</p.do_our_own_rotation>
							<p.use_angled_corners_collision_box>0</p.use_angled_corners_collision_box>
							<p.is_overlay>0</p.is_overlay>
							<p.is_player>0</p.is_player>
							<p.is_spring>0</p.is_spring>
							<p.is_collectable>0</p.is_collectable>
							<p.is_fan>0</p.is_fan>
							<p.is_door>0</p.is_door>
							<p.is_ring>0</p.is_ring>
							<p.is_ball>0</p.is_ball>
							<p.is_badguy>0</p.is_badguy>
						</properties>
					</Object>
				</item>
				<item class_id_reference="9" object_id="_233">
					<Object>
						<pos>
							<x>1.200000000e+03</x>
							<y>3.500000000e+02</y>
						</pos>
						<objectDefName>greenblock</objectDefName>
						<controller_num>0</controller_num>
						<properties>
							<p.feels_gravity>0</p.feels_gravity>
							<p.feels_user_input>0</p.feels_user_input>
							<p.feels_friction>0</p.feels_friction>
							<p.spawns_enemies>0</p.spawns_enemies>
							<p.is_physical>1</p.is_physical>
							<p.is_static>1</p.is_static>
							<p.is_sensor>0</p.is_sensor>
							<p.ignores_physics_rotation>0</p.ignores_physics_rotation>
							<p.do_our_own_rotation>0</p.do_our_own_rotation>
							<p.use_angled_corners_collision_box>0</p.use_angled_corners_collision_box>
							<p.is_overlay>0</p.is_overlay>
							<p.is_player>0</p.is_player>
							<p.is_spring>0</p.is_spring>
							<p.is_collectable>0</p.is_collectable>
							<p.is_fan>0</p.is_fan>
							<p.is_door>0</p.is_door>
							<p.is_ring>0</p.is_ring>
							<p.is_ball>0</p.is_ball>
							<p.is_badguy>0</p.is_badguy>
						</properties>
					</Object>
				</item>
				<item class_id_reference="9" object_id="_234">
					<Object>
						<pos>
							<x>1.150000000e+03</x>
							<y>3.500000000e+02</y>
						</pos>
						<objectDefName>greenblock</objectDefName>
						<controller_num>0</controller_num>
						<properties>
							<p.feels_gravity>0</p.feels_gravity>
							<p.feels_user_input>0</p.feels_user_input>
							<p.feels_friction>0</p.feels_friction>
							<p.spawns_enemies>0</p.spawns_enemies>
							<p.is_physical>1</p.is_physical>
							<p.is_static>1</p.is_static>
							<p.is_sensor>0</p.is_sensor>
							<p.ignores_physics_rotation>0</p.ignores_physics_rotation>
							<p.do_our_own_rotation>0</p.do_our_own_rotation>
							<p.use_angled_corners_collision_box>0</p.use_angled_corners_collision_box>
							<p.is_overlay>0</p.is_overlay>
							<p.is_player>0</p.is_player>
							<p.is_spring>0</p.is_spring>
							<p.is_collectable>0</p.is_collectable>
							<p.is_fan>0</p.is_fan>
							<p.is_door>0</p.is_door>
							<p.is_ring>0</p.is_ring>
							<p.is_ball>0</p.is_ball>
							<p.is_badguy>0</p.is_badguy>
						</properties>
					</Object>
				</item>
				<item class_id_reference="9" object_id="_235">
					<Object>
						<pos>
							<x>1.200000000e+03</x>
							<y>4.000000000e+02</y>
						</pos>
						<objectDefName>s_sign_arrow</objectDefName>
						<controller_num>0</controller_num>
						<properties>
							<p.feels_gravity>0</p.feels_gravity>
							<p.feels_user_input>0</p.feels_user_input>
							<p.feels_friction>0</p.feels_friction>
							<p.spawns_enemies>0</p.spawns_enemies>
							<p.is_physical>0</p.is_physical>
							<p.is_static>1</p.is_static>
							<p.is_sensor>0</p.is_sensor>
							<p.ignores_physics_rotation>0</p.ignores_physics_rotation>
							<p.do_our_own_rotation>0</p.do_our_own_rotation>
							<p.use_angled_corners_collision_box>0</p.use_angled_corners_collision_box>
							<p.is_overlay>0</p.is_overlay>
							<p.is_player>0</p.is_player>
							<p.is_spring>0</p.is_spring>
							<p.is_collectable>0</p.is_collectable>
							<p.is_fan>0</p.is_fan>
							<p.is_door>0</p.is_door>
							<p.is_ring>0</p.is_ring>
							<p.is_ball>0</p.is_ball>
							<p.is_badguy>0</p.is_badguy>
						</properties>
					</Object>
				</item>
				<item class_id_reference="9" object_id="_236">
					<Object>
						<pos>
							<x>9.000000000e+02</x>
							<y>3.000000000e+02</y>
						</pos>
						<objectDefName>greenblock</objectDefName>
						<controller_num>0</controller_num>
						<properties>
							<p.feels_gravity>0</p.feels_gravity>
							<p.feels_user_input>0</p.feels_user_input>
							<p.feels_friction>0</p.feels_friction>
							<p.spawns_enemies>0</p.spawns_enemies>
							<p.is_physical>1</p.is_physical>
							<p.is_static>1</p.is_static>
							<p.is_sensor>0</p.is_sensor>
							<p.ignores_physics_rotation>0</p.ignores_physics_rotation>
							<p.do_our_own_rotation>0</p.do_our_own_rotation>
							<p.use_angled_corners_collision_box>0</p.use_angled_corners_collision_box>
							<p.is_overlay>0</p.is_overlay>
							<p.is_player>0</p.is_player>
							<p.is_spring>0</p.is_spring>
							<p.is_collectable>0</p.is_collectable>
							<p.is_fan>0</p.is_fan>
							<p.is_door>0</p.is_door>
							<p.is_ring>0</p.is_ring>
							<p.is_ball>0</p.is_ball>
							<p.is_badguy>0</p.is_badguy>
						</properties>
					</Object>
				</item>
				<item class_id_reference="9" object_id="_237">
					<Object>
						<pos>
							<x>8.500000000e+02</x>
							<y>2.499999695e+02</y>
						</pos>
						<objectDefName>greenblock</objectDefName>
						<controller_num>0</controller_num>
						<properties>
							<p.feels_gravity>0</p.feels_gravity>
							<p.feels_user_input>0</p.feels_user_input>
							<p.feels_friction>0</p.feels_friction>
							<p.spawns_enemies>0</p.spawns_enemies>
							<p.is_physical>1</p.is_physical>
							<p.is_static>1</p.is_static>
							<p.is_sensor>0</p.is_sensor>
							<p.ignores_physics_rotation>0</p.ignores_physics_rotation>
							<p.do_our_own_rotation>0</p.do_our_own_rotation>
							<p.use_angled_corners_collision_box>0</p.use_angled_corners_collision_box>
							<p.is_overlay>0</p.is_overlay>
							<p.is_player>0</p.is_player>
							<p.is_spring>0</p.is_spring>
							<p.is_collectable>0</p.is_collectable>
							<p.is_fan>0</p.is_fan>
							<p.is_door>0</p.is_door>
							<p.is_ring>0</p.is_ring>
							<p.is_ball>0</p.is_ball>
							<p.is_badguy>0</p.is_badguy>
						</properties>
					</Object>
				</item>
				<item class_id_reference="9" object_id="_238">
					<Object>
						<pos>
							<x>8.000000000e+02</x>
							<y>2.000000000e+02</y>
						</pos>
						<objectDefName>greenblock</objectDefName>
						<controller_num>0</controller_num>
						<properties>
							<p.feels_gravity>0</p.feels_gravity>
							<p.feels_user_input>0</p.feels_user_input>
							<p.feels_friction>0</p.feels_friction>
							<p.spawns_enemies>0</p.spawns_enemies>
							<p.is_physical>1</p.is_physical>
							<p.is_static>1</p.is_static>
							<p.is_sensor>0</p.is_sensor>
							<p.ignores_physics_rotation>0</p.ignores_physics_rotation>
							<p.do_our_own_rotation>0</p.do_our_own_rotation>
							<p.use_angled_corners_collision_box>0</p.use_angled_corners_collision_box>
							<p.is_overlay>0</p.is_overlay>
							<p.is_player>0</p.is_player>
							<p.is_spring>0</p.is_spring>
							<p.is_collectable>0</p.is_collectable>
							<p.is_fan>0</p.is_fan>
							<p.is_door>0</p.is_door>
							<p.is_ring>0</p.is_ring>
							<p.is_ball>0</p.is_ball>
							<p.is_badguy>0</p.is_badguy>
						</properties>
					</Object>
				</item>
				<item class_id_reference="9" object_id="_239">
					<Object>
						<pos>
							<x>7.499999390e+02</x>
							<y>1.500000000e+02</y>
						</pos>
						<objectDefName>greenblock</objectDefName>
						<controller_num>0</controller_num>
						<properties>
							<p.feels_gravity>0</p.feels_gravity>
							<p.feels_user_input>0</p.feels_user_input>
							<p.feels_friction>0</p.feels_friction>
							<p.spawns_enemies>0</p.spawns_enemies>
							<p.is_physical>1</p.is_physical>
							<p.is_static>1</p.is_static>
							<p.is_sensor>0</p.is_sensor>
							<p.ignores_physics_rotation>0</p.ignores_physics_rotation>
							<p.do_our_own_rotation>0</p.do_our_own_rotation>
							<p.use_angled_corners_collision_box>0</p.use_angled_corners_collision_box>
							<p.is_overlay>0</p.is_overlay>
							<p.is_player>0</p.is_player>
							<p.is_spring>0</p.is_spring>
							<p.is_collectable>0</p.is_collectable>
							<p.is_fan>0</p.is_fan>
							<p.is_door>0</p.is_door>
							<p.is_ring>0</p.is_ring>
							<p.is_ball>0</p.is_ball>
							<p.is_badguy>0</p.is_badguy>
						</properties>
					</Object>
				</item>
				<item class_id_reference="9" object_id="_240">
					<Object>
						<pos>
							<x>5.500000000e+02</x>
							<y>1.500000000e+02</y>
						</pos>
						<objectDefName>greenblock</objectDefName>
						<controller_num>0</controller_num>
						<properties>
							<p.feels_gravity>0</p.feels_gravity>
							<p.feels_user_input>0</p.feels_user_input>
							<p.feels_friction>0</p.feels_friction>
							<p.spawns_enemies>0</p.spawns_enemies>
							<p.is_physical>1</p.is_physical>
							<p.is_static>1</p.is_static>
							<p.is_sensor>0</p.is_sensor>
							<p.ignores_physics_rotation>0</p.ignores_physics_rotation>
							<p.do_our_own_rotation>0</p.do_our_own_rotation>
							<p.use_angled_corners_collision_box>0</p.use_angled_corners_collision_box>
							<p.is_overlay>0</p.is_overlay>
							<p.is_player>0</p.is_player>
							<p.is_spring>0</p.is_spring>
							<p.is_collectable>0</p.is_collectable>
							<p.is_fan>0</p.is_fan>
							<p.is_door>0</p.is_door>
							<p.is_ring>0</p.is_ring>
							<p.is_ball>0</p.is_ball>
							<p.is_badguy>0</p.is_badguy>
						</properties>
					</Object>
				</item>
				<item class_id_reference="9" object_id="_241">
					<Object>
						<pos>
							<x>5.800000000e+02</x>
							<y>1.800000000e+02</y>
						</pos>
						<objectDefName>block3</objectDefName>
						<controller_num>0</controller_num>
						<properties>
							<p.feels_gravity>0</p.feels_gravity>
							<p.feels_user_input>0</p.feels_user_input>
							<p.feels_friction>0</p.feels_friction>
							<p.spawns_enemies>0</p.spawns_enemies>
							<p.is_physical>1</p.is_physical>
							<p.is_static>1</p.is_static>
							<p.is_sensor>0</p.is_sensor>
							<p.ignores_physics_rotation>0</p.ignores_physics_rotation>
							<p.do_our_own_rotation>0</p.do_our_own_rotation>
							<p.use_angled_corners_collision_box>0</p.use_angled_corners_collision_box>
							<p.is_overlay>0</p.is_overlay>
							<p.is_player>0</p.is_player>
							<p.is_spring>0</p.is_spring>
							<p.is_collectable>0</p.is_collectable>
							<p.is_fan>0</p.is_fan>
							<p.is_door>0</p.is_door>
							<p.is_ring>0</p.is_ring>
							<p.is_ball>0</p.is_ball>
							<p.is_badguy>0</p.is_badguy>
						</properties>
					</Object>
				</item>
				<item class_id_reference="9" object_id="_242">
					<Object>
						<pos>
							<x>3.500000000e+02</x>
							<y>1.200000000e+02</y>
						</pos>
						<objectDefName>greenblock</objectDefName>
						<controller_num>0</controller_num>
						<properties>
							<p.feels_gravity>0</p.feels_gravity>
							<p.feels_user_input>0</p.feels_user_input>
							<p.feels_friction>0</p.feels_friction>
							<p.spawns_enemies>0</p.spawns_enemies>
							<p.is_physical>1</p.is_physical>
							<p.is_static>1</p.is_static>
							<p.is_sensor>0</p.is_sensor>
							<p.ignores_physics_rotation>0</p.ignores_physics_rotation>
							<p.do_our_own_rotation>0</p.do_our_own_rotation>
							<p.use_angled_corners_collision_box>0</p.use_angled_corners_collision_box>
							<p.is_overlay>0</p.is_overlay>
							<p.is_player>0</p.is_player>
							<p.is_spring>0</p.is_spring>
							<p.is_collectable>0</p.is_collectable>
							<p.is_fan>0</p.is_fan>
							<p.is_door>0</p.is_door>
							<p.is_ring>0</p.is_ring>
							<p.is_ball>0</p.is_ball>
							<p.is_badguy>0</p.is_badguy>
						</properties>
					</Object>
				</item>
				<item class_id_reference="9" object_id="_243">
					<Object>
						<pos>
							<x>3.749999695e+02</x>
							<y>7.000000000e+01</y>
						</pos>
						<objectDefName>greenblock</objectDefName>
						<controller_num>0</controller_num>
						<properties>
							<p.feels_gravity>0</p.feels_gravity>
							<p.feels_user_input>0</p.feels_user_input>
							<p.feels_friction>0</p.feels_friction>
							<p.spawns_enemies>0</p.spawns_enemies>
							<p.is_physical>1</p.is_physical>
							<p.is_static>1</p.is_static>
							<p.is_sensor>0</p.is_sensor>
							<p.ignores_physics_rotation>0</p.ignores_physics_rotation>
							<p.do_our_own_rotation>0</p.do_our_own_rotation>
							<p.use_angled_corners_collision_box>0</p.use_angled_corners_collision_box>
							<p.is_overlay>0</p.is_overlay>
							<p.is_player>0</p.is_player>
							<p.is_spring>0</p.is_spring>
							<p.is_collectable>0</p.is_collectable>
							<p.is_fan>0</p.is_fan>
							<p.is_door>0</p.is_door>
							<p.is_ring>0</p.is_ring>
							<p.is_ball>0</p.is_ball>
							<p.is_badguy>0</p.is_badguy>
						</properties>
					</Object>
				</item>
				<item class_id_reference="9" object_id="_244">
					<Object>
						<pos>
							<x>3.250000000e+02</x>
							<y>7.000000000e+01</y>
						</pos>
						<objectDefName>greenblock</objectDefName>
						<controller_num>0</controller_num>
						<properties>
							<p.feels_gravity>0</p.feels_gravity>
							<p.feels_user_input>0</p.feels_user_input>
							<p.feels_friction>0</p.feels_friction>
							<p.spawns_enemies>0</p.spawns_enemies>
							<p.is_physical>1</p.is_physical>
							<p.is_static>1</p.is_static>
							<p.is_sensor>0</p.is_sensor>
							<p.ignores_physics_rotation>0</p.ignores_physics_rotation>
							<p.do_our_own_rotation>0</p.do_our_own_rotation>
							<p.use_angled_corners_collision_box>0</p.use_angled_corners_collision_box>
							<p.is_overlay>0</p.is_overlay>
							<p.is_player>0</p.is_player>
							<p.is_spring>0</p.is_spring>
							<p.is_collectable>0</p.is_collectable>
							<p.is_fan>0</p.is_fan>
							<p.is_door>0</p.is_door>
							<p.is_ring>0</p.is_ring>
							<p.is_ball>0</p.is_ball>
							<p.is_badguy>0</p.is_badguy>
						</properties>
					</Object>
				</item>
				<item class_id_reference="9" object_id="_245">
					<Object>
						<pos>
							<x>4.000000000e+02</x>
							<y>2.000000000e+01</y>
						</pos>
						<objectDefName>greenblock</objectDefName>
						<controller_num>0</controller_num>
						<properties>
							<p.feels_gravity>0</p.feels_gravity>
							<p.feels_user_input>0</p.feels_user_input>
							<p.feels_friction>0</p.feels_friction>
							<p.spawns_enemies>0</p.spawns_enemies>
							<p.is_physical>1</p.is_physical>
							<p.is_static>1</p.is_static>
							<p.is_sensor>0</p.is_sensor>
							<p.ignores_physics_rotation>0</p.ignores_physics_rotation>
							<p.do_our_own_rotation>0</p.do_our_own_rotation>
							<p.use_angled_corners_collision_box>0</p.use_angled_corners_collision_box>
							<p.is_overlay>0</p.is_overlay>
							<p.is_player>0</p.is_player>
							<p.is_spring>0</p.is_spring>
							<p.is_collectable>0</p.is_collectable>
							<p.is_fan>0</p.is_fan>
							<p.is_door>0</p.is_door>
							<p.is_ring>0</p.is_ring>
							<p.is_ball>0</p.is_ball>
							<p.is_badguy>0</p.is_badguy>
						</properties>
					</Object>
				</item>
				<item class_id_reference="9" object_id="_246">
					<Object>
						<pos>
							<x>3.500000000e+02</x>
							<y>2.000000000e+01</y>
						</pos>
						<objectDefName>spawner</objectDefName>
						<controller_num>0</controller_num>
						<properties>
							<p.feels_gravity>0</p.feels_gravity>
							<p.feels_user_input>0</p.feels_user_input>
							<p.feels_friction>0</p.feels_friction>
							<p.spawns_enemies>1</p.spawns_enemies>
							<p.is_physical>1</p.is_physical>
							<p.is_static>1</p.is_static>
							<p.is_sensor>0</p.is_sensor>
							<p.ignores_physics_rotation>0</p.ignores_physics_rotation>
							<p.do_our_own_rotation>0</p.do_our_own_rotation>
							<p.use_angled_corners_collision_box>0</p.use_angled_corners_collision_box>
							<p.is_overlay>0</p.is_overlay>
							<p.is_player>0</p.is_player>
							<p.is_spring>0</p.is_spring>
							<p.is_collectable>0</p.is_collectable>
							<p.is_fan>0</p.is_fan>
							<p.is_door>0</p.is_door>
							<p.is_ring>0</p.is_ring>
							<p.is_ball>0</p.is_ball>
							<p.is_badguy>0</p.is_badguy>
						</properties>
					</Object>
				</item>
				<item class_id_reference="9" object_id="_247">
					<Object>
						<pos>
							<x>3.000000000e+02</x>
							<y>2.000000000e+01</y>
						</pos>
						<objectDefName>greenblock</objectDefName>
						<controller_num>0</controller_num>
						<properties>
							<p.feels_gravity>0</p.feels_gravity>
							<p.feels_user_input>0</p.feels_user_input>
							<p.feels_friction>0</p.feels_friction>
							<p.spawns_enemies>0</p.spawns_enemies>
							<p.is_physical>1</p.is_physical>
							<p.is_static>1</p.is_static>
							<p.is_sensor>0</p.is_sensor>
							<p.ignores_physics_rotation>0</p.ignores_physics_rotation>
							<p.do_our_own_rotation>0</p.do_our_own_rotation>
							<p.use_angled_corners_collision_box>0</p.use_angled_corners_collision_box>
							<p.is_overlay>0</p.is_overlay>
							<p.is_player>0</p.is_player>
							<p.is_spring>0</p.is_spring>
							<p.is_collectable>0</p.is_collectable>
							<p.is_fan>0</p.is_fan>
							<p.is_door>0</p.is_door>
							<p.is_ring>0</p.is_ring>
							<p.is_ball>0</p.is_ball>
							<p.is_badguy>0</p.is_badguy>
						</properties>
					</Object>
				</item>
				<item class_id_reference="9" object_id="_248">
					<Object>
						<pos>
							<x>2.000000153e+02</x>
							<y>2.000000000e+01</y>
						</pos>
						<objectDefName>smallblock</objectDefName>
						<controller_num>0</controller_num>
						<properties>
							<p.feels_gravity>0</p.feels_gravity>
							<p.feels_user_input>0</p.feels_user_input>
							<p.feels_friction>0</p.feels_friction>
							<p.spawns_enemies>0</p.spawns_enemies>
							<p.is_physical>1</p.is_physical>
							<p.is_static>1</p.is_static>
							<p.is_sensor>0</p.is_sensor>
							<p.ignores_physics_rotation>0</p.ignores_physics_rotation>
							<p.do_our_own_rotation>0</p.do_our_own_rotation>
							<p.use_angled_corners_collision_box>0</p.use_angled_corners_collision_box>
							<p.is_overlay>0</p.is_overlay>
							<p.is_player>0</p.is_player>
							<p.is_spring>0</p.is_spring>
							<p.is_collectable>0</p.is_collectable>
							<p.is_fan>0</p.is_fan>
							<p.is_door>0</p.is_door>
							<p.is_ring>0</p.is_ring>
							<p.is_ball>0</p.is_ball>
							<p.is_badguy>0</p.is_badguy>
						</properties>
					</Object>
				</item>
				<item class_id_reference="9" object_id="_249">
					<Object>
						<pos>
							<x>1.300000000e+02</x>
							<y>1.750000000e+02</y>
						</pos>
						<objectDefName>smallblock</objectDefName>
						<controller_num>0</controller_num>
						<properties>
							<p.feels_gravity>0</p.feels_gravity>
							<p.feels_user_input>0</p.feels_user_input>
							<p.feels_friction>0</p.feels_friction>
							<p.spawns_enemies>0</p.spawns_enemies>
							<p.is_physical>1</p.is_physical>
							<p.is_static>1</p.is_static>
							<p.is_sensor>0</p.is_sensor>
							<p.ignores_physics_rotation>0</p.ignores_physics_rotation>
							<p.do_our_own_rotation>0</p.do_our_own_rotation>
							<p.use_angled_corners_collision_box>0</p.use_angled_corners_collision_box>
							<p.is_overlay>0</p.is_overlay>
							<p.is_player>0</p.is_player>
							<p.is_spring>0</p.is_spring>
							<p.is_collectable>0</p.is_collectable>
							<p.is_fan>0</p.is_fan>
							<p.is_door>0</p.is_door>
							<p.is_ring>0</p.is_ring>
							<p.is_ball>0</p.is_ball>
							<p.is_badguy>0</p.is_badguy>
						</properties>
					</Object>
				</item>
				<item class_id_reference="9" object_id="_250">
					<Object>
						<pos>
							<x>1.000000000e+02</x>
							<y>1.750000000e+02</y>
						</pos>
						<objectDefName>smallblock</objectDefName>
						<controller_num>0</controller_num>
						<properties>
							<p.feels_gravity>0</p.feels_gravity>
							<p.feels_user_input>0</p.feels_user_input>
							<p.feels_friction>0</p.feels_friction>
							<p.spawns_enemies>0</p.spawns_enemies>
							<p.is_physical>1</p.is_physical>
							<p.is_static>1</p.is_static>
							<p.is_sensor>0</p.is_sensor>
							<p.ignores_physics_rotation>0</p.ignores_physics_rotation>
							<p.do_our_own_rotation>0</p.do_our_own_rotation>
							<p.use_angled_corners_collision_box>0</p.use_angled_corners_collision_box>
							<p.is_overlay>0</p.is_overlay>
							<p.is_player>0</p.is_player>
							<p.is_spring>0</p.is_spring>
							<p.is_collectable>0</p.is_collectable>
							<p.is_fan>0</p.is_fan>
							<p.is_door>0</p.is_door>
							<p.is_ring>0</p.is_ring>
							<p.is_ball>0</p.is_ball>
							<p.is_badguy>0</p.is_badguy>
						</properties>
					</Object>
				</item>
				<item class_id_reference="9" object_id="_251">
					<Object>
						<pos>
							<x>7.000000000e+01</x>
							<y>1.750000000e+02</y>
						</pos>
						<objectDefName>smallblock</objectDefName>
						<controller_num>0</controller_num>
						<properties>
							<p.feels_gravity>0</p.feels_gravity>
							<p.feels_user_input>0</p.feels_user_input>
							<p.feels_friction>0</p.feels_friction>
							<p.spawns_enemies>0</p.spawns_enemies>
							<p.is_physical>1</p.is_physical>
							<p.is_static>1</p.is_static>
							<p.is_sensor>0</p.is_sensor>
							<p.ignores_physics_rotation>0</p.ignores_physics_rotation>
							<p.do_our_own_rotation>0</p.do_our_own_rotation>
							<p.use_angled_corners_collision_box>0</p.use_angled_corners_collision_box>
							<p.is_overlay>0</p.is_overlay>
							<p.is_player>0</p.is_player>
							<p.is_spring>0</p.is_spring>
							<p.is_collectable>0</p.is_collectable>
							<p.is_fan>0</p.is_fan>
							<p.is_door>0</p.is_door>
							<p.is_ring>0</p.is_ring>
							<p.is_ball>0</p.is_ball>
							<p.is_badguy>0</p.is_badguy>
						</properties>
					</Object>
				</item>
				<item class_id_reference="9" object_id="_252">
					<Object>
						<pos>
							<x>4.000000000e+01</x>
							<y>1.750000000e+02</y>
						</pos>
						<objectDefName>smallblock</objectDefName>
						<controller_num>0</controller_num>
						<properties>
							<p.feels_gravity>0</p.feels_gravity>
							<p.feels_user_input>0</p.feels_user_input>
							<p.feels_friction>0</p.feels_friction>
							<p.spawns_enemies>0</p.spawns_enemies>
							<p.is_physical>1</p.is_physical>
							<p.is_static>1</p.is_static>
							<p.is_sensor>0</p.is_sensor>
							<p.ignores_physics_rotation>0</p.ignores_physics_rotation>
							<p.do_our_own_rotation>0</p.do_our_own_rotation>
							<p.use_angled_corners_collision_box>0</p.use_angled_corners_collision_box>
							<p.is_overlay>0</p.is_overlay>
							<p.is_player>0</p.is_player>
							<p.is_spring>0</p.is_spring>
							<p.is_collectable>0</p.is_collectable>
							<p.is_fan>0</p.is_fan>
							<p.is_door>0</p.is_door>
							<p.is_ring>0</p.is_ring>
							<p.is_ball>0</p.is_ball>
							<p.is_badguy>0</p.is_badguy>
						</properties>
					</Object>
				</item>
				<item class_id_reference="9" object_id="_253">
					<Object>
						<pos>
							<x>1.000000191e+01</x>
							<y>1.750000000e+02</y>
						</pos>
						<objectDefName>smallblock</objectDefName>
						<controller_num>0</controller_num>
						<properties>
							<p.feels_gravity>0</p.feels_gravity>
							<p.feels_user_input>0</p.feels_user_input>
							<p.feels_friction>0</p.feels_friction>
							<p.spawns_enemies>0</p.spawns_enemies>
							<p.is_physical>1</p.is_physical>
							<p.is_static>1</p.is_static>
							<p.is_sensor>0</p.is_sensor>
							<p.ignores_physics_rotation>0</p.ignores_physics_rotation>
							<p.do_our_own_rotation>0</p.do_our_own_rotation>
							<p.use_angled_corners_collision_box>0</p.use_angled_corners_collision_box>
							<p.is_overlay>0</p.is_overlay>
							<p.is_player>0</p.is_player>
							<p.is_spring>0</p.is_spring>
							<p.is_collectable>0</p.is_collectable>
							<p.is_fan>0</p.is_fan>
							<p.is_door>0</p.is_door>
							<p.is_ring>0</p.is_ring>
							<p.is_ball>0</p.is_ball>
							<p.is_badguy>0</p.is_badguy>
						</properties>
					</Object>
				</item>
				<item class_id_reference="9" object_id="_254">
					<Object>
						<pos>
							<x>2.544000000e+03</x>
							<y>8.300000000e+01</y>
						</pos>
						<objectDefName>s_totem1</objectDefName>
						<controller_num>0</controller_num>
						<properties>
							<p.feels_gravity>0</p.feels_gravity>
							<p.feels_user_input>0</p.feels_user_input>
							<p.feels_friction>0</p.feels_friction>
							<p.spawns_enemies>0</p.spawns_enemies>
							<p.is_physical>0</p.is_physical>
							<p.is_static>1</p.is_static>
							<p.is_sensor>0</p.is_sensor>
							<p.ignores_physics_rotation>0</p.ignores_physics_rotation>
							<p.do_our_own_rotation>0</p.do_our_own_rotation>
							<p.use_angled_corners_collision_box>0</p.use_angled_corners_collision_box>
							<p.is_overlay>0</p.is_overlay>
							<p.is_player>0</p.is_player>
							<p.is_spring>0</p.is_spring>
							<p.is_collectable>0</p.is_collectable>
							<p.is_fan>0</p.is_fan>
							<p.is_door>0</p.is_door>
							<p.is_ring>0</p.is_ring>
							<p.is_ball>0</p.is_ball>
							<p.is_badguy>0</p.is_badguy>
						</properties>
					</Object>
				</item>
				<item class_id_reference="9" object_id="_255">
					<Object>
						<pos>
							<x>2.544000000e+03</x>
							<y>2.000000000e+01</y>
						</pos>
						<objectDefName>s_totem1</objectDefName>
						<controller_num>0</controller_num>
						<properties>
							<p.feels_gravity>0</p.feels_gravity>
							<p.feels_user_input>0</p.feels_user_input>
							<p.feels_friction>0</p.feels_friction>
							<p.spawns_enemies>0</p.spawns_enemies>
							<p.is_physical>0</p.is_physical>
							<p.is_static>1</p.is_static>
							<p.is_sensor>0</p.is_sensor>
							<p.ignores_physics_rotation>0</p.ignores_physics_rotation>
							<p.do_our_own_rotation>0</p.do_our_own_rotation>
							<p.use_angled_corners_collision_box>0</p.use_angled_corners_collision_box>
							<p.is_overlay>0</p.is_overlay>
							<p.is_player>0</p.is_player>
							<p.is_spring>0</p.is_spring>
							<p.is_collectable>0</p.is_collectable>
							<p.is_fan>0</p.is_fan>
							<p.is_door>0</p.is_door>
							<p.is_ring>0</p.is_ring>
							<p.is_ball>0</p.is_ball>
							<p.is_badguy>0</p.is_badguy>
						</properties>
					</Object>
				</item>
				<item class_id_reference="9" object_id="_256">
					<Object>
						<pos>
							<x>1.200000000e+03</x>
							<y>2.000000000e+01</y>
						</pos>
						<objectDefName>s_sign_arrow</objectDefName>
						<controller_num>0</controller_num>
						<properties>
							<p.feels_gravity>0</p.feels_gravity>
							<p.feels_user_input>0</p.feels_user_input>
							<p.feels_friction>0</p.feels_friction>
							<p.spawns_enemies>0</p.spawns_enemies>
							<p.is_physical>0</p.is_physical>
							<p.is_static>1</p.is_static>
							<p.is_sensor>0</p.is_sensor>
							<p.ignores_physics_rotation>0</p.ignores_physics_rotation>
							<p.do_our_own_rotation>0</p.do_our_own_rotation>
							<p.use_angled_corners_collision_box>0</p.use_angled_corners_collision_box>
							<p.is_overlay>0</p.is_overlay>
							<p.is_player>0</p.is_player>
							<p.is_spring>0</p.is_spring>
							<p.is_collectable>0</p.is_collectable>
							<p.is_fan>0</p.is_fan>
							<p.is_door>0</p.is_door>
							<p.is_ring>0</p.is_ring>
							<p.is_ball>0</p.is_ball>
							<p.is_badguy>0</p.is_badguy>
						</properties>
					</Object>
				</item>
				<item class_id_reference="9" object_id="_257">
					<Object>
						<pos>
							<x>1.100000000e+03</x>
							<y>2.000000000e+01</y>
						</pos>
						<objectDefName>s_sign_arrow</objectDefName>
						<controller_num>0</controller_num>
						<properties>
							<p.feels_gravity>0</p.feels_gravity>
							<p.feels_user_input>0</p.feels_user_input>
							<p.feels_friction>0</p.feels_friction>
							<p.spawns_enemies>0</p.spawns_enemies>
							<p.is_physical>0</p.is_physical>
							<p.is_static>1</p.is_static>
							<p.is_sensor>0</p.is_sensor>
							<p.ignores_physics_rotation>0</p.ignores_physics_rotation>
							<p.do_our_own_rotation>0</p.do_our_own_rotation>
							<p.use_angled_corners_collision_box>0</p.use_angled_corners_collision_box>
							<p.is_overlay>0</p.is_overlay>
							<p.is_player>0</p.is_player>
							<p.is_spring>0</p.is_spring>
							<p.is_collectable>0</p.is_collectable>
							<p.is_fan>0</p.is_fan>
							<p.is_door>0</p.is_door>
							<p.is_ring>0</p.is_ring>
							<p.is_ball>0</p.is_ball>
							<p.is_badguy>0</p.is_badguy>
						</properties>
					</Object>
				</item>
				<item class_id_reference="9" object_id="_258">
					<Object>
						<pos>
							<x>1.000000000e+03</x>
							<y>2.000000000e+01</y>
						</pos>
						<objectDefName>s_sign_arrow</objectDefName>
						<controller_num>0</controller_num>
						<properties>
							<p.feels_gravity>0</p.feels_gravity>
							<p.feels_user_input>0</p.feels_user_input>
							<p.feels_friction>0</p.feels_friction>
							<p.spawns_enemies>0</p.spawns_enemies>
							<p.is_physical>0</p.is_physical>
							<p.is_static>1</p.is_static>
							<p.is_sensor>0</p.is_sensor>
							<p.ignores_physics_rotation>0</p.ignores_physics_rotation>
							<p.do_our_own_rotation>0</p.do_our_own_rotation>
							<p.use_angled_corners_collision_box>0</p.use_angled_corners_collision_box>
							<p.is_overlay>0</p.is_overlay>
							<p.is_player>0</p.is_player>
							<p.is_spring>0</p.is_spring>
							<p.is_collectable>0</p.is_collectable>
							<p.is_fan>0</p.is_fan>
							<p.is_door>0</p.is_door>
							<p.is_ring>0</p.is_ring>
							<p.is_ball>0</p.is_ball>
							<p.is_badguy>0</p.is_badguy>
						</properties>
					</Object>
				</item>
				<item class_id_reference="9" object_id="_259">
					<Object>
						<pos>
							<x>6.000000000e+02</x>
							<y>2.000000000e+01</y>
						</pos>
						<objectDefName>s_sign_arrow_up</objectDefName>
						<controller_num>0</controller_num>
						<properties>
							<p.feels_gravity>0</p.feels_gravity>
							<p.feels_user_input>0</p.feels_user_input>
							<p.feels_friction>0</p.feels_friction>
							<p.spawns_enemies>0</p.spawns_enemies>
							<p.is_physical>0</p.is_physical>
							<p.is_static>1</p.is_static>
							<p.is_sensor>0</p.is_sensor>
							<p.ignores_physics_rotation>0</p.ignores_physics_rotation>
							<p.do_our_own_rotation>0</p.do_our_own_rotation>
							<p.use_angled_corners_collision_box>0</p.use_angled_corners_collision_box>
							<p.is_overlay>0</p.is_overlay>
							<p.is_player>0</p.is_player>
							<p.is_spring>0</p.is_spring>
							<p.is_collectable>0</p.is_collectable>
							<p.is_fan>0</p.is_fan>
							<p.is_door>0</p.is_door>
							<p.is_ring>0</p.is_ring>
							<p.is_ball>0</p.is_ball>
							<p.is_badguy>0</p.is_badguy>
						</properties>
					</Object>
				</item>
				<item class_id_reference="9" object_id="_260">
					<Object>
						<pos>
							<x>3.000000000e+01</x>
							<y>2.000000000e+01</y>
						</pos>
						<objectDefName>s_sign_arrow</objectDefName>
						<controller_num>0</controller_num>
						<properties>
							<p.feels_gravity>0</p.feels_gravity>
							<p.feels_user_input>0</p.feels_user_input>
							<p.feels_friction>0</p.feels_friction>
							<p.spawns_enemies>0</p.spawns_enemies>
							<p.is_physical>0</p.is_physical>
							<p.is_static>1</p.is_static>
							<p.is_sensor>0</p.is_sensor>
							<p.ignores_physics_rotation>0</p.ignores_physics_rotation>
							<p.do_our_own_rotation>0</p.do_our_own_rotation>
							<p.use_angled_corners_collision_box>0</p.use_angled_corners_collision_box>
							<p.is_overlay>0</p.is_overlay>
							<p.is_player>0</p.is_player>
							<p.is_spring>0</p.is_spring>
							<p.is_collectable>0</p.is_collectable>
							<p.is_fan>0</p.is_fan>
							<p.is_door>0</p.is_door>
							<p.is_ring>0</p.is_ring>
							<p.is_ball>0</p.is_ball>
							<p.is_badguy>0</p.is_badguy>
						</properties>
					</Object>
				</item>
				<item class_id_reference="9" object_id="_261">
					<Object>
						<pos>
							<x>1.608000000e+03</x>
							<y>3.342000000e+03</y>
						</pos>
						<objectDefName>s_palm_tall</objectDefName>
						<controller_num>0</controller_num>
						<properties>
							<p.feels_gravity>0</p.feels_gravity>
							<p.feels_user_input>0</p.feels_user_input>
							<p.feels_friction>0</p.feels_friction>
							<p.spawns_enemies>0</p.spawns_enemies>
							<p.is_physical>0</p.is_physical>
							<p.is_static>1</p.is_static>
							<p.is_sensor>0</p.is_sensor>
							<p.ignores_physics_rotation>0</p.ignores_physics_rotation>
							<p.do_our_own_rotation>0</p.do_our_own_rotation>
							<p.use_angled_corners_collision_box>0</p.use_angled_corners_collision_box>
							<p.is_overlay>0</p.is_overlay>
							<p.is_player>0</p.is_player>
							<p.is_spring>0</p.is_spring>
							<p.is_collectable>0</p.is_collectable>
							<p.is_fan>0</p.is_fan>
							<p.is_door>0</p.is_door>
							<p.is_ring>0</p.is_ring>
							<p.is_ball>0</p.is_ball>
							<p.is_badguy>0</p.is_badguy>
						</properties>
					</Object>
				</item>
				<item class_id_reference="9" object_id="_262">
					<Object>
						<pos>
							<x>1.639000000e+03</x>
							<y>3.336000000e+03</y>
						</pos>
						<objectDefName>s_palm_tall</objectDefName>
						<controller_num>0</controller_num>
						<properties>
							<p.feels_gravity>0</p.feels_gravity>
							<p.feels_user_input>0</p.feels_user_input>
							<p.feels_friction>0</p.feels_friction>
							<p.spawns_enemies>0</p.spawns_enemies>
							<p.is_physical>0</p.is_physical>
							<p.is_static>1</p.is_static>
							<p.is_sensor>0</p.is_sensor>
							<p.ignores_physics_rotation>0</p.ignores_physics_rotation>
							<p.do_our_own_rotation>0</p.do_our_own_rotation>
							<p.use_angled_corners_collision_box>0</p.use_angled_corners_collision_box>
							<p.is_overlay>0</p.is_overlay>
							<p.is_player>0</p.is_player>
							<p.is_spring>0</p.is_spring>
							<p.is_collectable>0</p.is_collectable>
							<p.is_fan>0</p.is_fan>
							<p.is_door>0</p.is_door>
							<p.is_ring>0</p.is_ring>
							<p.is_ball>0</p.is_ball>
							<p.is_badguy>0</p.is_badguy>
						</properties>
					</Object>
				</item>
				<item class_id_reference="9" object_id="_263">
					<Object>
						<pos>
							<x>1.703000000e+03</x>
							<y>3.350000000e+03</y>
						</pos>
						<objectDefName>s_palm_tall</objectDefName>
						<controller_num>0</controller_num>
						<properties>
							<p.feels_gravity>0</p.feels_gravity>
							<p.feels_user_input>0</p.feels_user_input>
							<p.feels_friction>0</p.feels_friction>
							<p.spawns_enemies>0</p.spawns_enemies>
							<p.is_physical>0</p.is_physical>
							<p.is_static>1</p.is_static>
							<p.is_sensor>0</p.is_sensor>
							<p.ignores_physics_rotation>0</p.ignores_physics_rotation>
							<p.do_our_own_rotation>0</p.do_our_own_rotation>
							<p.use_angled_corners_collision_box>0</p.use_angled_corners_collision_box>
							<p.is_overlay>0</p.is_overlay>
							<p.is_player>0</p.is_player>
							<p.is_spring>0</p.is_spring>
							<p.is_collectable>0</p.is_collectable>
							<p.is_fan>0</p.is_fan>
							<p.is_door>0</p.is_door>
							<p.is_ring>0</p.is_ring>
							<p.is_ball>0</p.is_ball>
							<p.is_badguy>0</p.is_badguy>
						</properties>
					</Object>
				</item>
				<item class_id_reference="9" object_id="_264">
					<Object>
						<pos>
							<x>1.734000000e+03</x>
							<y>3.303000000e+03</y>
						</pos>
						<objectDefName>s_palm_tall</objectDefName>
						<controller_num>0</controller_num>
						<properties>
							<p.feels_gravity>0</p.feels_gravity>
							<p.feels_user_input>0</p.feels_user_input>
							<p.feels_friction>0</p.feels_friction>
							<p.spawns_enemies>0</p.spawns_enemies>
							<p.is_physical>0</p.is_physical>
							<p.is_static>1</p.is_static>
							<p.is_sensor>0</p.is_sensor>
							<p.ignores_physics_rotation>0</p.ignores_physics_rotation>
							<p.do_our_own_rotation>0</p.do_our_own_rotation>
							<p.use_angled_corners_collision_box>0</p.use_angled_corners_collision_box>
							<p.is_overlay>0</p.is_overlay>
							<p.is_player>0</p.is_player>
							<p.is_spring>0</p.is_spring>
							<p.is_collectable>0</p.is_collectable>
							<p.is_fan>0</p.is_fan>
							<p.is_door>0</p.is_door>
							<p.is_ring>0</p.is_ring>
							<p.is_ball>0</p.is_ball>
							<p.is_badguy>0</p.is_badguy>
						</properties>
					</Object>
				</item>
				<item class_id_reference="9" object_id="_265">
					<Object>
						<pos>
							<x>1.606000000e+03</x>
							<y>3.307000000e+03</y>
						</pos>
						<objectDefName>s_palm_tall</objectDefName>
						<controller_num>0</controller_num>
						<properties>
							<p.feels_gravity>0</p.feels_gravity>
							<p.feels_user_input>0</p.feels_user_input>
							<p.feels_friction>0</p.feels_friction>
							<p.spawns_enemies>0</p.spawns_enemies>
							<p.is_physical>0</p.is_physical>
							<p.is_static>1</p.is_static>
							<p.is_sensor>0</p.is_sensor>
							<p.ignores_physics_rotation>0</p.ignores_physics_rotation>
							<p.do_our_own_rotation>0</p.do_our_own_rotation>
							<p.use_angled_corners_collision_box>0</p.use_angled_corners_collision_box>
							<p.is_overlay>0</p.is_overlay>
							<p.is_player>0</p.is_player>
							<p.is_spring>0</p.is_spring>
							<p.is_collectable>0</p.is_collectable>
							<p.is_fan>0</p.is_fan>
							<p.is_door>0</p.is_door>
							<p.is_ring>0</p.is_ring>
							<p.is_ball>0</p.is_ball>
							<p.is_badguy>0</p.is_badguy>
						</properties>
					</Object>
				</item>
				<item class_id_reference="9" object_id="_266">
					<Object>
						<pos>
							<x>1.771000000e+03</x>
							<y>3.331000000e+03</y>
						</pos>
						<objectDefName>s_palm_tall</objectDefName>
						<controller_num>0</controller_num>
						<properties>
							<p.feels_gravity>0</p.feels_gravity>
							<p.feels_user_input>0</p.feels_user_input>
							<p.feels_friction>0</p.feels_friction>
							<p.spawns_enemies>0</p.spawns_enemies>
							<p.is_physical>0</p.is_physical>
							<p.is_static>1</p.is_static>
							<p.is_sensor>0</p.is_sensor>
							<p.ignores_physics_rotation>0</p.ignores_physics_rotation>
							<p.do_our_own_rotation>0</p.do_our_own_rotation>
							<p.use_angled_corners_collision_box>0</p.use_angled_corners_collision_box>
							<p.is_overlay>0</p.is_overlay>
							<p.is_player>0</p.is_player>
							<p.is_spring>0</p.is_spring>
							<p.is_collectable>0</p.is_collectable>
							<p.is_fan>0</p.is_fan>
							<p.is_door>0</p.is_door>
							<p.is_ring>0</p.is_ring>
							<p.is_ball>0</p.is_ball>
							<p.is_badguy>0</p.is_badguy>
						</properties>
					</Object>
				</item>
				<item class_id_reference="9" object_id="_267">
					<Object>
						<pos>
							<x>1.609000000e+03</x>
							<y>3.329000000e+03</y>
						</pos>
						<objectDefName>s_palm_tall</objectDefName>
						<controller_num>0</controller_num>
						<properties>
							<p.feels_gravity>0</p.feels_gravity>
							<p.feels_user_input>0</p.feels_user_input>
							<p.feels_friction>0</p.feels_friction>
							<p.spawns_enemies>0</p.spawns_enemies>
							<p.is_physical>0</p.is_physical>
							<p.is_static>1</p.is_static>
							<p.is_sensor>0</p.is_sensor>
							<p.ignores_physics_rotation>0</p.ignores_physics_rotation>
							<p.do_our_own_rotation>0</p.do_our_own_rotation>
							<p.use_angled_corners_collision_box>0</p.use_angled_corners_collision_box>
							<p.is_overlay>0</p.is_overlay>
							<p.is_player>0</p.is_player>
							<p.is_spring>0</p.is_spring>
							<p.is_collectable>0</p.is_collectable>
							<p.is_fan>0</p.is_fan>
							<p.is_door>0</p.is_door>
							<p.is_ring>0</p.is_ring>
							<p.is_ball>0</p.is_ball>
							<p.is_badguy>0</p.is_badguy>
						</properties>
					</Object>
				</item>
				<item class_id_reference="9" object_id="_268">
					<Object>
						<pos>
							<x>1.679000000e+03</x>
							<y>3.324000000e+03</y>
						</pos>
						<objectDefName>s_palm_tall</objectDefName>
						<controller_num>0</controller_num>
						<properties>
							<p.feels_gravity>0</p.feels_gravity>
							<p.feels_user_input>0</p.feels_user_input>
							<p.feels_friction>0</p.feels_friction>
							<p.spawns_enemies>0</p.spawns_enemies>
							<p.is_physical>0</p.is_physical>
							<p.is_static>1</p.is_static>
							<p.is_sensor>0</p.is_sensor>
							<p.ignores_physics_rotation>0</p.ignores_physics_rotation>
							<p.do_our_own_rotation>0</p.do_our_own_rotation>
							<p.use_angled_corners_collision_box>0</p.use_angled_corners_collision_box>
							<p.is_overlay>0</p.is_overlay>
							<p.is_player>0</p.is_player>
							<p.is_spring>0</p.is_spring>
							<p.is_collectable>0</p.is_collectable>
							<p.is_fan>0</p.is_fan>
							<p.is_door>0</p.is_door>
							<p.is_ring>0</p.is_ring>
							<p.is_ball>0</p.is_ball>
							<p.is_badguy>0</p.is_badguy>
						</properties>
					</Object>
				</item>
				<item class_id_reference="9" object_id="_269">
					<Object>
						<pos>
							<x>1.756000000e+03</x>
							<y>3.307000000e+03</y>
						</pos>
						<objectDefName>s_palm_tall</objectDefName>
						<controller_num>0</controller_num>
						<properties>
							<p.feels_gravity>0</p.feels_gravity>
							<p.feels_user_input>0</p.feels_user_input>
							<p.feels_friction>0</p.feels_friction>
							<p.spawns_enemies>0</p.spawns_enemies>
							<p.is_physical>0</p.is_physical>
							<p.is_static>1</p.is_static>
							<p.is_sensor>0</p.is_sensor>
							<p.ignores_physics_rotation>0</p.ignores_physics_rotation>
							<p.do_our_own_rotation>0</p.do_our_own_rotation>
							<p.use_angled_corners_collision_box>0</p.use_angled_corners_collision_box>
							<p.is_overlay>0</p.is_overlay>
							<p.is_player>0</p.is_player>
							<p.is_spring>0</p.is_spring>
							<p.is_collectable>0</p.is_collectable>
							<p.is_fan>0</p.is_fan>
							<p.is_door>0</p.is_door>
							<p.is_ring>0</p.is_ring>
							<p.is_ball>0</p.is_ball>
							<p.is_badguy>0</p.is_badguy>
						</properties>
					</Object>
				</item>
				<item class_id_reference="9" object_id="_270">
					<Object>
						<pos>
							<x>1.735000000e+03</x>
							<y>3.323000000e+03</y>
						</pos>
						<objectDefName>s_palm_tall</objectDefName>
						<controller_num>0</controller_num>
						<properties>
							<p.feels_gravity>0</p.feels_gravity>
							<p.feels_user_input>0</p.feels_user_input>
							<p.feels_friction>0</p.feels_friction>
							<p.spawns_enemies>0</p.spawns_enemies>
							<p.is_physical>0</p.is_physical>
							<p.is_static>1</p.is_static>
							<p.is_sensor>0</p.is_sensor>
							<p.ignores_physics_rotation>0</p.ignores_physics_rotation>
							<p.do_our_own_rotation>0</p.do_our_own_rotation>
							<p.use_angled_corners_collision_box>0</p.use_angled_corners_collision_box>
							<p.is_overlay>0</p.is_overlay>
							<p.is_player>0</p.is_player>
							<p.is_spring>0</p.is_spring>
							<p.is_collectable>0</p.is_collectable>
							<p.is_fan>0</p.is_fan>
							<p.is_door>0</p.is_door>
							<p.is_ring>0</p.is_ring>
							<p.is_ball>0</p.is_ball>
							<p.is_badguy>0</p.is_badguy>
						</properties>
					</Object>
				</item>
				<item class_id_reference="11" object_id="_271">
					<Object>
						<pos>
							<x>1.897999878e+03</x>
							<y>2.020000000e+03</y>
						</pos>
						<objectDefName>fan</objectDefName>
						<controller_num>0</controller_num>
						<properties>
							<p.feels_gravity>0</p.feels_gravity>
							<p.feels_user_input>0</p.feels_user_input>
							<p.feels_friction>0</p.feels_friction>
							<p.spawns_enemies>0</p.spawns_enemies>
							<p.is_physical>1</p.is_physical>
							<p.is_static>1</p.is_static>
							<p.is_sensor>1</p.is_sensor>
							<p.ignores_physics_rotation>0</p.ignores_physics_rotation>
							<p.do_our_own_rotation>1</p.do_our_own_rotation>
							<p.use_angled_corners_collision_box>0</p.use_angled_corners_collision_box>
							<p.is_overlay>0</p.is_overlay>
							<p.is_player>0</p.is_player>
							<p.is_spring>0</p.is_spring>
							<p.is_collectable>0</p.is_collectable>
							<p.is_fan>1</p.is_fan>
							<p.is_door>0</p.is_door>
							<p.is_ring>0</p.is_ring>
							<p.is_ball>0</p.is_ball>
							<p.is_badguy>0</p.is_badguy>
						</properties>
					</Object>
				</item>
				<item class_id_reference="11" object_id="_272">
					<Object>
						<pos>
							<x>1.890000000e+03</x>
							<y>2.020000000e+03</y>
						</pos>
						<objectDefName>fan</objectDefName>
						<controller_num>0</controller_num>
						<properties>
							<p.feels_gravity>0</p.feels_gravity>
							<p.feels_user_input>0</p.feels_user_input>
							<p.feels_friction>0</p.feels_friction>
							<p.spawns_enemies>0</p.spawns_enemies>
							<p.is_physical>1</p.is_physical>
							<p.is_static>1</p.is_static>
							<p.is_sensor>1</p.is_sensor>
							<p.ignores_physics_rotation>0</p.ignores_physics_rotation>
							<p.do_our_own_rotation>1</p.do_our_own_rotation>
							<p.use_angled_corners_collision_box>0</p.use_angled_corners_collision_box>
							<p.is_overlay>0</p.is_overlay>
							<p.is_player>0</p.is_player>
							<p.is_spring>0</p.is_spring>
							<p.is_collectable>0</p.is_collectable>
							<p.is_fan>1</p.is_fan>
							<p.is_door>0</p.is_door>
							<p.is_ring>0</p.is_ring>
							<p.is_ball>0</p.is_ball>
							<p.is_badguy>0</p.is_badguy>
						</properties>
					</Object>
				</item>
				<item class_id_reference="11" object_id="_273">
					<Object>
						<pos>
							<x>1.900000000e+03</x>
							<y>2.020000000e+03</y>
						</pos>
						<objectDefName>fan</objectDefName>
						<controller_num>0</controller_num>
						<properties>
							<p.feels_gravity>0</p.feels_gravity>
							<p.feels_user_input>0</p.feels_user_input>
							<p.feels_friction>0</p.feels_friction>
							<p.spawns_enemies>0</p.spawns_enemies>
							<p.is_physical>1</p.is_physical>
							<p.is_static>1</p.is_static>
							<p.is_sensor>1</p.is_sensor>
							<p.ignores_physics_rotation>0</p.ignores_physics_rotation>
							<p.do_our_own_rotation>1</p.do_our_own_rotation>
							<p.use_angled_corners_collision_box>0</p.use_angled_corners_collision_box>
							<p.is_overlay>0</p.is_overlay>
							<p.is_player>0</p.is_player>
							<p.is_spring>0</p.is_spring>
							<p.is_collectable>0</p.is_collectable>
							<p.is_fan>1</p.is_fan>
							<p.is_door>0</p.is_door>
							<p.is_ring>0</p.is_ring>
							<p.is_ball>0</p.is_ball>
							<p.is_badguy>0</p.is_badguy>
						</properties>
					</Object>
				</item>
				<item class_id_reference="11" object_id="_274">
					<Object>
						<pos>
							<x>2.124000000e+03</x>
							<y>2.020000000e+03</y>
						</pos>
						<objectDefName>fan</objectDefName>
						<controller_num>0</controller_num>
						<properties>
							<p.feels_gravity>0</p.feels_gravity>
							<p.feels_user_input>0</p.feels_user_input>
							<p.feels_friction>0</p.feels_friction>
							<p.spawns_enemies>0</p.spawns_enemies>
							<p.is_physical>1</p.is_physical>
							<p.is_static>1</p.is_static>
							<p.is_sensor>1</p.is_sensor>
							<p.ignores_physics_rotation>0</p.ignores_physics_rotation>
							<p.do_our_own_rotation>1</p.do_our_own_rotation>
							<p.use_angled_corners_collision_box>0</p.use_angled_corners_collision_box>
							<p.is_overlay>0</p.is_overlay>
							<p.is_player>0</p.is_player>
							<p.is_spring>0</p.is_spring>
							<p.is_collectable>0</p.is_collectable>
							<p.is_fan>1</p.is_fan>
							<p.is_door>0</p.is_door>
							<p.is_ring>0</p.is_ring>
							<p.is_ball>0</p.is_ball>
							<p.is_badguy>0</p.is_badguy>
						</properties>
					</Object>
				</item>
				<item class_id_reference="11" object_id="_275">
					<Object>
						<pos>
							<x>1.947000000e+03</x>
							<y>2.020000000e+03</y>
						</pos>
						<objectDefName>fan</objectDefName>
						<controller_num>0</controller_num>
						<properties>
							<p.feels_gravity>0</p.feels_gravity>
							<p.feels_user_input>0</p.feels_user_input>
							<p.feels_friction>0</p.feels_friction>
							<p.spawns_enemies>0</p.spawns_enemies>
							<p.is_physical>1</p.is_physical>
							<p.is_static>1</p.is_static>
							<p.is_sensor>1</p.is_sensor>
							<p.ignores_physics_rotation>0</p.ignores_physics_rotation>
							<p.do_our_own_rotation>1</p.do_our_own_rotation>
							<p.use_angled_corners_collision_box>0</p.use_angled_corners_collision_box>
							<p.is_overlay>0</p.is_overlay>
							<p.is_player>0</p.is_player>
							<p.is_spring>0</p.is_spring>
							<p.is_collectable>0</p.is_collectable>
							<p.is_fan>1</p.is_fan>
							<p.is_door>0</p.is_door>
							<p.is_ring>0</p.is_ring>
							<p.is_ball>0</p.is_ball>
							<p.is_badguy>0</p.is_badguy>
						</properties>
					</Object>
				</item>
				<item class_id_reference="11" object_id="_276">
					<Object>
						<pos>
							<x>1.928999878e+03</x>
							<y>2.020000000e+03</y>
						</pos>
						<objectDefName>fan</objectDefName>
						<controller_num>0</controller_num>
						<properties>
							<p.feels_gravity>0</p.feels_gravity>
							<p.feels_user_input>0</p.feels_user_input>
							<p.feels_friction>0</p.feels_friction>
							<p.spawns_enemies>0</p.spawns_enemies>
							<p.is_physical>1</p.is_physical>
							<p.is_static>1</p.is_static>
							<p.is_sensor>1</p.is_sensor>
							<p.ignores_physics_rotation>0</p.ignores_physics_rotation>
							<p.do_our_own_rotation>1</p.do_our_own_rotation>
							<p.use_angled_corners_collision_box>0</p.use_angled_corners_collision_box>
							<p.is_overlay>0</p.is_overlay>
							<p.is_player>0</p.is_player>
							<p.is_spring>0</p.is_spring>
							<p.is_collectable>0</p.is_collectable>
							<p.is_fan>1</p.is_fan>
							<p.is_door>0</p.is_door>
							<p.is_ring>0</p.is_ring>
							<p.is_ball>0</p.is_ball>
							<p.is_badguy>0</p.is_badguy>
						</properties>
					</Object>
				</item>
				<item class_id_reference="11" object_id="_277">
					<Object>
						<pos>
							<x>1.935999878e+03</x>
							<y>2.020000000e+03</y>
						</pos>
						<objectDefName>fan</objectDefName>
						<controller_num>0</controller_num>
						<properties>
							<p.feels_gravity>0</p.feels_gravity>
							<p.feels_user_input>0</p.feels_user_input>
							<p.feels_friction>0</p.feels_friction>
							<p.spawns_enemies>0</p.spawns_enemies>
							<p.is_physical>1</p.is_physical>
							<p.is_static>1</p.is_static>
							<p.is_sensor>1</p.is_sensor>
							<p.ignores_physics_rotation>0</p.ignores_physics_rotation>
							<p.do_our_own_rotation>1</p.do_our_own_rotation>
							<p.use_angled_corners_collision_box>0</p.use_angled_corners_collision_box>
							<p.is_overlay>0</p.is_overlay>
							<p.is_player>0</p.is_player>
							<p.is_spring>0</p.is_spring>
							<p.is_collectable>0</p.is_collectable>
							<p.is_fan>1</p.is_fan>
							<p.is_door>0</p.is_door>
							<p.is_ring>0</p.is_ring>
							<p.is_ball>0</p.is_ball>
							<p.is_badguy>0</p.is_badguy>
						</properties>
					</Object>
				</item>
				<item class_id_reference="13" object_id="_278">
					<Object>
						<pos>
							<x>1.550000000e+03</x>
							<y>2.900000000e+02</y>
						</pos>
						<objectDefName>spring-up</objectDefName>
						<controller_num>0</controller_num>
						<properties>
							<p.feels_gravity>0</p.feels_gravity>
							<p.feels_user_input>0</p.feels_user_input>
							<p.feels_friction>0</p.feels_friction>
							<p.spawns_enemies>0</p.spawns_enemies>
							<p.is_physical>1</p.is_physical>
							<p.is_static>1</p.is_static>
							<p.is_sensor>1</p.is_sensor>
							<p.ignores_physics_rotation>0</p.ignores_physics_rotation>
							<p.do_our_own_rotation>0</p.do_our_own_rotation>
							<p.use_angled_corners_collision_box>0</p.use_angled_corners_collision_box>
							<p.is_overlay>0</p.is_overlay>
							<p.is_player>0</p.is_player>
							<p.is_spring>1</p.is_spring>
							<p.is_collectable>0</p.is_collectable>
							<p.is_fan>0</p.is_fan>
							<p.is_door>0</p.is_door>
							<p.is_ring>0</p.is_ring>
							<p.is_ball>0</p.is_ball>
							<p.is_badguy>0</p.is_badguy>
						</properties>
					</Object>
					<springDirection>
						<x>0.000000000e+00</x>
						<y>8.000000000e+00</y>
					</springDirection>
				</item>
				<item class_id_reference="13" object_id="_279">
					<Object>
						<pos>
							<x>1.500000000e+03</x>
							<y>2.900000000e+02</y>
						</pos>
						<objectDefName>spring-up</objectDefName>
						<controller_num>0</controller_num>
						<properties>
							<p.feels_gravity>0</p.feels_gravity>
							<p.feels_user_input>0</p.feels_user_input>
							<p.feels_friction>0</p.feels_friction>
							<p.spawns_enemies>0</p.spawns_enemies>
							<p.is_physical>1</p.is_physical>
							<p.is_static>1</p.is_static>
							<p.is_sensor>1</p.is_sensor>
							<p.ignores_physics_rotation>0</p.ignores_physics_rotation>
							<p.do_our_own_rotation>0</p.do_our_own_rotation>
							<p.use_angled_corners_collision_box>0</p.use_angled_corners_collision_box>
							<p.is_overlay>0</p.is_overlay>
							<p.is_player>0</p.is_player>
							<p.is_spring>1</p.is_spring>
							<p.is_collectable>0</p.is_collectable>
							<p.is_fan>0</p.is_fan>
							<p.is_door>0</p.is_door>
							<p.is_ring>0</p.is_ring>
							<p.is_ball>0</p.is_ball>
							<p.is_badguy>0</p.is_badguy>
						</properties>
					</Object>
					<springDirection>
						<x>0.000000000e+00</x>
						<y>8.000000000e+00</y>
					</springDirection>
				</item>
				<item class_id_reference="13" object_id="_280">
					<Object>
						<pos>
							<x>1.450000000e+03</x>
							<y>2.900000000e+02</y>
						</pos>
						<objectDefName>spring-up</objectDefName>
						<controller_num>0</controller_num>
						<properties>
							<p.feels_gravity>0</p.feels_gravity>
							<p.feels_user_input>0</p.feels_user_input>
							<p.feels_friction>0</p.feels_friction>
							<p.spawns_enemies>0</p.spawns_enemies>
							<p.is_physical>1</p.is_physical>
							<p.is_static>1</p.is_static>
							<p.is_sensor>1</p.is_sensor>
							<p.ignores_physics_rotation>0</p.ignores_physics_rotation>
							<p.do_our_own_rotation>0</p.do_our_own_rotation>
							<p.use_angled_corners_collision_box>0</p.use_angled_corners_collision_box>
							<p.is_overlay>0</p.is_overlay>
							<p.is_player>0</p.is_player>
							<p.is_spring>1</p.is_spring>
							<p.is_collectable>0</p.is_collectable>
							<p.is_fan>0</p.is_fan>
							<p.is_door>0</p.is_door>
							<p.is_ring>0</p.is_ring>
							<p.is_ball>0</p.is_ball>
							<p.is_badguy>0</p.is_badguy>
						</properties>
					</Object>
					<springDirection>
						<x>0.000000000e+00</x>
						<y>8.000000000e+00</y>
					</springDirection>
				</item>
				<item class_id_reference="13" object_id="_281">
					<Object>
						<pos>
							<x>1.400000000e+03</x>
							<y>2.900000000e+02</y>
						</pos>
						<objectDefName>spring-up</objectDefName>
						<controller_num>0</controller_num>
						<properties>
							<p.feels_gravity>0</p.feels_gravity>
							<p.feels_user_input>0</p.feels_user_input>
							<p.feels_friction>0</p.feels_friction>
							<p.spawns_enemies>0</p.spawns_enemies>
							<p.is_physical>1</p.is_physical>
							<p.is_static>1</p.is_static>
							<p.is_sensor>1</p.is_sensor>
							<p.ignores_physics_rotation>0</p.ignores_physics_rotation>
							<p.do_our_own_rotation>0</p.do_our_own_rotation>
							<p.use_angled_corners_collision_box>0</p.use_angled_corners_collision_box>
							<p.is_overlay>0</p.is_overlay>
							<p.is_player>0</p.is_player>
							<p.is_spring>1</p.is_spring>
							<p.is_collectable>0</p.is_collectable>
							<p.is_fan>0</p.is_fan>
							<p.is_door>0</p.is_door>
							<p.is_ring>0</p.is_ring>
							<p.is_ball>0</p.is_ball>
							<p.is_badguy>0</p.is_badguy>
						</properties>
					</Object>
					<springDirection>
						<x>0.000000000e+00</x>
						<y>8.000000000e+00</y>
					</springDirection>
				</item>
				<item class_id_reference="13" object_id="_282">
					<Object>
						<pos>
							<x>1.350000000e+03</x>
							<y>2.900000000e+02</y>
						</pos>
						<objectDefName>spring-up</objectDefName>
						<controller_num>0</controller_num>
						<properties>
							<p.feels_gravity>0</p.feels_gravity>
							<p.feels_user_input>0</p.feels_user_input>
							<p.feels_friction>0</p.feels_friction>
							<p.spawns_enemies>0</p.spawns_enemies>
							<p.is_physical>1</p.is_physical>
							<p.is_static>1</p.is_static>
							<p.is_sensor>1</p.is_sensor>
							<p.ignores_physics_rotation>0</p.ignores_physics_rotation>
							<p.do_our_own_rotation>0</p.do_our_own_rotation>
							<p.use_angled_corners_collision_box>0</p.use_angled_corners_collision_box>
							<p.is_overlay>0</p.is_overlay>
							<p.is_player>0</p.is_player>
							<p.is_spring>1</p.is_spring>
							<p.is_collectable>0</p.is_collectable>
							<p.is_fan>0</p.is_fan>
							<p.is_door>0</p.is_door>
							<p.is_ring>0</p.is_ring>
							<p.is_ball>0</p.is_ball>
							<p.is_badguy>0</p.is_badguy>
						</properties>
					</Object>
					<springDirection>
						<x>0.000000000e+00</x>
						<y>8.000000000e+00</y>
					</springDirection>
				</item>
				<item class_id_reference="13" object_id="_283">
					<Object>
						<pos>
							<x>1.300000000e+03</x>
							<y>2.900000000e+02</y>
						</pos>
						<objectDefName>spring-up</objectDefName>
						<controller_num>0</controller_num>
						<properties>
							<p.feels_gravity>0</p.feels_gravity>
							<p.feels_user_input>0</p.feels_user_input>
							<p.feels_friction>0</p.feels_friction>
							<p.spawns_enemies>0</p.spawns_enemies>
							<p.is_physical>1</p.is_physical>
							<p.is_static>1</p.is_static>
							<p.is_sensor>1</p.is_sensor>
							<p.ignores_physics_rotation>0</p.ignores_physics_rotation>
							<p.do_our_own_rotation>0</p.do_our_own_rotation>
							<p.use_angled_corners_collision_box>0</p.use_angled_corners_collision_box>
							<p.is_overlay>0</p.is_overlay>
							<p.is_player>0</p.is_player>
							<p.is_spring>1</p.is_spring>
							<p.is_collectable>0</p.is_collectable>
							<p.is_fan>0</p.is_fan>
							<p.is_door>0</p.is_door>
							<p.is_ring>0</p.is_ring>
							<p.is_ball>0</p.is_ball>
							<p.is_badguy>0</p.is_badguy>
						</properties>
					</Object>
					<springDirection>
						<x>0.000000000e+00</x>
						<y>8.000000000e+00</y>
					</springDirection>
				</item>
				<item class_id_reference="13" object_id="_284">
					<Object>
						<pos>
							<x>1.250000000e+03</x>
							<y>2.900000000e+02</y>
						</pos>
						<objectDefName>spring-up</objectDefName>
						<controller_num>0</controller_num>
						<properties>
							<p.feels_gravity>0</p.feels_gravity>
							<p.feels_user_input>0</p.feels_user_input>
							<p.feels_friction>0</p.feels_friction>
							<p.spawns_enemies>0</p.spawns_enemies>
							<p.is_physical>1</p.is_physical>
							<p.is_static>1</p.is_static>
							<p.is_sensor>1</p.is_sensor>
							<p.ignores_physics_rotation>0</p.ignores_physics_rotation>
							<p.do_our_own_rotation>0</p.do_our_own_rotation>
							<p.use_angled_corners_collision_box>0</p.use_angled_corners_collision_box>
							<p.is_overlay>0</p.is_overlay>
							<p.is_player>0</p.is_player>
							<p.is_spring>1</p.is_spring>
							<p.is_collectable>0</p.is_collectable>
							<p.is_fan>0</p.is_fan>
							<p.is_door>0</p.is_door>
							<p.is_ring>0</p.is_ring>
							<p.is_ball>0</p.is_ball>
							<p.is_badguy>0</p.is_badguy>
						</properties>
					</Object>
					<springDirection>
						<x>0.000000000e+00</x>
						<y>8.000000000e+00</y>
					</springDirection>
				</item>
				<item class_id_reference="9" object_id="_285">
					<Object>
						<pos>
							<x>2.600000000e+03</x>
							<y>0.000000000e+00</y>
						</pos>
						<objectDefName>block3</objectDefName>
						<controller_num>0</controller_num>
						<properties>
							<p.feels_gravity>0</p.feels_gravity>
							<p.feels_user_input>0</p.feels_user_input>
							<p.feels_friction>0</p.feels_friction>
							<p.spawns_enemies>0</p.spawns_enemies>
							<p.is_physical>1</p.is_physical>
							<p.is_static>1</p.is_static>
							<p.is_sensor>0</p.is_sensor>
							<p.ignores_physics_rotation>0</p.ignores_physics_rotation>
							<p.do_our_own_rotation>0</p.do_our_own_rotation>
							<p.use_angled_corners_collision_box>0</p.use_angled_corners_collision_box>
							<p.is_overlay>0</p.is_overlay>
							<p.is_player>0</p.is_player>
							<p.is_spring>0</p.is_spring>
							<p.is_collectable>0</p.is_collectable>
							<p.is_fan>0</p.is_fan>
							<p.is_door>0</p.is_door>
							<p.is_ring>0</p.is_ring>
							<p.is_ball>0</p.is_ball>
							<p.is_badguy>0</p.is_badguy>
						</properties>
					</Object>
				</item>
				<item class_id_reference="9" object_id="_286">
					<Object>
						<pos>
							<x>2.400000000e+03</x>
							<y>0.000000000e+00</y>
						</pos>
						<objectDefName>block3</objectDefName>
						<controller_num>0</controller_num>
						<properties>
							<p.feels_gravity>0</p.feels_gravity>
							<p.feels_user_input>0</p.feels_user_input>
							<p.feels_friction>0</p.feels_friction>
							<p.spawns_enemies>0</p.spawns_enemies>
							<p.is_physical>1</p.is_physical>
							<p.is_static>1</p.is_static>
							<p.is_sensor>0</p.is_sensor>
							<p.ignores_physics_rotation>0</p.ignores_physics_rotation>
							<p.do_our_own_rotation>0</p.do_our_own_rotation>
							<p.use_angled_corners_collision_box>0</p.use_angled_corners_collision_box>
							<p.is_overlay>0</p.is_overlay>
							<p.is_player>0</p.is_player>
							<p.is_spring>0</p.is_spring>
							<p.is_collectable>0</p.is_collectable>
							<p.is_fan>0</p.is_fan>
							<p.is_door>0</p.is_door>
							<p.is_ring>0</p.is_ring>
							<p.is_ball>0</p.is_ball>
							<p.is_badguy>0</p.is_badguy>
						</properties>
					</Object>
				</item>
				<item class_id_reference="9" object_id="_287">
					<Object>
						<pos>
							<x>2.200000000e+03</x>
							<y>0.000000000e+00</y>
						</pos>
						<objectDefName>block3</objectDefName>
						<controller_num>0</controller_num>
						<properties>
							<p.feels_gravity>0</p.feels_gravity>
							<p.feels_user_input>0</p.feels_user_input>
							<p.feels_friction>0</p.feels_friction>
							<p.spawns_enemies>0</p.spawns_enemies>
							<p.is_physical>1</p.is_physical>
							<p.is_static>1</p.is_static>
							<p.is_sensor>0</p.is_sensor>
							<p.ignores_physics_rotation>0</p.ignores_physics_rotation>
							<p.do_our_own_rotation>0</p.do_our_own_rotation>
							<p.use_angled_corners_collision_box>0</p.use_angled_corners_collision_box>
							<p.is_overlay>0</p.is_overlay>
							<p.is_player>0</p.is_player>
							<p.is_spring>0</p.is_spring>
							<p.is_collectable>0</p.is_collectable>
							<p.is_fan>0</p.is_fan>
							<p.is_door>0</p.is_door>
							<p.is_ring>0</p.is_ring>
							<p.is_ball>0</p.is_ball>
							<p.is_badguy>0</p.is_badguy>
						</properties>
					</Object>
				</item>
				<item class_id_reference="9" object_id="_288">
					<Object>
						<pos>
							<x>2.000000000e+03</x>
							<y>0.000000000e+00</y>
						</pos>
						<objectDefName>block3</objectDefName>
						<controller_num>0</controller_num>
						<properties>
							<p.feels_gravity>0</p.feels_gravity>
							<p.feels_user_input>0</p.feels_user_input>
							<p.feels_friction>0</p.feels_friction>
							<p.spawns_enemies>0</p.spawns_enemies>
							<p.is_physical>1</p.is_physical>
							<p.is_static>1</p.is_static>
							<p.is_sensor>0</p.is_sensor>
							<p.ignores_physics_rotation>0</p.ignores_physics_rotation>
							<p.do_our_own_rotation>0</p.do_our_own_rotation>
							<p.use_angled_corners_collision_box>0</p.use_angled_corners_collision_box>
							<p.is_overlay>0</p.is_overlay>
							<p.is_player>0</p.is_player>
							<p.is_spring>0</p.is_spring>
							<p.is_collectable>0</p.is_collectable>
							<p.is_fan>0</p.is_fan>
							<p.is_door>0</p.is_door>
							<p.is_ring>0</p.is_ring>
							<p.is_ball>0</p.is_ball>
							<p.is_badguy>0</p.is_badguy>
						</properties>
					</Object>
				</item>
				<item class_id_reference="9" object_id="_289">
					<Object>
						<pos>
							<x>1.800000000e+03</x>
							<y>0.000000000e+00</y>
						</pos>
						<objectDefName>block3</objectDefName>
						<controller_num>0</controller_num>
						<properties>
							<p.feels_gravity>0</p.feels_gravity>
							<p.feels_user_input>0</p.feels_user_input>
							<p.feels_friction>0</p.feels_friction>
							<p.spawns_enemies>0</p.spawns_enemies>
							<p.is_physical>1</p.is_physical>
							<p.is_static>1</p.is_static>
							<p.is_sensor>0</p.is_sensor>
							<p.ignores_physics_rotation>0</p.ignores_physics_rotation>
							<p.do_our_own_rotation>0</p.do_our_own_rotation>
							<p.use_angled_corners_collision_box>0</p.use_angled_corners_collision_box>
							<p.is_overlay>0</p.is_overlay>
							<p.is_player>0</p.is_player>
							<p.is_spring>0</p.is_spring>
							<p.is_collectable>0</p.is_collectable>
							<p.is_fan>0</p.is_fan>
							<p.is_door>0</p.is_door>
							<p.is_ring>0</p.is_ring>
							<p.is_ball>0</p.is_ball>
							<p.is_badguy>0</p.is_badguy>
						</properties>
					</Object>
				</item>
				<item class_id_reference="9" object_id="_290">
					<Object>
						<pos>
							<x>1.600000000e+03</x>
							<y>0.000000000e+00</y>
						</pos>
						<objectDefName>block3</objectDefName>
						<controller_num>0</controller_num>
						<properties>
							<p.feels_gravity>0</p.feels_gravity>
							<p.feels_user_input>0</p.feels_user_input>
							<p.feels_friction>0</p.feels_friction>
							<p.spawns_enemies>0</p.spawns_enemies>
							<p.is_physical>1</p.is_physical>
							<p.is_static>1</p.is_static>
							<p.is_sensor>0</p.is_sensor>
							<p.ignores_physics_rotation>0</p.ignores_physics_rotation>
							<p.do_our_own_rotation>0</p.do_our_own_rotation>
							<p.use_angled_corners_collision_box>0</p.use_angled_corners_collision_box>
							<p.is_overlay>0</p.is_overlay>
							<p.is_player>0</p.is_player>
							<p.is_spring>0</p.is_spring>
							<p.is_collectable>0</p.is_collectable>
							<p.is_fan>0</p.is_fan>
							<p.is_door>0</p.is_door>
							<p.is_ring>0</p.is_ring>
							<p.is_ball>0</p.is_ball>
							<p.is_badguy>0</p.is_badguy>
						</properties>
					</Object>
				</item>
				<item class_id_reference="9" object_id="_291">
					<Object>
						<pos>
							<x>1.400000000e+03</x>
							<y>0.000000000e+00</y>
						</pos>
						<objectDefName>block3</objectDefName>
						<controller_num>0</controller_num>
						<properties>
							<p.feels_gravity>0</p.feels_gravity>
							<p.feels_user_input>0</p.feels_user_input>
							<p.feels_friction>0</p.feels_friction>
							<p.spawns_enemies>0</p.spawns_enemies>
							<p.is_physical>1</p.is_physical>
							<p.is_static>1</p.is_static>
							<p.is_sensor>0</p.is_sensor>
							<p.ignores_physics_rotation>0</p.ignores_physics_rotation>
							<p.do_our_own_rotation>0</p.do_our_own_rotation>
							<p.use_angled_corners_collision_box>0</p.use_angled_corners_collision_box>
							<p.is_overlay>0</p.is_overlay>
							<p.is_player>0</p.is_player>
							<p.is_spring>0</p.is_spring>
							<p.is_collectable>0</p.is_collectable>
							<p.is_fan>0</p.is_fan>
							<p.is_door>0</p.is_door>
							<p.is_ring>0</p.is_ring>
							<p.is_ball>0</p.is_ball>
							<p.is_badguy>0</p.is_badguy>
						</properties>
					</Object>
				</item>
				<item class_id_reference="9" object_id="_292">
					<Object>
						<pos>
							<x>1.200000000e+03</x>
							<y>0.000000000e+00</y>
						</pos>
						<objectDefName>block3</objectDefName>
						<controller_num>0</controller_num>
						<properties>
							<p.feels_gravity>0</p.feels_gravity>
							<p.feels_user_input>0</p.feels_user_input>
							<p.feels_friction>0</p.feels_friction>
							<p.spawns_enemies>0</p.spawns_enemies>
							<p.is_physical>1</p.is_physical>
							<p.is_static>1</p.is_static>
							<p.is_sensor>0</p.is_sensor>
							<p.ignores_physics_rotation>0</p.ignores_physics_rotation>
							<p.do_our_own_rotation>0</p.do_our_own_rotation>
							<p.use_angled_corners_collision_box>0</p.use_angled_corners_collision_box>
							<p.is_overlay>0</p.is_overlay>
							<p.is_player>0</p.is_player>
							<p.is_spring>0</p.is_spring>
							<p.is_collectable>0</p.is_collectable>
							<p.is_fan>0</p.is_fan>
							<p.is_door>0</p.is_door>
							<p.is_ring>0</p.is_ring>
							<p.is_ball>0</p.is_ball>
							<p.is_badguy>0</p.is_badguy>
						</properties>
					</Object>
				</item>
				<item class_id_reference="9" object_id="_293">
					<Object>
						<pos>
							<x>9.999998779e+02</x>
							<y>0.000000000e+00</y>
						</pos>
						<objectDefName>block3</objectDefName>
						<controller_num>0</controller_num>
						<properties>
							<p.feels_gravity>0</p.feels_gravity>
							<p.feels_user_input>0</p.feels_user_input>
							<p.feels_friction>0</p.feels_friction>
							<p.spawns_enemies>0</p.spawns_enemies>
							<p.is_physical>1</p.is_physical>
							<p.is_static>1</p.is_static>
							<p.is_sensor>0</p.is_sensor>
							<p.ignores_physics_rotation>0</p.ignores_physics_rotation>
							<p.do_our_own_rotation>0</p.do_our_own_rotation>
							<p.use_angled_corners_collision_box>0</p.use_angled_corners_collision_box>
							<p.is_overlay>0</p.is_overlay>
							<p.is_player>0</p.is_player>
							<p.is_spring>0</p.is_spring>
							<p.is_collectable>0</p.is_collectable>
							<p.is_fan>0</p.is_fan>
							<p.is_door>0</p.is_door>
							<p.is_ring>0</p.is_ring>
							<p.is_ball>0</p.is_ball>
							<p.is_badguy>0</p.is_badguy>
						</properties>
					</Object>
				</item>
				<item class_id_reference="9" object_id="_294">
					<Object>
						<pos>
							<x>8.000000000e+02</x>
							<y>0.000000000e+00</y>
						</pos>
						<objectDefName>block3</objectDefName>
						<controller_num>0</controller_num>
						<properties>
							<p.feels_gravity>0</p.feels_gravity>
							<p.feels_user_input>0</p.feels_user_input>
							<p.feels_friction>0</p.feels_friction>
							<p.spawns_enemies>0</p.spawns_enemies>
							<p.is_physical>1</p.is_physical>
							<p.is_static>1</p.is_static>
							<p.is_sensor>0</p.is_sensor>
							<p.ignores_physics_rotation>0</p.ignores_physics_rotation>
							<p.do_our_own_rotation>0</p.do_our_own_rotation>
							<p.use_angled_corners_collision_box>0</p.use_angled_corners_collision_box>
							<p.is_overlay>0</p.is_overlay>
							<p.is_player>0</p.is_player>
							<p.is_spring>0</p.is_spring>
							<p.is_collectable>0</p.is_collectable>
							<p.is_fan>0</p.is_fan>
							<p.is_door>0</p.is_door>
							<p.is_ring>0</p.is_ring>
							<p.is_ball>0</p.is_ball>
							<p.is_badguy>0</p.is_badguy>
						</properties>
					</Object>
				</item>
				<item class_id_reference="9" object_id="_295">
					<Object>
						<pos>
							<x>6.000000000e+02</x>
							<y>0.000000000e+00</y>
						</pos>
						<objectDefName>block3</objectDefName>
						<controller_num>0</controller_num>
						<properties>
							<p.feels_gravity>0</p.feels_gravity>
							<p.feels_user_input>0</p.feels_user_input>
							<p.feels_friction>0</p.feels_friction>
							<p.spawns_enemies>0</p.spawns_enemies>
							<p.is_physical>1</p.is_physical>
							<p.is_static>1</p.is_static>
							<p.is_sensor>0</p.is_sensor>
							<p.ignores_physics_rotation>0</p.ignores_physics_rotation>
							<p.do_our_own_rotation>0</p.do_our_own_rotation>
							<p.use_angled_corners_collision_box>0</p.use_angled_corners_collision_box>
							<p.is_overlay>0</p.is_overlay>
							<p.is_player>0</p.is_player>
							<p.is_spring>0</p.is_spring>
							<p.is_collectable>0</p.is_collectable>
							<p.is_fan>0</p.is_fan>
							<p.is_door>0</p.is_door>
							<p.is_ring>0</p.is_ring>
							<p.is_ball>0</p.is_ball>
							<p.is_badguy>0</p.is_badguy>
						</properties>
					</Object>
				</item>
				<item class_id_reference="9" object_id="_296">
					<Object>
						<pos>
							<x>4.000000305e+02</x>
							<y>0.000000000e+00</y>
						</pos>
						<objectDefName>block3</objectDefName>
						<controller_num>0</controller_num>
						<properties>
							<p.feels_gravity>0</p.feels_gravity>
							<p.feels_user_input>0</p.feels_user_input>
							<p.feels_friction>0</p.feels_friction>
							<p.spawns_enemies>0</p.spawns_enemies>
							<p.is_physical>1</p.is_physical>
							<p.is_static>1</p.is_static>
							<p.is_sensor>0</p.is_sensor>
							<p.ignores_physics_rotation>0</p.ignores_physics_rotation>
							<p.do_our_own_rotation>0</p.do_our_own_rotation>
							<p.use_angled_corners_collision_box>0</p.use_angled_corners_collision_box>
							<p.is_overlay>0</p.is_overlay>
							<p.is_player>0</p.is_player>
							<p.is_spring>0</p.is_spring>
							<p.is_collectable>0</p.is_collectable>
							<p.is_fan>0</p.is_fan>
							<p.is_door>0</p.is_door>
							<p.is_ring>0</p.is_ring>
							<p.is_ball>0</p.is_ball>
							<p.is_badguy>0</p.is_badguy>
						</properties>
					</Object>
				</item>
				<item class_id_reference="9" object_id="_297">
					<Object>
						<pos>
							<x>2.000000000e+02</x>
							<y>0.000000000e+00</y>
						</pos>
						<objectDefName>block3</objectDefName>
						<controller_num>0</controller_num>
						<properties>
							<p.feels_gravity>0</p.feels_gravity>
							<p.feels_user_input>0</p.feels_user_input>
							<p.feels_friction>0</p.feels_friction>
							<p.spawns_enemies>0</p.spawns_enemies>
							<p.is_physical>1</p.is_physical>
							<p.is_static>1</p.is_static>
							<p.is_sensor>0</p.is_sensor>
							<p.ignores_physics_rotation>0</p.ignores_physics_rotation>
							<p.do_our_own_rotation>0</p.do_our_own_rotation>
							<p.use_angled_corners_collision_box>0</p.use_angled_corners_collision_box>
							<p.is_overlay>0</p.is_overlay>
							<p.is_player>0</p.is_player>
							<p.is_spring>0</p.is_spring>
							<p.is_collectable>0</p.is_collectable>
							<p.is_fan>0</p.is_fan>
							<p.is_door>0</p.is_door>
							<p.is_ring>0</p.is_ring>
							<p.is_ball>0</p.is_ball>
							<p.is_badguy>0</p.is_badguy>
						</properties>
					</Object>
				</item>
				<item class_id_reference="9" object_id="_298">
					<Object>
						<pos>
							<x>7.629394531e-06</x>
							<y>0.000000000e+00</y>
						</pos>
						<objectDefName>block3</objectDefName>
						<controller_num>0</controller_num>
						<properties>
							<p.feels_gravity>0</p.feels_gravity>
							<p.feels_user_input>0</p.feels_user_input>
							<p.feels_friction>0</p.feels_friction>
							<p.spawns_enemies>0</p.spawns_enemies>
							<p.is_physical>1</p.is_physical>
							<p.is_static>1</p.is_static>
							<p.is_sensor>0</p.is_sensor>
							<p.ignores_physics_rotation>0</p.ignores_physics_rotation>
							<p.do_our_own_rotation>0</p.do_our_own_rotation>
							<p.use_angled_corners_collision_box>0</p.use_angled_corners_collision_box>
							<p.is_overlay>0</p.is_overlay>
							<p.is_player>0</p.is_player>
							<p.is_spring>0</p.is_spring>
							<p.is_collectable>0</p.is_collectable>
							<p.is_fan>0</p.is_fan>
							<p.is_door>0</p.is_door>
							<p.is_ring>0</p.is_ring>
							<p.is_ball>0</p.is_ball>
							<p.is_badguy>0</p.is_badguy>
						</properties>
					</Object>
				</item>
				<item class_id_reference="11" object_id="_299">
					<Object>
						<pos>
							<x>1.262000000e+03</x>
							<y>2.700000381e+01</y>
						</pos>
						<objectDefName>fan</objectDefName>
						<controller_num>0</controller_num>
						<properties>
							<p.feels_gravity>0</p.feels_gravity>
							<p.feels_user_input>0</p.feels_user_input>
							<p.feels_friction>0</p.feels_friction>
							<p.spawns_enemies>0</p.spawns_enemies>
							<p.is_physical>1</p.is_physical>
							<p.is_static>1</p.is_static>
							<p.is_sensor>1</p.is_sensor>
							<p.ignores_physics_rotation>0</p.ignores_physics_rotation>
							<p.do_our_own_rotation>1</p.do_our_own_rotation>
							<p.use_angled_corners_collision_box>0</p.use_angled_corners_collision_box>
							<p.is_overlay>0</p.is_overlay>
							<p.is_player>0</p.is_player>
							<p.is_spring>0</p.is_spring>
							<p.is_collectable>0</p.is_collectable>
							<p.is_fan>1</p.is_fan>
							<p.is_door>0</p.is_door>
							<p.is_ring>0</p.is_ring>
							<p.is_ball>0</p.is_ball>
							<p.is_badguy>0</p.is_badguy>
						</properties>
					</Object>
				</item>
				<item class_id_reference="11" object_id="_300">
					<Object>
						<pos>
							<x>5.540000000e+02</x>
							<y>2.800000381e+01</y>
						</pos>
						<objectDefName>fan</objectDefName>
						<controller_num>0</controller_num>
						<properties>
							<p.feels_gravity>0</p.feels_gravity>
							<p.feels_user_input>0</p.feels_user_input>
							<p.feels_friction>0</p.feels_friction>
							<p.spawns_enemies>0</p.spawns_enemies>
							<p.is_physical>1</p.is_physical>
							<p.is_static>1</p.is_static>
							<p.is_sensor>1</p.is_sensor>
							<p.ignores_physics_rotation>0</p.ignores_physics_rotation>
							<p.do_our_own_rotation>1</p.do_our_own_rotation>
							<p.use_angled_corners_collision_box>0</p.use_angled_corners_collision_box>
							<p.is_overlay>0</p.is_overlay>
							<p.is_player>0</p.is_player>
							<p.is_spring>0</p.is_spring>
							<p.is_collectable>0</p.is_collectable>
							<p.is_fan>1</p.is_fan>
							<p.is_door>0</p.is_door>
							<p.is_ring>0</p.is_ring>
							<p.is_ball>0</p.is_ball>
							<p.is_badguy>0</p.is_badguy>
						</properties>
					</Object>
				</item>
				<item class_id_reference="11" object_id="_301">
					<Object>
						<pos>
							<x>9.380000000e+02</x>
							<y>3.600000000e+01</y>
						</pos>
						<objectDefName>fan</objectDefName>
						<controller_num>0</controller_num>
						<properties>
							<p.feels_gravity>0</p.feels_gravity>
							<p.feels_user_input>0</p.feels_user_input>
							<p.feels_friction>0</p.feels_friction>
							<p.spawns_enemies>0</p.spawns_enemies>
							<p.is_physical>1</p.is_physical>
							<p.is_static>1</p.is_static>
							<p.is_sensor>1</p.is_sensor>
							<p.ignores_physics_rotation>0</p.ignores_physics_rotation>
							<p.do_our_own_rotation>1</p.do_our_own_rotation>
							<p.use_angled_corners_collision_box>0</p.use_angled_corners_collision_box>
							<p.is_overlay>0</p.is_overlay>
							<p.is_player>0</p.is_player>
							<p.is_spring>0</p.is_spring>
							<p.is_collectable>0</p.is_collectable>
							<p.is_fan>1</p.is_fan>
							<p.is_door>0</p.is_door>
							<p.is_ring>0</p.is_ring>
							<p.is_ball>0</p.is_ball>
							<p.is_badguy>0</p.is_badguy>
						</properties>
					</Object>
				</item>
				<item class_id_reference="11" object_id="_302">
					<Object>
						<pos>
							<x>8.089999390e+02</x>
							<y>4.500000000e+01</y>
						</pos>
						<objectDefName>fan</objectDefName>
						<controller_num>0</controller_num>
						<properties>
							<p.feels_gravity>0</p.feels_gravity>
							<p.feels_user_input>0</p.feels_user_input>
							<p.feels_friction>0</p.feels_friction>
							<p.spawns_enemies>0</p.spawns_enemies>
							<p.is_physical>1</p.is_physical>
							<p.is_static>1</p.is_static>
							<p.is_sensor>1</p.is_sensor>
							<p.ignores_physics_rotation>0</p.ignores_physics_rotation>
							<p.do_our_own_rotation>1</p.do_our_own_rotation>
							<p.use_angled_corners_collision_box>0</p.use_angled_corners_collision_box>
							<p.is_overlay>0</p.is_overlay>
							<p.is_player>0</p.is_player>
							<p.is_spring>0</p.is_spring>
							<p.is_collectable>0</p.is_collectable>
							<p.is_fan>1</p.is_fan>
							<p.is_door>0</p.is_door>
							<p.is_ring>0</p.is_ring>
							<p.is_ball>0</p.is_ball>
							<p.is_badguy>0</p.is_badguy>
						</properties>
					</Object>
				</item>
				<item class_id_reference="11" object_id="_303">
					<Object>
						<pos>
							<x>1.840000000e+03</x>
							<y>2.100000000e+01</y>
						</pos>
						<objectDefName>fan</objectDefName>
						<controller_num>0</controller_num>
						<properties>
							<p.feels_gravity>0</p.feels_gravity>
							<p.feels_user_input>0</p.feels_user_input>
							<p.feels_friction>0</p.feels_friction>
							<p.spawns_enemies>0</p.spawns_enemies>
							<p.is_physical>1</p.is_physical>
							<p.is_static>1</p.is_static>
							<p.is_sensor>1</p.is_sensor>
							<p.ignores_physics_rotation>0</p.ignores_physics_rotation>
							<p.do_our_own_rotation>1</p.do_our_own_rotation>
							<p.use_angled_corners_collision_box>0</p.use_angled_corners_collision_box>
							<p.is_overlay>0</p.is_overlay>
							<p.is_player>0</p.is_player>
							<p.is_spring>0</p.is_spring>
							<p.is_collectable>0</p.is_collectable>
							<p.is_fan>1</p.is_fan>
							<p.is_door>0</p.is_door>
							<p.is_ring>0</p.is_ring>
							<p.is_ball>0</p.is_ball>
							<p.is_badguy>0</p.is_badguy>
						</properties>
					</Object>
				</item>
				<item class_id_reference="11" object_id="_304">
					<Object>
						<pos>
							<x>9.130000000e+02</x>
							<y>4.100000000e+01</y>
						</pos>
						<objectDefName>fan</objectDefName>
						<controller_num>0</controller_num>
						<properties>
							<p.feels_gravity>0</p.feels_gravity>
							<p.feels_user_input>0</p.feels_user_input>
							<p.feels_friction>0</p.feels_friction>
							<p.spawns_enemies>0</p.spawns_enemies>
							<p.is_physical>1</p.is_physical>
							<p.is_static>1</p.is_static>
							<p.is_sensor>1</p.is_sensor>
							<p.ignores_physics_rotation>0</p.ignores_physics_rotation>
							<p.do_our_own_rotation>1</p.do_our_own_rotation>
							<p.use_angled_corners_collision_box>0</p.use_angled_corners_collision_box>
							<p.is_overlay>0</p.is_overlay>
							<p.is_player>0</p.is_player>
							<p.is_spring>0</p.is_spring>
							<p.is_collectable>0</p.is_collectable>
							<p.is_fan>1</p.is_fan>
							<p.is_door>0</p.is_door>
							<p.is_ring>0</p.is_ring>
							<p.is_ball>0</p.is_ball>
							<p.is_badguy>0</p.is_badguy>
						</properties>
					</Object>
				</item>
				<item class_id_reference="11" object_id="_305">
					<Object>
						<pos>
							<x>3.460000000e+02</x>
							<y>3.000000000e+01</y>
						</pos>
						<objectDefName>fan</objectDefName>
						<controller_num>0</controller_num>
						<properties>
							<p.feels_gravity>0</p.feels_gravity>
							<p.feels_user_input>0</p.feels_user_input>
							<p.feels_friction>0</p.feels_friction>
							<p.spawns_enemies>0</p.spawns_enemies>
							<p.is_physical>1</p.is_physical>
							<p.is_static>1</p.is_static>
							<p.is_sensor>1</p.is_sensor>
							<p.ignores_physics_rotation>0</p.ignores_physics_rotation>
							<p.do_our_own_rotation>1</p.do_our_own_rotation>
							<p.use_angled_corners_collision_box>0</p.use_angled_corners_collision_box>
							<p.is_overlay>0</p.is_overlay>
							<p.is_player>0</p.is_player>
							<p.is_spring>0</p.is_spring>
							<p.is_collectable>0</p.is_collectable>
							<p.is_fan>1</p.is_fan>
							<p.is_door>0</p.is_door>
							<p.is_ring>0</p.is_ring>
							<p.is_ball>0</p.is_ball>
							<p.is_badguy>0</p.is_badguy>
						</properties>
					</Object>
				</item>
				<item class_id_reference="11" object_id="_306">
					<Object>
						<pos>
							<x>2.269000000e+03</x>
							<y>3.000000000e+01</y>
						</pos>
						<objectDefName>fan</objectDefName>
						<controller_num>0</controller_num>
						<properties>
							<p.feels_gravity>0</p.feels_gravity>
							<p.feels_user_input>0</p.feels_user_input>
							<p.feels_friction>0</p.feels_friction>
							<p.spawns_enemies>0</p.spawns_enemies>
							<p.is_physical>1</p.is_physical>
							<p.is_static>1</p.is_static>
							<p.is_sensor>1</p.is_sensor>
							<p.ignores_physics_rotation>0</p.ignores_physics_rotation>
							<p.do_our_own_rotation>1</p.do_our_own_rotation>
							<p.use_angled_corners_collision_box>0</p.use_angled_corners_collision_box>
							<p.is_overlay>0</p.is_overlay>
							<p.is_player>0</p.is_player>
							<p.is_spring>0</p.is_spring>
							<p.is_collectable>0</p.is_collectable>
							<p.is_fan>1</p.is_fan>
							<p.is_door>0</p.is_door>
							<p.is_ring>0</p.is_ring>
							<p.is_ball>0</p.is_ball>
							<p.is_badguy>0</p.is_badguy>
						</properties>
					</Object>
				</item>
				<item class_id_reference="11" object_id="_307">
					<Object>
						<pos>
							<x>3.520000000e+02</x>
							<y>4.800000763e+01</y>
						</pos>
						<objectDefName>fan</objectDefName>
						<controller_num>0</controller_num>
						<properties>
							<p.feels_gravity>0</p.feels_gravity>
							<p.feels_user_input>0</p.feels_user_input>
							<p.feels_friction>0</p.feels_friction>
							<p.spawns_enemies>0</p.spawns_enemies>
							<p.is_physical>1</p.is_physical>
							<p.is_static>1</p.is_static>
							<p.is_sensor>1</p.is_sensor>
							<p.ignores_physics_rotation>0</p.ignores_physics_rotation>
							<p.do_our_own_rotation>1</p.do_our_own_rotation>
							<p.use_angled_corners_collision_box>0</p.use_angled_corners_collision_box>
							<p.is_overlay>0</p.is_overlay>
							<p.is_player>0</p.is_player>
							<p.is_spring>0</p.is_spring>
							<p.is_collectable>0</p.is_collectable>
							<p.is_fan>1</p.is_fan>
							<p.is_door>0</p.is_door>
							<p.is_ring>0</p.is_ring>
							<p.is_ball>0</p.is_ball>
							<p.is_badguy>0</p.is_badguy>
						</properties>
					</Object>
				</item>
				<item class_id_reference="11" object_id="_308">
					<Object>
						<pos>
							<x>2.500000000e+03</x>
							<y>4.100000000e+01</y>
						</pos>
						<objectDefName>fan</objectDefName>
						<controller_num>0</controller_num>
						<properties>
							<p.feels_gravity>0</p.feels_gravity>
							<p.feels_user_input>0</p.feels_user_input>
							<p.feels_friction>0</p.feels_friction>
							<p.spawns_enemies>0</p.spawns_enemies>
							<p.is_physical>1</p.is_physical>
							<p.is_static>1</p.is_static>
							<p.is_sensor>1</p.is_sensor>
							<p.ignores_physics_rotation>0</p.ignores_physics_rotation>
							<p.do_our_own_rotation>1</p.do_our_own_rotation>
							<p.use_angled_corners_collision_box>0</p.use_angled_corners_collision_box>
							<p.is_overlay>0</p.is_overlay>
							<p.is_player>0</p.is_player>
							<p.is_spring>0</p.is_spring>
							<p.is_collectable>0</p.is_collectable>
							<p.is_fan>1</p.is_fan>
							<p.is_door>0</p.is_door>
							<p.is_ring>0</p.is_ring>
							<p.is_ball>0</p.is_ball>
							<p.is_badguy>0</p.is_badguy>
						</properties>
					</Object>
				</item>
				<item class_id_reference="11" object_id="_309">
					<Object>
						<pos>
							<x>6.170000000e+02</x>
							<y>3.100000381e+01</y>
						</pos>
						<objectDefName>fan</objectDefName>
						<controller_num>0</controller_num>
						<properties>
							<p.feels_gravity>0</p.feels_gravity>
							<p.feels_user_input>0</p.feels_user_input>
							<p.feels_friction>0</p.feels_friction>
							<p.spawns_enemies>0</p.spawns_enemies>
							<p.is_physical>1</p.is_physical>
							<p.is_static>1</p.is_static>
							<p.is_sensor>1</p.is_sensor>
							<p.ignores_physics_rotation>0</p.ignores_physics_rotation>
							<p.do_our_own_rotation>1</p.do_our_own_rotation>
							<p.use_angled_corners_collision_box>0</p.use_angled_corners_collision_box>
							<p.is_overlay>0</p.is_overlay>
							<p.is_player>0</p.is_player>
							<p.is_spring>0</p.is_spring>
							<p.is_collectable>0</p.is_collectable>
							<p.is_fan>1</p.is_fan>
							<p.is_door>0</p.is_door>
							<p.is_ring>0</p.is_ring>
							<p.is_ball>0</p.is_ball>
							<p.is_badguy>0</p.is_badguy>
						</properties>
					</Object>
				</item>
				<item class_id_reference="11" object_id="_310">
					<Object>
						<pos>
							<x>1.612000000e+03</x>
							<y>4.400000000e+01</y>
						</pos>
						<objectDefName>fan</objectDefName>
						<controller_num>0</controller_num>
						<properties>
							<p.feels_gravity>0</p.feels_gravity>
							<p.feels_user_input>0</p.feels_user_input>
							<p.feels_friction>0</p.feels_friction>
							<p.spawns_enemies>0</p.spawns_enemies>
							<p.is_physical>1</p.is_physical>
							<p.is_static>1</p.is_static>
							<p.is_sensor>1</p.is_sensor>
							<p.ignores_physics_rotation>0</p.ignores_physics_rotation>
							<p.do_our_own_rotation>1</p.do_our_own_rotation>
							<p.use_angled_corners_collision_box>0</p.use_angled_corners_collision_box>
							<p.is_overlay>0</p.is_overlay>
							<p.is_player>0</p.is_player>
							<p.is_spring>0</p.is_spring>
							<p.is_collectable>0</p.is_collectable>
							<p.is_fan>1</p.is_fan>
							<p.is_door>0</p.is_door>
							<p.is_ring>0</p.is_ring>
							<p.is_ball>0</p.is_ball>
							<p.is_badguy>0</p.is_badguy>
						</properties>
					</Object>
				</item>
				<item class_id_reference="11" object_id="_311">
					<Object>
						<pos>
							<x>9.470000000e+02</x>
							<y>3.900000763e+01</y>
						</pos>
						<objectDefName>fan</objectDefName>
						<controller_num>0</controller_num>
						<properties>
							<p.feels_gravity>0</p.feels_gravity>
							<p.feels_user_input>0</p.feels_user_input>
							<p.feels_friction>0</p.feels_friction>
							<p.spawns_enemies>0</p.spawns_enemies>
							<p.is_physical>1</p.is_physical>
							<p.is_static>1</p.is_static>
							<p.is_sensor>1</p.is_sensor>
							<p.ignores_physics_rotation>0</p.ignores_physics_rotation>
							<p.do_our_own_rotation>1</p.do_our_own_rotation>
							<p.use_angled_corners_collision_box>0</p.use_angled_corners_collision_box>
							<p.is_overlay>0</p.is_overlay>
							<p.is_player>0</p.is_player>
							<p.is_spring>0</p.is_spring>
							<p.is_collectable>0</p.is_collectable>
							<p.is_fan>1</p.is_fan>
							<p.is_door>0</p.is_door>
							<p.is_ring>0</p.is_ring>
							<p.is_ball>0</p.is_ball>
							<p.is_badguy>0</p.is_badguy>
						</properties>
					</Object>
				</item>
				<item class_id_reference="11" object_id="_312">
					<Object>
						<pos>
							<x>2.481000000e+03</x>
							<y>3.100000381e+01</y>
						</pos>
						<objectDefName>fan</objectDefName>
						<controller_num>0</controller_num>
						<properties>
							<p.feels_gravity>0</p.feels_gravity>
							<p.feels_user_input>0</p.feels_user_input>
							<p.feels_friction>0</p.feels_friction>
							<p.spawns_enemies>0</p.spawns_enemies>
							<p.is_physical>1</p.is_physical>
							<p.is_static>1</p.is_static>
							<p.is_sensor>1</p.is_sensor>
							<p.ignores_physics_rotation>0</p.ignores_physics_rotation>
							<p.do_our_own_rotation>1</p.do_our_own_rotation>
							<p.use_angled_corners_collision_box>0</p.use_angled_corners_collision_box>
							<p.is_overlay>0</p.is_overlay>
							<p.is_player>0</p.is_player>
							<p.is_spring>0</p.is_spring>
							<p.is_collectable>0</p.is_collectable>
							<p.is_fan>1</p.is_fan>
							<p.is_door>0</p.is_door>
							<p.is_ring>0</p.is_ring>
							<p.is_ball>0</p.is_ball>
							<p.is_badguy>0</p.is_badguy>
						</properties>
					</Object>
				</item>
				<item class_id_reference="11" object_id="_313">
					<Object>
						<pos>
							<x>1.767999878e+03</x>
							<y>3.400000000e+01</y>
						</pos>
						<objectDefName>fan</objectDefName>
						<controller_num>0</controller_num>
						<properties>
							<p.feels_gravity>0</p.feels_gravity>
							<p.feels_user_input>0</p.feels_user_input>
							<p.feels_friction>0</p.feels_friction>
							<p.spawns_enemies>0</p.spawns_enemies>
							<p.is_physical>1</p.is_physical>
							<p.is_static>1</p.is_static>
							<p.is_sensor>1</p.is_sensor>
							<p.ignores_physics_rotation>0</p.ignores_physics_rotation>
							<p.do_our_own_rotation>1</p.do_our_own_rotation>
							<p.use_angled_corners_collision_box>0</p.use_angled_corners_collision_box>
							<p.is_overlay>0</p.is_overlay>
							<p.is_player>0</p.is_player>
							<p.is_spring>0</p.is_spring>
							<p.is_collectable>0</p.is_collectable>
							<p.is_fan>1</p.is_fan>
							<p.is_door>0</p.is_door>
							<p.is_ring>0</p.is_ring>
							<p.is_ball>0</p.is_ball>
							<p.is_badguy>0</p.is_badguy>
						</properties>
					</Object>
				</item>
				<item class_id_reference="11" object_id="_314">
					<Object>
						<pos>
							<x>6.370000000e+02</x>
							<y>2.100000000e+01</y>
						</pos>
						<objectDefName>fan</objectDefName>
						<controller_num>0</controller_num>
						<properties>
							<p.feels_gravity>0</p.feels_gravity>
							<p.feels_user_input>0</p.feels_user_input>
							<p.feels_friction>0</p.feels_friction>
							<p.spawns_enemies>0</p.spawns_enemies>
							<p.is_physical>1</p.is_physical>
							<p.is_static>1</p.is_static>
							<p.is_sensor>1</p.is_sensor>
							<p.ignores_physics_rotation>0</p.ignores_physics_rotation>
							<p.do_our_own_rotation>1</p.do_our_own_rotation>
							<p.use_angled_corners_collision_box>0</p.use_angled_corners_collision_box>
							<p.is_overlay>0</p.is_overlay>
							<p.is_player>0</p.is_player>
							<p.is_spring>0</p.is_spring>
							<p.is_collectable>0</p.is_collectable>
							<p.is_fan>1</p.is_fan>
							<p.is_door>0</p.is_door>
							<p.is_ring>0</p.is_ring>
							<p.is_ball>0</p.is_ball>
							<p.is_badguy>0</p.is_badguy>
						</properties>
					</Object>
				</item>
				<item class_id_reference="11" object_id="_315">
					<Object>
						<pos>
							<x>1.292000000e+03</x>
							<y>4.200000000e+01</y>
						</pos>
						<objectDefName>fan</objectDefName>
						<controller_num>0</controller_num>
						<properties>
							<p.feels_gravity>0</p.feels_gravity>
							<p.feels_user_input>0</p.feels_user_input>
							<p.feels_friction>0</p.feels_friction>
							<p.spawns_enemies>0</p.spawns_enemies>
							<p.is_physical>1</p.is_physical>
							<p.is_static>1</p.is_static>
							<p.is_sensor>1</p.is_sensor>
							<p.ignores_physics_rotation>0</p.ignores_physics_rotation>
							<p.do_our_own_rotation>1</p.do_our_own_rotation>
							<p.use_angled_corners_collision_box>0</p.use_angled_corners_collision_box>
							<p.is_overlay>0</p.is_overlay>
							<p.is_player>0</p.is_player>
							<p.is_spring>0</p.is_spring>
							<p.is_collectable>0</p.is_collectable>
							<p.is_fan>1</p.is_fan>
							<p.is_door>0</p.is_door>
							<p.is_ring>0</p.is_ring>
							<p.is_ball>0</p.is_ball>
							<p.is_badguy>0</p.is_badguy>
						</properties>
					</Object>
				</item>
				<item class_id_reference="11" object_id="_316">
					<Object>
						<pos>
							<x>1.577000000e+03</x>
							<y>5.000000000e+01</y>
						</pos>
						<objectDefName>fan</objectDefName>
						<controller_num>0</controller_num>
						<properties>
							<p.feels_gravity>0</p.feels_gravity>
							<p.feels_user_input>0</p.feels_user_input>
							<p.feels_friction>0</p.feels_friction>
							<p.spawns_enemies>0</p.spawns_enemies>
							<p.is_physical>1</p.is_physical>
							<p.is_static>1</p.is_static>
							<p.is_sensor>1</p.is_sensor>
							<p.ignores_physics_rotation>0</p.ignores_physics_rotation>
							<p.do_our_own_rotation>1</p.do_our_own_rotation>
							<p.use_angled_corners_collision_box>0</p.use_angled_corners_collision_box>
							<p.is_overlay>0</p.is_overlay>
							<p.is_player>0</p.is_player>
							<p.is_spring>0</p.is_spring>
							<p.is_collectable>0</p.is_collectable>
							<p.is_fan>1</p.is_fan>
							<p.is_door>0</p.is_door>
							<p.is_ring>0</p.is_ring>
							<p.is_ball>0</p.is_ball>
							<p.is_badguy>0</p.is_badguy>
						</properties>
					</Object>
				</item>
				<item class_id_reference="11" object_id="_317">
					<Object>
						<pos>
							<x>1.600000000e+03</x>
							<y>4.700000000e+01</y>
						</pos>
						<objectDefName>fan</objectDefName>
						<controller_num>0</controller_num>
						<properties>
							<p.feels_gravity>0</p.feels_gravity>
							<p.feels_user_input>0</p.feels_user_input>
							<p.feels_friction>0</p.feels_friction>
							<p.spawns_enemies>0</p.spawns_enemies>
							<p.is_physical>1</p.is_physical>
							<p.is_static>1</p.is_static>
							<p.is_sensor>1</p.is_sensor>
							<p.ignores_physics_rotation>0</p.ignores_physics_rotation>
							<p.do_our_own_rotation>1</p.do_our_own_rotation>
							<p.use_angled_corners_collision_box>0</p.use_angled_corners_collision_box>
							<p.is_overlay>0</p.is_overlay>
							<p.is_player>0</p.is_player>
							<p.is_spring>0</p.is_spring>
							<p.is_collectable>0</p.is_collectable>
							<p.is_fan>1</p.is_fan>
							<p.is_door>0</p.is_door>
							<p.is_ring>0</p.is_ring>
							<p.is_ball>0</p.is_ball>
							<p.is_badguy>0</p.is_badguy>
						</properties>
					</Object>
				</item>
				<item class_id_reference="11" object_id="_318">
					<Object>
						<pos>
							<x>2.426000000e+03</x>
							<y>3.400000000e+01</y>
						</pos>
						<objectDefName>fan</objectDefName>
						<controller_num>0</controller_num>
						<properties>
							<p.feels_gravity>0</p.feels_gravity>
							<p.feels_user_input>0</p.feels_user_input>
							<p.feels_friction>0</p.feels_friction>
							<p.spawns_enemies>0</p.spawns_enemies>
							<p.is_physical>1</p.is_physical>
							<p.is_static>1</p.is_static>
							<p.is_sensor>1</p.is_sensor>
							<p.ignores_physics_rotation>0</p.ignores_physics_rotation>
							<p.do_our_own_rotation>1</p.do_our_own_rotation>
							<p.use_angled_corners_collision_box>0</p.use_angled_corners_collision_box>
							<p.is_overlay>0</p.is_overlay>
							<p.is_player>0</p.is_player>
							<p.is_spring>0</p.is_spring>
							<p.is_collectable>0</p.is_collectable>
							<p.is_fan>1</p.is_fan>
							<p.is_door>0</p.is_door>
							<p.is_ring>0</p.is_ring>
							<p.is_ball>0</p.is_ball>
							<p.is_badguy>0</p.is_badguy>
						</properties>
					</Object>
				</item>
				<item class_id_reference="11" object_id="_319">
					<Object>
						<pos>
							<x>3.270000000e+02</x>
							<y>3.700000000e+01</y>
						</pos>
						<objectDefName>fan</objectDefName>
						<controller_num>0</controller_num>
						<properties>
							<p.feels_gravity>0</p.feels_gravity>
							<p.feels_user_input>0</p.feels_user_input>
							<p.feels_friction>0</p.feels_friction>
							<p.spawns_enemies>0</p.spawns_enemies>
							<p.is_physical>1</p.is_physical>
							<p.is_static>1</p.is_static>
							<p.is_sensor>1</p.is_sensor>
							<p.ignores_physics_rotation>0</p.ignores_physics_rotation>
							<p.do_our_own_rotation>1</p.do_our_own_rotation>
							<p.use_angled_corners_collision_box>0</p.use_angled_corners_collision_box>
							<p.is_overlay>0</p.is_overlay>
							<p.is_player>0</p.is_player>
							<p.is_spring>0</p.is_spring>
							<p.is_collectable>0</p.is_collectable>
							<p.is_fan>1</p.is_fan>
							<p.is_door>0</p.is_door>
							<p.is_ring>0</p.is_ring>
							<p.is_ball>0</p.is_ball>
							<p.is_badguy>0</p.is_badguy>
						</properties>
					</Object>
				</item>
				<item class_id_reference="11" object_id="_320">
					<Object>
						<pos>
							<x>7.990000000e+02</x>
							<y>3.400000000e+01</y>
						</pos>
						<objectDefName>fan</objectDefName>
						<controller_num>0</controller_num>
						<properties>
							<p.feels_gravity>0</p.feels_gravity>
							<p.feels_user_input>0</p.feels_user_input>
							<p.feels_friction>0</p.feels_friction>
							<p.spawns_enemies>0</p.spawns_enemies>
							<p.is_physical>1</p.is_physical>
							<p.is_static>1</p.is_static>
							<p.is_sensor>1</p.is_sensor>
							<p.ignores_physics_rotation>0</p.ignores_physics_rotation>
							<p.do_our_own_rotation>1</p.do_our_own_rotation>
							<p.use_angled_corners_collision_box>0</p.use_angled_corners_collision_box>
							<p.is_overlay>0</p.is_overlay>
							<p.is_player>0</p.is_player>
							<p.is_spring>0</p.is_spring>
							<p.is_collectable>0</p.is_collectable>
							<p.is_fan>1</p.is_fan>
							<p.is_door>0</p.is_door>
							<p.is_ring>0</p.is_ring>
							<p.is_ball>0</p.is_ball>
							<p.is_badguy>0</p.is_badguy>
						</properties>
					</Object>
				</item>
				<item class_id_reference="11" object_id="_321">
					<Object>
						<pos>
							<x>7.530000000e+02</x>
							<y>2.400000381e+01</y>
						</pos>
						<objectDefName>fan</objectDefName>
						<controller_num>0</controller_num>
						<properties>
							<p.feels_gravity>0</p.feels_gravity>
							<p.feels_user_input>0</p.feels_user_input>
							<p.feels_friction>0</p.feels_friction>
							<p.spawns_enemies>0</p.spawns_enemies>
							<p.is_physical>1</p.is_physical>
							<p.is_static>1</p.is_static>
							<p.is_sensor>1</p.is_sensor>
							<p.ignores_physics_rotation>0</p.ignores_physics_rotation>
							<p.do_our_own_rotation>1</p.do_our_own_rotation>
							<p.use_angled_corners_collision_box>0</p.use_angled_corners_collision_box>
							<p.is_overlay>0</p.is_overlay>
							<p.is_player>0</p.is_player>
							<p.is_spring>0</p.is_spring>
							<p.is_collectable>0</p.is_collectable>
							<p.is_fan>1</p.is_fan>
							<p.is_door>0</p.is_door>
							<p.is_ring>0</p.is_ring>
							<p.is_ball>0</p.is_ball>
							<p.is_badguy>0</p.is_badguy>
						</properties>
					</Object>
				</item>
				<item class_id_reference="11" object_id="_322">
					<Object>
						<pos>
							<x>2.260000000e+02</x>
							<y>3.800000000e+01</y>
						</pos>
						<objectDefName>fan</objectDefName>
						<controller_num>0</controller_num>
						<properties>
							<p.feels_gravity>0</p.feels_gravity>
							<p.feels_user_input>0</p.feels_user_input>
							<p.feels_friction>0</p.feels_friction>
							<p.spawns_enemies>0</p.spawns_enemies>
							<p.is_physical>1</p.is_physical>
							<p.is_static>1</p.is_static>
							<p.is_sensor>1</p.is_sensor>
							<p.ignores_physics_rotation>0</p.ignores_physics_rotation>
							<p.do_our_own_rotation>1</p.do_our_own_rotation>
							<p.use_angled_corners_collision_box>0</p.use_angled_corners_collision_box>
							<p.is_overlay>0</p.is_overlay>
							<p.is_player>0</p.is_player>
							<p.is_spring>0</p.is_spring>
							<p.is_collectable>0</p.is_collectable>
							<p.is_fan>1</p.is_fan>
							<p.is_door>0</p.is_door>
							<p.is_ring>0</p.is_ring>
							<p.is_ball>0</p.is_ball>
							<p.is_badguy>0</p.is_badguy>
						</properties>
					</Object>
				</item>
				<item class_id_reference="11" object_id="_323">
					<Object>
						<pos>
							<x>1.320000000e+03</x>
							<y>4.500000000e+01</y>
						</pos>
						<objectDefName>fan</objectDefName>
						<controller_num>0</controller_num>
						<properties>
							<p.feels_gravity>0</p.feels_gravity>
							<p.feels_user_input>0</p.feels_user_input>
							<p.feels_friction>0</p.feels_friction>
							<p.spawns_enemies>0</p.spawns_enemies>
							<p.is_physical>1</p.is_physical>
							<p.is_static>1</p.is_static>
							<p.is_sensor>1</p.is_sensor>
							<p.ignores_physics_rotation>0</p.ignores_physics_rotation>
							<p.do_our_own_rotation>1</p.do_our_own_rotation>
							<p.use_angled_corners_collision_box>0</p.use_angled_corners_collision_box>
							<p.is_overlay>0</p.is_overlay>
							<p.is_player>0</p.is_player>
							<p.is_spring>0</p.is_spring>
							<p.is_collectable>0</p.is_collectable>
							<p.is_fan>1</p.is_fan>
							<p.is_door>0</p.is_door>
							<p.is_ring>0</p.is_ring>
							<p.is_ball>0</p.is_ball>
							<p.is_badguy>0</p.is_badguy>
						</properties>
					</Object>
				</item>
				<item class_id_reference="9" object_id="_324">
					<Object>
						<pos>
							<x>1.771000000e+03</x>
							<y>-2.600000000e+01</y>
						</pos>
						<objectDefName>s_palm_tall</objectDefName>
						<controller_num>0</controller_num>
						<properties>
							<p.feels_gravity>0</p.feels_gravity>
							<p.feels_user_input>0</p.feels_user_input>
							<p.feels_friction>0</p.feels_friction>
							<p.spawns_enemies>0</p.spawns_enemies>
							<p.is_physical>0</p.is_physical>
							<p.is_static>1</p.is_static>
							<p.is_sensor>0</p.is_sensor>
							<p.ignores_physics_rotation>0</p.ignores_physics_rotation>
							<p.do_our_own_rotation>0</p.do_our_own_rotation>
							<p.use_angled_corners_collision_box>0</p.use_angled_corners_collision_box>
							<p.is_overlay>0</p.is_overlay>
							<p.is_player>0</p.is_player>
							<p.is_spring>0</p.is_spring>
							<p.is_collectable>0</p.is_collectable>
							<p.is_fan>0</p.is_fan>
							<p.is_door>0</p.is_door>
							<p.is_ring>0</p.is_ring>
							<p.is_ball>0</p.is_ball>
							<p.is_badguy>0</p.is_badguy>
						</properties>
					</Object>
				</item>
				<item class_id_reference="9" object_id="_325">
					<Object>
						<pos>
							<x>1.282000000e+03</x>
							<y>-2.800000000e+01</y>
						</pos>
						<objectDefName>s_palm_tall</objectDefName>
						<controller_num>0</controller_num>
						<properties>
							<p.feels_gravity>0</p.feels_gravity>
							<p.feels_user_input>0</p.feels_user_input>
							<p.feels_friction>0</p.feels_friction>
							<p.spawns_enemies>0</p.spawns_enemies>
							<p.is_physical>0</p.is_physical>
							<p.is_static>1</p.is_static>
							<p.is_sensor>0</p.is_sensor>
							<p.ignores_physics_rotation>0</p.ignores_physics_rotation>
							<p.do_our_own_rotation>0</p.do_our_own_rotation>
							<p.use_angled_corners_collision_box>0</p.use_angled_corners_collision_box>
							<p.is_overlay>0</p.is_overlay>
							<p.is_player>0</p.is_player>
							<p.is_spring>0</p.is_spring>
							<p.is_collectable>0</p.is_collectable>
							<p.is_fan>0</p.is_fan>
							<p.is_door>0</p.is_door>
							<p.is_ring>0</p.is_ring>
							<p.is_ball>0</p.is_ball>
							<p.is_badguy>0</p.is_badguy>
						</properties>
					</Object>
				</item>
				<item class_id_reference="9" object_id="_326">
					<Object>
						<pos>
							<x>1.720000000e+03</x>
							<y>0.000000000e+00</y>
						</pos>
						<objectDefName>s_palm_tall</objectDefName>
						<controller_num>0</controller_num>
						<properties>
							<p.feels_gravity>0</p.feels_gravity>
							<p.feels_user_input>0</p.feels_user_input>
							<p.feels_friction>0</p.feels_friction>
							<p.spawns_enemies>0</p.spawns_enemies>
							<p.is_physical>0</p.is_physical>
							<p.is_static>1</p.is_static>
							<p.is_sensor>0</p.is_sensor>
							<p.ignores_physics_rotation>0</p.ignores_physics_rotation>
							<p.do_our_own_rotation>0</p.do_our_own_rotation>
							<p.use_angled_corners_collision_box>0</p.use_angled_corners_collision_box>
							<p.is_overlay>0</p.is_overlay>
							<p.is_player>0</p.is_player>
							<p.is_spring>0</p.is_spring>
							<p.is_collectable>0</p.is_collectable>
							<p.is_fan>0</p.is_fan>
							<p.is_door>0</p.is_door>
							<p.is_ring>0</p.is_ring>
							<p.is_ball>0</p.is_ball>
							<p.is_badguy>0</p.is_badguy>
						</properties>
					</Object>
				</item>
				<item class_id_reference="9" object_id="_327">
					<Object>
						<pos>
							<x>2.036000000e+03</x>
							<y>-4.100000000e+01</y>
						</pos>
						<objectDefName>s_palm_tall</objectDefName>
						<controller_num>0</controller_num>
						<properties>
							<p.feels_gravity>0</p.feels_gravity>
							<p.feels_user_input>0</p.feels_user_input>
							<p.feels_friction>0</p.feels_friction>
							<p.spawns_enemies>0</p.spawns_enemies>
							<p.is_physical>0</p.is_physical>
							<p.is_static>1</p.is_static>
							<p.is_sensor>0</p.is_sensor>
							<p.ignores_physics_rotation>0</p.ignores_physics_rotation>
							<p.do_our_own_rotation>0</p.do_our_own_rotation>
							<p.use_angled_corners_collision_box>0</p.use_angled_corners_collision_box>
							<p.is_overlay>0</p.is_overlay>
							<p.is_player>0</p.is_player>
							<p.is_spring>0</p.is_spring>
							<p.is_collectable>0</p.is_collectable>
							<p.is_fan>0</p.is_fan>
							<p.is_door>0</p.is_door>
							<p.is_ring>0</p.is_ring>
							<p.is_ball>0</p.is_ball>
							<p.is_badguy>0</p.is_badguy>
						</properties>
					</Object>
				</item>
				<item class_id_reference="9" object_id="_328">
					<Object>
						<pos>
							<x>8.460000000e+02</x>
							<y>2.100000000e+01</y>
						</pos>
						<objectDefName>s_palm_tall</objectDefName>
						<controller_num>0</controller_num>
						<properties>
							<p.feels_gravity>0</p.feels_gravity>
							<p.feels_user_input>0</p.feels_user_input>
							<p.feels_friction>0</p.feels_friction>
							<p.spawns_enemies>0</p.spawns_enemies>
							<p.is_physical>0</p.is_physical>
							<p.is_static>1</p.is_static>
							<p.is_sensor>0</p.is_sensor>
							<p.ignores_physics_rotation>0</p.ignores_physics_rotation>
							<p.do_our_own_rotation>0</p.do_our_own_rotation>
							<p.use_angled_corners_collision_box>0</p.use_angled_corners_collision_box>
							<p.is_overlay>0</p.is_overlay>
							<p.is_player>0</p.is_player>
							<p.is_spring>0</p.is_spring>
							<p.is_collectable>0</p.is_collectable>
							<p.is_fan>0</p.is_fan>
							<p.is_door>0</p.is_door>
							<p.is_ring>0</p.is_ring>
							<p.is_ball>0</p.is_ball>
							<p.is_badguy>0</p.is_badguy>
						</properties>
					</Object>
				</item>
				<item class_id_reference="9" object_id="_329">
					<Object>
						<pos>
							<x>2.392000000e+03</x>
							<y>7.000000000e+00</y>
						</pos>
						<objectDefName>s_palm_tall</objectDefName>
						<controller_num>0</controller_num>
						<properties>
							<p.feels_gravity>0</p.feels_gravity>
							<p.feels_user_input>0</p.feels_user_input>
							<p.feels_friction>0</p.feels_friction>
							<p.spawns_enemies>0</p.spawns_enemies>
							<p.is_physical>0</p.is_physical>
							<p.is_static>1</p.is_static>
							<p.is_sensor>0</p.is_sensor>
							<p.ignores_physics_rotation>0</p.ignores_physics_rotation>
							<p.do_our_own_rotation>0</p.do_our_own_rotation>
							<p.use_angled_corners_collision_box>0</p.use_angled_corners_collision_box>
							<p.is_overlay>0</p.is_overlay>
							<p.is_player>0</p.is_player>
							<p.is_spring>0</p.is_spring>
							<p.is_collectable>0</p.is_collectable>
							<p.is_fan>0</p.is_fan>
							<p.is_door>0</p.is_door>
							<p.is_ring>0</p.is_ring>
							<p.is_ball>0</p.is_ball>
							<p.is_badguy>0</p.is_badguy>
						</properties>
					</Object>
				</item>
				<item class_id_reference="9" object_id="_330">
					<Object>
						<pos>
							<x>5.800000000e+02</x>
							<y>-4.600000000e+01</y>
						</pos>
						<objectDefName>s_palm_tall</objectDefName>
						<controller_num>0</controller_num>
						<properties>
							<p.feels_gravity>0</p.feels_gravity>
							<p.feels_user_input>0</p.feels_user_input>
							<p.feels_friction>0</p.feels_friction>
							<p.spawns_enemies>0</p.spawns_enemies>
							<p.is_physical>0</p.is_physical>
							<p.is_static>1</p.is_static>
							<p.is_sensor>0</p.is_sensor>
							<p.ignores_physics_rotation>0</p.ignores_physics_rotation>
							<p.do_our_own_rotation>0</p.do_our_own_rotation>
							<p.use_angled_corners_collision_box>0</p.use_angled_corners_collision_box>
							<p.is_overlay>0</p.is_overlay>
							<p.is_player>0</p.is_player>
							<p.is_spring>0</p.is_spring>
							<p.is_collectable>0</p.is_collectable>
							<p.is_fan>0</p.is_fan>
							<p.is_door>0</p.is_door>
							<p.is_ring>0</p.is_ring>
							<p.is_ball>0</p.is_ball>
							<p.is_badguy>0</p.is_badguy>
						</properties>
					</Object>
				</item>
				<item class_id_reference="9" object_id="_331">
					<Object>
						<pos>
							<x>1.753000000e+03</x>
							<y>-3.600000000e+01</y>
						</pos>
						<objectDefName>s_palm_tall</objectDefName>
						<controller_num>0</controller_num>
						<properties>
							<p.feels_gravity>0</p.feels_gravity>
							<p.feels_user_input>0</p.feels_user_input>
							<p.feels_friction>0</p.feels_friction>
							<p.spawns_enemies>0</p.spawns_enemies>
							<p.is_physical>0</p.is_physical>
							<p.is_static>1</p.is_static>
							<p.is_sensor>0</p.is_sensor>
							<p.ignores_physics_rotation>0</p.ignores_physics_rotation>
							<p.do_our_own_rotation>0</p.do_our_own_rotation>
							<p.use_angled_corners_collision_box>0</p.use_angled_corners_collision_box>
							<p.is_overlay>0</p.is_overlay>
							<p.is_player>0</p.is_player>
							<p.is_spring>0</p.is_spring>
							<p.is_collectable>0</p.is_collectable>
							<p.is_fan>0</p.is_fan>
							<p.is_door>0</p.is_door>
							<p.is_ring>0</p.is_ring>
							<p.is_ball>0</p.is_ball>
							<p.is_badguy>0</p.is_badguy>
						</properties>
					</Object>
				</item>
				<item class_id_reference="9" object_id="_332">
					<Object>
						<pos>
							<x>1.620000000e+02</x>
							<y>1.400000000e+01</y>
						</pos>
						<objectDefName>s_palm_tall</objectDefName>
						<controller_num>0</controller_num>
						<properties>
							<p.feels_gravity>0</p.feels_gravity>
							<p.feels_user_input>0</p.feels_user_input>
							<p.feels_friction>0</p.feels_friction>
							<p.spawns_enemies>0</p.spawns_enemies>
							<p.is_physical>0</p.is_physical>
							<p.is_static>1</p.is_static>
							<p.is_sensor>0</p.is_sensor>
							<p.ignores_physics_rotation>0</p.ignores_physics_rotation>
							<p.do_our_own_rotation>0</p.do_our_own_rotation>
							<p.use_angled_corners_collision_box>0</p.use_angled_corners_collision_box>
							<p.is_overlay>0</p.is_overlay>
							<p.is_player>0</p.is_player>
							<p.is_spring>0</p.is_spring>
							<p.is_collectable>0</p.is_collectable>
							<p.is_fan>0</p.is_fan>
							<p.is_door>0</p.is_door>
							<p.is_ring>0</p.is_ring>
							<p.is_ball>0</p.is_ball>
							<p.is_badguy>0</p.is_badguy>
						</properties>
					</Object>
				</item>
				<item class_id_reference="9" object_id="_333">
					<Object>
						<pos>
							<x>2.251000000e+03</x>
							<y>-3.100000000e+01</y>
						</pos>
						<objectDefName>s_palm_tall</objectDefName>
						<controller_num>0</controller_num>
						<properties>
							<p.feels_gravity>0</p.feels_gravity>
							<p.feels_user_input>0</p.feels_user_input>
							<p.feels_friction>0</p.feels_friction>
							<p.spawns_enemies>0</p.spawns_enemies>
							<p.is_physical>0</p.is_physical>
							<p.is_static>1</p.is_static>
							<p.is_sensor>0</p.is_sensor>
							<p.ignores_physics_rotation>0</p.ignores_physics_rotation>
							<p.do_our_own_rotation>0</p.do_our_own_rotation>
							<p.use_angled_corners_collision_box>0</p.use_angled_corners_collision_box>
							<p.is_overlay>0</p.is_overlay>
							<p.is_player>0</p.is_player>
							<p.is_spring>0</p.is_spring>
							<p.is_collectable>0</p.is_collectable>
							<p.is_fan>0</p.is_fan>
							<p.is_door>0</p.is_door>
							<p.is_ring>0</p.is_ring>
							<p.is_ball>0</p.is_ball>
							<p.is_badguy>0</p.is_badguy>
						</properties>
					</Object>
				</item>
				<item class_id_reference="9" object_id="_334">
					<Object>
						<pos>
							<x>2.141000000e+03</x>
							<y>-1.900000000e+01</y>
						</pos>
						<objectDefName>s_palm_tall</objectDefName>
						<controller_num>0</controller_num>
						<properties>
							<p.feels_gravity>0</p.feels_gravity>
							<p.feels_user_input>0</p.feels_user_input>
							<p.feels_friction>0</p.feels_friction>
							<p.spawns_enemies>0</p.spawns_enemies>
							<p.is_physical>0</p.is_physical>
							<p.is_static>1</p.is_static>
							<p.is_sensor>0</p.is_sensor>
							<p.ignores_physics_rotation>0</p.ignores_physics_rotation>
							<p.do_our_own_rotation>0</p.do_our_own_rotation>
							<p.use_angled_corners_collision_box>0</p.use_angled_corners_collision_box>
							<p.is_overlay>0</p.is_overlay>
							<p.is_player>0</p.is_player>
							<p.is_spring>0</p.is_spring>
							<p.is_collectable>0</p.is_collectable>
							<p.is_fan>0</p.is_fan>
							<p.is_door>0</p.is_door>
							<p.is_ring>0</p.is_ring>
							<p.is_ball>0</p.is_ball>
							<p.is_badguy>0</p.is_badguy>
						</properties>
					</Object>
				</item>
				<item class_id_reference="9" object_id="_335">
					<Object>
						<pos>
							<x>1.099000000e+03</x>
							<y>1.900000000e+01</y>
						</pos>
						<objectDefName>s_palm_tall</objectDefName>
						<controller_num>0</controller_num>
						<properties>
							<p.feels_gravity>0</p.feels_gravity>
							<p.feels_user_input>0</p.feels_user_input>
							<p.feels_friction>0</p.feels_friction>
							<p.spawns_enemies>0</p.spawns_enemies>
							<p.is_physical>0</p.is_physical>
							<p.is_static>1</p.is_static>
							<p.is_sensor>0</p.is_sensor>
							<p.ignores_physics_rotation>0</p.ignores_physics_rotation>
							<p.do_our_own_rotation>0</p.do_our_own_rotation>
							<p.use_angled_corners_collision_box>0</p.use_angled_corners_collision_box>
							<p.is_overlay>0</p.is_overlay>
							<p.is_player>0</p.is_player>
							<p.is_spring>0</p.is_spring>
							<p.is_collectable>0</p.is_collectable>
							<p.is_fan>0</p.is_fan>
							<p.is_door>0</p.is_door>
							<p.is_ring>0</p.is_ring>
							<p.is_ball>0</p.is_ball>
							<p.is_badguy>0</p.is_badguy>
						</properties>
					</Object>
				</item>
				<item class_id_reference="9" object_id="_336">
					<Object>
						<pos>
							<x>2.196000000e+03</x>
							<y>-3.700000000e+01</y>
						</pos>
						<objectDefName>s_palm_tall</objectDefName>
						<controller_num>0</controller_num>
						<properties>
							<p.feels_gravity>0</p.feels_gravity>
							<p.feels_user_input>0</p.feels_user_input>
							<p.feels_friction>0</p.feels_friction>
							<p.spawns_enemies>0</p.spawns_enemies>
							<p.is_physical>0</p.is_physical>
							<p.is_static>1</p.is_static>
							<p.is_sensor>0</p.is_sensor>
							<p.ignores_physics_rotation>0</p.ignores_physics_rotation>
							<p.do_our_own_rotation>0</p.do_our_own_rotation>
							<p.use_angled_corners_collision_box>0</p.use_angled_corners_collision_box>
							<p.is_overlay>0</p.is_overlay>
							<p.is_player>0</p.is_player>
							<p.is_spring>0</p.is_spring>
							<p.is_collectable>0</p.is_collectable>
							<p.is_fan>0</p.is_fan>
							<p.is_door>0</p.is_door>
							<p.is_ring>0</p.is_ring>
							<p.is_ball>0</p.is_ball>
							<p.is_badguy>0</p.is_badguy>
						</properties>
					</Object>
				</item>
				<item class_id_reference="9" object_id="_337">
					<Object>
						<pos>
							<x>1.619000000e+03</x>
							<y>-4.300000000e+01</y>
						</pos>
						<objectDefName>s_palm_tall</objectDefName>
						<controller_num>0</controller_num>
						<properties>
							<p.feels_gravity>0</p.feels_gravity>
							<p.feels_user_input>0</p.feels_user_input>
							<p.feels_friction>0</p.feels_friction>
							<p.spawns_enemies>0</p.spawns_enemies>
							<p.is_physical>0</p.is_physical>
							<p.is_static>1</p.is_static>
							<p.is_sensor>0</p.is_sensor>
							<p.ignores_physics_rotation>0</p.ignores_physics_rotation>
							<p.do_our_own_rotation>0</p.do_our_own_rotation>
							<p.use_angled_corners_collision_box>0</p.use_angled_corners_collision_box>
							<p.is_overlay>0</p.is_overlay>
							<p.is_player>0</p.is_player>
							<p.is_spring>0</p.is_spring>
							<p.is_collectable>0</p.is_collectable>
							<p.is_fan>0</p.is_fan>
							<p.is_door>0</p.is_door>
							<p.is_ring>0</p.is_ring>
							<p.is_ball>0</p.is_ball>
							<p.is_badguy>0</p.is_badguy>
						</properties>
					</Object>
				</item>
				<item class_id_reference="9" object_id="_338">
					<Object>
						<pos>
							<x>1.850000000e+02</x>
							<y>-1.400000000e+01</y>
						</pos>
						<objectDefName>s_palm_tall</objectDefName>
						<controller_num>0</controller_num>
						<properties>
							<p.feels_gravity>0</p.feels_gravity>
							<p.feels_user_input>0</p.feels_user_input>
							<p.feels_friction>0</p.feels_friction>
							<p.spawns_enemies>0</p.spawns_enemies>
							<p.is_physical>0</p.is_physical>
							<p.is_static>1</p.is_static>
							<p.is_sensor>0</p.is_sensor>
							<p.ignores_physics_rotation>0</p.ignores_physics_rotation>
							<p.do_our_own_rotation>0</p.do_our_own_rotation>
							<p.use_angled_corners_collision_box>0</p.use_angled_corners_collision_box>
							<p.is_overlay>0</p.is_overlay>
							<p.is_player>0</p.is_player>
							<p.is_spring>0</p.is_spring>
							<p.is_collectable>0</p.is_collectable>
							<p.is_fan>0</p.is_fan>
							<p.is_door>0</p.is_door>
							<p.is_ring>0</p.is_ring>
							<p.is_ball>0</p.is_ball>
							<p.is_badguy>0</p.is_badguy>
						</properties>
					</Object>
				</item>
				<item class_id_reference="9" object_id="_339">
					<Object>
						<pos>
							<x>1.200000000e+01</x>
							<y>-3.300000000e+01</y>
						</pos>
						<objectDefName>s_palm_tall</objectDefName>
						<controller_num>0</controller_num>
						<properties>
							<p.feels_gravity>0</p.feels_gravity>
							<p.feels_user_input>0</p.feels_user_input>
							<p.feels_friction>0</p.feels_friction>
							<p.spawns_enemies>0</p.spawns_enemies>
							<p.is_physical>0</p.is_physical>
							<p.is_static>1</p.is_static>
							<p.is_sensor>0</p.is_sensor>
							<p.ignores_physics_rotation>0</p.ignores_physics_rotation>
							<p.do_our_own_rotation>0</p.do_our_own_rotation>
							<p.use_angled_corners_collision_box>0</p.use_angled_corners_collision_box>
							<p.is_overlay>0</p.is_overlay>
							<p.is_player>0</p.is_player>
							<p.is_spring>0</p.is_spring>
							<p.is_collectable>0</p.is_collectable>
							<p.is_fan>0</p.is_fan>
							<p.is_door>0</p.is_door>
							<p.is_ring>0</p.is_ring>
							<p.is_ball>0</p.is_ball>
							<p.is_badguy>0</p.is_badguy>
						</properties>
					</Object>
				</item>
				<item class_id_reference="9" object_id="_340">
					<Object>
						<pos>
							<x>1.964000000e+03</x>
							<y>-1.700000000e+01</y>
						</pos>
						<objectDefName>s_palm_tall</objectDefName>
						<controller_num>0</controller_num>
						<properties>
							<p.feels_gravity>0</p.feels_gravity>
							<p.feels_user_input>0</p.feels_user_input>
							<p.feels_friction>0</p.feels_friction>
							<p.spawns_enemies>0</p.spawns_enemies>
							<p.is_physical>0</p.is_physical>
							<p.is_static>1</p.is_static>
							<p.is_sensor>0</p.is_sensor>
							<p.ignores_physics_rotation>0</p.ignores_physics_rotation>
							<p.do_our_own_rotation>0</p.do_our_own_rotation>
							<p.use_angled_corners_collision_box>0</p.use_angled_corners_collision_box>
							<p.is_overlay>0</p.is_overlay>
							<p.is_player>0</p.is_player>
							<p.is_spring>0</p.is_spring>
							<p.is_collectable>0</p.is_collectable>
							<p.is_fan>0</p.is_fan>
							<p.is_door>0</p.is_door>
							<p.is_ring>0</p.is_ring>
							<p.is_ball>0</p.is_ball>
							<p.is_badguy>0</p.is_badguy>
						</properties>
					</Object>
				</item>
				<item class_id_reference="9" object_id="_341">
					<Object>
						<pos>
							<x>1.599000000e+03</x>
							<y>-4.000000000e+01</y>
						</pos>
						<objectDefName>s_palm_tall</objectDefName>
						<controller_num>0</controller_num>
						<properties>
							<p.feels_gravity>0</p.feels_gravity>
							<p.feels_user_input>0</p.feels_user_input>
							<p.feels_friction>0</p.feels_friction>
							<p.spawns_enemies>0</p.spawns_enemies>
							<p.is_physical>0</p.is_physical>
							<p.is_static>1</p.is_static>
							<p.is_sensor>0</p.is_sensor>
							<p.ignores_physics_rotation>0</p.ignores_physics_rotation>
							<p.do_our_own_rotation>0</p.do_our_own_rotation>
							<p.use_angled_corners_collision_box>0</p.use_angled_corners_collision_box>
							<p.is_overlay>0</p.is_overlay>
							<p.is_player>0</p.is_player>
							<p.is_spring>0</p.is_spring>
							<p.is_collectable>0</p.is_collectable>
							<p.is_fan>0</p.is_fan>
							<p.is_door>0</p.is_door>
							<p.is_ring>0</p.is_ring>
							<p.is_ball>0</p.is_ball>
							<p.is_badguy>0</p.is_badguy>
						</properties>
					</Object>
				</item>
				<item class_id_reference="9" object_id="_342">
					<Object>
						<pos>
							<x>2.029000000e+03</x>
							<y>9.000000000e+00</y>
						</pos>
						<objectDefName>s_palm_tall</objectDefName>
						<controller_num>0</controller_num>
						<properties>
							<p.feels_gravity>0</p.feels_gravity>
							<p.feels_user_input>0</p.feels_user_input>
							<p.feels_friction>0</p.feels_friction>
							<p.spawns_enemies>0</p.spawns_enemies>
							<p.is_physical>0</p.is_physical>
							<p.is_static>1</p.is_static>
							<p.is_sensor>0</p.is_sensor>
							<p.ignores_physics_rotation>0</p.ignores_physics_rotation>
							<p.do_our_own_rotation>0</p.do_our_own_rotation>
							<p.use_angled_corners_collision_box>0</p.use_angled_corners_collision_box>
							<p.is_overlay>0</p.is_overlay>
							<p.is_player>0</p.is_player>
							<p.is_spring>0</p.is_spring>
							<p.is_collectable>0</p.is_collectable>
							<p.is_fan>0</p.is_fan>
							<p.is_door>0</p.is_door>
							<p.is_ring>0</p.is_ring>
							<p.is_ball>0</p.is_ball>
							<p.is_badguy>0</p.is_badguy>
						</properties>
					</Object>
				</item>
				<item class_id_reference="9" object_id="_343">
					<Object>
						<pos>
							<x>1.275000000e+03</x>
							<y>-3.900000000e+01</y>
						</pos>
						<objectDefName>s_palm_tall</objectDefName>
						<controller_num>0</controller_num>
						<properties>
							<p.feels_gravity>0</p.feels_gravity>
							<p.feels_user_input>0</p.feels_user_input>
							<p.feels_friction>0</p.feels_friction>
							<p.spawns_enemies>0</p.spawns_enemies>
							<p.is_physical>0</p.is_physical>
							<p.is_static>1</p.is_static>
							<p.is_sensor>0</p.is_sensor>
							<p.ignores_physics_rotation>0</p.ignores_physics_rotation>
							<p.do_our_own_rotation>0</p.do_our_own_rotation>
							<p.use_angled_corners_collision_box>0</p.use_angled_corners_collision_box>
							<p.is_overlay>0</p.is_overlay>
							<p.is_player>0</p.is_player>
							<p.is_spring>0</p.is_spring>
							<p.is_collectable>0</p.is_collectable>
							<p.is_fan>0</p.is_fan>
							<p.is_door>0</p.is_door>
							<p.is_ring>0</p.is_ring>
							<p.is_ball>0</p.is_ball>
							<p.is_badguy>0</p.is_badguy>
						</properties>
					</Object>
				</item>
				<item class_id_reference="9" object_id="_344">
					<Object>
						<pos>
							<x>2.063000000e+03</x>
							<y>-1.300000000e+01</y>
						</pos>
						<objectDefName>s_palm_tall</objectDefName>
						<controller_num>0</controller_num>
						<properties>
							<p.feels_gravity>0</p.feels_gravity>
							<p.feels_user_input>0</p.feels_user_input>
							<p.feels_friction>0</p.feels_friction>
							<p.spawns_enemies>0</p.spawns_enemies>
							<p.is_physical>0</p.is_physical>
							<p.is_static>1</p.is_static>
							<p.is_sensor>0</p.is_sensor>
							<p.ignores_physics_rotation>0</p.ignores_physics_rotation>
							<p.do_our_own_rotation>0</p.do_our_own_rotation>
							<p.use_angled_corners_collision_box>0</p.use_angled_corners_collision_box>
							<p.is_overlay>0</p.is_overlay>
							<p.is_player>0</p.is_player>
							<p.is_spring>0</p.is_spring>
							<p.is_collectable>0</p.is_collectable>
							<p.is_fan>0</p.is_fan>
							<p.is_door>0</p.is_door>
							<p.is_ring>0</p.is_ring>
							<p.is_ball>0</p.is_ball>
							<p.is_badguy>0</p.is_badguy>
						</properties>
					</Object>
				</item>
				<item class_id_reference="9" object_id="_345">
					<Object>
						<pos>
							<x>2.236000000e+03</x>
							<y>2.000000000e+01</y>
						</pos>
						<objectDefName>s_palm_tall</objectDefName>
						<controller_num>0</controller_num>
						<properties>
							<p.feels_gravity>0</p.feels_gravity>
							<p.feels_user_input>0</p.feels_user_input>
							<p.feels_friction>0</p.feels_friction>
							<p.spawns_enemies>0</p.spawns_enemies>
							<p.is_physical>0</p.is_physical>
							<p.is_static>1</p.is_static>
							<p.is_sensor>0</p.is_sensor>
							<p.ignores_physics_rotation>0</p.ignores_physics_rotation>
							<p.do_our_own_rotation>0</p.do_our_own_rotation>
							<p.use_angled_corners_collision_box>0</p.use_angled_corners_collision_box>
							<p.is_overlay>0</p.is_overlay>
							<p.is_player>0</p.is_player>
							<p.is_spring>0</p.is_spring>
							<p.is_collectable>0</p.is_collectable>
							<p.is_fan>0</p.is_fan>
							<p.is_door>0</p.is_door>
							<p.is_ring>0</p.is_ring>
							<p.is_ball>0</p.is_ball>
							<p.is_badguy>0</p.is_badguy>
						</properties>
					</Object>
				</item>
				<item class_id_reference="9" object_id="_346">
					<Object>
						<pos>
							<x>4.850000000e+02</x>
							<y>-1.200000000e+01</y>
						</pos>
						<objectDefName>s_palm_tall</objectDefName>
						<controller_num>0</controller_num>
						<properties>
							<p.feels_gravity>0</p.feels_gravity>
							<p.feels_user_input>0</p.feels_user_input>
							<p.feels_friction>0</p.feels_friction>
							<p.spawns_enemies>0</p.spawns_enemies>
							<p.is_physical>0</p.is_physical>
							<p.is_static>1</p.is_static>
							<p.is_sensor>0</p.is_sensor>
							<p.ignores_physics_rotation>0</p.ignores_physics_rotation>
							<p.do_our_own_rotation>0</p.do_our_own_rotation>
							<p.use_angled_corners_collision_box>0</p.use_angled_corners_collision_box>
							<p.is_overlay>0</p.is_overlay>
							<p.is_player>0</p.is_player>
							<p.is_spring>0</p.is_spring>
							<p.is_collectable>0</p.is_collectable>
							<p.is_fan>0</p.is_fan>
							<p.is_door>0</p.is_door>
							<p.is_ring>0</p.is_ring>
							<p.is_ball>0</p.is_ball>
							<p.is_badguy>0</p.is_badguy>
						</properties>
					</Object>
				</item>
				<item class_id_reference="9" object_id="_347">
					<Object>
						<pos>
							<x>1.403000000e+03</x>
							<y>1.200000000e+01</y>
						</pos>
						<objectDefName>s_palm_tall</objectDefName>
						<controller_num>0</controller_num>
						<properties>
							<p.feels_gravity>0</p.feels_gravity>
							<p.feels_user_input>0</p.feels_user_input>
							<p.feels_friction>0</p.feels_friction>
							<p.spawns_enemies>0</p.spawns_enemies>
							<p.is_physical>0</p.is_physical>
							<p.is_static>1</p.is_static>
							<p.is_sensor>0</p.is_sensor>
							<p.ignores_physics_rotation>0</p.ignores_physics_rotation>
							<p.do_our_own_rotation>0</p.do_our_own_rotation>
							<p.use_angled_corners_collision_box>0</p.use_angled_corners_collision_box>
							<p.is_overlay>0</p.is_overlay>
							<p.is_player>0</p.is_player>
							<p.is_spring>0</p.is_spring>
							<p.is_collectable>0</p.is_collectable>
							<p.is_fan>0</p.is_fan>
							<p.is_door>0</p.is_door>
							<p.is_ring>0</p.is_ring>
							<p.is_ball>0</p.is_ball>
							<p.is_badguy>0</p.is_badguy>
						</properties>
					</Object>
				</item>
				<item class_id_reference="9" object_id="_348">
					<Object>
						<pos>
							<x>1.530000000e+03</x>
							<y>2.100000000e+01</y>
						</pos>
						<objectDefName>s_palm_tall</objectDefName>
						<controller_num>0</controller_num>
						<properties>
							<p.feels_gravity>0</p.feels_gravity>
							<p.feels_user_input>0</p.feels_user_input>
							<p.feels_friction>0</p.feels_friction>
							<p.spawns_enemies>0</p.spawns_enemies>
							<p.is_physical>0</p.is_physical>
							<p.is_static>1</p.is_static>
							<p.is_sensor>0</p.is_sensor>
							<p.ignores_physics_rotation>0</p.ignores_physics_rotation>
							<p.do_our_own_rotation>0</p.do_our_own_rotation>
							<p.use_angled_corners_collision_box>0</p.use_angled_corners_collision_box>
							<p.is_overlay>0</p.is_overlay>
							<p.is_player>0</p.is_player>
							<p.is_spring>0</p.is_spring>
							<p.is_collectable>0</p.is_collectable>
							<p.is_fan>0</p.is_fan>
							<p.is_door>0</p.is_door>
							<p.is_ring>0</p.is_ring>
							<p.is_ball>0</p.is_ball>
							<p.is_badguy>0</p.is_badguy>
						</properties>
					</Object>
				</item>
				<item class_id_reference="9" object_id="_349">
					<Object>
						<pos>
							<x>1.426000000e+03</x>
							<y>-2.000000000e+00</y>
						</pos>
						<objectDefName>s_palm_tall</objectDefName>
						<controller_num>0</controller_num>
						<properties>
							<p.feels_gravity>0</p.feels_gravity>
							<p.feels_user_input>0</p.feels_user_input>
							<p.feels_friction>0</p.feels_friction>
							<p.spawns_enemies>0</p.spawns_enemies>
							<p.is_physical>0</p.is_physical>
							<p.is_static>1</p.is_static>
							<p.is_sensor>0</p.is_sensor>
							<p.ignores_physics_rotation>0</p.ignores_physics_rotation>
							<p.do_our_own_rotation>0</p.do_our_own_rotation>
							<p.use_angled_corners_collision_box>0</p.use_angled_corners_collision_box>
							<p.is_overlay>0</p.is_overlay>
							<p.is_player>0</p.is_player>
							<p.is_spring>0</p.is_spring>
							<p.is_collectable>0</p.is_collectable>
							<p.is_fan>0</p.is_fan>
							<p.is_door>0</p.is_door>
							<p.is_ring>0</p.is_ring>
							<p.is_ball>0</p.is_ball>
							<p.is_badguy>0</p.is_badguy>
						</properties>
					</Object>
				</item>
				<item class_id_reference="9" object_id="_350">
					<Object>
						<pos>
							<x>1.680000000e+03</x>
							<y>-2.100000000e+01</y>
						</pos>
						<objectDefName>s_palm_tall</objectDefName>
						<controller_num>0</controller_num>
						<properties>
							<p.feels_gravity>0</p.feels_gravity>
							<p.feels_user_input>0</p.feels_user_input>
							<p.feels_friction>0</p.feels_friction>
							<p.spawns_enemies>0</p.spawns_enemies>
							<p.is_physical>0</p.is_physical>
							<p.is_static>1</p.is_static>
							<p.is_sensor>0</p.is_sensor>
							<p.ignores_physics_rotation>0</p.ignores_physics_rotation>
							<p.do_our_own_rotation>0</p.do_our_own_rotation>
							<p.use_angled_corners_collision_box>0</p.use_angled_corners_collision_box>
							<p.is_overlay>0</p.is_overlay>
							<p.is_player>0</p.is_player>
							<p.is_spring>0</p.is_spring>
							<p.is_collectable>0</p.is_collectable>
							<p.is_fan>0</p.is_fan>
							<p.is_door>0</p.is_door>
							<p.is_ring>0</p.is_ring>
							<p.is_ball>0</p.is_ball>
							<p.is_badguy>0</p.is_badguy>
						</properties>
					</Object>
				</item>
				<item class_id_reference="9" object_id="_351">
					<Object>
						<pos>
							<x>1.359000000e+03</x>
							<y>-2.300000000e+01</y>
						</pos>
						<objectDefName>s_palm_tall</objectDefName>
						<controller_num>0</controller_num>
						<properties>
							<p.feels_gravity>0</p.feels_gravity>
							<p.feels_user_input>0</p.feels_user_input>
							<p.feels_friction>0</p.feels_friction>
							<p.spawns_enemies>0</p.spawns_enemies>
							<p.is_physical>0</p.is_physical>
							<p.is_static>1</p.is_static>
							<p.is_sensor>0</p.is_sensor>
							<p.ignores_physics_rotation>0</p.ignores_physics_rotation>
							<p.do_our_own_rotation>0</p.do_our_own_rotation>
							<p.use_angled_corners_collision_box>0</p.use_angled_corners_collision_box>
							<p.is_overlay>0</p.is_overlay>
							<p.is_player>0</p.is_player>
							<p.is_spring>0</p.is_spring>
							<p.is_collectable>0</p.is_collectable>
							<p.is_fan>0</p.is_fan>
							<p.is_door>0</p.is_door>
							<p.is_ring>0</p.is_ring>
							<p.is_ball>0</p.is_ball>
							<p.is_badguy>0</p.is_badguy>
						</properties>
					</Object>
				</item>
				<item class_id_reference="9" object_id="_352">
					<Object>
						<pos>
							<x>2.333000000e+03</x>
							<y>-2.600000000e+01</y>
						</pos>
						<objectDefName>s_palm_tall</objectDefName>
						<controller_num>0</controller_num>
						<properties>
							<p.feels_gravity>0</p.feels_gravity>
							<p.feels_user_input>0</p.feels_user_input>
							<p.feels_friction>0</p.feels_friction>
							<p.spawns_enemies>0</p.spawns_enemies>
							<p.is_physical>0</p.is_physical>
							<p.is_static>1</p.is_static>
							<p.is_sensor>0</p.is_sensor>
							<p.ignores_physics_rotation>0</p.ignores_physics_rotation>
							<p.do_our_own_rotation>0</p.do_our_own_rotation>
							<p.use_angled_corners_collision_box>0</p.use_angled_corners_collision_box>
							<p.is_overlay>0</p.is_overlay>
							<p.is_player>0</p.is_player>
							<p.is_spring>0</p.is_spring>
							<p.is_collectable>0</p.is_collectable>
							<p.is_fan>0</p.is_fan>
							<p.is_door>0</p.is_door>
							<p.is_ring>0</p.is_ring>
							<p.is_ball>0</p.is_ball>
							<p.is_badguy>0</p.is_badguy>
						</properties>
					</Object>
				</item>
				<item class_id_reference="9" object_id="_353">
					<Object>
						<pos>
							<x>2.459000000e+03</x>
							<y>-7.000000000e+00</y>
						</pos>
						<objectDefName>s_palm_tall</objectDefName>
						<controller_num>0</controller_num>
						<properties>
							<p.feels_gravity>0</p.feels_gravity>
							<p.feels_user_input>0</p.feels_user_input>
							<p.feels_friction>0</p.feels_friction>
							<p.spawns_enemies>0</p.spawns_enemies>
							<p.is_physical>0</p.is_physical>
							<p.is_static>1</p.is_static>
							<p.is_sensor>0</p.is_sensor>
							<p.ignores_physics_rotation>0</p.ignores_physics_rotation>
							<p.do_our_own_rotation>0</p.do_our_own_rotation>
							<p.use_angled_corners_collision_box>0</p.use_angled_corners_collision_box>
							<p.is_overlay>0</p.is_overlay>
							<p.is_player>0</p.is_player>
							<p.is_spring>0</p.is_spring>
							<p.is_collectable>0</p.is_collectable>
							<p.is_fan>0</p.is_fan>
							<p.is_door>0</p.is_door>
							<p.is_ring>0</p.is_ring>
							<p.is_ball>0</p.is_ball>
							<p.is_badguy>0</p.is_badguy>
						</properties>
					</Object>
				</item>
				<item class_id_reference="9" object_id="_354">
					<Object>
						<pos>
							<x>6.640000000e+02</x>
							<y>-7.000000000e+00</y>
						</pos>
						<objectDefName>s_palm_tall</objectDefName>
						<controller_num>0</controller_num>
						<properties>
							<p.feels_gravity>0</p.feels_gravity>
							<p.feels_user_input>0</p.feels_user_input>
							<p.feels_friction>0</p.feels_friction>
							<p.spawns_enemies>0</p.spawns_enemies>
							<p.is_physical>0</p.is_physical>
							<p.is_static>1</p.is_static>
							<p.is_sensor>0</p.is_sensor>
							<p.ignores_physics_rotation>0</p.ignores_physics_rotation>
							<p.do_our_own_rotation>0</p.do_our_own_rotation>
							<p.use_angled_corners_collision_box>0</p.use_angled_corners_collision_box>
							<p.is_overlay>0</p.is_overlay>
							<p.is_player>0</p.is_player>
							<p.is_spring>0</p.is_spring>
							<p.is_collectable>0</p.is_collectable>
							<p.is_fan>0</p.is_fan>
							<p.is_door>0</p.is_door>
							<p.is_ring>0</p.is_ring>
							<p.is_ball>0</p.is_ball>
							<p.is_badguy>0</p.is_badguy>
						</properties>
					</Object>
				</item>
				<item class_id_reference="9" object_id="_355">
					<Object>
						<pos>
							<x>1.645000000e+03</x>
							<y>-4.600000000e+01</y>
						</pos>
						<objectDefName>s_palm_tall</objectDefName>
						<controller_num>0</controller_num>
						<properties>
							<p.feels_gravity>0</p.feels_gravity>
							<p.feels_user_input>0</p.feels_user_input>
							<p.feels_friction>0</p.feels_friction>
							<p.spawns_enemies>0</p.spawns_enemies>
							<p.is_physical>0</p.is_physical>
							<p.is_static>1</p.is_static>
							<p.is_sensor>0</p.is_sensor>
							<p.ignores_physics_rotation>0</p.ignores_physics_rotation>
							<p.do_our_own_rotation>0</p.do_our_own_rotation>
							<p.use_angled_corners_collision_box>0</p.use_angled_corners_collision_box>
							<p.is_overlay>0</p.is_overlay>
							<p.is_player>0</p.is_player>
							<p.is_spring>0</p.is_spring>
							<p.is_collectable>0</p.is_collectable>
							<p.is_fan>0</p.is_fan>
							<p.is_door>0</p.is_door>
							<p.is_ring>0</p.is_ring>
							<p.is_ball>0</p.is_ball>
							<p.is_badguy>0</p.is_badguy>
						</properties>
					</Object>
				</item>
				<item class_id_reference="9" object_id="_356">
					<Object>
						<pos>
							<x>4.030000000e+02</x>
							<y>-7.000000000e+00</y>
						</pos>
						<objectDefName>s_palm_tall</objectDefName>
						<controller_num>0</controller_num>
						<properties>
							<p.feels_gravity>0</p.feels_gravity>
							<p.feels_user_input>0</p.feels_user_input>
							<p.feels_friction>0</p.feels_friction>
							<p.spawns_enemies>0</p.spawns_enemies>
							<p.is_physical>0</p.is_physical>
							<p.is_static>1</p.is_static>
							<p.is_sensor>0</p.is_sensor>
							<p.ignores_physics_rotation>0</p.ignores_physics_rotation>
							<p.do_our_own_rotation>0</p.do_our_own_rotation>
							<p.use_angled_corners_collision_box>0</p.use_angled_corners_collision_box>
							<p.is_overlay>0</p.is_overlay>
							<p.is_player>0</p.is_player>
							<p.is_spring>0</p.is_spring>
							<p.is_collectable>0</p.is_collectable>
							<p.is_fan>0</p.is_fan>
							<p.is_door>0</p.is_door>
							<p.is_ring>0</p.is_ring>
							<p.is_ball>0</p.is_ball>
							<p.is_badguy>0</p.is_badguy>
						</properties>
					</Object>
				</item>
				<item class_id_reference="9" object_id="_357">
					<Object>
						<pos>
							<x>1.377000000e+03</x>
							<y>-2.900000000e+01</y>
						</pos>
						<objectDefName>s_palm_tall</objectDefName>
						<controller_num>0</controller_num>
						<properties>
							<p.feels_gravity>0</p.feels_gravity>
							<p.feels_user_input>0</p.feels_user_input>
							<p.feels_friction>0</p.feels_friction>
							<p.spawns_enemies>0</p.spawns_enemies>
							<p.is_physical>0</p.is_physical>
							<p.is_static>1</p.is_static>
							<p.is_sensor>0</p.is_sensor>
							<p.ignores_physics_rotation>0</p.ignores_physics_rotation>
							<p.do_our_own_rotation>0</p.do_our_own_rotation>
							<p.use_angled_corners_collision_box>0</p.use_angled_corners_collision_box>
							<p.is_overlay>0</p.is_overlay>
							<p.is_player>0</p.is_player>
							<p.is_spring>0</p.is_spring>
							<p.is_collectable>0</p.is_collectable>
							<p.is_fan>0</p.is_fan>
							<p.is_door>0</p.is_door>
							<p.is_ring>0</p.is_ring>
							<p.is_ball>0</p.is_ball>
							<p.is_badguy>0</p.is_badguy>
						</properties>
					</Object>
				</item>
				<item class_id_reference="9" object_id="_358">
					<Object>
						<pos>
							<x>1.700000000e+02</x>
							<y>1.900000000e+01</y>
						</pos>
						<objectDefName>s_palm_tall</objectDefName>
						<controller_num>0</controller_num>
						<properties>
							<p.feels_gravity>0</p.feels_gravity>
							<p.feels_user_input>0</p.feels_user_input>
							<p.feels_friction>0</p.feels_friction>
							<p.spawns_enemies>0</p.spawns_enemies>
							<p.is_physical>0</p.is_physical>
							<p.is_static>1</p.is_static>
							<p.is_sensor>0</p.is_sensor>
							<p.ignores_physics_rotation>0</p.ignores_physics_rotation>
							<p.do_our_own_rotation>0</p.do_our_own_rotation>
							<p.use_angled_corners_collision_box>0</p.use_angled_corners_collision_box>
							<p.is_overlay>0</p.is_overlay>
							<p.is_player>0</p.is_player>
							<p.is_spring>0</p.is_spring>
							<p.is_collectable>0</p.is_collectable>
							<p.is_fan>0</p.is_fan>
							<p.is_door>0</p.is_door>
							<p.is_ring>0</p.is_ring>
							<p.is_ball>0</p.is_ball>
							<p.is_badguy>0</p.is_badguy>
						</properties>
					</Object>
				</item>
				<item class_id_reference="9" object_id="_359">
					<Object>
						<pos>
							<x>9.440000000e+02</x>
							<y>-7.000000000e+00</y>
						</pos>
						<objectDefName>s_palm_tall</objectDefName>
						<controller_num>0</controller_num>
						<properties>
							<p.feels_gravity>0</p.feels_gravity>
							<p.feels_user_input>0</p.feels_user_input>
							<p.feels_friction>0</p.feels_friction>
							<p.spawns_enemies>0</p.spawns_enemies>
							<p.is_physical>0</p.is_physical>
							<p.is_static>1</p.is_static>
							<p.is_sensor>0</p.is_sensor>
							<p.ignores_physics_rotation>0</p.ignores_physics_rotation>
							<p.do_our_own_rotation>0</p.do_our_own_rotation>
							<p.use_angled_corners_collision_box>0</p.use_angled_corners_collision_box>
							<p.is_overlay>0</p.is_overlay>
							<p.is_player>0</p.is_player>
							<p.is_spring>0</p.is_spring>
							<p.is_collectable>0</p.is_collectable>
							<p.is_fan>0</p.is_fan>
							<p.is_door>0</p.is_door>
							<p.is_ring>0</p.is_ring>
							<p.is_ball>0</p.is_ball>
							<p.is_badguy>0</p.is_badguy>
						</properties>
					</Object>
				</item>
				<item class_id_reference="9" object_id="_360">
					<Object>
						<pos>
							<x>1.334000000e+03</x>
							<y>-7.000000000e+00</y>
						</pos>
						<objectDefName>s_palm_tall</objectDefName>
						<controller_num>0</controller_num>
						<properties>
							<p.feels_gravity>0</p.feels_gravity>
							<p.feels_user_input>0</p.feels_user_input>
							<p.feels_friction>0</p.feels_friction>
							<p.spawns_enemies>0</p.spawns_enemies>
							<p.is_physical>0</p.is_physical>
							<p.is_static>1</p.is_static>
							<p.is_sensor>0</p.is_sensor>
							<p.ignores_physics_rotation>0</p.ignores_physics_rotation>
							<p.do_our_own_rotation>0</p.do_our_own_rotation>
							<p.use_angled_corners_collision_box>0</p.use_angled_corners_collision_box>
							<p.is_overlay>0</p.is_overlay>
							<p.is_player>0</p.is_player>
							<p.is_spring>0</p.is_spring>
							<p.is_collectable>0</p.is_collectable>
							<p.is_fan>0</p.is_fan>
							<p.is_door>0</p.is_door>
							<p.is_ring>0</p.is_ring>
							<p.is_ball>0</p.is_ball>
							<p.is_badguy>0</p.is_badguy>
						</properties>
					</Object>
				</item>
				<item class_id_reference="9" object_id="_361">
					<Object>
						<pos>
							<x>1.687000000e+03</x>
							<y>6.000000000e+00</y>
						</pos>
						<objectDefName>s_palm_tall</objectDefName>
						<controller_num>0</controller_num>
						<properties>
							<p.feels_gravity>0</p.feels_gravity>
							<p.feels_user_input>0</p.feels_user_input>
							<p.feels_friction>0</p.feels_friction>
							<p.spawns_enemies>0</p.spawns_enemies>
							<p.is_physical>0</p.is_physical>
							<p.is_static>1</p.is_static>
							<p.is_sensor>0</p.is_sensor>
							<p.ignores_physics_rotation>0</p.ignores_physics_rotation>
							<p.do_our_own_rotation>0</p.do_our_own_rotation>
							<p.use_angled_corners_collision_box>0</p.use_angled_corners_collision_box>
							<p.is_overlay>0</p.is_overlay>
							<p.is_player>0</p.is_player>
							<p.is_spring>0</p.is_spring>
							<p.is_collectable>0</p.is_collectable>
							<p.is_fan>0</p.is_fan>
							<p.is_door>0</p.is_door>
							<p.is_ring>0</p.is_ring>
							<p.is_ball>0</p.is_ball>
							<p.is_badguy>0</p.is_badguy>
						</properties>
					</Object>
				</item>
				<item class_id_reference="9" object_id="_362">
					<Object>
						<pos>
							<x>2.175000000e+03</x>
							<y>-3.000000000e+00</y>
						</pos>
						<objectDefName>s_palm_tall</objectDefName>
						<controller_num>0</controller_num>
						<properties>
							<p.feels_gravity>0</p.feels_gravity>
							<p.feels_user_input>0</p.feels_user_input>
							<p.feels_friction>0</p.feels_friction>
							<p.spawns_enemies>0</p.spawns_enemies>
							<p.is_physical>0</p.is_physical>
							<p.is_static>1</p.is_static>
							<p.is_sensor>0</p.is_sensor>
							<p.ignores_physics_rotation>0</p.ignores_physics_rotation>
							<p.do_our_own_rotation>0</p.do_our_own_rotation>
							<p.use_angled_corners_collision_box>0</p.use_angled_corners_collision_box>
							<p.is_overlay>0</p.is_overlay>
							<p.is_player>0</p.is_player>
							<p.is_spring>0</p.is_spring>
							<p.is_collectable>0</p.is_collectable>
							<p.is_fan>0</p.is_fan>
							<p.is_door>0</p.is_door>
							<p.is_ring>0</p.is_ring>
							<p.is_ball>0</p.is_ball>
							<p.is_badguy>0</p.is_badguy>
						</properties>
					</Object>
				</item>
				<item class_id_reference="9" object_id="_363">
					<Object>
						<pos>
							<x>1.404000000e+03</x>
							<y>-3.200000000e+01</y>
						</pos>
						<objectDefName>s_palm_tall</objectDefName>
						<controller_num>0</controller_num>
						<properties>
							<p.feels_gravity>0</p.feels_gravity>
							<p.feels_user_input>0</p.feels_user_input>
							<p.feels_friction>0</p.feels_friction>
							<p.spawns_enemies>0</p.spawns_enemies>
							<p.is_physical>0</p.is_physical>
							<p.is_static>1</p.is_static>
							<p.is_sensor>0</p.is_sensor>
							<p.ignores_physics_rotation>0</p.ignores_physics_rotation>
							<p.do_our_own_rotation>0</p.do_our_own_rotation>
							<p.use_angled_corners_collision_box>0</p.use_angled_corners_collision_box>
							<p.is_overlay>0</p.is_overlay>
							<p.is_player>0</p.is_player>
							<p.is_spring>0</p.is_spring>
							<p.is_collectable>0</p.is_collectable>
							<p.is_fan>0</p.is_fan>
							<p.is_door>0</p.is_door>
							<p.is_ring>0</p.is_ring>
							<p.is_ball>0</p.is_ball>
							<p.is_badguy>0</p.is_badguy>
						</properties>
					</Object>
				</item>
				<item class_id_reference="9" object_id="_364">
					<Object>
						<pos>
							<x>1.846000000e+03</x>
							<y>-3.000000000e+01</y>
						</pos>
						<objectDefName>s_palm_tall</objectDefName>
						<controller_num>0</controller_num>
						<properties>
							<p.feels_gravity>0</p.feels_gravity>
							<p.feels_user_input>0</p.feels_user_input>
							<p.feels_friction>0</p.feels_friction>
							<p.spawns_enemies>0</p.spawns_enemies>
							<p.is_physical>0</p.is_physical>
							<p.is_static>1</p.is_static>
							<p.is_sensor>0</p.is_sensor>
							<p.ignores_physics_rotation>0</p.ignores_physics_rotation>
							<p.do_our_own_rotation>0</p.do_our_own_rotation>
							<p.use_angled_corners_collision_box>0</p.use_angled_corners_collision_box>
							<p.is_overlay>0</p.is_overlay>
							<p.is_player>0</p.is_player>
							<p.is_spring>0</p.is_spring>
							<p.is_collectable>0</p.is_collectable>
							<p.is_fan>0</p.is_fan>
							<p.is_door>0</p.is_door>
							<p.is_ring>0</p.is_ring>
							<p.is_ball>0</p.is_ball>
							<p.is_badguy>0</p.is_badguy>
						</properties>
					</Object>
				</item>
				<item class_id_reference="9" object_id="_365">
					<Object>
						<pos>
							<x>1.180000000e+03</x>
							<y>-1.800000000e+01</y>
						</pos>
						<objectDefName>s_palm_tall</objectDefName>
						<controller_num>0</controller_num>
						<properties>
							<p.feels_gravity>0</p.feels_gravity>
							<p.feels_user_input>0</p.feels_user_input>
							<p.feels_friction>0</p.feels_friction>
							<p.spawns_enemies>0</p.spawns_enemies>
							<p.is_physical>0</p.is_physical>
							<p.is_static>1</p.is_static>
							<p.is_sensor>0</p.is_sensor>
							<p.ignores_physics_rotation>0</p.ignores_physics_rotation>
							<p.do_our_own_rotation>0</p.do_our_own_rotation>
							<p.use_angled_corners_collision_box>0</p.use_angled_corners_collision_box>
							<p.is_overlay>0</p.is_overlay>
							<p.is_player>0</p.is_player>
							<p.is_spring>0</p.is_spring>
							<p.is_collectable>0</p.is_collectable>
							<p.is_fan>0</p.is_fan>
							<p.is_door>0</p.is_door>
							<p.is_ring>0</p.is_ring>
							<p.is_ball>0</p.is_ball>
							<p.is_badguy>0</p.is_badguy>
						</properties>
					</Object>
				</item>
				<item class_id_reference="9" object_id="_366">
					<Object>
						<pos>
							<x>2.336000000e+03</x>
							<y>-9.000000000e+00</y>
						</pos>
						<objectDefName>s_palm_tall</objectDefName>
						<controller_num>0</controller_num>
						<properties>
							<p.feels_gravity>0</p.feels_gravity>
							<p.feels_user_input>0</p.feels_user_input>
							<p.feels_friction>0</p.feels_friction>
							<p.spawns_enemies>0</p.spawns_enemies>
							<p.is_physical>0</p.is_physical>
							<p.is_static>1</p.is_static>
							<p.is_sensor>0</p.is_sensor>
							<p.ignores_physics_rotation>0</p.ignores_physics_rotation>
							<p.do_our_own_rotation>0</p.do_our_own_rotation>
							<p.use_angled_corners_collision_box>0</p.use_angled_corners_collision_box>
							<p.is_overlay>0</p.is_overlay>
							<p.is_player>0</p.is_player>
							<p.is_spring>0</p.is_spring>
							<p.is_collectable>0</p.is_collectable>
							<p.is_fan>0</p.is_fan>
							<p.is_door>0</p.is_door>
							<p.is_ring>0</p.is_ring>
							<p.is_ball>0</p.is_ball>
							<p.is_badguy>0</p.is_badguy>
						</properties>
					</Object>
				</item>
				<item class_id_reference="9" object_id="_367">
					<Object>
						<pos>
							<x>9.660000000e+02</x>
							<y>-7.000000000e+00</y>
						</pos>
						<objectDefName>s_palm_tall</objectDefName>
						<controller_num>0</controller_num>
						<properties>
							<p.feels_gravity>0</p.feels_gravity>
							<p.feels_user_input>0</p.feels_user_input>
							<p.feels_friction>0</p.feels_friction>
							<p.spawns_enemies>0</p.spawns_enemies>
							<p.is_physical>0</p.is_physical>
							<p.is_static>1</p.is_static>
							<p.is_sensor>0</p.is_sensor>
							<p.ignores_physics_rotation>0</p.ignores_physics_rotation>
							<p.do_our_own_rotation>0</p.do_our_own_rotation>
							<p.use_angled_corners_collision_box>0</p.use_angled_corners_collision_box>
							<p.is_overlay>0</p.is_overlay>
							<p.is_player>0</p.is_player>
							<p.is_spring>0</p.is_spring>
							<p.is_collectable>0</p.is_collectable>
							<p.is_fan>0</p.is_fan>
							<p.is_door>0</p.is_door>
							<p.is_ring>0</p.is_ring>
							<p.is_ball>0</p.is_ball>
							<p.is_badguy>0</p.is_badguy>
						</properties>
					</Object>
				</item>
				<item class_id_reference="9" object_id="_368">
					<Object>
						<pos>
							<x>2.397000000e+03</x>
							<y>2.000000000e+01</y>
						</pos>
						<objectDefName>s_palm_tall</objectDefName>
						<controller_num>0</controller_num>
						<properties>
							<p.feels_gravity>0</p.feels_gravity>
							<p.feels_user_input>0</p.feels_user_input>
							<p.feels_friction>0</p.feels_friction>
							<p.spawns_enemies>0</p.spawns_enemies>
							<p.is_physical>0</p.is_physical>
							<p.is_static>1</p.is_static>
							<p.is_sensor>0</p.is_sensor>
							<p.ignores_physics_rotation>0</p.ignores_physics_rotation>
							<p.do_our_own_rotation>0</p.do_our_own_rotation>
							<p.use_angled_corners_collision_box>0</p.use_angled_corners_collision_box>
							<p.is_overlay>0</p.is_overlay>
							<p.is_player>0</p.is_player>
							<p.is_spring>0</p.is_spring>
							<p.is_collectable>0</p.is_collectable>
							<p.is_fan>0</p.is_fan>
							<p.is_door>0</p.is_door>
							<p.is_ring>0</p.is_ring>
							<p.is_ball>0</p.is_ball>
							<p.is_badguy>0</p.is_badguy>
						</properties>
					</Object>
				</item>
				<item class_id_reference="9" object_id="_369">
					<Object>
						<pos>
							<x>8.030000000e+02</x>
							<y>-9.000000000e+00</y>
						</pos>
						<objectDefName>s_palm_tall</objectDefName>
						<controller_num>0</controller_num>
						<properties>
							<p.feels_gravity>0</p.feels_gravity>
							<p.feels_user_input>0</p.feels_user_input>
							<p.feels_friction>0</p.feels_friction>
							<p.spawns_enemies>0</p.spawns_enemies>
							<p.is_physical>0</p.is_physical>
							<p.is_static>1</p.is_static>
							<p.is_sensor>0</p.is_sensor>
							<p.ignores_physics_rotation>0</p.ignores_physics_rotation>
							<p.do_our_own_rotation>0</p.do_our_own_rotation>
							<p.use_angled_corners_collision_box>0</p.use_angled_corners_collision_box>
							<p.is_overlay>0</p.is_overlay>
							<p.is_player>0</p.is_player>
							<p.is_spring>0</p.is_spring>
							<p.is_collectable>0</p.is_collectable>
							<p.is_fan>0</p.is_fan>
							<p.is_door>0</p.is_door>
							<p.is_ring>0</p.is_ring>
							<p.is_ball>0</p.is_ball>
							<p.is_badguy>0</p.is_badguy>
						</properties>
					</Object>
				</item>
				<item class_id_reference="9" object_id="_370">
					<Object>
						<pos>
							<x>5.130000000e+02</x>
							<y>-3.800000000e+01</y>
						</pos>
						<objectDefName>s_palm_tall</objectDefName>
						<controller_num>0</controller_num>
						<properties>
							<p.feels_gravity>0</p.feels_gravity>
							<p.feels_user_input>0</p.feels_user_input>
							<p.feels_friction>0</p.feels_friction>
							<p.spawns_enemies>0</p.spawns_enemies>
							<p.is_physical>0</p.is_physical>
							<p.is_static>1</p.is_static>
							<p.is_sensor>0</p.is_sensor>
							<p.ignores_physics_rotation>0</p.ignores_physics_rotation>
							<p.do_our_own_rotation>0</p.do_our_own_rotation>
							<p.use_angled_corners_collision_box>0</p.use_angled_corners_collision_box>
							<p.is_overlay>0</p.is_overlay>
							<p.is_player>0</p.is_player>
							<p.is_spring>0</p.is_spring>
							<p.is_collectable>0</p.is_collectable>
							<p.is_fan>0</p.is_fan>
							<p.is_door>0</p.is_door>
							<p.is_ring>0</p.is_ring>
							<p.is_ball>0</p.is_ball>
							<p.is_badguy>0</p.is_badguy>
						</properties>
					</Object>
				</item>
				<item class_id_reference="9" object_id="_371">
					<Object>
						<pos>
							<x>1.077000000e+03</x>
							<y>1.300000000e+01</y>
						</pos>
						<objectDefName>s_palm_tall</objectDefName>
						<controller_num>0</controller_num>
						<properties>
							<p.feels_gravity>0</p.feels_gravity>
							<p.feels_user_input>0</p.feels_user_input>
							<p.feels_friction>0</p.feels_friction>
							<p.spawns_enemies>0</p.spawns_enemies>
							<p.is_physical>0</p.is_physical>
							<p.is_static>1</p.is_static>
							<p.is_sensor>0</p.is_sensor>
							<p.ignores_physics_rotation>0</p.ignores_physics_rotation>
							<p.do_our_own_rotation>0</p.do_our_own_rotation>
							<p.use_angled_corners_collision_box>0</p.use_angled_corners_collision_box>
							<p.is_overlay>0</p.is_overlay>
							<p.is_player>0</p.is_player>
							<p.is_spring>0</p.is_spring>
							<p.is_collectable>0</p.is_collectable>
							<p.is_fan>0</p.is_fan>
							<p.is_door>0</p.is_door>
							<p.is_ring>0</p.is_ring>
							<p.is_ball>0</p.is_ball>
							<p.is_badguy>0</p.is_badguy>
						</properties>
					</Object>
				</item>
				<item class_id_reference="9" object_id="_372">
					<Object>
						<pos>
							<x>3.620000000e+02</x>
							<y>-1.800000000e+01</y>
						</pos>
						<objectDefName>s_palm_tall</objectDefName>
						<controller_num>0</controller_num>
						<properties>
							<p.feels_gravity>0</p.feels_gravity>
							<p.feels_user_input>0</p.feels_user_input>
							<p.feels_friction>0</p.feels_friction>
							<p.spawns_enemies>0</p.spawns_enemies>
							<p.is_physical>0</p.is_physical>
							<p.is_static>1</p.is_static>
							<p.is_sensor>0</p.is_sensor>
							<p.ignores_physics_rotation>0</p.ignores_physics_rotation>
							<p.do_our_own_rotation>0</p.do_our_own_rotation>
							<p.use_angled_corners_collision_box>0</p.use_angled_corners_collision_box>
							<p.is_overlay>0</p.is_overlay>
							<p.is_player>0</p.is_player>
							<p.is_spring>0</p.is_spring>
							<p.is_collectable>0</p.is_collectable>
							<p.is_fan>0</p.is_fan>
							<p.is_door>0</p.is_door>
							<p.is_ring>0</p.is_ring>
							<p.is_ball>0</p.is_ball>
							<p.is_badguy>0</p.is_badguy>
						</properties>
					</Object>
				</item>
				<item class_id_reference="9" object_id="_373">
					<Object>
						<pos>
							<x>1.750000000e+02</x>
							<y>-1.000000000e+01</y>
						</pos>
						<objectDefName>s_palm_tall</objectDefName>
						<controller_num>0</controller_num>
						<properties>
							<p.feels_gravity>0</p.feels_gravity>
							<p.feels_user_input>0</p.feels_user_input>
							<p.feels_friction>0</p.feels_friction>
							<p.spawns_enemies>0</p.spawns_enemies>
							<p.is_physical>0</p.is_physical>
							<p.is_static>1</p.is_static>
							<p.is_sensor>0</p.is_sensor>
							<p.ignores_physics_rotation>0</p.ignores_physics_rotation>
							<p.do_our_own_rotation>0</p.do_our_own_rotation>
							<p.use_angled_corners_collision_box>0</p.use_angled_corners_collision_box>
							<p.is_overlay>0</p.is_overlay>
							<p.is_player>0</p.is_player>
							<p.is_spring>0</p.is_spring>
							<p.is_collectable>0</p.is_collectable>
							<p.is_fan>0</p.is_fan>
							<p.is_door>0</p.is_door>
							<p.is_ring>0</p.is_ring>
							<p.is_ball>0</p.is_ball>
							<p.is_badguy>0</p.is_badguy>
						</properties>
					</Object>
				</item>
			</objects>
			<scroll_speed>1.000000000e+00</scroll_speed>
			<name>bg_objects</name>
			<visible>1</visible>
		</item>
		<item class_id_reference="3" object_id="_374">
			<objects>
				<count>119</count>
				<item_version>0</item_version>
				<item class_id_reference="9" object_id="_375">
					<Object>
						<pos>
							<x>1.104000000e+03</x>
							<y>2.516000000e+03</y>
						</pos>
						<objectDefName>greenblock</objectDefName>
						<controller_num>0</controller_num>
						<properties>
							<p.feels_gravity>0</p.feels_gravity>
							<p.feels_user_input>0</p.feels_user_input>
							<p.feels_friction>0</p.feels_friction>
							<p.spawns_enemies>0</p.spawns_enemies>
							<p.is_physical>1</p.is_physical>
							<p.is_static>1</p.is_static>
							<p.is_sensor>0</p.is_sensor>
							<p.ignores_physics_rotation>0</p.ignores_physics_rotation>
							<p.do_our_own_rotation>0</p.do_our_own_rotation>
							<p.use_angled_corners_collision_box>0</p.use_angled_corners_collision_box>
							<p.is_overlay>0</p.is_overlay>
							<p.is_player>0</p.is_player>
							<p.is_spring>0</p.is_spring>
							<p.is_collectable>0</p.is_collectable>
							<p.is_fan>0</p.is_fan>
							<p.is_door>0</p.is_door>
							<p.is_ring>0</p.is_ring>
							<p.is_ball>0</p.is_ball>
							<p.is_badguy>0</p.is_badguy>
						</properties>
					</Object>
				</item>
				<item class_id_reference="9" object_id="_376">
					<Object>
						<pos>
							<x>6.180000000e+02</x>
							<y>2.144000000e+03</y>
						</pos>
						<objectDefName>greenblock</objectDefName>
						<controller_num>0</controller_num>
						<properties>
							<p.feels_gravity>0</p.feels_gravity>
							<p.feels_user_input>0</p.feels_user_input>
							<p.feels_friction>0</p.feels_friction>
							<p.spawns_enemies>0</p.spawns_enemies>
							<p.is_physical>1</p.is_physical>
							<p.is_static>1</p.is_static>
							<p.is_sensor>0</p.is_sensor>
							<p.ignores_physics_rotation>0</p.ignores_physics_rotation>
							<p.do_our_own_rotation>0</p.do_our_own_rotation>
							<p.use_angled_corners_collision_box>0</p.use_angled_corners_collision_box>
							<p.is_overlay>0</p.is_overlay>
							<p.is_player>0</p.is_player>
							<p.is_spring>0</p.is_spring>
							<p.is_collectable>0</p.is_collectable>
							<p.is_fan>0</p.is_fan>
							<p.is_door>0</p.is_door>
							<p.is_ring>0</p.is_ring>
							<p.is_ball>0</p.is_ball>
							<p.is_badguy>0</p.is_badguy>
						</properties>
					</Object>
				</item>
				<item class_id_reference="9" object_id="_377">
					<Object>
						<pos>
							<x>6.180000000e+02</x>
							<y>2.094000000e+03</y>
						</pos>
						<objectDefName>greenblock</objectDefName>
						<controller_num>0</controller_num>
						<properties>
							<p.feels_gravity>0</p.feels_gravity>
							<p.feels_user_input>0</p.feels_user_input>
							<p.feels_friction>0</p.feels_friction>
							<p.spawns_enemies>0</p.spawns_enemies>
							<p.is_physical>1</p.is_physical>
							<p.is_static>1</p.is_static>
							<p.is_sensor>0</p.is_sensor>
							<p.ignores_physics_rotation>0</p.ignores_physics_rotation>
							<p.do_our_own_rotation>0</p.do_our_own_rotation>
							<p.use_angled_corners_collision_box>0</p.use_angled_corners_collision_box>
							<p.is_overlay>0</p.is_overlay>
							<p.is_player>0</p.is_player>
							<p.is_spring>0</p.is_spring>
							<p.is_collectable>0</p.is_collectable>
							<p.is_fan>0</p.is_fan>
							<p.is_door>0</p.is_door>
							<p.is_ring>0</p.is_ring>
							<p.is_ball>0</p.is_ball>
							<p.is_badguy>0</p.is_badguy>
						</properties>
					</Object>
				</item>
				<item class_id_reference="9" object_id="_378">
					<Object>
						<pos>
							<x>6.180000000e+02</x>
							<y>2.044000000e+03</y>
						</pos>
						<objectDefName>greenblock</objectDefName>
						<controller_num>0</controller_num>
						<properties>
							<p.feels_gravity>0</p.feels_gravity>
							<p.feels_user_input>0</p.feels_user_input>
							<p.feels_friction>0</p.feels_friction>
							<p.spawns_enemies>0</p.spawns_enemies>
							<p.is_physical>1</p.is_physical>
							<p.is_static>1</p.is_static>
							<p.is_sensor>0</p.is_sensor>
							<p.ignores_physics_rotation>0</p.ignores_physics_rotation>
							<p.do_our_own_rotation>0</p.do_our_own_rotation>
							<p.use_angled_corners_collision_box>0</p.use_angled_corners_collision_box>
							<p.is_overlay>0</p.is_overlay>
							<p.is_player>0</p.is_player>
							<p.is_spring>0</p.is_spring>
							<p.is_collectable>0</p.is_collectable>
							<p.is_fan>0</p.is_fan>
							<p.is_door>0</p.is_door>
							<p.is_ring>0</p.is_ring>
							<p.is_ball>0</p.is_ball>
							<p.is_badguy>0</p.is_badguy>
						</properties>
					</Object>
				</item>
				<item class_id_reference="9" object_id="_379">
					<Object>
						<pos>
							<x>6.180000000e+02</x>
							<y>1.994000122e+03</y>
						</pos>
						<objectDefName>greenblock</objectDefName>
						<controller_num>0</controller_num>
						<properties>
							<p.feels_gravity>0</p.feels_gravity>
							<p.feels_user_input>0</p.feels_user_input>
							<p.feels_friction>0</p.feels_friction>
							<p.spawns_enemies>0</p.spawns_enemies>
							<p.is_physical>1</p.is_physical>
							<p.is_static>1</p.is_static>
							<p.is_sensor>0</p.is_sensor>
							<p.ignores_physics_rotation>0</p.ignores_physics_rotation>
							<p.do_our_own_rotation>0</p.do_our_own_rotation>
							<p.use_angled_corners_collision_box>0</p.use_angled_corners_collision_box>
							<p.is_overlay>0</p.is_overlay>
							<p.is_player>0</p.is_player>
							<p.is_spring>0</p.is_spring>
							<p.is_collectable>0</p.is_collectable>
							<p.is_fan>0</p.is_fan>
							<p.is_door>0</p.is_door>
							<p.is_ring>0</p.is_ring>
							<p.is_ball>0</p.is_ball>
							<p.is_badguy>0</p.is_badguy>
						</properties>
					</Object>
				</item>
				<item class_id_reference="9" object_id="_380">
					<Object>
						<pos>
							<x>8.719999390e+02</x>
							<y>1.952000000e+03</y>
						</pos>
						<objectDefName>greenblock</objectDefName>
						<controller_num>0</controller_num>
						<properties>
							<p.feels_gravity>0</p.feels_gravity>
							<p.feels_user_input>0</p.feels_user_input>
							<p.feels_friction>0</p.feels_friction>
							<p.spawns_enemies>0</p.spawns_enemies>
							<p.is_physical>1</p.is_physical>
							<p.is_static>1</p.is_static>
							<p.is_sensor>0</p.is_sensor>
							<p.ignores_physics_rotation>0</p.ignores_physics_rotation>
							<p.do_our_own_rotation>0</p.do_our_own_rotation>
							<p.use_angled_corners_collision_box>0</p.use_angled_corners_collision_box>
							<p.is_overlay>0</p.is_overlay>
							<p.is_player>0</p.is_player>
							<p.is_spring>0</p.is_spring>
							<p.is_collectable>0</p.is_collectable>
							<p.is_fan>0</p.is_fan>
							<p.is_door>0</p.is_door>
							<p.is_ring>0</p.is_ring>
							<p.is_ball>0</p.is_ball>
							<p.is_badguy>0</p.is_badguy>
						</properties>
					</Object>
				</item>
				<item class_id_reference="9" object_id="_381">
					<Object>
						<pos>
							<x>8.719999390e+02</x>
							<y>1.902000122e+03</y>
						</pos>
						<objectDefName>greenblock</objectDefName>
						<controller_num>0</controller_num>
						<properties>
							<p.feels_gravity>0</p.feels_gravity>
							<p.feels_user_input>0</p.feels_user_input>
							<p.feels_friction>0</p.feels_friction>
							<p.spawns_enemies>0</p.spawns_enemies>
							<p.is_physical>1</p.is_physical>
							<p.is_static>1</p.is_static>
							<p.is_sensor>0</p.is_sensor>
							<p.ignores_physics_rotation>0</p.ignores_physics_rotation>
							<p.do_our_own_rotation>0</p.do_our_own_rotation>
							<p.use_angled_corners_collision_box>0</p.use_angled_corners_collision_box>
							<p.is_overlay>0</p.is_overlay>
							<p.is_player>0</p.is_player>
							<p.is_spring>0</p.is_spring>
							<p.is_collectable>0</p.is_collectable>
							<p.is_fan>0</p.is_fan>
							<p.is_door>0</p.is_door>
							<p.is_ring>0</p.is_ring>
							<p.is_ball>0</p.is_ball>
							<p.is_badguy>0</p.is_badguy>
						</properties>
					</Object>
				</item>
				<item class_id_reference="9" object_id="_382">
					<Object>
						<pos>
							<x>8.719999390e+02</x>
							<y>1.852000122e+03</y>
						</pos>
						<objectDefName>greenblock</objectDefName>
						<controller_num>0</controller_num>
						<properties>
							<p.feels_gravity>0</p.feels_gravity>
							<p.feels_user_input>0</p.feels_user_input>
							<p.feels_friction>0</p.feels_friction>
							<p.spawns_enemies>0</p.spawns_enemies>
							<p.is_physical>1</p.is_physical>
							<p.is_static>1</p.is_static>
							<p.is_sensor>0</p.is_sensor>
							<p.ignores_physics_rotation>0</p.ignores_physics_rotation>
							<p.do_our_own_rotation>0</p.do_our_own_rotation>
							<p.use_angled_corners_collision_box>0</p.use_angled_corners_collision_box>
							<p.is_overlay>0</p.is_overlay>
							<p.is_player>0</p.is_player>
							<p.is_spring>0</p.is_spring>
							<p.is_collectable>0</p.is_collectable>
							<p.is_fan>0</p.is_fan>
							<p.is_door>0</p.is_door>
							<p.is_ring>0</p.is_ring>
							<p.is_ball>0</p.is_ball>
							<p.is_badguy>0</p.is_badguy>
						</properties>
					</Object>
				</item>
				<item class_id_reference="9" object_id="_383">
					<Object>
						<pos>
							<x>1.050000000e+03</x>
							<y>2.400000000e+03</y>
						</pos>
						<objectDefName>smallblock</objectDefName>
						<controller_num>0</controller_num>
						<properties>
							<p.feels_gravity>0</p.feels_gravity>
							<p.feels_user_input>0</p.feels_user_input>
							<p.feels_friction>0</p.feels_friction>
							<p.spawns_enemies>0</p.spawns_enemies>
							<p.is_physical>1</p.is_physical>
							<p.is_static>1</p.is_static>
							<p.is_sensor>0</p.is_sensor>
							<p.ignores_physics_rotation>0</p.ignores_physics_rotation>
							<p.do_our_own_rotation>0</p.do_our_own_rotation>
							<p.use_angled_corners_collision_box>0</p.use_angled_corners_collision_box>
							<p.is_overlay>0</p.is_overlay>
							<p.is_player>0</p.is_player>
							<p.is_spring>0</p.is_spring>
							<p.is_collectable>0</p.is_collectable>
							<p.is_fan>0</p.is_fan>
							<p.is_door>0</p.is_door>
							<p.is_ring>0</p.is_ring>
							<p.is_ball>0</p.is_ball>
							<p.is_badguy>0</p.is_badguy>
						</properties>
					</Object>
				</item>
				<item class_id_reference="9" object_id="_384">
					<Object>
						<pos>
							<x>1.650000000e+03</x>
							<y>3.660000244e+03</y>
						</pos>
						<objectDefName>smallblock</objectDefName>
						<controller_num>0</controller_num>
						<properties>
							<p.feels_gravity>0</p.feels_gravity>
							<p.feels_user_input>0</p.feels_user_input>
							<p.feels_friction>0</p.feels_friction>
							<p.spawns_enemies>0</p.spawns_enemies>
							<p.is_physical>1</p.is_physical>
							<p.is_static>1</p.is_static>
							<p.is_sensor>0</p.is_sensor>
							<p.ignores_physics_rotation>0</p.ignores_physics_rotation>
							<p.do_our_own_rotation>0</p.do_our_own_rotation>
							<p.use_angled_corners_collision_box>0</p.use_angled_corners_collision_box>
							<p.is_overlay>0</p.is_overlay>
							<p.is_player>0</p.is_player>
							<p.is_spring>0</p.is_spring>
							<p.is_collectable>0</p.is_collectable>
							<p.is_fan>0</p.is_fan>
							<p.is_door>0</p.is_door>
							<p.is_ring>0</p.is_ring>
							<p.is_ball>0</p.is_ball>
							<p.is_badguy>0</p.is_badguy>
						</properties>
					</Object>
				</item>
				<item class_id_reference="9" object_id="_385">
					<Object>
						<pos>
							<x>1.560000000e+03</x>
							<y>3.270000000e+03</y>
						</pos>
						<objectDefName>smallblock</objectDefName>
						<controller_num>0</controller_num>
						<properties>
							<p.feels_gravity>0</p.feels_gravity>
							<p.feels_user_input>0</p.feels_user_input>
							<p.feels_friction>0</p.feels_friction>
							<p.spawns_enemies>0</p.spawns_enemies>
							<p.is_physical>1</p.is_physical>
							<p.is_static>1</p.is_static>
							<p.is_sensor>0</p.is_sensor>
							<p.ignores_physics_rotation>0</p.ignores_physics_rotation>
							<p.do_our_own_rotation>0</p.do_our_own_rotation>
							<p.use_angled_corners_collision_box>0</p.use_angled_corners_collision_box>
							<p.is_overlay>0</p.is_overlay>
							<p.is_player>0</p.is_player>
							<p.is_spring>0</p.is_spring>
							<p.is_collectable>0</p.is_collectable>
							<p.is_fan>0</p.is_fan>
							<p.is_door>0</p.is_door>
							<p.is_ring>0</p.is_ring>
							<p.is_ball>0</p.is_ball>
							<p.is_badguy>0</p.is_badguy>
						</properties>
					</Object>
				</item>
				<item class_id_reference="9" object_id="_386">
					<Object>
						<pos>
							<x>1.530000000e+03</x>
							<y>3.240000000e+03</y>
						</pos>
						<objectDefName>smallblock</objectDefName>
						<controller_num>0</controller_num>
						<properties>
							<p.feels_gravity>0</p.feels_gravity>
							<p.feels_user_input>0</p.feels_user_input>
							<p.feels_friction>0</p.feels_friction>
							<p.spawns_enemies>0</p.spawns_enemies>
							<p.is_physical>1</p.is_physical>
							<p.is_static>1</p.is_static>
							<p.is_sensor>0</p.is_sensor>
							<p.ignores_physics_rotation>0</p.ignores_physics_rotation>
							<p.do_our_own_rotation>0</p.do_our_own_rotation>
							<p.use_angled_corners_collision_box>0</p.use_angled_corners_collision_box>
							<p.is_overlay>0</p.is_overlay>
							<p.is_player>0</p.is_player>
							<p.is_spring>0</p.is_spring>
							<p.is_collectable>0</p.is_collectable>
							<p.is_fan>0</p.is_fan>
							<p.is_door>0</p.is_door>
							<p.is_ring>0</p.is_ring>
							<p.is_ball>0</p.is_ball>
							<p.is_badguy>0</p.is_badguy>
						</properties>
					</Object>
				</item>
				<item class_id_reference="9" object_id="_387">
					<Object>
						<pos>
							<x>1.499999878e+03</x>
							<y>3.210000244e+03</y>
						</pos>
						<objectDefName>smallblock</objectDefName>
						<controller_num>0</controller_num>
						<properties>
							<p.feels_gravity>0</p.feels_gravity>
							<p.feels_user_input>0</p.feels_user_input>
							<p.feels_friction>0</p.feels_friction>
							<p.spawns_enemies>0</p.spawns_enemies>
							<p.is_physical>1</p.is_physical>
							<p.is_static>1</p.is_static>
							<p.is_sensor>0</p.is_sensor>
							<p.ignores_physics_rotation>0</p.ignores_physics_rotation>
							<p.do_our_own_rotation>0</p.do_our_own_rotation>
							<p.use_angled_corners_collision_box>0</p.use_angled_corners_collision_box>
							<p.is_overlay>0</p.is_overlay>
							<p.is_player>0</p.is_player>
							<p.is_spring>0</p.is_spring>
							<p.is_collectable>0</p.is_collectable>
							<p.is_fan>0</p.is_fan>
							<p.is_door>0</p.is_door>
							<p.is_ring>0</p.is_ring>
							<p.is_ball>0</p.is_ball>
							<p.is_badguy>0</p.is_badguy>
						</properties>
					</Object>
				</item>
				<item class_id_reference="9" object_id="_388">
					<Object>
						<pos>
							<x>1.470000000e+03</x>
							<y>3.180000000e+03</y>
						</pos>
						<objectDefName>smallblock</objectDefName>
						<controller_num>0</controller_num>
						<properties>
							<p.feels_gravity>0</p.feels_gravity>
							<p.feels_user_input>0</p.feels_user_input>
							<p.feels_friction>0</p.feels_friction>
							<p.spawns_enemies>0</p.spawns_enemies>
							<p.is_physical>1</p.is_physical>
							<p.is_static>1</p.is_static>
							<p.is_sensor>0</p.is_sensor>
							<p.ignores_physics_rotation>0</p.ignores_physics_rotation>
							<p.do_our_own_rotation>0</p.do_our_own_rotation>
							<p.use_angled_corners_collision_box>0</p.use_angled_corners_collision_box>
							<p.is_overlay>0</p.is_overlay>
							<p.is_player>0</p.is_player>
							<p.is_spring>0</p.is_spring>
							<p.is_collectable>0</p.is_collectable>
							<p.is_fan>0</p.is_fan>
							<p.is_door>0</p.is_door>
							<p.is_ring>0</p.is_ring>
							<p.is_ball>0</p.is_ball>
							<p.is_badguy>0</p.is_badguy>
						</properties>
					</Object>
				</item>
				<item class_id_reference="9" object_id="_389">
					<Object>
						<pos>
							<x>1.440000000e+03</x>
							<y>3.180000000e+03</y>
						</pos>
						<objectDefName>smallblock</objectDefName>
						<controller_num>0</controller_num>
						<properties>
							<p.feels_gravity>0</p.feels_gravity>
							<p.feels_user_input>0</p.feels_user_input>
							<p.feels_friction>0</p.feels_friction>
							<p.spawns_enemies>0</p.spawns_enemies>
							<p.is_physical>1</p.is_physical>
							<p.is_static>1</p.is_static>
							<p.is_sensor>0</p.is_sensor>
							<p.ignores_physics_rotation>0</p.ignores_physics_rotation>
							<p.do_our_own_rotation>0</p.do_our_own_rotation>
							<p.use_angled_corners_collision_box>0</p.use_angled_corners_collision_box>
							<p.is_overlay>0</p.is_overlay>
							<p.is_player>0</p.is_player>
							<p.is_spring>0</p.is_spring>
							<p.is_collectable>0</p.is_collectable>
							<p.is_fan>0</p.is_fan>
							<p.is_door>0</p.is_door>
							<p.is_ring>0</p.is_ring>
							<p.is_ball>0</p.is_ball>
							<p.is_badguy>0</p.is_badguy>
						</properties>
					</Object>
				</item>
				<item class_id_reference="9" object_id="_390">
					<Object>
						<pos>
							<x>1.380000000e+03</x>
							<y>3.180000000e+03</y>
						</pos>
						<objectDefName>smallblock</objectDefName>
						<controller_num>0</controller_num>
						<properties>
							<p.feels_gravity>0</p.feels_gravity>
							<p.feels_user_input>0</p.feels_user_input>
							<p.feels_friction>0</p.feels_friction>
							<p.spawns_enemies>0</p.spawns_enemies>
							<p.is_physical>1</p.is_physical>
							<p.is_static>1</p.is_static>
							<p.is_sensor>0</p.is_sensor>
							<p.ignores_physics_rotation>0</p.ignores_physics_rotation>
							<p.do_our_own_rotation>0</p.do_our_own_rotation>
							<p.use_angled_corners_collision_box>0</p.use_angled_corners_collision_box>
							<p.is_overlay>0</p.is_overlay>
							<p.is_player>0</p.is_player>
							<p.is_spring>0</p.is_spring>
							<p.is_collectable>0</p.is_collectable>
							<p.is_fan>0</p.is_fan>
							<p.is_door>0</p.is_door>
							<p.is_ring>0</p.is_ring>
							<p.is_ball>0</p.is_ball>
							<p.is_badguy>0</p.is_badguy>
						</properties>
					</Object>
				</item>
				<item class_id_reference="9" object_id="_391">
					<Object>
						<pos>
							<x>1.410000000e+03</x>
							<y>3.180000000e+03</y>
						</pos>
						<objectDefName>smallblock</objectDefName>
						<controller_num>0</controller_num>
						<properties>
							<p.feels_gravity>0</p.feels_gravity>
							<p.feels_user_input>0</p.feels_user_input>
							<p.feels_friction>0</p.feels_friction>
							<p.spawns_enemies>0</p.spawns_enemies>
							<p.is_physical>1</p.is_physical>
							<p.is_static>1</p.is_static>
							<p.is_sensor>0</p.is_sensor>
							<p.ignores_physics_rotation>0</p.ignores_physics_rotation>
							<p.do_our_own_rotation>0</p.do_our_own_rotation>
							<p.use_angled_corners_collision_box>0</p.use_angled_corners_collision_box>
							<p.is_overlay>0</p.is_overlay>
							<p.is_player>0</p.is_player>
							<p.is_spring>0</p.is_spring>
							<p.is_collectable>0</p.is_collectable>
							<p.is_fan>0</p.is_fan>
							<p.is_door>0</p.is_door>
							<p.is_ring>0</p.is_ring>
							<p.is_ball>0</p.is_ball>
							<p.is_badguy>0</p.is_badguy>
						</properties>
					</Object>
				</item>
				<item class_id_reference="9" object_id="_392">
					<Object>
						<pos>
							<x>1.350000000e+03</x>
							<y>3.180000000e+03</y>
						</pos>
						<objectDefName>smallblock</objectDefName>
						<controller_num>0</controller_num>
						<properties>
							<p.feels_gravity>0</p.feels_gravity>
							<p.feels_user_input>0</p.feels_user_input>
							<p.feels_friction>0</p.feels_friction>
							<p.spawns_enemies>0</p.spawns_enemies>
							<p.is_physical>1</p.is_physical>
							<p.is_static>1</p.is_static>
							<p.is_sensor>0</p.is_sensor>
							<p.ignores_physics_rotation>0</p.ignores_physics_rotation>
							<p.do_our_own_rotation>0</p.do_our_own_rotation>
							<p.use_angled_corners_collision_box>0</p.use_angled_corners_collision_box>
							<p.is_overlay>0</p.is_overlay>
							<p.is_player>0</p.is_player>
							<p.is_spring>0</p.is_spring>
							<p.is_collectable>0</p.is_collectable>
							<p.is_fan>0</p.is_fan>
							<p.is_door>0</p.is_door>
							<p.is_ring>0</p.is_ring>
							<p.is_ball>0</p.is_ball>
							<p.is_badguy>0</p.is_badguy>
						</properties>
					</Object>
				</item>
				<item class_id_reference="9" object_id="_393">
					<Object>
						<pos>
							<x>1.320000000e+03</x>
							<y>3.180000000e+03</y>
						</pos>
						<objectDefName>smallblock</objectDefName>
						<controller_num>0</controller_num>
						<properties>
							<p.feels_gravity>0</p.feels_gravity>
							<p.feels_user_input>0</p.feels_user_input>
							<p.feels_friction>0</p.feels_friction>
							<p.spawns_enemies>0</p.spawns_enemies>
							<p.is_physical>1</p.is_physical>
							<p.is_static>1</p.is_static>
							<p.is_sensor>0</p.is_sensor>
							<p.ignores_physics_rotation>0</p.ignores_physics_rotation>
							<p.do_our_own_rotation>0</p.do_our_own_rotation>
							<p.use_angled_corners_collision_box>0</p.use_angled_corners_collision_box>
							<p.is_overlay>0</p.is_overlay>
							<p.is_player>0</p.is_player>
							<p.is_spring>0</p.is_spring>
							<p.is_collectable>0</p.is_collectable>
							<p.is_fan>0</p.is_fan>
							<p.is_door>0</p.is_door>
							<p.is_ring>0</p.is_ring>
							<p.is_ball>0</p.is_ball>
							<p.is_badguy>0</p.is_badguy>
						</properties>
					</Object>
				</item>
				<item class_id_reference="9" object_id="_394">
					<Object>
						<pos>
							<x>1.260000000e+03</x>
							<y>3.000000000e+03</y>
						</pos>
						<objectDefName>smallblock</objectDefName>
						<controller_num>0</controller_num>
						<properties>
							<p.feels_gravity>0</p.feels_gravity>
							<p.feels_user_input>0</p.feels_user_input>
							<p.feels_friction>0</p.feels_friction>
							<p.spawns_enemies>0</p.spawns_enemies>
							<p.is_physical>1</p.is_physical>
							<p.is_static>1</p.is_static>
							<p.is_sensor>0</p.is_sensor>
							<p.ignores_physics_rotation>0</p.ignores_physics_rotation>
							<p.do_our_own_rotation>0</p.do_our_own_rotation>
							<p.use_angled_corners_collision_box>0</p.use_angled_corners_collision_box>
							<p.is_overlay>0</p.is_overlay>
							<p.is_player>0</p.is_player>
							<p.is_spring>0</p.is_spring>
							<p.is_collectable>0</p.is_collectable>
							<p.is_fan>0</p.is_fan>
							<p.is_door>0</p.is_door>
							<p.is_ring>0</p.is_ring>
							<p.is_ball>0</p.is_ball>
							<p.is_badguy>0</p.is_badguy>
						</properties>
					</Object>
				</item>
				<item class_id_reference="9" object_id="_395">
					<Object>
						<pos>
							<x>1.230000000e+03</x>
							<y>3.000000000e+03</y>
						</pos>
						<objectDefName>smallblock</objectDefName>
						<controller_num>0</controller_num>
						<properties>
							<p.feels_gravity>0</p.feels_gravity>
							<p.feels_user_input>0</p.feels_user_input>
							<p.feels_friction>0</p.feels_friction>
							<p.spawns_enemies>0</p.spawns_enemies>
							<p.is_physical>1</p.is_physical>
							<p.is_static>1</p.is_static>
							<p.is_sensor>0</p.is_sensor>
							<p.ignores_physics_rotation>0</p.ignores_physics_rotation>
							<p.do_our_own_rotation>0</p.do_our_own_rotation>
							<p.use_angled_corners_collision_box>0</p.use_angled_corners_collision_box>
							<p.is_overlay>0</p.is_overlay>
							<p.is_player>0</p.is_player>
							<p.is_spring>0</p.is_spring>
							<p.is_collectable>0</p.is_collectable>
							<p.is_fan>0</p.is_fan>
							<p.is_door>0</p.is_door>
							<p.is_ring>0</p.is_ring>
							<p.is_ball>0</p.is_ball>
							<p.is_badguy>0</p.is_badguy>
						</properties>
					</Object>
				</item>
				<item class_id_reference="9" object_id="_396">
					<Object>
						<pos>
							<x>1.290000000e+03</x>
							<y>3.180000000e+03</y>
						</pos>
						<objectDefName>smallblock</objectDefName>
						<controller_num>0</controller_num>
						<properties>
							<p.feels_gravity>0</p.feels_gravity>
							<p.feels_user_input>0</p.feels_user_input>
							<p.feels_friction>0</p.feels_friction>
							<p.spawns_enemies>0</p.spawns_enemies>
							<p.is_physical>1</p.is_physical>
							<p.is_static>1</p.is_static>
							<p.is_sensor>0</p.is_sensor>
							<p.ignores_physics_rotation>0</p.ignores_physics_rotation>
							<p.do_our_own_rotation>0</p.do_our_own_rotation>
							<p.use_angled_corners_collision_box>0</p.use_angled_corners_collision_box>
							<p.is_overlay>0</p.is_overlay>
							<p.is_player>0</p.is_player>
							<p.is_spring>0</p.is_spring>
							<p.is_collectable>0</p.is_collectable>
							<p.is_fan>0</p.is_fan>
							<p.is_door>0</p.is_door>
							<p.is_ring>0</p.is_ring>
							<p.is_ball>0</p.is_ball>
							<p.is_badguy>0</p.is_badguy>
						</properties>
					</Object>
				</item>
				<item class_id_reference="9" object_id="_397">
					<Object>
						<pos>
							<x>1.260000000e+03</x>
							<y>3.180000000e+03</y>
						</pos>
						<objectDefName>smallblock</objectDefName>
						<controller_num>0</controller_num>
						<properties>
							<p.feels_gravity>0</p.feels_gravity>
							<p.feels_user_input>0</p.feels_user_input>
							<p.feels_friction>0</p.feels_friction>
							<p.spawns_enemies>0</p.spawns_enemies>
							<p.is_physical>1</p.is_physical>
							<p.is_static>1</p.is_static>
							<p.is_sensor>0</p.is_sensor>
							<p.ignores_physics_rotation>0</p.ignores_physics_rotation>
							<p.do_our_own_rotation>0</p.do_our_own_rotation>
							<p.use_angled_corners_collision_box>0</p.use_angled_corners_collision_box>
							<p.is_overlay>0</p.is_overlay>
							<p.is_player>0</p.is_player>
							<p.is_spring>0</p.is_spring>
							<p.is_collectable>0</p.is_collectable>
							<p.is_fan>0</p.is_fan>
							<p.is_door>0</p.is_door>
							<p.is_ring>0</p.is_ring>
							<p.is_ball>0</p.is_ball>
							<p.is_badguy>0</p.is_badguy>
						</properties>
					</Object>
				</item>
				<item class_id_reference="9" object_id="_398">
					<Object>
						<pos>
							<x>1.200000000e+03</x>
							<y>3.180000000e+03</y>
						</pos>
						<objectDefName>smallblock</objectDefName>
						<controller_num>0</controller_num>
						<properties>
							<p.feels_gravity>0</p.feels_gravity>
							<p.feels_user_input>0</p.feels_user_input>
							<p.feels_friction>0</p.feels_friction>
							<p.spawns_enemies>0</p.spawns_enemies>
							<p.is_physical>1</p.is_physical>
							<p.is_static>1</p.is_static>
							<p.is_sensor>0</p.is_sensor>
							<p.ignores_physics_rotation>0</p.ignores_physics_rotation>
							<p.do_our_own_rotation>0</p.do_our_own_rotation>
							<p.use_angled_corners_collision_box>0</p.use_angled_corners_collision_box>
							<p.is_overlay>0</p.is_overlay>
							<p.is_player>0</p.is_player>
							<p.is_spring>0</p.is_spring>
							<p.is_collectable>0</p.is_collectable>
							<p.is_fan>0</p.is_fan>
							<p.is_door>0</p.is_door>
							<p.is_ring>0</p.is_ring>
							<p.is_ball>0</p.is_ball>
							<p.is_badguy>0</p.is_badguy>
						</properties>
					</Object>
				</item>
				<item class_id_reference="9" object_id="_399">
					<Object>
						<pos>
							<x>1.230000000e+03</x>
							<y>3.180000000e+03</y>
						</pos>
						<objectDefName>smallblock</objectDefName>
						<controller_num>0</controller_num>
						<properties>
							<p.feels_gravity>0</p.feels_gravity>
							<p.feels_user_input>0</p.feels_user_input>
							<p.feels_friction>0</p.feels_friction>
							<p.spawns_enemies>0</p.spawns_enemies>
							<p.is_physical>1</p.is_physical>
							<p.is_static>1</p.is_static>
							<p.is_sensor>0</p.is_sensor>
							<p.ignores_physics_rotation>0</p.ignores_physics_rotation>
							<p.do_our_own_rotation>0</p.do_our_own_rotation>
							<p.use_angled_corners_collision_box>0</p.use_angled_corners_collision_box>
							<p.is_overlay>0</p.is_overlay>
							<p.is_player>0</p.is_player>
							<p.is_spring>0</p.is_spring>
							<p.is_collectable>0</p.is_collectable>
							<p.is_fan>0</p.is_fan>
							<p.is_door>0</p.is_door>
							<p.is_ring>0</p.is_ring>
							<p.is_ball>0</p.is_ball>
							<p.is_badguy>0</p.is_badguy>
						</properties>
					</Object>
				</item>
				<item class_id_reference="9" object_id="_400">
					<Object>
						<pos>
							<x>1.170000000e+03</x>
							<y>3.180000000e+03</y>
						</pos>
						<objectDefName>smallblock</objectDefName>
						<controller_num>0</controller_num>
						<properties>
							<p.feels_gravity>0</p.feels_gravity>
							<p.feels_user_input>0</p.feels_user_input>
							<p.feels_friction>0</p.feels_friction>
							<p.spawns_enemies>0</p.spawns_enemies>
							<p.is_physical>1</p.is_physical>
							<p.is_static>1</p.is_static>
							<p.is_sensor>0</p.is_sensor>
							<p.ignores_physics_rotation>0</p.ignores_physics_rotation>
							<p.do_our_own_rotation>0</p.do_our_own_rotation>
							<p.use_angled_corners_collision_box>0</p.use_angled_corners_collision_box>
							<p.is_overlay>0</p.is_overlay>
							<p.is_player>0</p.is_player>
							<p.is_spring>0</p.is_spring>
							<p.is_collectable>0</p.is_collectable>
							<p.is_fan>0</p.is_fan>
							<p.is_door>0</p.is_door>
							<p.is_ring>0</p.is_ring>
							<p.is_ball>0</p.is_ball>
							<p.is_badguy>0</p.is_badguy>
						</properties>
					</Object>
				</item>
				<item class_id_reference="9" object_id="_401">
					<Object>
						<pos>
							<x>1.140000000e+03</x>
							<y>3.180000000e+03</y>
						</pos>
						<objectDefName>smallblock</objectDefName>
						<controller_num>0</controller_num>
						<properties>
							<p.feels_gravity>0</p.feels_gravity>
							<p.feels_user_input>0</p.feels_user_input>
							<p.feels_friction>0</p.feels_friction>
							<p.spawns_enemies>0</p.spawns_enemies>
							<p.is_physical>1</p.is_physical>
							<p.is_static>1</p.is_static>
							<p.is_sensor>0</p.is_sensor>
							<p.ignores_physics_rotation>0</p.ignores_physics_rotation>
							<p.do_our_own_rotation>0</p.do_our_own_rotation>
							<p.use_angled_corners_collision_box>0</p.use_angled_corners_collision_box>
							<p.is_overlay>0</p.is_overlay>
							<p.is_player>0</p.is_player>
							<p.is_spring>0</p.is_spring>
							<p.is_collectable>0</p.is_collectable>
							<p.is_fan>0</p.is_fan>
							<p.is_door>0</p.is_door>
							<p.is_ring>0</p.is_ring>
							<p.is_ball>0</p.is_ball>
							<p.is_badguy>0</p.is_badguy>
						</properties>
					</Object>
				</item>
				<item class_id_reference="9" object_id="_402">
					<Object>
						<pos>
							<x>1.110000000e+03</x>
							<y>3.180000000e+03</y>
						</pos>
						<objectDefName>smallblock</objectDefName>
						<controller_num>0</controller_num>
						<properties>
							<p.feels_gravity>0</p.feels_gravity>
							<p.feels_user_input>0</p.feels_user_input>
							<p.feels_friction>0</p.feels_friction>
							<p.spawns_enemies>0</p.spawns_enemies>
							<p.is_physical>1</p.is_physical>
							<p.is_static>1</p.is_static>
							<p.is_sensor>0</p.is_sensor>
							<p.ignores_physics_rotation>0</p.ignores_physics_rotation>
							<p.do_our_own_rotation>0</p.do_our_own_rotation>
							<p.use_angled_corners_collision_box>0</p.use_angled_corners_collision_box>
							<p.is_overlay>0</p.is_overlay>
							<p.is_player>0</p.is_player>
							<p.is_spring>0</p.is_spring>
							<p.is_collectable>0</p.is_collectable>
							<p.is_fan>0</p.is_fan>
							<p.is_door>0</p.is_door>
							<p.is_ring>0</p.is_ring>
							<p.is_ball>0</p.is_ball>
							<p.is_badguy>0</p.is_badguy>
						</properties>
					</Object>
				</item>
				<item class_id_reference="9" object_id="_403">
					<Object>
						<pos>
							<x>1.020000000e+03</x>
							<y>3.270000000e+03</y>
						</pos>
						<objectDefName>smallblock</objectDefName>
						<controller_num>0</controller_num>
						<properties>
							<p.feels_gravity>0</p.feels_gravity>
							<p.feels_user_input>0</p.feels_user_input>
							<p.feels_friction>0</p.feels_friction>
							<p.spawns_enemies>0</p.spawns_enemies>
							<p.is_physical>1</p.is_physical>
							<p.is_static>1</p.is_static>
							<p.is_sensor>0</p.is_sensor>
							<p.ignores_physics_rotation>0</p.ignores_physics_rotation>
							<p.do_our_own_rotation>0</p.do_our_own_rotation>
							<p.use_angled_corners_collision_box>0</p.use_angled_corners_collision_box>
							<p.is_overlay>0</p.is_overlay>
							<p.is_player>0</p.is_player>
							<p.is_spring>0</p.is_spring>
							<p.is_collectable>0</p.is_collectable>
							<p.is_fan>0</p.is_fan>
							<p.is_door>0</p.is_door>
							<p.is_ring>0</p.is_ring>
							<p.is_ball>0</p.is_ball>
							<p.is_badguy>0</p.is_badguy>
						</properties>
					</Object>
				</item>
				<item class_id_reference="9" object_id="_404">
					<Object>
						<pos>
							<x>1.020000000e+03</x>
							<y>3.240000000e+03</y>
						</pos>
						<objectDefName>smallblock</objectDefName>
						<controller_num>0</controller_num>
						<properties>
							<p.feels_gravity>0</p.feels_gravity>
							<p.feels_user_input>0</p.feels_user_input>
							<p.feels_friction>0</p.feels_friction>
							<p.spawns_enemies>0</p.spawns_enemies>
							<p.is_physical>1</p.is_physical>
							<p.is_static>1</p.is_static>
							<p.is_sensor>0</p.is_sensor>
							<p.ignores_physics_rotation>0</p.ignores_physics_rotation>
							<p.do_our_own_rotation>0</p.do_our_own_rotation>
							<p.use_angled_corners_collision_box>0</p.use_angled_corners_collision_box>
							<p.is_overlay>0</p.is_overlay>
							<p.is_player>0</p.is_player>
							<p.is_spring>0</p.is_spring>
							<p.is_collectable>0</p.is_collectable>
							<p.is_fan>0</p.is_fan>
							<p.is_door>0</p.is_door>
							<p.is_ring>0</p.is_ring>
							<p.is_ball>0</p.is_ball>
							<p.is_badguy>0</p.is_badguy>
						</properties>
					</Object>
				</item>
				<item class_id_reference="9" object_id="_405">
					<Object>
						<pos>
							<x>1.020000000e+03</x>
							<y>3.210000244e+03</y>
						</pos>
						<objectDefName>smallblock</objectDefName>
						<controller_num>0</controller_num>
						<properties>
							<p.feels_gravity>0</p.feels_gravity>
							<p.feels_user_input>0</p.feels_user_input>
							<p.feels_friction>0</p.feels_friction>
							<p.spawns_enemies>0</p.spawns_enemies>
							<p.is_physical>1</p.is_physical>
							<p.is_static>1</p.is_static>
							<p.is_sensor>0</p.is_sensor>
							<p.ignores_physics_rotation>0</p.ignores_physics_rotation>
							<p.do_our_own_rotation>0</p.do_our_own_rotation>
							<p.use_angled_corners_collision_box>0</p.use_angled_corners_collision_box>
							<p.is_overlay>0</p.is_overlay>
							<p.is_player>0</p.is_player>
							<p.is_spring>0</p.is_spring>
							<p.is_collectable>0</p.is_collectable>
							<p.is_fan>0</p.is_fan>
							<p.is_door>0</p.is_door>
							<p.is_ring>0</p.is_ring>
							<p.is_ball>0</p.is_ball>
							<p.is_badguy>0</p.is_badguy>
						</properties>
					</Object>
				</item>
				<item class_id_reference="9" object_id="_406">
					<Object>
						<pos>
							<x>1.020000000e+03</x>
							<y>3.180000000e+03</y>
						</pos>
						<objectDefName>smallblock</objectDefName>
						<controller_num>0</controller_num>
						<properties>
							<p.feels_gravity>0</p.feels_gravity>
							<p.feels_user_input>0</p.feels_user_input>
							<p.feels_friction>0</p.feels_friction>
							<p.spawns_enemies>0</p.spawns_enemies>
							<p.is_physical>1</p.is_physical>
							<p.is_static>1</p.is_static>
							<p.is_sensor>0</p.is_sensor>
							<p.ignores_physics_rotation>0</p.ignores_physics_rotation>
							<p.do_our_own_rotation>0</p.do_our_own_rotation>
							<p.use_angled_corners_collision_box>0</p.use_angled_corners_collision_box>
							<p.is_overlay>0</p.is_overlay>
							<p.is_player>0</p.is_player>
							<p.is_spring>0</p.is_spring>
							<p.is_collectable>0</p.is_collectable>
							<p.is_fan>0</p.is_fan>
							<p.is_door>0</p.is_door>
							<p.is_ring>0</p.is_ring>
							<p.is_ball>0</p.is_ball>
							<p.is_badguy>0</p.is_badguy>
						</properties>
					</Object>
				</item>
				<item class_id_reference="9" object_id="_407">
					<Object>
						<pos>
							<x>1.020000000e+03</x>
							<y>3.150000000e+03</y>
						</pos>
						<objectDefName>smallblock</objectDefName>
						<controller_num>0</controller_num>
						<properties>
							<p.feels_gravity>0</p.feels_gravity>
							<p.feels_user_input>0</p.feels_user_input>
							<p.feels_friction>0</p.feels_friction>
							<p.spawns_enemies>0</p.spawns_enemies>
							<p.is_physical>1</p.is_physical>
							<p.is_static>1</p.is_static>
							<p.is_sensor>0</p.is_sensor>
							<p.ignores_physics_rotation>0</p.ignores_physics_rotation>
							<p.do_our_own_rotation>0</p.do_our_own_rotation>
							<p.use_angled_corners_collision_box>0</p.use_angled_corners_collision_box>
							<p.is_overlay>0</p.is_overlay>
							<p.is_player>0</p.is_player>
							<p.is_spring>0</p.is_spring>
							<p.is_collectable>0</p.is_collectable>
							<p.is_fan>0</p.is_fan>
							<p.is_door>0</p.is_door>
							<p.is_ring>0</p.is_ring>
							<p.is_ball>0</p.is_ball>
							<p.is_badguy>0</p.is_badguy>
						</properties>
					</Object>
				</item>
				<item class_id_reference="9" object_id="_408">
					<Object>
						<pos>
							<x>1.020000000e+03</x>
							<y>3.120000244e+03</y>
						</pos>
						<objectDefName>smallblock</objectDefName>
						<controller_num>0</controller_num>
						<properties>
							<p.feels_gravity>0</p.feels_gravity>
							<p.feels_user_input>0</p.feels_user_input>
							<p.feels_friction>0</p.feels_friction>
							<p.spawns_enemies>0</p.spawns_enemies>
							<p.is_physical>1</p.is_physical>
							<p.is_static>1</p.is_static>
							<p.is_sensor>0</p.is_sensor>
							<p.ignores_physics_rotation>0</p.ignores_physics_rotation>
							<p.do_our_own_rotation>0</p.do_our_own_rotation>
							<p.use_angled_corners_collision_box>0</p.use_angled_corners_collision_box>
							<p.is_overlay>0</p.is_overlay>
							<p.is_player>0</p.is_player>
							<p.is_spring>0</p.is_spring>
							<p.is_collectable>0</p.is_collectable>
							<p.is_fan>0</p.is_fan>
							<p.is_door>0</p.is_door>
							<p.is_ring>0</p.is_ring>
							<p.is_ball>0</p.is_ball>
							<p.is_badguy>0</p.is_badguy>
						</properties>
					</Object>
				</item>
				<item class_id_reference="9" object_id="_409">
					<Object>
						<pos>
							<x>1.020000000e+03</x>
							<y>3.090000000e+03</y>
						</pos>
						<objectDefName>smallblock</objectDefName>
						<controller_num>0</controller_num>
						<properties>
							<p.feels_gravity>0</p.feels_gravity>
							<p.feels_user_input>0</p.feels_user_input>
							<p.feels_friction>0</p.feels_friction>
							<p.spawns_enemies>0</p.spawns_enemies>
							<p.is_physical>1</p.is_physical>
							<p.is_static>1</p.is_static>
							<p.is_sensor>0</p.is_sensor>
							<p.ignores_physics_rotation>0</p.ignores_physics_rotation>
							<p.do_our_own_rotation>0</p.do_our_own_rotation>
							<p.use_angled_corners_collision_box>0</p.use_angled_corners_collision_box>
							<p.is_overlay>0</p.is_overlay>
							<p.is_player>0</p.is_player>
							<p.is_spring>0</p.is_spring>
							<p.is_collectable>0</p.is_collectable>
							<p.is_fan>0</p.is_fan>
							<p.is_door>0</p.is_door>
							<p.is_ring>0</p.is_ring>
							<p.is_ball>0</p.is_ball>
							<p.is_badguy>0</p.is_badguy>
						</properties>
					</Object>
				</item>
				<item class_id_reference="9" object_id="_410">
					<Object>
						<pos>
							<x>1.020000000e+03</x>
							<y>3.060000000e+03</y>
						</pos>
						<objectDefName>smallblock</objectDefName>
						<controller_num>0</controller_num>
						<properties>
							<p.feels_gravity>0</p.feels_gravity>
							<p.feels_user_input>0</p.feels_user_input>
							<p.feels_friction>0</p.feels_friction>
							<p.spawns_enemies>0</p.spawns_enemies>
							<p.is_physical>1</p.is_physical>
							<p.is_static>1</p.is_static>
							<p.is_sensor>0</p.is_sensor>
							<p.ignores_physics_rotation>0</p.ignores_physics_rotation>
							<p.do_our_own_rotation>0</p.do_our_own_rotation>
							<p.use_angled_corners_collision_box>0</p.use_angled_corners_collision_box>
							<p.is_overlay>0</p.is_overlay>
							<p.is_player>0</p.is_player>
							<p.is_spring>0</p.is_spring>
							<p.is_collectable>0</p.is_collectable>
							<p.is_fan>0</p.is_fan>
							<p.is_door>0</p.is_door>
							<p.is_ring>0</p.is_ring>
							<p.is_ball>0</p.is_ball>
							<p.is_badguy>0</p.is_badguy>
						</properties>
					</Object>
				</item>
				<item class_id_reference="9" object_id="_411">
					<Object>
						<pos>
							<x>1.200000000e+03</x>
							<y>3.030000244e+03</y>
						</pos>
						<objectDefName>smallblock</objectDefName>
						<controller_num>0</controller_num>
						<properties>
							<p.feels_gravity>0</p.feels_gravity>
							<p.feels_user_input>0</p.feels_user_input>
							<p.feels_friction>0</p.feels_friction>
							<p.spawns_enemies>0</p.spawns_enemies>
							<p.is_physical>1</p.is_physical>
							<p.is_static>1</p.is_static>
							<p.is_sensor>0</p.is_sensor>
							<p.ignores_physics_rotation>0</p.ignores_physics_rotation>
							<p.do_our_own_rotation>0</p.do_our_own_rotation>
							<p.use_angled_corners_collision_box>0</p.use_angled_corners_collision_box>
							<p.is_overlay>0</p.is_overlay>
							<p.is_player>0</p.is_player>
							<p.is_spring>0</p.is_spring>
							<p.is_collectable>0</p.is_collectable>
							<p.is_fan>0</p.is_fan>
							<p.is_door>0</p.is_door>
							<p.is_ring>0</p.is_ring>
							<p.is_ball>0</p.is_ball>
							<p.is_badguy>0</p.is_badguy>
						</properties>
					</Object>
				</item>
				<item class_id_reference="9" object_id="_412">
					<Object>
						<pos>
							<x>1.440000000e+03</x>
							<y>3.030000244e+03</y>
						</pos>
						<objectDefName>smallblock</objectDefName>
						<controller_num>0</controller_num>
						<properties>
							<p.feels_gravity>0</p.feels_gravity>
							<p.feels_user_input>0</p.feels_user_input>
							<p.feels_friction>0</p.feels_friction>
							<p.spawns_enemies>0</p.spawns_enemies>
							<p.is_physical>1</p.is_physical>
							<p.is_static>1</p.is_static>
							<p.is_sensor>0</p.is_sensor>
							<p.ignores_physics_rotation>0</p.ignores_physics_rotation>
							<p.do_our_own_rotation>0</p.do_our_own_rotation>
							<p.use_angled_corners_collision_box>0</p.use_angled_corners_collision_box>
							<p.is_overlay>0</p.is_overlay>
							<p.is_player>0</p.is_player>
							<p.is_spring>0</p.is_spring>
							<p.is_collectable>0</p.is_collectable>
							<p.is_fan>0</p.is_fan>
							<p.is_door>0</p.is_door>
							<p.is_ring>0</p.is_ring>
							<p.is_ball>0</p.is_ball>
							<p.is_badguy>0</p.is_badguy>
						</properties>
					</Object>
				</item>
				<item class_id_reference="9" object_id="_413">
					<Object>
						<pos>
							<x>1.470000000e+03</x>
							<y>3.000000000e+03</y>
						</pos>
						<objectDefName>smallblock</objectDefName>
						<controller_num>0</controller_num>
						<properties>
							<p.feels_gravity>0</p.feels_gravity>
							<p.feels_user_input>0</p.feels_user_input>
							<p.feels_friction>0</p.feels_friction>
							<p.spawns_enemies>0</p.spawns_enemies>
							<p.is_physical>1</p.is_physical>
							<p.is_static>1</p.is_static>
							<p.is_sensor>0</p.is_sensor>
							<p.ignores_physics_rotation>0</p.ignores_physics_rotation>
							<p.do_our_own_rotation>0</p.do_our_own_rotation>
							<p.use_angled_corners_collision_box>0</p.use_angled_corners_collision_box>
							<p.is_overlay>0</p.is_overlay>
							<p.is_player>0</p.is_player>
							<p.is_spring>0</p.is_spring>
							<p.is_collectable>0</p.is_collectable>
							<p.is_fan>0</p.is_fan>
							<p.is_door>0</p.is_door>
							<p.is_ring>0</p.is_ring>
							<p.is_ball>0</p.is_ball>
							<p.is_badguy>0</p.is_badguy>
						</properties>
					</Object>
				</item>
				<item class_id_reference="9" object_id="_414">
					<Object>
						<pos>
							<x>1.470000000e+03</x>
							<y>2.490000000e+03</y>
						</pos>
						<objectDefName>smallblock</objectDefName>
						<controller_num>0</controller_num>
						<properties>
							<p.feels_gravity>0</p.feels_gravity>
							<p.feels_user_input>0</p.feels_user_input>
							<p.feels_friction>0</p.feels_friction>
							<p.spawns_enemies>0</p.spawns_enemies>
							<p.is_physical>1</p.is_physical>
							<p.is_static>1</p.is_static>
							<p.is_sensor>0</p.is_sensor>
							<p.ignores_physics_rotation>0</p.ignores_physics_rotation>
							<p.do_our_own_rotation>0</p.do_our_own_rotation>
							<p.use_angled_corners_collision_box>0</p.use_angled_corners_collision_box>
							<p.is_overlay>0</p.is_overlay>
							<p.is_player>0</p.is_player>
							<p.is_spring>0</p.is_spring>
							<p.is_collectable>0</p.is_collectable>
							<p.is_fan>0</p.is_fan>
							<p.is_door>0</p.is_door>
							<p.is_ring>0</p.is_ring>
							<p.is_ball>0</p.is_ball>
							<p.is_badguy>0</p.is_badguy>
						</properties>
					</Object>
				</item>
				<item class_id_reference="9" object_id="_415">
					<Object>
						<pos>
							<x>1.470000000e+03</x>
							<y>2.460000000e+03</y>
						</pos>
						<objectDefName>smallblock</objectDefName>
						<controller_num>0</controller_num>
						<properties>
							<p.feels_gravity>0</p.feels_gravity>
							<p.feels_user_input>0</p.feels_user_input>
							<p.feels_friction>0</p.feels_friction>
							<p.spawns_enemies>0</p.spawns_enemies>
							<p.is_physical>1</p.is_physical>
							<p.is_static>1</p.is_static>
							<p.is_sensor>0</p.is_sensor>
							<p.ignores_physics_rotation>0</p.ignores_physics_rotation>
							<p.do_our_own_rotation>0</p.do_our_own_rotation>
							<p.use_angled_corners_collision_box>0</p.use_angled_corners_collision_box>
							<p.is_overlay>0</p.is_overlay>
							<p.is_player>0</p.is_player>
							<p.is_spring>0</p.is_spring>
							<p.is_collectable>0</p.is_collectable>
							<p.is_fan>0</p.is_fan>
							<p.is_door>0</p.is_door>
							<p.is_ring>0</p.is_ring>
							<p.is_ball>0</p.is_ball>
							<p.is_badguy>0</p.is_badguy>
						</properties>
					</Object>
				</item>
				<item class_id_reference="9" object_id="_416">
					<Object>
						<pos>
							<x>1.470000000e+03</x>
							<y>2.520000000e+03</y>
						</pos>
						<objectDefName>smallblock</objectDefName>
						<controller_num>0</controller_num>
						<properties>
							<p.feels_gravity>0</p.feels_gravity>
							<p.feels_user_input>0</p.feels_user_input>
							<p.feels_friction>0</p.feels_friction>
							<p.spawns_enemies>0</p.spawns_enemies>
							<p.is_physical>1</p.is_physical>
							<p.is_static>1</p.is_static>
							<p.is_sensor>0</p.is_sensor>
							<p.ignores_physics_rotation>0</p.ignores_physics_rotation>
							<p.do_our_own_rotation>0</p.do_our_own_rotation>
							<p.use_angled_corners_collision_box>0</p.use_angled_corners_collision_box>
							<p.is_overlay>0</p.is_overlay>
							<p.is_player>0</p.is_player>
							<p.is_spring>0</p.is_spring>
							<p.is_collectable>0</p.is_collectable>
							<p.is_fan>0</p.is_fan>
							<p.is_door>0</p.is_door>
							<p.is_ring>0</p.is_ring>
							<p.is_ball>0</p.is_ball>
							<p.is_badguy>0</p.is_badguy>
						</properties>
					</Object>
				</item>
				<item class_id_reference="9" object_id="_417">
					<Object>
						<pos>
							<x>1.440000000e+03</x>
							<y>2.550000000e+03</y>
						</pos>
						<objectDefName>smallblock</objectDefName>
						<controller_num>0</controller_num>
						<properties>
							<p.feels_gravity>0</p.feels_gravity>
							<p.feels_user_input>0</p.feels_user_input>
							<p.feels_friction>0</p.feels_friction>
							<p.spawns_enemies>0</p.spawns_enemies>
							<p.is_physical>1</p.is_physical>
							<p.is_static>1</p.is_static>
							<p.is_sensor>0</p.is_sensor>
							<p.ignores_physics_rotation>0</p.ignores_physics_rotation>
							<p.do_our_own_rotation>0</p.do_our_own_rotation>
							<p.use_angled_corners_collision_box>0</p.use_angled_corners_collision_box>
							<p.is_overlay>0</p.is_overlay>
							<p.is_player>0</p.is_player>
							<p.is_spring>0</p.is_spring>
							<p.is_collectable>0</p.is_collectable>
							<p.is_fan>0</p.is_fan>
							<p.is_door>0</p.is_door>
							<p.is_ring>0</p.is_ring>
							<p.is_ball>0</p.is_ball>
							<p.is_badguy>0</p.is_badguy>
						</properties>
					</Object>
				</item>
				<item class_id_reference="9" object_id="_418">
					<Object>
						<pos>
							<x>1.410000000e+03</x>
							<y>2.580000000e+03</y>
						</pos>
						<objectDefName>smallblock</objectDefName>
						<controller_num>0</controller_num>
						<properties>
							<p.feels_gravity>0</p.feels_gravity>
							<p.feels_user_input>0</p.feels_user_input>
							<p.feels_friction>0</p.feels_friction>
							<p.spawns_enemies>0</p.spawns_enemies>
							<p.is_physical>1</p.is_physical>
							<p.is_static>1</p.is_static>
							<p.is_sensor>0</p.is_sensor>
							<p.ignores_physics_rotation>0</p.ignores_physics_rotation>
							<p.do_our_own_rotation>0</p.do_our_own_rotation>
							<p.use_angled_corners_collision_box>0</p.use_angled_corners_collision_box>
							<p.is_overlay>0</p.is_overlay>
							<p.is_player>0</p.is_player>
							<p.is_spring>0</p.is_spring>
							<p.is_collectable>0</p.is_collectable>
							<p.is_fan>0</p.is_fan>
							<p.is_door>0</p.is_door>
							<p.is_ring>0</p.is_ring>
							<p.is_ball>0</p.is_ball>
							<p.is_badguy>0</p.is_badguy>
						</properties>
					</Object>
				</item>
				<item class_id_reference="9" object_id="_419">
					<Object>
						<pos>
							<x>1.410000000e+03</x>
							<y>2.610000000e+03</y>
						</pos>
						<objectDefName>smallblock</objectDefName>
						<controller_num>0</controller_num>
						<properties>
							<p.feels_gravity>0</p.feels_gravity>
							<p.feels_user_input>0</p.feels_user_input>
							<p.feels_friction>0</p.feels_friction>
							<p.spawns_enemies>0</p.spawns_enemies>
							<p.is_physical>1</p.is_physical>
							<p.is_static>1</p.is_static>
							<p.is_sensor>0</p.is_sensor>
							<p.ignores_physics_rotation>0</p.ignores_physics_rotation>
							<p.do_our_own_rotation>0</p.do_our_own_rotation>
							<p.use_angled_corners_collision_box>0</p.use_angled_corners_collision_box>
							<p.is_overlay>0</p.is_overlay>
							<p.is_player>0</p.is_player>
							<p.is_spring>0</p.is_spring>
							<p.is_collectable>0</p.is_collectable>
							<p.is_fan>0</p.is_fan>
							<p.is_door>0</p.is_door>
							<p.is_ring>0</p.is_ring>
							<p.is_ball>0</p.is_ball>
							<p.is_badguy>0</p.is_badguy>
						</properties>
					</Object>
				</item>
				<item class_id_reference="9" object_id="_420">
					<Object>
						<pos>
							<x>1.410000000e+03</x>
							<y>2.640000000e+03</y>
						</pos>
						<objectDefName>smallblock</objectDefName>
						<controller_num>0</controller_num>
						<properties>
							<p.feels_gravity>0</p.feels_gravity>
							<p.feels_user_input>0</p.feels_user_input>
							<p.feels_friction>0</p.feels_friction>
							<p.spawns_enemies>0</p.spawns_enemies>
							<p.is_physical>1</p.is_physical>
							<p.is_static>1</p.is_static>
							<p.is_sensor>0</p.is_sensor>
							<p.ignores_physics_rotation>0</p.ignores_physics_rotation>
							<p.do_our_own_rotation>0</p.do_our_own_rotation>
							<p.use_angled_corners_collision_box>0</p.use_angled_corners_collision_box>
							<p.is_overlay>0</p.is_overlay>
							<p.is_player>0</p.is_player>
							<p.is_spring>0</p.is_spring>
							<p.is_collectable>0</p.is_collectable>
							<p.is_fan>0</p.is_fan>
							<p.is_door>0</p.is_door>
							<p.is_ring>0</p.is_ring>
							<p.is_ball>0</p.is_ball>
							<p.is_badguy>0</p.is_badguy>
						</properties>
					</Object>
				</item>
				<item class_id_reference="9" object_id="_421">
					<Object>
						<pos>
							<x>1.380000000e+03</x>
							<y>2.670000000e+03</y>
						</pos>
						<objectDefName>smallblock</objectDefName>
						<controller_num>0</controller_num>
						<properties>
							<p.feels_gravity>0</p.feels_gravity>
							<p.feels_user_input>0</p.feels_user_input>
							<p.feels_friction>0</p.feels_friction>
							<p.spawns_enemies>0</p.spawns_enemies>
							<p.is_physical>1</p.is_physical>
							<p.is_static>1</p.is_static>
							<p.is_sensor>0</p.is_sensor>
							<p.ignores_physics_rotation>0</p.ignores_physics_rotation>
							<p.do_our_own_rotation>0</p.do_our_own_rotation>
							<p.use_angled_corners_collision_box>0</p.use_angled_corners_collision_box>
							<p.is_overlay>0</p.is_overlay>
							<p.is_player>0</p.is_player>
							<p.is_spring>0</p.is_spring>
							<p.is_collectable>0</p.is_collectable>
							<p.is_fan>0</p.is_fan>
							<p.is_door>0</p.is_door>
							<p.is_ring>0</p.is_ring>
							<p.is_ball>0</p.is_ball>
							<p.is_badguy>0</p.is_badguy>
						</properties>
					</Object>
				</item>
				<item class_id_reference="9" object_id="_422">
					<Object>
						<pos>
							<x>1.350000000e+03</x>
							<y>2.700000000e+03</y>
						</pos>
						<objectDefName>smallblock</objectDefName>
						<controller_num>0</controller_num>
						<properties>
							<p.feels_gravity>0</p.feels_gravity>
							<p.feels_user_input>0</p.feels_user_input>
							<p.feels_friction>0</p.feels_friction>
							<p.spawns_enemies>0</p.spawns_enemies>
							<p.is_physical>1</p.is_physical>
							<p.is_static>1</p.is_static>
							<p.is_sensor>0</p.is_sensor>
							<p.ignores_physics_rotation>0</p.ignores_physics_rotation>
							<p.do_our_own_rotation>0</p.do_our_own_rotation>
							<p.use_angled_corners_collision_box>0</p.use_angled_corners_collision_box>
							<p.is_overlay>0</p.is_overlay>
							<p.is_player>0</p.is_player>
							<p.is_spring>0</p.is_spring>
							<p.is_collectable>0</p.is_collectable>
							<p.is_fan>0</p.is_fan>
							<p.is_door>0</p.is_door>
							<p.is_ring>0</p.is_ring>
							<p.is_ball>0</p.is_ball>
							<p.is_badguy>0</p.is_badguy>
						</properties>
					</Object>
				</item>
				<item class_id_reference="9" object_id="_423">
					<Object>
						<pos>
							<x>9.300000000e+02</x>
							<y>2.640000000e+03</y>
						</pos>
						<objectDefName>smallblock</objectDefName>
						<controller_num>0</controller_num>
						<properties>
							<p.feels_gravity>0</p.feels_gravity>
							<p.feels_user_input>0</p.feels_user_input>
							<p.feels_friction>0</p.feels_friction>
							<p.spawns_enemies>0</p.spawns_enemies>
							<p.is_physical>1</p.is_physical>
							<p.is_static>1</p.is_static>
							<p.is_sensor>0</p.is_sensor>
							<p.ignores_physics_rotation>0</p.ignores_physics_rotation>
							<p.do_our_own_rotation>0</p.do_our_own_rotation>
							<p.use_angled_corners_collision_box>0</p.use_angled_corners_collision_box>
							<p.is_overlay>0</p.is_overlay>
							<p.is_player>0</p.is_player>
							<p.is_spring>0</p.is_spring>
							<p.is_collectable>0</p.is_collectable>
							<p.is_fan>0</p.is_fan>
							<p.is_door>0</p.is_door>
							<p.is_ring>0</p.is_ring>
							<p.is_ball>0</p.is_ball>
							<p.is_badguy>0</p.is_badguy>
						</properties>
					</Object>
				</item>
				<item class_id_reference="9" object_id="_424">
					<Object>
						<pos>
							<x>1.320000000e+03</x>
							<y>2.790000000e+03</y>
						</pos>
						<objectDefName>smallblock</objectDefName>
						<controller_num>0</controller_num>
						<properties>
							<p.feels_gravity>0</p.feels_gravity>
							<p.feels_user_input>0</p.feels_user_input>
							<p.feels_friction>0</p.feels_friction>
							<p.spawns_enemies>0</p.spawns_enemies>
							<p.is_physical>1</p.is_physical>
							<p.is_static>1</p.is_static>
							<p.is_sensor>0</p.is_sensor>
							<p.ignores_physics_rotation>0</p.ignores_physics_rotation>
							<p.do_our_own_rotation>0</p.do_our_own_rotation>
							<p.use_angled_corners_collision_box>0</p.use_angled_corners_collision_box>
							<p.is_overlay>0</p.is_overlay>
							<p.is_player>0</p.is_player>
							<p.is_spring>0</p.is_spring>
							<p.is_collectable>0</p.is_collectable>
							<p.is_fan>0</p.is_fan>
							<p.is_door>0</p.is_door>
							<p.is_ring>0</p.is_ring>
							<p.is_ball>0</p.is_ball>
							<p.is_badguy>0</p.is_badguy>
						</properties>
					</Object>
				</item>
				<item class_id_reference="9" object_id="_425">
					<Object>
						<pos>
							<x>1.320000000e+03</x>
							<y>2.760000000e+03</y>
						</pos>
						<objectDefName>smallblock</objectDefName>
						<controller_num>0</controller_num>
						<properties>
							<p.feels_gravity>0</p.feels_gravity>
							<p.feels_user_input>0</p.feels_user_input>
							<p.feels_friction>0</p.feels_friction>
							<p.spawns_enemies>0</p.spawns_enemies>
							<p.is_physical>1</p.is_physical>
							<p.is_static>1</p.is_static>
							<p.is_sensor>0</p.is_sensor>
							<p.ignores_physics_rotation>0</p.ignores_physics_rotation>
							<p.do_our_own_rotation>0</p.do_our_own_rotation>
							<p.use_angled_corners_collision_box>0</p.use_angled_corners_collision_box>
							<p.is_overlay>0</p.is_overlay>
							<p.is_player>0</p.is_player>
							<p.is_spring>0</p.is_spring>
							<p.is_collectable>0</p.is_collectable>
							<p.is_fan>0</p.is_fan>
							<p.is_door>0</p.is_door>
							<p.is_ring>0</p.is_ring>
							<p.is_ball>0</p.is_ball>
							<p.is_badguy>0</p.is_badguy>
						</properties>
					</Object>
				</item>
				<item class_id_reference="9" object_id="_426">
					<Object>
						<pos>
							<x>1.320000000e+03</x>
							<y>2.730000000e+03</y>
						</pos>
						<objectDefName>smallblock</objectDefName>
						<controller_num>0</controller_num>
						<properties>
							<p.feels_gravity>0</p.feels_gravity>
							<p.feels_user_input>0</p.feels_user_input>
							<p.feels_friction>0</p.feels_friction>
							<p.spawns_enemies>0</p.spawns_enemies>
							<p.is_physical>1</p.is_physical>
							<p.is_static>1</p.is_static>
							<p.is_sensor>0</p.is_sensor>
							<p.ignores_physics_rotation>0</p.ignores_physics_rotation>
							<p.do_our_own_rotation>0</p.do_our_own_rotation>
							<p.use_angled_corners_collision_box>0</p.use_angled_corners_collision_box>
							<p.is_overlay>0</p.is_overlay>
							<p.is_player>0</p.is_player>
							<p.is_spring>0</p.is_spring>
							<p.is_collectable>0</p.is_collectable>
							<p.is_fan>0</p.is_fan>
							<p.is_door>0</p.is_door>
							<p.is_ring>0</p.is_ring>
							<p.is_ball>0</p.is_ball>
							<p.is_badguy>0</p.is_badguy>
						</properties>
					</Object>
				</item>
				<item class_id_reference="9" object_id="_427">
					<Object>
						<pos>
							<x>1.110000000e+03</x>
							<y>2.730000000e+03</y>
						</pos>
						<objectDefName>smallblock</objectDefName>
						<controller_num>0</controller_num>
						<properties>
							<p.feels_gravity>0</p.feels_gravity>
							<p.feels_user_input>0</p.feels_user_input>
							<p.feels_friction>0</p.feels_friction>
							<p.spawns_enemies>0</p.spawns_enemies>
							<p.is_physical>1</p.is_physical>
							<p.is_static>1</p.is_static>
							<p.is_sensor>0</p.is_sensor>
							<p.ignores_physics_rotation>0</p.ignores_physics_rotation>
							<p.do_our_own_rotation>0</p.do_our_own_rotation>
							<p.use_angled_corners_collision_box>0</p.use_angled_corners_collision_box>
							<p.is_overlay>0</p.is_overlay>
							<p.is_player>0</p.is_player>
							<p.is_spring>0</p.is_spring>
							<p.is_collectable>0</p.is_collectable>
							<p.is_fan>0</p.is_fan>
							<p.is_door>0</p.is_door>
							<p.is_ring>0</p.is_ring>
							<p.is_ball>0</p.is_ball>
							<p.is_badguy>0</p.is_badguy>
						</properties>
					</Object>
				</item>
				<item class_id_reference="9" object_id="_428">
					<Object>
						<pos>
							<x>6.300000000e+02</x>
							<y>2.460000000e+03</y>
						</pos>
						<objectDefName>smallblock</objectDefName>
						<controller_num>0</controller_num>
						<properties>
							<p.feels_gravity>0</p.feels_gravity>
							<p.feels_user_input>0</p.feels_user_input>
							<p.feels_friction>0</p.feels_friction>
							<p.spawns_enemies>0</p.spawns_enemies>
							<p.is_physical>1</p.is_physical>
							<p.is_static>1</p.is_static>
							<p.is_sensor>0</p.is_sensor>
							<p.ignores_physics_rotation>0</p.ignores_physics_rotation>
							<p.do_our_own_rotation>0</p.do_our_own_rotation>
							<p.use_angled_corners_collision_box>0</p.use_angled_corners_collision_box>
							<p.is_overlay>0</p.is_overlay>
							<p.is_player>0</p.is_player>
							<p.is_spring>0</p.is_spring>
							<p.is_collectable>0</p.is_collectable>
							<p.is_fan>0</p.is_fan>
							<p.is_door>0</p.is_door>
							<p.is_ring>0</p.is_ring>
							<p.is_ball>0</p.is_ball>
							<p.is_badguy>0</p.is_badguy>
						</properties>
					</Object>
				</item>
				<item class_id_reference="9" object_id="_429">
					<Object>
						<pos>
							<x>9.000000000e+02</x>
							<y>2.640000000e+03</y>
						</pos>
						<objectDefName>smallblock</objectDefName>
						<controller_num>0</controller_num>
						<properties>
							<p.feels_gravity>0</p.feels_gravity>
							<p.feels_user_input>0</p.feels_user_input>
							<p.feels_friction>0</p.feels_friction>
							<p.spawns_enemies>0</p.spawns_enemies>
							<p.is_physical>1</p.is_physical>
							<p.is_static>1</p.is_static>
							<p.is_sensor>0</p.is_sensor>
							<p.ignores_physics_rotation>0</p.ignores_physics_rotation>
							<p.do_our_own_rotation>0</p.do_our_own_rotation>
							<p.use_angled_corners_collision_box>0</p.use_angled_corners_collision_box>
							<p.is_overlay>0</p.is_overlay>
							<p.is_player>0</p.is_player>
							<p.is_spring>0</p.is_spring>
							<p.is_collectable>0</p.is_collectable>
							<p.is_fan>0</p.is_fan>
							<p.is_door>0</p.is_door>
							<p.is_ring>0</p.is_ring>
							<p.is_ball>0</p.is_ball>
							<p.is_badguy>0</p.is_badguy>
						</properties>
					</Object>
				</item>
				<item class_id_reference="9" object_id="_430">
					<Object>
						<pos>
							<x>9.000000000e+02</x>
							<y>2.610000000e+03</y>
						</pos>
						<objectDefName>smallblock</objectDefName>
						<controller_num>0</controller_num>
						<properties>
							<p.feels_gravity>0</p.feels_gravity>
							<p.feels_user_input>0</p.feels_user_input>
							<p.feels_friction>0</p.feels_friction>
							<p.spawns_enemies>0</p.spawns_enemies>
							<p.is_physical>1</p.is_physical>
							<p.is_static>1</p.is_static>
							<p.is_sensor>0</p.is_sensor>
							<p.ignores_physics_rotation>0</p.ignores_physics_rotation>
							<p.do_our_own_rotation>0</p.do_our_own_rotation>
							<p.use_angled_corners_collision_box>0</p.use_angled_corners_collision_box>
							<p.is_overlay>0</p.is_overlay>
							<p.is_player>0</p.is_player>
							<p.is_spring>0</p.is_spring>
							<p.is_collectable>0</p.is_collectable>
							<p.is_fan>0</p.is_fan>
							<p.is_door>0</p.is_door>
							<p.is_ring>0</p.is_ring>
							<p.is_ball>0</p.is_ball>
							<p.is_badguy>0</p.is_badguy>
						</properties>
					</Object>
				</item>
				<item class_id_reference="9" object_id="_431">
					<Object>
						<pos>
							<x>9.000000000e+02</x>
							<y>2.580000000e+03</y>
						</pos>
						<objectDefName>smallblock</objectDefName>
						<controller_num>0</controller_num>
						<properties>
							<p.feels_gravity>0</p.feels_gravity>
							<p.feels_user_input>0</p.feels_user_input>
							<p.feels_friction>0</p.feels_friction>
							<p.spawns_enemies>0</p.spawns_enemies>
							<p.is_physical>1</p.is_physical>
							<p.is_static>1</p.is_static>
							<p.is_sensor>0</p.is_sensor>
							<p.ignores_physics_rotation>0</p.ignores_physics_rotation>
							<p.do_our_own_rotation>0</p.do_our_own_rotation>
							<p.use_angled_corners_collision_box>0</p.use_angled_corners_collision_box>
							<p.is_overlay>0</p.is_overlay>
							<p.is_player>0</p.is_player>
							<p.is_spring>0</p.is_spring>
							<p.is_collectable>0</p.is_collectable>
							<p.is_fan>0</p.is_fan>
							<p.is_door>0</p.is_door>
							<p.is_ring>0</p.is_ring>
							<p.is_ball>0</p.is_ball>
							<p.is_badguy>0</p.is_badguy>
						</properties>
					</Object>
				</item>
				<item class_id_reference="9" object_id="_432">
					<Object>
						<pos>
							<x>9.000000000e+02</x>
							<y>2.550000000e+03</y>
						</pos>
						<objectDefName>smallblock</objectDefName>
						<controller_num>0</controller_num>
						<properties>
							<p.feels_gravity>0</p.feels_gravity>
							<p.feels_user_input>0</p.feels_user_input>
							<p.feels_friction>0</p.feels_friction>
							<p.spawns_enemies>0</p.spawns_enemies>
							<p.is_physical>1</p.is_physical>
							<p.is_static>1</p.is_static>
							<p.is_sensor>0</p.is_sensor>
							<p.ignores_physics_rotation>0</p.ignores_physics_rotation>
							<p.do_our_own_rotation>0</p.do_our_own_rotation>
							<p.use_angled_corners_collision_box>0</p.use_angled_corners_collision_box>
							<p.is_overlay>0</p.is_overlay>
							<p.is_player>0</p.is_player>
							<p.is_spring>0</p.is_spring>
							<p.is_collectable>0</p.is_collectable>
							<p.is_fan>0</p.is_fan>
							<p.is_door>0</p.is_door>
							<p.is_ring>0</p.is_ring>
							<p.is_ball>0</p.is_ball>
							<p.is_badguy>0</p.is_badguy>
						</properties>
					</Object>
				</item>
				<item class_id_reference="9" object_id="_433">
					<Object>
						<pos>
							<x>9.000000000e+02</x>
							<y>2.340000000e+03</y>
						</pos>
						<objectDefName>smallblock</objectDefName>
						<controller_num>0</controller_num>
						<properties>
							<p.feels_gravity>0</p.feels_gravity>
							<p.feels_user_input>0</p.feels_user_input>
							<p.feels_friction>0</p.feels_friction>
							<p.spawns_enemies>0</p.spawns_enemies>
							<p.is_physical>1</p.is_physical>
							<p.is_static>1</p.is_static>
							<p.is_sensor>0</p.is_sensor>
							<p.ignores_physics_rotation>0</p.ignores_physics_rotation>
							<p.do_our_own_rotation>0</p.do_our_own_rotation>
							<p.use_angled_corners_collision_box>0</p.use_angled_corners_collision_box>
							<p.is_overlay>0</p.is_overlay>
							<p.is_player>0</p.is_player>
							<p.is_spring>0</p.is_spring>
							<p.is_collectable>0</p.is_collectable>
							<p.is_fan>0</p.is_fan>
							<p.is_door>0</p.is_door>
							<p.is_ring>0</p.is_ring>
							<p.is_ball>0</p.is_ball>
							<p.is_badguy>0</p.is_badguy>
						</properties>
					</Object>
				</item>
				<item class_id_reference="9" object_id="_434">
					<Object>
						<pos>
							<x>8.700000610e+02</x>
							<y>2.340000000e+03</y>
						</pos>
						<objectDefName>smallblock</objectDefName>
						<controller_num>0</controller_num>
						<properties>
							<p.feels_gravity>0</p.feels_gravity>
							<p.feels_user_input>0</p.feels_user_input>
							<p.feels_friction>0</p.feels_friction>
							<p.spawns_enemies>0</p.spawns_enemies>
							<p.is_physical>1</p.is_physical>
							<p.is_static>1</p.is_static>
							<p.is_sensor>0</p.is_sensor>
							<p.ignores_physics_rotation>0</p.ignores_physics_rotation>
							<p.do_our_own_rotation>0</p.do_our_own_rotation>
							<p.use_angled_corners_collision_box>0</p.use_angled_corners_collision_box>
							<p.is_overlay>0</p.is_overlay>
							<p.is_player>0</p.is_player>
							<p.is_spring>0</p.is_spring>
							<p.is_collectable>0</p.is_collectable>
							<p.is_fan>0</p.is_fan>
							<p.is_door>0</p.is_door>
							<p.is_ring>0</p.is_ring>
							<p.is_ball>0</p.is_ball>
							<p.is_badguy>0</p.is_badguy>
						</properties>
					</Object>
				</item>
				<item class_id_reference="9" object_id="_435">
					<Object>
						<pos>
							<x>8.400000000e+02</x>
							<y>2.340000000e+03</y>
						</pos>
						<objectDefName>smallblock</objectDefName>
						<controller_num>0</controller_num>
						<properties>
							<p.feels_gravity>0</p.feels_gravity>
							<p.feels_user_input>0</p.feels_user_input>
							<p.feels_friction>0</p.feels_friction>
							<p.spawns_enemies>0</p.spawns_enemies>
							<p.is_physical>1</p.is_physical>
							<p.is_static>1</p.is_static>
							<p.is_sensor>0</p.is_sensor>
							<p.ignores_physics_rotation>0</p.ignores_physics_rotation>
							<p.do_our_own_rotation>0</p.do_our_own_rotation>
							<p.use_angled_corners_collision_box>0</p.use_angled_corners_collision_box>
							<p.is_overlay>0</p.is_overlay>
							<p.is_player>0</p.is_player>
							<p.is_spring>0</p.is_spring>
							<p.is_collectable>0</p.is_collectable>
							<p.is_fan>0</p.is_fan>
							<p.is_door>0</p.is_door>
							<p.is_ring>0</p.is_ring>
							<p.is_ball>0</p.is_ball>
							<p.is_badguy>0</p.is_badguy>
						</properties>
					</Object>
				</item>
				<item class_id_reference="9" object_id="_436">
					<Object>
						<pos>
							<x>8.400000000e+02</x>
							<y>2.310000000e+03</y>
						</pos>
						<objectDefName>smallblock</objectDefName>
						<controller_num>0</controller_num>
						<properties>
							<p.feels_gravity>0</p.feels_gravity>
							<p.feels_user_input>0</p.feels_user_input>
							<p.feels_friction>0</p.feels_friction>
							<p.spawns_enemies>0</p.spawns_enemies>
							<p.is_physical>1</p.is_physical>
							<p.is_static>1</p.is_static>
							<p.is_sensor>0</p.is_sensor>
							<p.ignores_physics_rotation>0</p.ignores_physics_rotation>
							<p.do_our_own_rotation>0</p.do_our_own_rotation>
							<p.use_angled_corners_collision_box>0</p.use_angled_corners_collision_box>
							<p.is_overlay>0</p.is_overlay>
							<p.is_player>0</p.is_player>
							<p.is_spring>0</p.is_spring>
							<p.is_collectable>0</p.is_collectable>
							<p.is_fan>0</p.is_fan>
							<p.is_door>0</p.is_door>
							<p.is_ring>0</p.is_ring>
							<p.is_ball>0</p.is_ball>
							<p.is_badguy>0</p.is_badguy>
						</properties>
					</Object>
				</item>
				<item class_id_reference="9" object_id="_437">
					<Object>
						<pos>
							<x>8.400000000e+02</x>
							<y>2.280000000e+03</y>
						</pos>
						<objectDefName>smallblock</objectDefName>
						<controller_num>0</controller_num>
						<properties>
							<p.feels_gravity>0</p.feels_gravity>
							<p.feels_user_input>0</p.feels_user_input>
							<p.feels_friction>0</p.feels_friction>
							<p.spawns_enemies>0</p.spawns_enemies>
							<p.is_physical>1</p.is_physical>
							<p.is_static>1</p.is_static>
							<p.is_sensor>0</p.is_sensor>
							<p.ignores_physics_rotation>0</p.ignores_physics_rotation>
							<p.do_our_own_rotation>0</p.do_our_own_rotation>
							<p.use_angled_corners_collision_box>0</p.use_angled_corners_collision_box>
							<p.is_overlay>0</p.is_overlay>
							<p.is_player>0</p.is_player>
							<p.is_spring>0</p.is_spring>
							<p.is_collectable>0</p.is_collectable>
							<p.is_fan>0</p.is_fan>
							<p.is_door>0</p.is_door>
							<p.is_ring>0</p.is_ring>
							<p.is_ball>0</p.is_ball>
							<p.is_badguy>0</p.is_badguy>
						</properties>
					</Object>
				</item>
				<item class_id_reference="9" object_id="_438">
					<Object>
						<pos>
							<x>8.400000000e+02</x>
							<y>2.250000000e+03</y>
						</pos>
						<objectDefName>smallblock</objectDefName>
						<controller_num>0</controller_num>
						<properties>
							<p.feels_gravity>0</p.feels_gravity>
							<p.feels_user_input>0</p.feels_user_input>
							<p.feels_friction>0</p.feels_friction>
							<p.spawns_enemies>0</p.spawns_enemies>
							<p.is_physical>1</p.is_physical>
							<p.is_static>1</p.is_static>
							<p.is_sensor>0</p.is_sensor>
							<p.ignores_physics_rotation>0</p.ignores_physics_rotation>
							<p.do_our_own_rotation>0</p.do_our_own_rotation>
							<p.use_angled_corners_collision_box>0</p.use_angled_corners_collision_box>
							<p.is_overlay>0</p.is_overlay>
							<p.is_player>0</p.is_player>
							<p.is_spring>0</p.is_spring>
							<p.is_collectable>0</p.is_collectable>
							<p.is_fan>0</p.is_fan>
							<p.is_door>0</p.is_door>
							<p.is_ring>0</p.is_ring>
							<p.is_ball>0</p.is_ball>
							<p.is_badguy>0</p.is_badguy>
						</properties>
					</Object>
				</item>
				<item class_id_reference="13" object_id="_439">
					<Object>
						<pos>
							<x>7.800000000e+02</x>
							<y>1.770000000e+03</y>
						</pos>
						<objectDefName>spring-up</objectDefName>
						<controller_num>0</controller_num>
						<properties>
							<p.feels_gravity>0</p.feels_gravity>
							<p.feels_user_input>0</p.feels_user_input>
							<p.feels_friction>0</p.feels_friction>
							<p.spawns_enemies>0</p.spawns_enemies>
							<p.is_physical>1</p.is_physical>
							<p.is_static>1</p.is_static>
							<p.is_sensor>1</p.is_sensor>
							<p.ignores_physics_rotation>0</p.ignores_physics_rotation>
							<p.do_our_own_rotation>0</p.do_our_own_rotation>
							<p.use_angled_corners_collision_box>0</p.use_angled_corners_collision_box>
							<p.is_overlay>0</p.is_overlay>
							<p.is_player>0</p.is_player>
							<p.is_spring>1</p.is_spring>
							<p.is_collectable>0</p.is_collectable>
							<p.is_fan>0</p.is_fan>
							<p.is_door>0</p.is_door>
							<p.is_ring>0</p.is_ring>
							<p.is_ball>0</p.is_ball>
							<p.is_badguy>0</p.is_badguy>
						</properties>
					</Object>
					<springDirection>
						<x>0.000000000e+00</x>
						<y>4.000000000e+01</y>
					</springDirection>
				</item>
				<item class_id_reference="9" object_id="_440">
					<Object>
						<pos>
							<x>7.800000610e+02</x>
							<y>1.740000000e+03</y>
						</pos>
						<objectDefName>smallblock</objectDefName>
						<controller_num>0</controller_num>
						<properties>
							<p.feels_gravity>0</p.feels_gravity>
							<p.feels_user_input>0</p.feels_user_input>
							<p.feels_friction>0</p.feels_friction>
							<p.spawns_enemies>0</p.spawns_enemies>
							<p.is_physical>1</p.is_physical>
							<p.is_static>1</p.is_static>
							<p.is_sensor>0</p.is_sensor>
							<p.ignores_physics_rotation>0</p.ignores_physics_rotation>
							<p.do_our_own_rotation>0</p.do_our_own_rotation>
							<p.use_angled_corners_collision_box>0</p.use_angled_corners_collision_box>
							<p.is_overlay>0</p.is_overlay>
							<p.is_player>0</p.is_player>
							<p.is_spring>0</p.is_spring>
							<p.is_collectable>0</p.is_collectable>
							<p.is_fan>0</p.is_fan>
							<p.is_door>0</p.is_door>
							<p.is_ring>0</p.is_ring>
							<p.is_ball>0</p.is_ball>
							<p.is_badguy>0</p.is_badguy>
						</properties>
					</Object>
				</item>
				<item class_id_reference="9" object_id="_441">
					<Object>
						<pos>
							<x>7.800000610e+02</x>
							<y>1.710000000e+03</y>
						</pos>
						<objectDefName>smallblock</objectDefName>
						<controller_num>0</controller_num>
						<properties>
							<p.feels_gravity>0</p.feels_gravity>
							<p.feels_user_input>0</p.feels_user_input>
							<p.feels_friction>0</p.feels_friction>
							<p.spawns_enemies>0</p.spawns_enemies>
							<p.is_physical>1</p.is_physical>
							<p.is_static>1</p.is_static>
							<p.is_sensor>0</p.is_sensor>
							<p.ignores_physics_rotation>0</p.ignores_physics_rotation>
							<p.do_our_own_rotation>0</p.do_our_own_rotation>
							<p.use_angled_corners_collision_box>0</p.use_angled_corners_collision_box>
							<p.is_overlay>0</p.is_overlay>
							<p.is_player>0</p.is_player>
							<p.is_spring>0</p.is_spring>
							<p.is_collectable>0</p.is_collectable>
							<p.is_fan>0</p.is_fan>
							<p.is_door>0</p.is_door>
							<p.is_ring>0</p.is_ring>
							<p.is_ball>0</p.is_ball>
							<p.is_badguy>0</p.is_badguy>
						</properties>
					</Object>
				</item>
				<item class_id_reference="9" object_id="_442">
					<Object>
						<pos>
							<x>7.800000610e+02</x>
							<y>1.679999878e+03</y>
						</pos>
						<objectDefName>smallblock</objectDefName>
						<controller_num>0</controller_num>
						<properties>
							<p.feels_gravity>0</p.feels_gravity>
							<p.feels_user_input>0</p.feels_user_input>
							<p.feels_friction>0</p.feels_friction>
							<p.spawns_enemies>0</p.spawns_enemies>
							<p.is_physical>1</p.is_physical>
							<p.is_static>1</p.is_static>
							<p.is_sensor>0</p.is_sensor>
							<p.ignores_physics_rotation>0</p.ignores_physics_rotation>
							<p.do_our_own_rotation>0</p.do_our_own_rotation>
							<p.use_angled_corners_collision_box>0</p.use_angled_corners_collision_box>
							<p.is_overlay>0</p.is_overlay>
							<p.is_player>0</p.is_player>
							<p.is_spring>0</p.is_spring>
							<p.is_collectable>0</p.is_collectable>
							<p.is_fan>0</p.is_fan>
							<p.is_door>0</p.is_door>
							<p.is_ring>0</p.is_ring>
							<p.is_ball>0</p.is_ball>
							<p.is_badguy>0</p.is_badguy>
						</properties>
					</Object>
				</item>
				<item class_id_reference="9" object_id="_443">
					<Object>
						<pos>
							<x>7.800000610e+02</x>
							<y>1.650000000e+03</y>
						</pos>
						<objectDefName>smallblock</objectDefName>
						<controller_num>0</controller_num>
						<properties>
							<p.feels_gravity>0</p.feels_gravity>
							<p.feels_user_input>0</p.feels_user_input>
							<p.feels_friction>0</p.feels_friction>
							<p.spawns_enemies>0</p.spawns_enemies>
							<p.is_physical>1</p.is_physical>
							<p.is_static>1</p.is_static>
							<p.is_sensor>0</p.is_sensor>
							<p.ignores_physics_rotation>0</p.ignores_physics_rotation>
							<p.do_our_own_rotation>0</p.do_our_own_rotation>
							<p.use_angled_corners_collision_box>0</p.use_angled_corners_collision_box>
							<p.is_overlay>0</p.is_overlay>
							<p.is_player>0</p.is_player>
							<p.is_spring>0</p.is_spring>
							<p.is_collectable>0</p.is_collectable>
							<p.is_fan>0</p.is_fan>
							<p.is_door>0</p.is_door>
							<p.is_ring>0</p.is_ring>
							<p.is_ball>0</p.is_ball>
							<p.is_badguy>0</p.is_badguy>
						</properties>
					</Object>
				</item>
				<item class_id_reference="9" object_id="_444">
					<Object>
						<pos>
							<x>7.800000610e+02</x>
							<y>1.620000000e+03</y>
						</pos>
						<objectDefName>smallblock</objectDefName>
						<controller_num>0</controller_num>
						<properties>
							<p.feels_gravity>0</p.feels_gravity>
							<p.feels_user_input>0</p.feels_user_input>
							<p.feels_friction>0</p.feels_friction>
							<p.spawns_enemies>0</p.spawns_enemies>
							<p.is_physical>1</p.is_physical>
							<p.is_static>1</p.is_static>
							<p.is_sensor>0</p.is_sensor>
							<p.ignores_physics_rotation>0</p.ignores_physics_rotation>
							<p.do_our_own_rotation>0</p.do_our_own_rotation>
							<p.use_angled_corners_collision_box>0</p.use_angled_corners_collision_box>
							<p.is_overlay>0</p.is_overlay>
							<p.is_player>0</p.is_player>
							<p.is_spring>0</p.is_spring>
							<p.is_collectable>0</p.is_collectable>
							<p.is_fan>0</p.is_fan>
							<p.is_door>0</p.is_door>
							<p.is_ring>0</p.is_ring>
							<p.is_ball>0</p.is_ball>
							<p.is_badguy>0</p.is_badguy>
						</properties>
					</Object>
				</item>
				<item class_id_reference="9" object_id="_445">
					<Object>
						<pos>
							<x>7.800000610e+02</x>
							<y>1.589999878e+03</y>
						</pos>
						<objectDefName>smallblock</objectDefName>
						<controller_num>0</controller_num>
						<properties>
							<p.feels_gravity>0</p.feels_gravity>
							<p.feels_user_input>0</p.feels_user_input>
							<p.feels_friction>0</p.feels_friction>
							<p.spawns_enemies>0</p.spawns_enemies>
							<p.is_physical>1</p.is_physical>
							<p.is_static>1</p.is_static>
							<p.is_sensor>0</p.is_sensor>
							<p.ignores_physics_rotation>0</p.ignores_physics_rotation>
							<p.do_our_own_rotation>0</p.do_our_own_rotation>
							<p.use_angled_corners_collision_box>0</p.use_angled_corners_collision_box>
							<p.is_overlay>0</p.is_overlay>
							<p.is_player>0</p.is_player>
							<p.is_spring>0</p.is_spring>
							<p.is_collectable>0</p.is_collectable>
							<p.is_fan>0</p.is_fan>
							<p.is_door>0</p.is_door>
							<p.is_ring>0</p.is_ring>
							<p.is_ball>0</p.is_ball>
							<p.is_badguy>0</p.is_badguy>
						</properties>
					</Object>
				</item>
				<item class_id_reference="9" object_id="_446">
					<Object>
						<pos>
							<x>7.500000000e+02</x>
							<y>1.470000000e+03</y>
						</pos>
						<objectDefName>smallblock</objectDefName>
						<controller_num>0</controller_num>
						<properties>
							<p.feels_gravity>0</p.feels_gravity>
							<p.feels_user_input>0</p.feels_user_input>
							<p.feels_friction>0</p.feels_friction>
							<p.spawns_enemies>0</p.spawns_enemies>
							<p.is_physical>1</p.is_physical>
							<p.is_static>1</p.is_static>
							<p.is_sensor>0</p.is_sensor>
							<p.ignores_physics_rotation>0</p.ignores_physics_rotation>
							<p.do_our_own_rotation>0</p.do_our_own_rotation>
							<p.use_angled_corners_collision_box>0</p.use_angled_corners_collision_box>
							<p.is_overlay>0</p.is_overlay>
							<p.is_player>0</p.is_player>
							<p.is_spring>0</p.is_spring>
							<p.is_collectable>0</p.is_collectable>
							<p.is_fan>0</p.is_fan>
							<p.is_door>0</p.is_door>
							<p.is_ring>0</p.is_ring>
							<p.is_ball>0</p.is_ball>
							<p.is_badguy>0</p.is_badguy>
						</properties>
					</Object>
				</item>
				<item class_id_reference="9" object_id="_447">
					<Object>
						<pos>
							<x>8.100000000e+02</x>
							<y>1.470000000e+03</y>
						</pos>
						<objectDefName>smallblock</objectDefName>
						<controller_num>0</controller_num>
						<properties>
							<p.feels_gravity>0</p.feels_gravity>
							<p.feels_user_input>0</p.feels_user_input>
							<p.feels_friction>0</p.feels_friction>
							<p.spawns_enemies>0</p.spawns_enemies>
							<p.is_physical>1</p.is_physical>
							<p.is_static>1</p.is_static>
							<p.is_sensor>0</p.is_sensor>
							<p.ignores_physics_rotation>0</p.ignores_physics_rotation>
							<p.do_our_own_rotation>0</p.do_our_own_rotation>
							<p.use_angled_corners_collision_box>0</p.use_angled_corners_collision_box>
							<p.is_overlay>0</p.is_overlay>
							<p.is_player>0</p.is_player>
							<p.is_spring>0</p.is_spring>
							<p.is_collectable>0</p.is_collectable>
							<p.is_fan>0</p.is_fan>
							<p.is_door>0</p.is_door>
							<p.is_ring>0</p.is_ring>
							<p.is_ball>0</p.is_ball>
							<p.is_badguy>0</p.is_badguy>
						</properties>
					</Object>
				</item>
				<item class_id_reference="9" object_id="_448">
					<Object>
						<pos>
							<x>7.800000610e+02</x>
							<y>1.470000000e+03</y>
						</pos>
						<objectDefName>smallblock</objectDefName>
						<controller_num>0</controller_num>
						<properties>
							<p.feels_gravity>0</p.feels_gravity>
							<p.feels_user_input>0</p.feels_user_input>
							<p.feels_friction>0</p.feels_friction>
							<p.spawns_enemies>0</p.spawns_enemies>
							<p.is_physical>1</p.is_physical>
							<p.is_static>1</p.is_static>
							<p.is_sensor>0</p.is_sensor>
							<p.ignores_physics_rotation>0</p.ignores_physics_rotation>
							<p.do_our_own_rotation>0</p.do_our_own_rotation>
							<p.use_angled_corners_collision_box>0</p.use_angled_corners_collision_box>
							<p.is_overlay>0</p.is_overlay>
							<p.is_player>0</p.is_player>
							<p.is_spring>0</p.is_spring>
							<p.is_collectable>0</p.is_collectable>
							<p.is_fan>0</p.is_fan>
							<p.is_door>0</p.is_door>
							<p.is_ring>0</p.is_ring>
							<p.is_ball>0</p.is_ball>
							<p.is_badguy>0</p.is_badguy>
						</properties>
					</Object>
				</item>
				<item class_id_reference="9" object_id="_449">
					<Object>
						<pos>
							<x>7.800000610e+02</x>
							<y>1.440000000e+03</y>
						</pos>
						<objectDefName>smallblock</objectDefName>
						<controller_num>0</controller_num>
						<properties>
							<p.feels_gravity>0</p.feels_gravity>
							<p.feels_user_input>0</p.feels_user_input>
							<p.feels_friction>0</p.feels_friction>
							<p.spawns_enemies>0</p.spawns_enemies>
							<p.is_physical>1</p.is_physical>
							<p.is_static>1</p.is_static>
							<p.is_sensor>0</p.is_sensor>
							<p.ignores_physics_rotation>0</p.ignores_physics_rotation>
							<p.do_our_own_rotation>0</p.do_our_own_rotation>
							<p.use_angled_corners_collision_box>0</p.use_angled_corners_collision_box>
							<p.is_overlay>0</p.is_overlay>
							<p.is_player>0</p.is_player>
							<p.is_spring>0</p.is_spring>
							<p.is_collectable>0</p.is_collectable>
							<p.is_fan>0</p.is_fan>
							<p.is_door>0</p.is_door>
							<p.is_ring>0</p.is_ring>
							<p.is_ball>0</p.is_ball>
							<p.is_badguy>0</p.is_badguy>
						</properties>
					</Object>
				</item>
				<item class_id_reference="9" object_id="_450">
					<Object>
						<pos>
							<x>7.800000610e+02</x>
							<y>1.410000000e+03</y>
						</pos>
						<objectDefName>smallblock</objectDefName>
						<controller_num>0</controller_num>
						<properties>
							<p.feels_gravity>0</p.feels_gravity>
							<p.feels_user_input>0</p.feels_user_input>
							<p.feels_friction>0</p.feels_friction>
							<p.spawns_enemies>0</p.spawns_enemies>
							<p.is_physical>1</p.is_physical>
							<p.is_static>1</p.is_static>
							<p.is_sensor>0</p.is_sensor>
							<p.ignores_physics_rotation>0</p.ignores_physics_rotation>
							<p.do_our_own_rotation>0</p.do_our_own_rotation>
							<p.use_angled_corners_collision_box>0</p.use_angled_corners_collision_box>
							<p.is_overlay>0</p.is_overlay>
							<p.is_player>0</p.is_player>
							<p.is_spring>0</p.is_spring>
							<p.is_collectable>0</p.is_collectable>
							<p.is_fan>0</p.is_fan>
							<p.is_door>0</p.is_door>
							<p.is_ring>0</p.is_ring>
							<p.is_ball>0</p.is_ball>
							<p.is_badguy>0</p.is_badguy>
						</properties>
					</Object>
				</item>
				<item class_id_reference="9" object_id="_451">
					<Object>
						<pos>
							<x>7.800000610e+02</x>
							<y>1.380000000e+03</y>
						</pos>
						<objectDefName>smallblock</objectDefName>
						<controller_num>0</controller_num>
						<properties>
							<p.feels_gravity>0</p.feels_gravity>
							<p.feels_user_input>0</p.feels_user_input>
							<p.feels_friction>0</p.feels_friction>
							<p.spawns_enemies>0</p.spawns_enemies>
							<p.is_physical>1</p.is_physical>
							<p.is_static>1</p.is_static>
							<p.is_sensor>0</p.is_sensor>
							<p.ignores_physics_rotation>0</p.ignores_physics_rotation>
							<p.do_our_own_rotation>0</p.do_our_own_rotation>
							<p.use_angled_corners_collision_box>0</p.use_angled_corners_collision_box>
							<p.is_overlay>0</p.is_overlay>
							<p.is_player>0</p.is_player>
							<p.is_spring>0</p.is_spring>
							<p.is_collectable>0</p.is_collectable>
							<p.is_fan>0</p.is_fan>
							<p.is_door>0</p.is_door>
							<p.is_ring>0</p.is_ring>
							<p.is_ball>0</p.is_ball>
							<p.is_badguy>0</p.is_badguy>
						</properties>
					</Object>
				</item>
				<item class_id_reference="9" object_id="_452">
					<Object>
						<pos>
							<x>7.800000610e+02</x>
							<y>1.350000000e+03</y>
						</pos>
						<objectDefName>smallblock</objectDefName>
						<controller_num>0</controller_num>
						<properties>
							<p.feels_gravity>0</p.feels_gravity>
							<p.feels_user_input>0</p.feels_user_input>
							<p.feels_friction>0</p.feels_friction>
							<p.spawns_enemies>0</p.spawns_enemies>
							<p.is_physical>1</p.is_physical>
							<p.is_static>1</p.is_static>
							<p.is_sensor>0</p.is_sensor>
							<p.ignores_physics_rotation>0</p.ignores_physics_rotation>
							<p.do_our_own_rotation>0</p.do_our_own_rotation>
							<p.use_angled_corners_collision_box>0</p.use_angled_corners_collision_box>
							<p.is_overlay>0</p.is_overlay>
							<p.is_player>0</p.is_player>
							<p.is_spring>0</p.is_spring>
							<p.is_collectable>0</p.is_collectable>
							<p.is_fan>0</p.is_fan>
							<p.is_door>0</p.is_door>
							<p.is_ring>0</p.is_ring>
							<p.is_ball>0</p.is_ball>
							<p.is_badguy>0</p.is_badguy>
						</properties>
					</Object>
				</item>
				<item class_id_reference="9" object_id="_453">
					<Object>
						<pos>
							<x>7.800000610e+02</x>
							<y>1.320000000e+03</y>
						</pos>
						<objectDefName>smallblock</objectDefName>
						<controller_num>0</controller_num>
						<properties>
							<p.feels_gravity>0</p.feels_gravity>
							<p.feels_user_input>0</p.feels_user_input>
							<p.feels_friction>0</p.feels_friction>
							<p.spawns_enemies>0</p.spawns_enemies>
							<p.is_physical>1</p.is_physical>
							<p.is_static>1</p.is_static>
							<p.is_sensor>0</p.is_sensor>
							<p.ignores_physics_rotation>0</p.ignores_physics_rotation>
							<p.do_our_own_rotation>0</p.do_our_own_rotation>
							<p.use_angled_corners_collision_box>0</p.use_angled_corners_collision_box>
							<p.is_overlay>0</p.is_overlay>
							<p.is_player>0</p.is_player>
							<p.is_spring>0</p.is_spring>
							<p.is_collectable>0</p.is_collectable>
							<p.is_fan>0</p.is_fan>
							<p.is_door>0</p.is_door>
							<p.is_ring>0</p.is_ring>
							<p.is_ball>0</p.is_ball>
							<p.is_badguy>0</p.is_badguy>
						</properties>
					</Object>
				</item>
				<item class_id_reference="9" object_id="_454">
					<Object>
						<pos>
							<x>7.800000610e+02</x>
							<y>1.290000000e+03</y>
						</pos>
						<objectDefName>smallblock</objectDefName>
						<controller_num>0</controller_num>
						<properties>
							<p.feels_gravity>0</p.feels_gravity>
							<p.feels_user_input>0</p.feels_user_input>
							<p.feels_friction>0</p.feels_friction>
							<p.spawns_enemies>0</p.spawns_enemies>
							<p.is_physical>1</p.is_physical>
							<p.is_static>1</p.is_static>
							<p.is_sensor>0</p.is_sensor>
							<p.ignores_physics_rotation>0</p.ignores_physics_rotation>
							<p.do_our_own_rotation>0</p.do_our_own_rotation>
							<p.use_angled_corners_collision_box>0</p.use_angled_corners_collision_box>
							<p.is_overlay>0</p.is_overlay>
							<p.is_player>0</p.is_player>
							<p.is_spring>0</p.is_spring>
							<p.is_collectable>0</p.is_collectable>
							<p.is_fan>0</p.is_fan>
							<p.is_door>0</p.is_door>
							<p.is_ring>0</p.is_ring>
							<p.is_ball>0</p.is_ball>
							<p.is_badguy>0</p.is_badguy>
						</properties>
					</Object>
				</item>
				<item class_id_reference="9" object_id="_455">
					<Object>
						<pos>
							<x>4.199999695e+02</x>
							<y>1.260000000e+03</y>
						</pos>
						<objectDefName>smallblock</objectDefName>
						<controller_num>0</controller_num>
						<properties>
							<p.feels_gravity>0</p.feels_gravity>
							<p.feels_user_input>0</p.feels_user_input>
							<p.feels_friction>0</p.feels_friction>
							<p.spawns_enemies>0</p.spawns_enemies>
							<p.is_physical>1</p.is_physical>
							<p.is_static>1</p.is_static>
							<p.is_sensor>0</p.is_sensor>
							<p.ignores_physics_rotation>0</p.ignores_physics_rotation>
							<p.do_our_own_rotation>0</p.do_our_own_rotation>
							<p.use_angled_corners_collision_box>0</p.use_angled_corners_collision_box>
							<p.is_overlay>0</p.is_overlay>
							<p.is_player>0</p.is_player>
							<p.is_spring>0</p.is_spring>
							<p.is_collectable>0</p.is_collectable>
							<p.is_fan>0</p.is_fan>
							<p.is_door>0</p.is_door>
							<p.is_ring>0</p.is_ring>
							<p.is_ball>0</p.is_ball>
							<p.is_badguy>0</p.is_badguy>
						</properties>
					</Object>
				</item>
				<item class_id_reference="9" object_id="_456">
					<Object>
						<pos>
							<x>4.199999695e+02</x>
							<y>1.230000000e+03</y>
						</pos>
						<objectDefName>smallblock</objectDefName>
						<controller_num>0</controller_num>
						<properties>
							<p.feels_gravity>0</p.feels_gravity>
							<p.feels_user_input>0</p.feels_user_input>
							<p.feels_friction>0</p.feels_friction>
							<p.spawns_enemies>0</p.spawns_enemies>
							<p.is_physical>1</p.is_physical>
							<p.is_static>1</p.is_static>
							<p.is_sensor>0</p.is_sensor>
							<p.ignores_physics_rotation>0</p.ignores_physics_rotation>
							<p.do_our_own_rotation>0</p.do_our_own_rotation>
							<p.use_angled_corners_collision_box>0</p.use_angled_corners_collision_box>
							<p.is_overlay>0</p.is_overlay>
							<p.is_player>0</p.is_player>
							<p.is_spring>0</p.is_spring>
							<p.is_collectable>0</p.is_collectable>
							<p.is_fan>0</p.is_fan>
							<p.is_door>0</p.is_door>
							<p.is_ring>0</p.is_ring>
							<p.is_ball>0</p.is_ball>
							<p.is_badguy>0</p.is_badguy>
						</properties>
					</Object>
				</item>
				<item class_id_reference="9" object_id="_457">
					<Object>
						<pos>
							<x>4.199999695e+02</x>
							<y>1.200000000e+03</y>
						</pos>
						<objectDefName>smallblock</objectDefName>
						<controller_num>0</controller_num>
						<properties>
							<p.feels_gravity>0</p.feels_gravity>
							<p.feels_user_input>0</p.feels_user_input>
							<p.feels_friction>0</p.feels_friction>
							<p.spawns_enemies>0</p.spawns_enemies>
							<p.is_physical>1</p.is_physical>
							<p.is_static>1</p.is_static>
							<p.is_sensor>0</p.is_sensor>
							<p.ignores_physics_rotation>0</p.ignores_physics_rotation>
							<p.do_our_own_rotation>0</p.do_our_own_rotation>
							<p.use_angled_corners_collision_box>0</p.use_angled_corners_collision_box>
							<p.is_overlay>0</p.is_overlay>
							<p.is_player>0</p.is_player>
							<p.is_spring>0</p.is_spring>
							<p.is_collectable>0</p.is_collectable>
							<p.is_fan>0</p.is_fan>
							<p.is_door>0</p.is_door>
							<p.is_ring>0</p.is_ring>
							<p.is_ball>0</p.is_ball>
							<p.is_badguy>0</p.is_badguy>
						</properties>
					</Object>
				</item>
				<item class_id_reference="9" object_id="_458">
					<Object>
						<pos>
							<x>4.199999695e+02</x>
							<y>1.170000000e+03</y>
						</pos>
						<objectDefName>smallblock</objectDefName>
						<controller_num>0</controller_num>
						<properties>
							<p.feels_gravity>0</p.feels_gravity>
							<p.feels_user_input>0</p.feels_user_input>
							<p.feels_friction>0</p.feels_friction>
							<p.spawns_enemies>0</p.spawns_enemies>
							<p.is_physical>1</p.is_physical>
							<p.is_static>1</p.is_static>
							<p.is_sensor>0</p.is_sensor>
							<p.ignores_physics_rotation>0</p.ignores_physics_rotation>
							<p.do_our_own_rotation>0</p.do_our_own_rotation>
							<p.use_angled_corners_collision_box>0</p.use_angled_corners_collision_box>
							<p.is_overlay>0</p.is_overlay>
							<p.is_player>0</p.is_player>
							<p.is_spring>0</p.is_spring>
							<p.is_collectable>0</p.is_collectable>
							<p.is_fan>0</p.is_fan>
							<p.is_door>0</p.is_door>
							<p.is_ring>0</p.is_ring>
							<p.is_ball>0</p.is_ball>
							<p.is_badguy>0</p.is_badguy>
						</properties>
					</Object>
				</item>
				<item class_id_reference="9" object_id="_459">
					<Object>
						<pos>
							<x>4.199999695e+02</x>
							<y>1.140000000e+03</y>
						</pos>
						<objectDefName>smallblock</objectDefName>
						<controller_num>0</controller_num>
						<properties>
							<p.feels_gravity>0</p.feels_gravity>
							<p.feels_user_input>0</p.feels_user_input>
							<p.feels_friction>0</p.feels_friction>
							<p.spawns_enemies>0</p.spawns_enemies>
							<p.is_physical>1</p.is_physical>
							<p.is_static>1</p.is_static>
							<p.is_sensor>0</p.is_sensor>
							<p.ignores_physics_rotation>0</p.ignores_physics_rotation>
							<p.do_our_own_rotation>0</p.do_our_own_rotation>
							<p.use_angled_corners_collision_box>0</p.use_angled_corners_collision_box>
							<p.is_overlay>0</p.is_overlay>
							<p.is_player>0</p.is_player>
							<p.is_spring>0</p.is_spring>
							<p.is_collectable>0</p.is_collectable>
							<p.is_fan>0</p.is_fan>
							<p.is_door>0</p.is_door>
							<p.is_ring>0</p.is_ring>
							<p.is_ball>0</p.is_ball>
							<p.is_badguy>0</p.is_badguy>
						</properties>
					</Object>
				</item>
				<item class_id_reference="9" object_id="_460">
					<Object>
						<pos>
							<x>4.199999695e+02</x>
							<y>1.110000000e+03</y>
						</pos>
						<objectDefName>smallblock</objectDefName>
						<controller_num>0</controller_num>
						<properties>
							<p.feels_gravity>0</p.feels_gravity>
							<p.feels_user_input>0</p.feels_user_input>
							<p.feels_friction>0</p.feels_friction>
							<p.spawns_enemies>0</p.spawns_enemies>
							<p.is_physical>1</p.is_physical>
							<p.is_static>1</p.is_static>
							<p.is_sensor>0</p.is_sensor>
							<p.ignores_physics_rotation>0</p.ignores_physics_rotation>
							<p.do_our_own_rotation>0</p.do_our_own_rotation>
							<p.use_angled_corners_collision_box>0</p.use_angled_corners_collision_box>
							<p.is_overlay>0</p.is_overlay>
							<p.is_player>0</p.is_player>
							<p.is_spring>0</p.is_spring>
							<p.is_collectable>0</p.is_collectable>
							<p.is_fan>0</p.is_fan>
							<p.is_door>0</p.is_door>
							<p.is_ring>0</p.is_ring>
							<p.is_ball>0</p.is_ball>
							<p.is_badguy>0</p.is_badguy>
						</properties>
					</Object>
				</item>
				<item class_id_reference="9" object_id="_461">
					<Object>
						<pos>
							<x>4.199999695e+02</x>
							<y>1.080000000e+03</y>
						</pos>
						<objectDefName>smallblock</objectDefName>
						<controller_num>0</controller_num>
						<properties>
							<p.feels_gravity>0</p.feels_gravity>
							<p.feels_user_input>0</p.feels_user_input>
							<p.feels_friction>0</p.feels_friction>
							<p.spawns_enemies>0</p.spawns_enemies>
							<p.is_physical>1</p.is_physical>
							<p.is_static>1</p.is_static>
							<p.is_sensor>0</p.is_sensor>
							<p.ignores_physics_rotation>0</p.ignores_physics_rotation>
							<p.do_our_own_rotation>0</p.do_our_own_rotation>
							<p.use_angled_corners_collision_box>0</p.use_angled_corners_collision_box>
							<p.is_overlay>0</p.is_overlay>
							<p.is_player>0</p.is_player>
							<p.is_spring>0</p.is_spring>
							<p.is_collectable>0</p.is_collectable>
							<p.is_fan>0</p.is_fan>
							<p.is_door>0</p.is_door>
							<p.is_ring>0</p.is_ring>
							<p.is_ball>0</p.is_ball>
							<p.is_badguy>0</p.is_badguy>
						</properties>
					</Object>
				</item>
				<item class_id_reference="9" object_id="_462">
					<Object>
						<pos>
							<x>4.199999695e+02</x>
							<y>1.050000000e+03</y>
						</pos>
						<objectDefName>smallblock</objectDefName>
						<controller_num>0</controller_num>
						<properties>
							<p.feels_gravity>0</p.feels_gravity>
							<p.feels_user_input>0</p.feels_user_input>
							<p.feels_friction>0</p.feels_friction>
							<p.spawns_enemies>0</p.spawns_enemies>
							<p.is_physical>1</p.is_physical>
							<p.is_static>1</p.is_static>
							<p.is_sensor>0</p.is_sensor>
							<p.ignores_physics_rotation>0</p.ignores_physics_rotation>
							<p.do_our_own_rotation>0</p.do_our_own_rotation>
							<p.use_angled_corners_collision_box>0</p.use_angled_corners_collision_box>
							<p.is_overlay>0</p.is_overlay>
							<p.is_player>0</p.is_player>
							<p.is_spring>0</p.is_spring>
							<p.is_collectable>0</p.is_collectable>
							<p.is_fan>0</p.is_fan>
							<p.is_door>0</p.is_door>
							<p.is_ring>0</p.is_ring>
							<p.is_ball>0</p.is_ball>
							<p.is_badguy>0</p.is_badguy>
						</properties>
					</Object>
				</item>
				<item class_id_reference="9" object_id="_463">
					<Object>
						<pos>
							<x>6.300000000e+02</x>
							<y>1.020000000e+03</y>
						</pos>
						<objectDefName>smallblock</objectDefName>
						<controller_num>0</controller_num>
						<properties>
							<p.feels_gravity>0</p.feels_gravity>
							<p.feels_user_input>0</p.feels_user_input>
							<p.feels_friction>0</p.feels_friction>
							<p.spawns_enemies>0</p.spawns_enemies>
							<p.is_physical>1</p.is_physical>
							<p.is_static>1</p.is_static>
							<p.is_sensor>0</p.is_sensor>
							<p.ignores_physics_rotation>0</p.ignores_physics_rotation>
							<p.do_our_own_rotation>0</p.do_our_own_rotation>
							<p.use_angled_corners_collision_box>0</p.use_angled_corners_collision_box>
							<p.is_overlay>0</p.is_overlay>
							<p.is_player>0</p.is_player>
							<p.is_spring>0</p.is_spring>
							<p.is_collectable>0</p.is_collectable>
							<p.is_fan>0</p.is_fan>
							<p.is_door>0</p.is_door>
							<p.is_ring>0</p.is_ring>
							<p.is_ball>0</p.is_ball>
							<p.is_badguy>0</p.is_badguy>
						</properties>
					</Object>
				</item>
				<item class_id_reference="9" object_id="_464">
					<Object>
						<pos>
							<x>6.300000000e+02</x>
							<y>9.900000000e+02</y>
						</pos>
						<objectDefName>smallblock</objectDefName>
						<controller_num>0</controller_num>
						<properties>
							<p.feels_gravity>0</p.feels_gravity>
							<p.feels_user_input>0</p.feels_user_input>
							<p.feels_friction>0</p.feels_friction>
							<p.spawns_enemies>0</p.spawns_enemies>
							<p.is_physical>1</p.is_physical>
							<p.is_static>1</p.is_static>
							<p.is_sensor>0</p.is_sensor>
							<p.ignores_physics_rotation>0</p.ignores_physics_rotation>
							<p.do_our_own_rotation>0</p.do_our_own_rotation>
							<p.use_angled_corners_collision_box>0</p.use_angled_corners_collision_box>
							<p.is_overlay>0</p.is_overlay>
							<p.is_player>0</p.is_player>
							<p.is_spring>0</p.is_spring>
							<p.is_collectable>0</p.is_collectable>
							<p.is_fan>0</p.is_fan>
							<p.is_door>0</p.is_door>
							<p.is_ring>0</p.is_ring>
							<p.is_ball>0</p.is_ball>
							<p.is_badguy>0</p.is_badguy>
						</properties>
					</Object>
				</item>
				<item class_id_reference="9" object_id="_465">
					<Object>
						<pos>
							<x>6.300000000e+02</x>
							<y>9.600000610e+02</y>
						</pos>
						<objectDefName>smallblock</objectDefName>
						<controller_num>0</controller_num>
						<properties>
							<p.feels_gravity>0</p.feels_gravity>
							<p.feels_user_input>0</p.feels_user_input>
							<p.feels_friction>0</p.feels_friction>
							<p.spawns_enemies>0</p.spawns_enemies>
							<p.is_physical>1</p.is_physical>
							<p.is_static>1</p.is_static>
							<p.is_sensor>0</p.is_sensor>
							<p.ignores_physics_rotation>0</p.ignores_physics_rotation>
							<p.do_our_own_rotation>0</p.do_our_own_rotation>
							<p.use_angled_corners_collision_box>0</p.use_angled_corners_collision_box>
							<p.is_overlay>0</p.is_overlay>
							<p.is_player>0</p.is_player>
							<p.is_spring>0</p.is_spring>
							<p.is_collectable>0</p.is_collectable>
							<p.is_fan>0</p.is_fan>
							<p.is_door>0</p.is_door>
							<p.is_ring>0</p.is_ring>
							<p.is_ball>0</p.is_ball>
							<p.is_badguy>0</p.is_badguy>
						</properties>
					</Object>
				</item>
				<item class_id_reference="9" object_id="_466">
					<Object>
						<pos>
							<x>6.300000000e+02</x>
							<y>9.300000000e+02</y>
						</pos>
						<objectDefName>smallblock</objectDefName>
						<controller_num>0</controller_num>
						<properties>
							<p.feels_gravity>0</p.feels_gravity>
							<p.feels_user_input>0</p.feels_user_input>
							<p.feels_friction>0</p.feels_friction>
							<p.spawns_enemies>0</p.spawns_enemies>
							<p.is_physical>1</p.is_physical>
							<p.is_static>1</p.is_static>
							<p.is_sensor>0</p.is_sensor>
							<p.ignores_physics_rotation>0</p.ignores_physics_rotation>
							<p.do_our_own_rotation>0</p.do_our_own_rotation>
							<p.use_angled_corners_collision_box>0</p.use_angled_corners_collision_box>
							<p.is_overlay>0</p.is_overlay>
							<p.is_player>0</p.is_player>
							<p.is_spring>0</p.is_spring>
							<p.is_collectable>0</p.is_collectable>
							<p.is_fan>0</p.is_fan>
							<p.is_door>0</p.is_door>
							<p.is_ring>0</p.is_ring>
							<p.is_ball>0</p.is_ball>
							<p.is_badguy>0</p.is_badguy>
						</properties>
					</Object>
				</item>
				<item class_id_reference="9" object_id="_467">
					<Object>
						<pos>
							<x>6.300000000e+02</x>
							<y>9.000000000e+02</y>
						</pos>
						<objectDefName>smallblock</objectDefName>
						<controller_num>0</controller_num>
						<properties>
							<p.feels_gravity>0</p.feels_gravity>
							<p.feels_user_input>0</p.feels_user_input>
							<p.feels_friction>0</p.feels_friction>
							<p.spawns_enemies>0</p.spawns_enemies>
							<p.is_physical>1</p.is_physical>
							<p.is_static>1</p.is_static>
							<p.is_sensor>0</p.is_sensor>
							<p.ignores_physics_rotation>0</p.ignores_physics_rotation>
							<p.do_our_own_rotation>0</p.do_our_own_rotation>
							<p.use_angled_corners_collision_box>0</p.use_angled_corners_collision_box>
							<p.is_overlay>0</p.is_overlay>
							<p.is_player>0</p.is_player>
							<p.is_spring>0</p.is_spring>
							<p.is_collectable>0</p.is_collectable>
							<p.is_fan>0</p.is_fan>
							<p.is_door>0</p.is_door>
							<p.is_ring>0</p.is_ring>
							<p.is_ball>0</p.is_ball>
							<p.is_badguy>0</p.is_badguy>
						</properties>
					</Object>
				</item>
				<item class_id_reference="9" object_id="_468">
					<Object>
						<pos>
							<x>6.300000000e+02</x>
							<y>8.700000610e+02</y>
						</pos>
						<objectDefName>smallblock</objectDefName>
						<controller_num>0</controller_num>
						<properties>
							<p.feels_gravity>0</p.feels_gravity>
							<p.feels_user_input>0</p.feels_user_input>
							<p.feels_friction>0</p.feels_friction>
							<p.spawns_enemies>0</p.spawns_enemies>
							<p.is_physical>1</p.is_physical>
							<p.is_static>1</p.is_static>
							<p.is_sensor>0</p.is_sensor>
							<p.ignores_physics_rotation>0</p.ignores_physics_rotation>
							<p.do_our_own_rotation>0</p.do_our_own_rotation>
							<p.use_angled_corners_collision_box>0</p.use_angled_corners_collision_box>
							<p.is_overlay>0</p.is_overlay>
							<p.is_player>0</p.is_player>
							<p.is_spring>0</p.is_spring>
							<p.is_collectable>0</p.is_collectable>
							<p.is_fan>0</p.is_fan>
							<p.is_door>0</p.is_door>
							<p.is_ring>0</p.is_ring>
							<p.is_ball>0</p.is_ball>
							<p.is_badguy>0</p.is_badguy>
						</properties>
					</Object>
				</item>
				<item class_id_reference="9" object_id="_469">
					<Object>
						<pos>
							<x>4.199999695e+02</x>
							<y>8.700000610e+02</y>
						</pos>
						<objectDefName>smallblock</objectDefName>
						<controller_num>0</controller_num>
						<properties>
							<p.feels_gravity>0</p.feels_gravity>
							<p.feels_user_input>0</p.feels_user_input>
							<p.feels_friction>0</p.feels_friction>
							<p.spawns_enemies>0</p.spawns_enemies>
							<p.is_physical>1</p.is_physical>
							<p.is_static>1</p.is_static>
							<p.is_sensor>0</p.is_sensor>
							<p.ignores_physics_rotation>0</p.ignores_physics_rotation>
							<p.do_our_own_rotation>0</p.do_our_own_rotation>
							<p.use_angled_corners_collision_box>0</p.use_angled_corners_collision_box>
							<p.is_overlay>0</p.is_overlay>
							<p.is_player>0</p.is_player>
							<p.is_spring>0</p.is_spring>
							<p.is_collectable>0</p.is_collectable>
							<p.is_fan>0</p.is_fan>
							<p.is_door>0</p.is_door>
							<p.is_ring>0</p.is_ring>
							<p.is_ball>0</p.is_ball>
							<p.is_badguy>0</p.is_badguy>
						</properties>
					</Object>
				</item>
				<item class_id_reference="9" object_id="_470">
					<Object>
						<pos>
							<x>3.900000000e+02</x>
							<y>8.700000610e+02</y>
						</pos>
						<objectDefName>smallblock</objectDefName>
						<controller_num>0</controller_num>
						<properties>
							<p.feels_gravity>0</p.feels_gravity>
							<p.feels_user_input>0</p.feels_user_input>
							<p.feels_friction>0</p.feels_friction>
							<p.spawns_enemies>0</p.spawns_enemies>
							<p.is_physical>1</p.is_physical>
							<p.is_static>1</p.is_static>
							<p.is_sensor>0</p.is_sensor>
							<p.ignores_physics_rotation>0</p.ignores_physics_rotation>
							<p.do_our_own_rotation>0</p.do_our_own_rotation>
							<p.use_angled_corners_collision_box>0</p.use_angled_corners_collision_box>
							<p.is_overlay>0</p.is_overlay>
							<p.is_player>0</p.is_player>
							<p.is_spring>0</p.is_spring>
							<p.is_collectable>0</p.is_collectable>
							<p.is_fan>0</p.is_fan>
							<p.is_door>0</p.is_door>
							<p.is_ring>0</p.is_ring>
							<p.is_ball>0</p.is_ball>
							<p.is_badguy>0</p.is_badguy>
						</properties>
					</Object>
				</item>
				<item class_id_reference="9" object_id="_471">
					<Object>
						<pos>
							<x>3.300000000e+02</x>
							<y>8.700000610e+02</y>
						</pos>
						<objectDefName>smallblock</objectDefName>
						<controller_num>0</controller_num>
						<properties>
							<p.feels_gravity>0</p.feels_gravity>
							<p.feels_user_input>0</p.feels_user_input>
							<p.feels_friction>0</p.feels_friction>
							<p.spawns_enemies>0</p.spawns_enemies>
							<p.is_physical>1</p.is_physical>
							<p.is_static>1</p.is_static>
							<p.is_sensor>0</p.is_sensor>
							<p.ignores_physics_rotation>0</p.ignores_physics_rotation>
							<p.do_our_own_rotation>0</p.do_our_own_rotation>
							<p.use_angled_corners_collision_box>0</p.use_angled_corners_collision_box>
							<p.is_overlay>0</p.is_overlay>
							<p.is_player>0</p.is_player>
							<p.is_spring>0</p.is_spring>
							<p.is_collectable>0</p.is_collectable>
							<p.is_fan>0</p.is_fan>
							<p.is_door>0</p.is_door>
							<p.is_ring>0</p.is_ring>
							<p.is_ball>0</p.is_ball>
							<p.is_badguy>0</p.is_badguy>
						</properties>
					</Object>
				</item>
				<item class_id_reference="9" object_id="_472">
					<Object>
						<pos>
							<x>3.600000000e+02</x>
							<y>8.700000610e+02</y>
						</pos>
						<objectDefName>smallblock</objectDefName>
						<controller_num>0</controller_num>
						<properties>
							<p.feels_gravity>0</p.feels_gravity>
							<p.feels_user_input>0</p.feels_user_input>
							<p.feels_friction>0</p.feels_friction>
							<p.spawns_enemies>0</p.spawns_enemies>
							<p.is_physical>1</p.is_physical>
							<p.is_static>1</p.is_static>
							<p.is_sensor>0</p.is_sensor>
							<p.ignores_physics_rotation>0</p.ignores_physics_rotation>
							<p.do_our_own_rotation>0</p.do_our_own_rotation>
							<p.use_angled_corners_collision_box>0</p.use_angled_corners_collision_box>
							<p.is_overlay>0</p.is_overlay>
							<p.is_player>0</p.is_player>
							<p.is_spring>0</p.is_spring>
							<p.is_collectable>0</p.is_collectable>
							<p.is_fan>0</p.is_fan>
							<p.is_door>0</p.is_door>
							<p.is_ring>0</p.is_ring>
							<p.is_ball>0</p.is_ball>
							<p.is_badguy>0</p.is_badguy>
						</properties>
					</Object>
				</item>
				<item class_id_reference="9" object_id="_473">
					<Object>
						<pos>
							<x>3.000000000e+02</x>
							<y>8.700000610e+02</y>
						</pos>
						<objectDefName>smallblock</objectDefName>
						<controller_num>0</controller_num>
						<properties>
							<p.feels_gravity>0</p.feels_gravity>
							<p.feels_user_input>0</p.feels_user_input>
							<p.feels_friction>0</p.feels_friction>
							<p.spawns_enemies>0</p.spawns_enemies>
							<p.is_physical>1</p.is_physical>
							<p.is_static>1</p.is_static>
							<p.is_sensor>0</p.is_sensor>
							<p.ignores_physics_rotation>0</p.ignores_physics_rotation>
							<p.do_our_own_rotation>0</p.do_our_own_rotation>
							<p.use_angled_corners_collision_box>0</p.use_angled_corners_collision_box>
							<p.is_overlay>0</p.is_overlay>
							<p.is_player>0</p.is_player>
							<p.is_spring>0</p.is_spring>
							<p.is_collectable>0</p.is_collectable>
							<p.is_fan>0</p.is_fan>
							<p.is_door>0</p.is_door>
							<p.is_ring>0</p.is_ring>
							<p.is_ball>0</p.is_ball>
							<p.is_badguy>0</p.is_badguy>
						</properties>
					</Object>
				</item>
				<item class_id_reference="9" object_id="_474">
					<Object>
						<pos>
							<x>3.000000000e+02</x>
							<y>8.400000000e+02</y>
						</pos>
						<objectDefName>smallblock</objectDefName>
						<controller_num>0</controller_num>
						<properties>
							<p.feels_gravity>0</p.feels_gravity>
							<p.feels_user_input>0</p.feels_user_input>
							<p.feels_friction>0</p.feels_friction>
							<p.spawns_enemies>0</p.spawns_enemies>
							<p.is_physical>1</p.is_physical>
							<p.is_static>1</p.is_static>
							<p.is_sensor>0</p.is_sensor>
							<p.ignores_physics_rotation>0</p.ignores_physics_rotation>
							<p.do_our_own_rotation>0</p.do_our_own_rotation>
							<p.use_angled_corners_collision_box>0</p.use_angled_corners_collision_box>
							<p.is_overlay>0</p.is_overlay>
							<p.is_player>0</p.is_player>
							<p.is_spring>0</p.is_spring>
							<p.is_collectable>0</p.is_collectable>
							<p.is_fan>0</p.is_fan>
							<p.is_door>0</p.is_door>
							<p.is_ring>0</p.is_ring>
							<p.is_ball>0</p.is_ball>
							<p.is_badguy>0</p.is_badguy>
						</properties>
					</Object>
				</item>
				<item class_id_reference="9" object_id="_475">
					<Object>
						<pos>
							<x>3.000000000e+02</x>
							<y>8.100000000e+02</y>
						</pos>
						<objectDefName>smallblock</objectDefName>
						<controller_num>0</controller_num>
						<properties>
							<p.feels_gravity>0</p.feels_gravity>
							<p.feels_user_input>0</p.feels_user_input>
							<p.feels_friction>0</p.feels_friction>
							<p.spawns_enemies>0</p.spawns_enemies>
							<p.is_physical>1</p.is_physical>
							<p.is_static>1</p.is_static>
							<p.is_sensor>0</p.is_sensor>
							<p.ignores_physics_rotation>0</p.ignores_physics_rotation>
							<p.do_our_own_rotation>0</p.do_our_own_rotation>
							<p.use_angled_corners_collision_box>0</p.use_angled_corners_collision_box>
							<p.is_overlay>0</p.is_overlay>
							<p.is_player>0</p.is_player>
							<p.is_spring>0</p.is_spring>
							<p.is_collectable>0</p.is_collectable>
							<p.is_fan>0</p.is_fan>
							<p.is_door>0</p.is_door>
							<p.is_ring>0</p.is_ring>
							<p.is_ball>0</p.is_ball>
							<p.is_badguy>0</p.is_badguy>
						</properties>
					</Object>
				</item>
				<item class_id_reference="9" object_id="_476">
					<Object>
						<pos>
							<x>3.000000000e+02</x>
							<y>7.800000610e+02</y>
						</pos>
						<objectDefName>smallblock</objectDefName>
						<controller_num>0</controller_num>
						<properties>
							<p.feels_gravity>0</p.feels_gravity>
							<p.feels_user_input>0</p.feels_user_input>
							<p.feels_friction>0</p.feels_friction>
							<p.spawns_enemies>0</p.spawns_enemies>
							<p.is_physical>1</p.is_physical>
							<p.is_static>1</p.is_static>
							<p.is_sensor>0</p.is_sensor>
							<p.ignores_physics_rotation>0</p.ignores_physics_rotation>
							<p.do_our_own_rotation>0</p.do_our_own_rotation>
							<p.use_angled_corners_collision_box>0</p.use_angled_corners_collision_box>
							<p.is_overlay>0</p.is_overlay>
							<p.is_player>0</p.is_player>
							<p.is_spring>0</p.is_spring>
							<p.is_collectable>0</p.is_collectable>
							<p.is_fan>0</p.is_fan>
							<p.is_door>0</p.is_door>
							<p.is_ring>0</p.is_ring>
							<p.is_ball>0</p.is_ball>
							<p.is_badguy>0</p.is_badguy>
						</properties>
					</Object>
				</item>
				<item class_id_reference="9" object_id="_477">
					<Object>
						<pos>
							<x>3.000000000e+02</x>
							<y>7.500000000e+02</y>
						</pos>
						<objectDefName>smallblock</objectDefName>
						<controller_num>0</controller_num>
						<properties>
							<p.feels_gravity>0</p.feels_gravity>
							<p.feels_user_input>0</p.feels_user_input>
							<p.feels_friction>0</p.feels_friction>
							<p.spawns_enemies>0</p.spawns_enemies>
							<p.is_physical>1</p.is_physical>
							<p.is_static>1</p.is_static>
							<p.is_sensor>0</p.is_sensor>
							<p.ignores_physics_rotation>0</p.ignores_physics_rotation>
							<p.do_our_own_rotation>0</p.do_our_own_rotation>
							<p.use_angled_corners_collision_box>0</p.use_angled_corners_collision_box>
							<p.is_overlay>0</p.is_overlay>
							<p.is_player>0</p.is_player>
							<p.is_spring>0</p.is_spring>
							<p.is_collectable>0</p.is_collectable>
							<p.is_fan>0</p.is_fan>
							<p.is_door>0</p.is_door>
							<p.is_ring>0</p.is_ring>
							<p.is_ball>0</p.is_ball>
							<p.is_badguy>0</p.is_badguy>
						</properties>
					</Object>
				</item>
				<item class_id_reference="9" object_id="_478">
					<Object>
						<pos>
							<x>3.000000000e+02</x>
							<y>7.200000000e+02</y>
						</pos>
						<objectDefName>smallblock</objectDefName>
						<controller_num>0</controller_num>
						<properties>
							<p.feels_gravity>0</p.feels_gravity>
							<p.feels_user_input>0</p.feels_user_input>
							<p.feels_friction>0</p.feels_friction>
							<p.spawns_enemies>0</p.spawns_enemies>
							<p.is_physical>1</p.is_physical>
							<p.is_static>1</p.is_static>
							<p.is_sensor>0</p.is_sensor>
							<p.ignores_physics_rotation>0</p.ignores_physics_rotation>
							<p.do_our_own_rotation>0</p.do_our_own_rotation>
							<p.use_angled_corners_collision_box>0</p.use_angled_corners_collision_box>
							<p.is_overlay>0</p.is_overlay>
							<p.is_player>0</p.is_player>
							<p.is_spring>0</p.is_spring>
							<p.is_collectable>0</p.is_collectable>
							<p.is_fan>0</p.is_fan>
							<p.is_door>0</p.is_door>
							<p.is_ring>0</p.is_ring>
							<p.is_ball>0</p.is_ball>
							<p.is_badguy>0</p.is_badguy>
						</properties>
					</Object>
				</item>
				<item class_id_reference="9" object_id="_479">
					<Object>
						<pos>
							<x>3.000000000e+02</x>
							<y>6.600000000e+02</y>
						</pos>
						<objectDefName>smallblock</objectDefName>
						<controller_num>0</controller_num>
						<properties>
							<p.feels_gravity>0</p.feels_gravity>
							<p.feels_user_input>0</p.feels_user_input>
							<p.feels_friction>0</p.feels_friction>
							<p.spawns_enemies>0</p.spawns_enemies>
							<p.is_physical>1</p.is_physical>
							<p.is_static>1</p.is_static>
							<p.is_sensor>0</p.is_sensor>
							<p.ignores_physics_rotation>0</p.ignores_physics_rotation>
							<p.do_our_own_rotation>0</p.do_our_own_rotation>
							<p.use_angled_corners_collision_box>0</p.use_angled_corners_collision_box>
							<p.is_overlay>0</p.is_overlay>
							<p.is_player>0</p.is_player>
							<p.is_spring>0</p.is_spring>
							<p.is_collectable>0</p.is_collectable>
							<p.is_fan>0</p.is_fan>
							<p.is_door>0</p.is_door>
							<p.is_ring>0</p.is_ring>
							<p.is_ball>0</p.is_ball>
							<p.is_badguy>0</p.is_badguy>
						</properties>
					</Object>
				</item>
				<item class_id_reference="9" object_id="_480">
					<Object>
						<pos>
							<x>3.000000000e+02</x>
							<y>6.900000000e+02</y>
						</pos>
						<objectDefName>smallblock</objectDefName>
						<controller_num>0</controller_num>
						<properties>
							<p.feels_gravity>0</p.feels_gravity>
							<p.feels_user_input>0</p.feels_user_input>
							<p.feels_friction>0</p.feels_friction>
							<p.spawns_enemies>0</p.spawns_enemies>
							<p.is_physical>1</p.is_physical>
							<p.is_static>1</p.is_static>
							<p.is_sensor>0</p.is_sensor>
							<p.ignores_physics_rotation>0</p.ignores_physics_rotation>
							<p.do_our_own_rotation>0</p.do_our_own_rotation>
							<p.use_angled_corners_collision_box>0</p.use_angled_corners_collision_box>
							<p.is_overlay>0</p.is_overlay>
							<p.is_player>0</p.is_player>
							<p.is_spring>0</p.is_spring>
							<p.is_collectable>0</p.is_collectable>
							<p.is_fan>0</p.is_fan>
							<p.is_door>0</p.is_door>
							<p.is_ring>0</p.is_ring>
							<p.is_ball>0</p.is_ball>
							<p.is_badguy>0</p.is_badguy>
						</properties>
					</Object>
				</item>
				<item class_id_reference="9" object_id="_481">
					<Object>
						<pos>
							<x>3.000000000e+02</x>
							<y>6.300000000e+02</y>
						</pos>
						<objectDefName>smallblock</objectDefName>
						<controller_num>0</controller_num>
						<properties>
							<p.feels_gravity>0</p.feels_gravity>
							<p.feels_user_input>0</p.feels_user_input>
							<p.feels_friction>0</p.feels_friction>
							<p.spawns_enemies>0</p.spawns_enemies>
							<p.is_physical>1</p.is_physical>
							<p.is_static>1</p.is_static>
							<p.is_sensor>0</p.is_sensor>
							<p.ignores_physics_rotation>0</p.ignores_physics_rotation>
							<p.do_our_own_rotation>0</p.do_our_own_rotation>
							<p.use_angled_corners_collision_box>0</p.use_angled_corners_collision_box>
							<p.is_overlay>0</p.is_overlay>
							<p.is_player>0</p.is_player>
							<p.is_spring>0</p.is_spring>
							<p.is_collectable>0</p.is_collectable>
							<p.is_fan>0</p.is_fan>
							<p.is_door>0</p.is_door>
							<p.is_ring>0</p.is_ring>
							<p.is_ball>0</p.is_ball>
							<p.is_badguy>0</p.is_badguy>
						</properties>
					</Object>
				</item>
				<item class_id_reference="9" object_id="_482">
					<Object>
						<pos>
							<x>3.000000000e+02</x>
							<y>6.000000000e+02</y>
						</pos>
						<objectDefName>smallblock</objectDefName>
						<controller_num>0</controller_num>
						<properties>
							<p.feels_gravity>0</p.feels_gravity>
							<p.feels_user_input>0</p.feels_user_input>
							<p.feels_friction>0</p.feels_friction>
							<p.spawns_enemies>0</p.spawns_enemies>
							<p.is_physical>1</p.is_physical>
							<p.is_static>1</p.is_static>
							<p.is_sensor>0</p.is_sensor>
							<p.ignores_physics_rotation>0</p.ignores_physics_rotation>
							<p.do_our_own_rotation>0</p.do_our_own_rotation>
							<p.use_angled_corners_collision_box>0</p.use_angled_corners_collision_box>
							<p.is_overlay>0</p.is_overlay>
							<p.is_player>0</p.is_player>
							<p.is_spring>0</p.is_spring>
							<p.is_collectable>0</p.is_collectable>
							<p.is_fan>0</p.is_fan>
							<p.is_door>0</p.is_door>
							<p.is_ring>0</p.is_ring>
							<p.is_ball>0</p.is_ball>
							<p.is_badguy>0</p.is_badguy>
						</properties>
					</Object>
				</item>
				<item class_id_reference="9" object_id="_483">
					<Object>
						<pos>
							<x>3.000000000e+02</x>
							<y>5.700000000e+02</y>
						</pos>
						<objectDefName>smallblock</objectDefName>
						<controller_num>0</controller_num>
						<properties>
							<p.feels_gravity>0</p.feels_gravity>
							<p.feels_user_input>0</p.feels_user_input>
							<p.feels_friction>0</p.feels_friction>
							<p.spawns_enemies>0</p.spawns_enemies>
							<p.is_physical>1</p.is_physical>
							<p.is_static>1</p.is_static>
							<p.is_sensor>0</p.is_sensor>
							<p.ignores_physics_rotation>0</p.ignores_physics_rotation>
							<p.do_our_own_rotation>0</p.do_our_own_rotation>
							<p.use_angled_corners_collision_box>0</p.use_angled_corners_collision_box>
							<p.is_overlay>0</p.is_overlay>
							<p.is_player>0</p.is_player>
							<p.is_spring>0</p.is_spring>
							<p.is_collectable>0</p.is_collectable>
							<p.is_fan>0</p.is_fan>
							<p.is_door>0</p.is_door>
							<p.is_ring>0</p.is_ring>
							<p.is_ball>0</p.is_ball>
							<p.is_badguy>0</p.is_badguy>
						</properties>
					</Object>
				</item>
				<item class_id_reference="9" object_id="_484">
					<Object>
						<pos>
							<x>9.000000000e+01</x>
							<y>5.400000000e+02</y>
						</pos>
						<objectDefName>smallblock</objectDefName>
						<controller_num>0</controller_num>
						<properties>
							<p.feels_gravity>0</p.feels_gravity>
							<p.feels_user_input>0</p.feels_user_input>
							<p.feels_friction>0</p.feels_friction>
							<p.spawns_enemies>0</p.spawns_enemies>
							<p.is_physical>1</p.is_physical>
							<p.is_static>1</p.is_static>
							<p.is_sensor>0</p.is_sensor>
							<p.ignores_physics_rotation>0</p.ignores_physics_rotation>
							<p.do_our_own_rotation>0</p.do_our_own_rotation>
							<p.use_angled_corners_collision_box>0</p.use_angled_corners_collision_box>
							<p.is_overlay>0</p.is_overlay>
							<p.is_player>0</p.is_player>
							<p.is_spring>0</p.is_spring>
							<p.is_collectable>0</p.is_collectable>
							<p.is_fan>0</p.is_fan>
							<p.is_door>0</p.is_door>
							<p.is_ring>0</p.is_ring>
							<p.is_ball>0</p.is_ball>
							<p.is_badguy>0</p.is_badguy>
						</properties>
					</Object>
				</item>
				<item class_id_reference="9" object_id="_485">
					<Object>
						<pos>
							<x>9.000000000e+01</x>
							<y>5.100000000e+02</y>
						</pos>
						<objectDefName>smallblock</objectDefName>
						<controller_num>0</controller_num>
						<properties>
							<p.feels_gravity>0</p.feels_gravity>
							<p.feels_user_input>0</p.feels_user_input>
							<p.feels_friction>0</p.feels_friction>
							<p.spawns_enemies>0</p.spawns_enemies>
							<p.is_physical>1</p.is_physical>
							<p.is_static>1</p.is_static>
							<p.is_sensor>0</p.is_sensor>
							<p.ignores_physics_rotation>0</p.ignores_physics_rotation>
							<p.do_our_own_rotation>0</p.do_our_own_rotation>
							<p.use_angled_corners_collision_box>0</p.use_angled_corners_collision_box>
							<p.is_overlay>0</p.is_overlay>
							<p.is_player>0</p.is_player>
							<p.is_spring>0</p.is_spring>
							<p.is_collectable>0</p.is_collectable>
							<p.is_fan>0</p.is_fan>
							<p.is_door>0</p.is_door>
							<p.is_ring>0</p.is_ring>
							<p.is_ball>0</p.is_ball>
							<p.is_badguy>0</p.is_badguy>
						</properties>
					</Object>
				</item>
				<item class_id_reference="9" object_id="_486">
					<Object>
						<pos>
							<x>9.000000000e+01</x>
							<y>4.800000000e+02</y>
						</pos>
						<objectDefName>smallblock</objectDefName>
						<controller_num>0</controller_num>
						<properties>
							<p.feels_gravity>0</p.feels_gravity>
							<p.feels_user_input>0</p.feels_user_input>
							<p.feels_friction>0</p.feels_friction>
							<p.spawns_enemies>0</p.spawns_enemies>
							<p.is_physical>1</p.is_physical>
							<p.is_static>1</p.is_static>
							<p.is_sensor>0</p.is_sensor>
							<p.ignores_physics_rotation>0</p.ignores_physics_rotation>
							<p.do_our_own_rotation>0</p.do_our_own_rotation>
							<p.use_angled_corners_collision_box>0</p.use_angled_corners_collision_box>
							<p.is_overlay>0</p.is_overlay>
							<p.is_player>0</p.is_player>
							<p.is_spring>0</p.is_spring>
							<p.is_collectable>0</p.is_collectable>
							<p.is_fan>0</p.is_fan>
							<p.is_door>0</p.is_door>
							<p.is_ring>0</p.is_ring>
							<p.is_ball>0</p.is_ball>
							<p.is_badguy>0</p.is_badguy>
						</properties>
					</Object>
				</item>
				<item class_id_reference="9" object_id="_487">
					<Object>
						<pos>
							<x>9.000000000e+01</x>
							<y>4.500000000e+02</y>
						</pos>
						<objectDefName>smallblock</objectDefName>
						<controller_num>0</controller_num>
						<properties>
							<p.feels_gravity>0</p.feels_gravity>
							<p.feels_user_input>0</p.feels_user_input>
							<p.feels_friction>0</p.feels_friction>
							<p.spawns_enemies>0</p.spawns_enemies>
							<p.is_physical>1</p.is_physical>
							<p.is_static>1</p.is_static>
							<p.is_sensor>0</p.is_sensor>
							<p.ignores_physics_rotation>0</p.ignores_physics_rotation>
							<p.do_our_own_rotation>0</p.do_our_own_rotation>
							<p.use_angled_corners_collision_box>0</p.use_angled_corners_collision_box>
							<p.is_overlay>0</p.is_overlay>
							<p.is_player>0</p.is_player>
							<p.is_spring>0</p.is_spring>
							<p.is_collectable>0</p.is_collectable>
							<p.is_fan>0</p.is_fan>
							<p.is_door>0</p.is_door>
							<p.is_ring>0</p.is_ring>
							<p.is_ball>0</p.is_ball>
							<p.is_badguy>0</p.is_badguy>
						</properties>
					</Object>
				</item>
				<item class_id_reference="9" object_id="_488">
					<Object>
						<pos>
							<x>9.000000000e+01</x>
							<y>4.199999695e+02</y>
						</pos>
						<objectDefName>smallblock</objectDefName>
						<controller_num>0</controller_num>
						<properties>
							<p.feels_gravity>0</p.feels_gravity>
							<p.feels_user_input>0</p.feels_user_input>
							<p.feels_friction>0</p.feels_friction>
							<p.spawns_enemies>0</p.spawns_enemies>
							<p.is_physical>1</p.is_physical>
							<p.is_static>1</p.is_static>
							<p.is_sensor>0</p.is_sensor>
							<p.ignores_physics_rotation>0</p.ignores_physics_rotation>
							<p.do_our_own_rotation>0</p.do_our_own_rotation>
							<p.use_angled_corners_collision_box>0</p.use_angled_corners_collision_box>
							<p.is_overlay>0</p.is_overlay>
							<p.is_player>0</p.is_player>
							<p.is_spring>0</p.is_spring>
							<p.is_collectable>0</p.is_collectable>
							<p.is_fan>0</p.is_fan>
							<p.is_door>0</p.is_door>
							<p.is_ring>0</p.is_ring>
							<p.is_ball>0</p.is_ball>
							<p.is_badguy>0</p.is_badguy>
						</properties>
					</Object>
				</item>
				<item class_id_reference="9" object_id="_489">
					<Object>
						<pos>
							<x>9.000000000e+01</x>
							<y>3.900000000e+02</y>
						</pos>
						<objectDefName>smallblock</objectDefName>
						<controller_num>0</controller_num>
						<properties>
							<p.feels_gravity>0</p.feels_gravity>
							<p.feels_user_input>0</p.feels_user_input>
							<p.feels_friction>0</p.feels_friction>
							<p.spawns_enemies>0</p.spawns_enemies>
							<p.is_physical>1</p.is_physical>
							<p.is_static>1</p.is_static>
							<p.is_sensor>0</p.is_sensor>
							<p.ignores_physics_rotation>0</p.ignores_physics_rotation>
							<p.do_our_own_rotation>0</p.do_our_own_rotation>
							<p.use_angled_corners_collision_box>0</p.use_angled_corners_collision_box>
							<p.is_overlay>0</p.is_overlay>
							<p.is_player>0</p.is_player>
							<p.is_spring>0</p.is_spring>
							<p.is_collectable>0</p.is_collectable>
							<p.is_fan>0</p.is_fan>
							<p.is_door>0</p.is_door>
							<p.is_ring>0</p.is_ring>
							<p.is_ball>0</p.is_ball>
							<p.is_badguy>0</p.is_badguy>
						</properties>
					</Object>
				</item>
				<item class_id_reference="9" object_id="_490">
					<Object>
						<pos>
							<x>9.000000000e+01</x>
							<y>3.600000000e+02</y>
						</pos>
						<objectDefName>smallblock</objectDefName>
						<controller_num>0</controller_num>
						<properties>
							<p.feels_gravity>0</p.feels_gravity>
							<p.feels_user_input>0</p.feels_user_input>
							<p.feels_friction>0</p.feels_friction>
							<p.spawns_enemies>0</p.spawns_enemies>
							<p.is_physical>1</p.is_physical>
							<p.is_static>1</p.is_static>
							<p.is_sensor>0</p.is_sensor>
							<p.ignores_physics_rotation>0</p.ignores_physics_rotation>
							<p.do_our_own_rotation>0</p.do_our_own_rotation>
							<p.use_angled_corners_collision_box>0</p.use_angled_corners_collision_box>
							<p.is_overlay>0</p.is_overlay>
							<p.is_player>0</p.is_player>
							<p.is_spring>0</p.is_spring>
							<p.is_collectable>0</p.is_collectable>
							<p.is_fan>0</p.is_fan>
							<p.is_door>0</p.is_door>
							<p.is_ring>0</p.is_ring>
							<p.is_ball>0</p.is_ball>
							<p.is_badguy>0</p.is_badguy>
						</properties>
					</Object>
				</item>
				<item class_id_reference="9" object_id="_491">
					<Object>
						<pos>
							<x>9.000000000e+01</x>
							<y>3.300000000e+02</y>
						</pos>
						<objectDefName>smallblock</objectDefName>
						<controller_num>0</controller_num>
						<properties>
							<p.feels_gravity>0</p.feels_gravity>
							<p.feels_user_input>0</p.feels_user_input>
							<p.feels_friction>0</p.feels_friction>
							<p.spawns_enemies>0</p.spawns_enemies>
							<p.is_physical>1</p.is_physical>
							<p.is_static>1</p.is_static>
							<p.is_sensor>0</p.is_sensor>
							<p.ignores_physics_rotation>0</p.ignores_physics_rotation>
							<p.do_our_own_rotation>0</p.do_our_own_rotation>
							<p.use_angled_corners_collision_box>0</p.use_angled_corners_collision_box>
							<p.is_overlay>0</p.is_overlay>
							<p.is_player>0</p.is_player>
							<p.is_spring>0</p.is_spring>
							<p.is_collectable>0</p.is_collectable>
							<p.is_fan>0</p.is_fan>
							<p.is_door>0</p.is_door>
							<p.is_ring>0</p.is_ring>
							<p.is_ball>0</p.is_ball>
							<p.is_badguy>0</p.is_badguy>
						</properties>
					</Object>
				</item>
				<item class_id_reference="9" object_id="_492">
					<Object>
						<pos>
							<x>3.000000381e+01</x>
							<y>3.300000305e+02</y>
						</pos>
						<objectDefName>greenblock</objectDefName>
						<controller_num>0</controller_num>
						<properties>
							<p.feels_gravity>0</p.feels_gravity>
							<p.feels_user_input>0</p.feels_user_input>
							<p.feels_friction>0</p.feels_friction>
							<p.spawns_enemies>0</p.spawns_enemies>
							<p.is_physical>1</p.is_physical>
							<p.is_static>1</p.is_static>
							<p.is_sensor>0</p.is_sensor>
							<p.ignores_physics_rotation>0</p.ignores_physics_rotation>
							<p.do_our_own_rotation>0</p.do_our_own_rotation>
							<p.use_angled_corners_collision_box>0</p.use_angled_corners_collision_box>
							<p.is_overlay>0</p.is_overlay>
							<p.is_player>0</p.is_player>
							<p.is_spring>0</p.is_spring>
							<p.is_collectable>0</p.is_collectable>
							<p.is_fan>0</p.is_fan>
							<p.is_door>0</p.is_door>
							<p.is_ring>0</p.is_ring>
							<p.is_ball>0</p.is_ball>
							<p.is_badguy>0</p.is_badguy>
						</properties>
					</Object>
				</item>
				<item class_id="14" class_name="HumanPlayerObject" tracking_level="1" version="0" object_id="_493">
					<Object>
						<pos>
							<x>1.643374878e+03</x>
							<y>2.067498779e+01</y>
						</pos>
						<objectDefName>amaya</objectDefName>
						<controller_num>1</controller_num>
						<properties>
							<p.feels_gravity>1</p.feels_gravity>
							<p.feels_user_input>1</p.feels_user_input>
							<p.feels_friction>1</p.feels_friction>
							<p.spawns_enemies>0</p.spawns_enemies>
							<p.is_physical>1</p.is_physical>
							<p.is_static>0</p.is_static>
							<p.is_sensor>0</p.is_sensor>
							<p.ignores_physics_rotation>1</p.ignores_physics_rotation>
							<p.do_our_own_rotation>0</p.do_our_own_rotation>
							<p.use_angled_corners_collision_box>1</p.use_angled_corners_collision_box>
							<p.is_overlay>0</p.is_overlay>
							<p.is_player>1</p.is_player>
							<p.is_spring>0</p.is_spring>
							<p.is_collectable>0</p.is_collectable>
							<p.is_fan>0</p.is_fan>
							<p.is_door>0</p.is_door>
							<p.is_ring>0</p.is_ring>
							<p.is_ball>0</p.is_ball>
							<p.is_badguy>0</p.is_badguy>
						</properties>
					</Object>
				</item>
			</objects>
			<scroll_speed>1.000000000e+00</scroll_speed>
			<name>foreground</name>
			<visible>1</visible>
		</item>
		<item class_id_reference="3" object_id="_494">
			<objects>
				<count>40</count>
				<item_version>0</item_version>
				<item class_id_reference="9" object_id="_495">
					<Object>
						<pos>
							<x>7.800000000e+01</x>
							<y>-1.000000000e+01</y>
						</pos>
						<objectDefName>s_flower2</objectDefName>
						<controller_num>0</controller_num>
						<properties>
							<p.feels_gravity>0</p.feels_gravity>
							<p.feels_user_input>0</p.feels_user_input>
							<p.feels_friction>0</p.feels_friction>
							<p.spawns_enemies>0</p.spawns_enemies>
							<p.is_physical>0</p.is_physical>
							<p.is_static>1</p.is_static>
							<p.is_sensor>0</p.is_sensor>
							<p.ignores_physics_rotation>0</p.ignores_physics_rotation>
							<p.do_our_own_rotation>0</p.do_our_own_rotation>
							<p.use_angled_corners_collision_box>0</p.use_angled_corners_collision_box>
							<p.is_overlay>0</p.is_overlay>
							<p.is_player>0</p.is_player>
							<p.is_spring>0</p.is_spring>
							<p.is_collectable>0</p.is_collectable>
							<p.is_fan>0</p.is_fan>
							<p.is_door>0</p.is_door>
							<p.is_ring>0</p.is_ring>
							<p.is_ball>0</p.is_ball>
							<p.is_badguy>0</p.is_badguy>
						</properties>
					</Object>
				</item>
				<item class_id_reference="9" object_id="_496">
					<Object>
						<pos>
							<x>1.800000000e+01</x>
							<y>-4.000000000e+00</y>
						</pos>
						<objectDefName>s_flower2</objectDefName>
						<controller_num>0</controller_num>
						<properties>
							<p.feels_gravity>0</p.feels_gravity>
							<p.feels_user_input>0</p.feels_user_input>
							<p.feels_friction>0</p.feels_friction>
							<p.spawns_enemies>0</p.spawns_enemies>
							<p.is_physical>0</p.is_physical>
							<p.is_static>1</p.is_static>
							<p.is_sensor>0</p.is_sensor>
							<p.ignores_physics_rotation>0</p.ignores_physics_rotation>
							<p.do_our_own_rotation>0</p.do_our_own_rotation>
							<p.use_angled_corners_collision_box>0</p.use_angled_corners_collision_box>
							<p.is_overlay>0</p.is_overlay>
							<p.is_player>0</p.is_player>
							<p.is_spring>0</p.is_spring>
							<p.is_collectable>0</p.is_collectable>
							<p.is_fan>0</p.is_fan>
							<p.is_door>0</p.is_door>
							<p.is_ring>0</p.is_ring>
							<p.is_ball>0</p.is_ball>
							<p.is_badguy>0</p.is_badguy>
						</properties>
					</Object>
				</item>
				<item class_id_reference="9" object_id="_497">
					<Object>
						<pos>
							<x>9.020000000e+02</x>
							<y>-6.000000000e+00</y>
						</pos>
						<objectDefName>s_flower2</objectDefName>
						<controller_num>0</controller_num>
						<properties>
							<p.feels_gravity>0</p.feels_gravity>
							<p.feels_user_input>0</p.feels_user_input>
							<p.feels_friction>0</p.feels_friction>
							<p.spawns_enemies>0</p.spawns_enemies>
							<p.is_physical>0</p.is_physical>
							<p.is_static>1</p.is_static>
							<p.is_sensor>0</p.is_sensor>
							<p.ignores_physics_rotation>0</p.ignores_physics_rotation>
							<p.do_our_own_rotation>0</p.do_our_own_rotation>
							<p.use_angled_corners_collision_box>0</p.use_angled_corners_collision_box>
							<p.is_overlay>0</p.is_overlay>
							<p.is_player>0</p.is_player>
							<p.is_spring>0</p.is_spring>
							<p.is_collectable>0</p.is_collectable>
							<p.is_fan>0</p.is_fan>
							<p.is_door>0</p.is_door>
							<p.is_ring>0</p.is_ring>
							<p.is_ball>0</p.is_ball>
							<p.is_badguy>0</p.is_badguy>
						</properties>
					</Object>
				</item>
				<item class_id_reference="9" object_id="_498">
					<Object>
						<pos>
							<x>5.020000000e+02</x>
							<y>-6.000000000e+00</y>
						</pos>
						<objectDefName>s_flower2</objectDefName>
						<controller_num>0</controller_num>
						<properties>
							<p.feels_gravity>0</p.feels_gravity>
							<p.feels_user_input>0</p.feels_user_input>
							<p.feels_friction>0</p.feels_friction>
							<p.spawns_enemies>0</p.spawns_enemies>
							<p.is_physical>0</p.is_physical>
							<p.is_static>1</p.is_static>
							<p.is_sensor>0</p.is_sensor>
							<p.ignores_physics_rotation>0</p.ignores_physics_rotation>
							<p.do_our_own_rotation>0</p.do_our_own_rotation>
							<p.use_angled_corners_collision_box>0</p.use_angled_corners_collision_box>
							<p.is_overlay>0</p.is_overlay>
							<p.is_player>0</p.is_player>
							<p.is_spring>0</p.is_spring>
							<p.is_collectable>0</p.is_collectable>
							<p.is_fan>0</p.is_fan>
							<p.is_door>0</p.is_door>
							<p.is_ring>0</p.is_ring>
							<p.is_ball>0</p.is_ball>
							<p.is_badguy>0</p.is_badguy>
						</properties>
					</Object>
				</item>
				<item class_id_reference="9" object_id="_499">
					<Object>
						<pos>
							<x>9.400000000e+02</x>
							<y>-6.000000000e+00</y>
						</pos>
						<objectDefName>s_flower2</objectDefName>
						<controller_num>0</controller_num>
						<properties>
							<p.feels_gravity>0</p.feels_gravity>
							<p.feels_user_input>0</p.feels_user_input>
							<p.feels_friction>0</p.feels_friction>
							<p.spawns_enemies>0</p.spawns_enemies>
							<p.is_physical>0</p.is_physical>
							<p.is_static>1</p.is_static>
							<p.is_sensor>0</p.is_sensor>
							<p.ignores_physics_rotation>0</p.ignores_physics_rotation>
							<p.do_our_own_rotation>0</p.do_our_own_rotation>
							<p.use_angled_corners_collision_box>0</p.use_angled_corners_collision_box>
							<p.is_overlay>0</p.is_overlay>
							<p.is_player>0</p.is_player>
							<p.is_spring>0</p.is_spring>
							<p.is_collectable>0</p.is_collectable>
							<p.is_fan>0</p.is_fan>
							<p.is_door>0</p.is_door>
							<p.is_ring>0</p.is_ring>
							<p.is_ball>0</p.is_ball>
							<p.is_badguy>0</p.is_badguy>
						</properties>
					</Object>
				</item>
				<item class_id_reference="9" object_id="_500">
					<Object>
						<pos>
							<x>6.560000000e+02</x>
							<y>-1.200000000e+01</y>
						</pos>
						<objectDefName>s_flower2</objectDefName>
						<controller_num>0</controller_num>
						<properties>
							<p.feels_gravity>0</p.feels_gravity>
							<p.feels_user_input>0</p.feels_user_input>
							<p.feels_friction>0</p.feels_friction>
							<p.spawns_enemies>0</p.spawns_enemies>
							<p.is_physical>0</p.is_physical>
							<p.is_static>1</p.is_static>
							<p.is_sensor>0</p.is_sensor>
							<p.ignores_physics_rotation>0</p.ignores_physics_rotation>
							<p.do_our_own_rotation>0</p.do_our_own_rotation>
							<p.use_angled_corners_collision_box>0</p.use_angled_corners_collision_box>
							<p.is_overlay>0</p.is_overlay>
							<p.is_player>0</p.is_player>
							<p.is_spring>0</p.is_spring>
							<p.is_collectable>0</p.is_collectable>
							<p.is_fan>0</p.is_fan>
							<p.is_door>0</p.is_door>
							<p.is_ring>0</p.is_ring>
							<p.is_ball>0</p.is_ball>
							<p.is_badguy>0</p.is_badguy>
						</properties>
					</Object>
				</item>
				<item class_id_reference="9" object_id="_501">
					<Object>
						<pos>
							<x>1.620000000e+02</x>
							<y>-4.000000000e+00</y>
						</pos>
						<objectDefName>s_flower2</objectDefName>
						<controller_num>0</controller_num>
						<properties>
							<p.feels_gravity>0</p.feels_gravity>
							<p.feels_user_input>0</p.feels_user_input>
							<p.feels_friction>0</p.feels_friction>
							<p.spawns_enemies>0</p.spawns_enemies>
							<p.is_physical>0</p.is_physical>
							<p.is_static>1</p.is_static>
							<p.is_sensor>0</p.is_sensor>
							<p.ignores_physics_rotation>0</p.ignores_physics_rotation>
							<p.do_our_own_rotation>0</p.do_our_own_rotation>
							<p.use_angled_corners_collision_box>0</p.use_angled_corners_collision_box>
							<p.is_overlay>0</p.is_overlay>
							<p.is_player>0</p.is_player>
							<p.is_spring>0</p.is_spring>
							<p.is_collectable>0</p.is_collectable>
							<p.is_fan>0</p.is_fan>
							<p.is_door>0</p.is_door>
							<p.is_ring>0</p.is_ring>
							<p.is_ball>0</p.is_ball>
							<p.is_badguy>0</p.is_badguy>
						</properties>
					</Object>
				</item>
				<item class_id_reference="9" object_id="_502">
					<Object>
						<pos>
							<x>7.760000000e+02</x>
							<y>-2.000000000e+00</y>
						</pos>
						<objectDefName>s_flower2</objectDefName>
						<controller_num>0</controller_num>
						<properties>
							<p.feels_gravity>0</p.feels_gravity>
							<p.feels_user_input>0</p.feels_user_input>
							<p.feels_friction>0</p.feels_friction>
							<p.spawns_enemies>0</p.spawns_enemies>
							<p.is_physical>0</p.is_physical>
							<p.is_static>1</p.is_static>
							<p.is_sensor>0</p.is_sensor>
							<p.ignores_physics_rotation>0</p.ignores_physics_rotation>
							<p.do_our_own_rotation>0</p.do_our_own_rotation>
							<p.use_angled_corners_collision_box>0</p.use_angled_corners_collision_box>
							<p.is_overlay>0</p.is_overlay>
							<p.is_player>0</p.is_player>
							<p.is_spring>0</p.is_spring>
							<p.is_collectable>0</p.is_collectable>
							<p.is_fan>0</p.is_fan>
							<p.is_door>0</p.is_door>
							<p.is_ring>0</p.is_ring>
							<p.is_ball>0</p.is_ball>
							<p.is_badguy>0</p.is_badguy>
						</properties>
					</Object>
				</item>
				<item class_id_reference="9" object_id="_503">
					<Object>
						<pos>
							<x>8.520000000e+02</x>
							<y>-1.200000000e+01</y>
						</pos>
						<objectDefName>s_flower2</objectDefName>
						<controller_num>0</controller_num>
						<properties>
							<p.feels_gravity>0</p.feels_gravity>
							<p.feels_user_input>0</p.feels_user_input>
							<p.feels_friction>0</p.feels_friction>
							<p.spawns_enemies>0</p.spawns_enemies>
							<p.is_physical>0</p.is_physical>
							<p.is_static>1</p.is_static>
							<p.is_sensor>0</p.is_sensor>
							<p.ignores_physics_rotation>0</p.ignores_physics_rotation>
							<p.do_our_own_rotation>0</p.do_our_own_rotation>
							<p.use_angled_corners_collision_box>0</p.use_angled_corners_collision_box>
							<p.is_overlay>0</p.is_overlay>
							<p.is_player>0</p.is_player>
							<p.is_spring>0</p.is_spring>
							<p.is_collectable>0</p.is_collectable>
							<p.is_fan>0</p.is_fan>
							<p.is_door>0</p.is_door>
							<p.is_ring>0</p.is_ring>
							<p.is_ball>0</p.is_ball>
							<p.is_badguy>0</p.is_badguy>
						</properties>
					</Object>
				</item>
				<item class_id_reference="9" object_id="_504">
					<Object>
						<pos>
							<x>8.320000000e+02</x>
							<y>-2.000000000e+00</y>
						</pos>
						<objectDefName>s_flower2</objectDefName>
						<controller_num>0</controller_num>
						<properties>
							<p.feels_gravity>0</p.feels_gravity>
							<p.feels_user_input>0</p.feels_user_input>
							<p.feels_friction>0</p.feels_friction>
							<p.spawns_enemies>0</p.spawns_enemies>
							<p.is_physical>0</p.is_physical>
							<p.is_static>1</p.is_static>
							<p.is_sensor>0</p.is_sensor>
							<p.ignores_physics_rotation>0</p.ignores_physics_rotation>
							<p.do_our_own_rotation>0</p.do_our_own_rotation>
							<p.use_angled_corners_collision_box>0</p.use_angled_corners_collision_box>
							<p.is_overlay>0</p.is_overlay>
							<p.is_player>0</p.is_player>
							<p.is_spring>0</p.is_spring>
							<p.is_collectable>0</p.is_collectable>
							<p.is_fan>0</p.is_fan>
							<p.is_door>0</p.is_door>
							<p.is_ring>0</p.is_ring>
							<p.is_ball>0</p.is_ball>
							<p.is_badguy>0</p.is_badguy>
						</properties>
					</Object>
				</item>
				<item class_id_reference="9" object_id="_505">
					<Object>
						<pos>
							<x>7.600000000e+02</x>
							<y>-1.200000000e+01</y>
						</pos>
						<objectDefName>s_flower2</objectDefName>
						<controller_num>0</controller_num>
						<properties>
							<p.feels_gravity>0</p.feels_gravity>
							<p.feels_user_input>0</p.feels_user_input>
							<p.feels_friction>0</p.feels_friction>
							<p.spawns_enemies>0</p.spawns_enemies>
							<p.is_physical>0</p.is_physical>
							<p.is_static>1</p.is_static>
							<p.is_sensor>0</p.is_sensor>
							<p.ignores_physics_rotation>0</p.ignores_physics_rotation>
							<p.do_our_own_rotation>0</p.do_our_own_rotation>
							<p.use_angled_corners_collision_box>0</p.use_angled_corners_collision_box>
							<p.is_overlay>0</p.is_overlay>
							<p.is_player>0</p.is_player>
							<p.is_spring>0</p.is_spring>
							<p.is_collectable>0</p.is_collectable>
							<p.is_fan>0</p.is_fan>
							<p.is_door>0</p.is_door>
							<p.is_ring>0</p.is_ring>
							<p.is_ball>0</p.is_ball>
							<p.is_badguy>0</p.is_badguy>
						</properties>
					</Object>
				</item>
				<item class_id_reference="9" object_id="_506">
					<Object>
						<pos>
							<x>3.600000000e+01</x>
							<y>-4.000000000e+00</y>
						</pos>
						<objectDefName>s_flower2</objectDefName>
						<controller_num>0</controller_num>
						<properties>
							<p.feels_gravity>0</p.feels_gravity>
							<p.feels_user_input>0</p.feels_user_input>
							<p.feels_friction>0</p.feels_friction>
							<p.spawns_enemies>0</p.spawns_enemies>
							<p.is_physical>0</p.is_physical>
							<p.is_static>1</p.is_static>
							<p.is_sensor>0</p.is_sensor>
							<p.ignores_physics_rotation>0</p.ignores_physics_rotation>
							<p.do_our_own_rotation>0</p.do_our_own_rotation>
							<p.use_angled_corners_collision_box>0</p.use_angled_corners_collision_box>
							<p.is_overlay>0</p.is_overlay>
							<p.is_player>0</p.is_player>
							<p.is_spring>0</p.is_spring>
							<p.is_collectable>0</p.is_collectable>
							<p.is_fan>0</p.is_fan>
							<p.is_door>0</p.is_door>
							<p.is_ring>0</p.is_ring>
							<p.is_ball>0</p.is_ball>
							<p.is_badguy>0</p.is_badguy>
						</properties>
					</Object>
				</item>
				<item class_id_reference="9" object_id="_507">
					<Object>
						<pos>
							<x>1.240000000e+02</x>
							<y>-1.000000000e+01</y>
						</pos>
						<objectDefName>s_flower2</objectDefName>
						<controller_num>0</controller_num>
						<properties>
							<p.feels_gravity>0</p.feels_gravity>
							<p.feels_user_input>0</p.feels_user_input>
							<p.feels_friction>0</p.feels_friction>
							<p.spawns_enemies>0</p.spawns_enemies>
							<p.is_physical>0</p.is_physical>
							<p.is_static>1</p.is_static>
							<p.is_sensor>0</p.is_sensor>
							<p.ignores_physics_rotation>0</p.ignores_physics_rotation>
							<p.do_our_own_rotation>0</p.do_our_own_rotation>
							<p.use_angled_corners_collision_box>0</p.use_angled_corners_collision_box>
							<p.is_overlay>0</p.is_overlay>
							<p.is_player>0</p.is_player>
							<p.is_spring>0</p.is_spring>
							<p.is_collectable>0</p.is_collectable>
							<p.is_fan>0</p.is_fan>
							<p.is_door>0</p.is_door>
							<p.is_ring>0</p.is_ring>
							<p.is_ball>0</p.is_ball>
							<p.is_badguy>0</p.is_badguy>
						</properties>
					</Object>
				</item>
				<item class_id_reference="9" object_id="_508">
					<Object>
						<pos>
							<x>2.360000000e+02</x>
							<y>-6.000000000e+00</y>
						</pos>
						<objectDefName>s_flower2</objectDefName>
						<controller_num>0</controller_num>
						<properties>
							<p.feels_gravity>0</p.feels_gravity>
							<p.feels_user_input>0</p.feels_user_input>
							<p.feels_friction>0</p.feels_friction>
							<p.spawns_enemies>0</p.spawns_enemies>
							<p.is_physical>0</p.is_physical>
							<p.is_static>1</p.is_static>
							<p.is_sensor>0</p.is_sensor>
							<p.ignores_physics_rotation>0</p.ignores_physics_rotation>
							<p.do_our_own_rotation>0</p.do_our_own_rotation>
							<p.use_angled_corners_collision_box>0</p.use_angled_corners_collision_box>
							<p.is_overlay>0</p.is_overlay>
							<p.is_player>0</p.is_player>
							<p.is_spring>0</p.is_spring>
							<p.is_collectable>0</p.is_collectable>
							<p.is_fan>0</p.is_fan>
							<p.is_door>0</p.is_door>
							<p.is_ring>0</p.is_ring>
							<p.is_ball>0</p.is_ball>
							<p.is_badguy>0</p.is_badguy>
						</properties>
					</Object>
				</item>
				<item class_id_reference="9" object_id="_509">
					<Object>
						<pos>
							<x>8.380000000e+02</x>
							<y>-4.000000000e+00</y>
						</pos>
						<objectDefName>s_flower2</objectDefName>
						<controller_num>0</controller_num>
						<properties>
							<p.feels_gravity>0</p.feels_gravity>
							<p.feels_user_input>0</p.feels_user_input>
							<p.feels_friction>0</p.feels_friction>
							<p.spawns_enemies>0</p.spawns_enemies>
							<p.is_physical>0</p.is_physical>
							<p.is_static>1</p.is_static>
							<p.is_sensor>0</p.is_sensor>
							<p.ignores_physics_rotation>0</p.ignores_physics_rotation>
							<p.do_our_own_rotation>0</p.do_our_own_rotation>
							<p.use_angled_corners_collision_box>0</p.use_angled_corners_collision_box>
							<p.is_overlay>0</p.is_overlay>
							<p.is_player>0</p.is_player>
							<p.is_spring>0</p.is_spring>
							<p.is_collectable>0</p.is_collectable>
							<p.is_fan>0</p.is_fan>
							<p.is_door>0</p.is_door>
							<p.is_ring>0</p.is_ring>
							<p.is_ball>0</p.is_ball>
							<p.is_badguy>0</p.is_badguy>
						</properties>
					</Object>
				</item>
				<item class_id_reference="9" object_id="_510">
					<Object>
						<pos>
							<x>1.680000000e+02</x>
							<y>-1.000000000e+01</y>
						</pos>
						<objectDefName>s_flower2</objectDefName>
						<controller_num>0</controller_num>
						<properties>
							<p.feels_gravity>0</p.feels_gravity>
							<p.feels_user_input>0</p.feels_user_input>
							<p.feels_friction>0</p.feels_friction>
							<p.spawns_enemies>0</p.spawns_enemies>
							<p.is_physical>0</p.is_physical>
							<p.is_static>1</p.is_static>
							<p.is_sensor>0</p.is_sensor>
							<p.ignores_physics_rotation>0</p.ignores_physics_rotation>
							<p.do_our_own_rotation>0</p.do_our_own_rotation>
							<p.use_angled_corners_collision_box>0</p.use_angled_corners_collision_box>
							<p.is_overlay>0</p.is_overlay>
							<p.is_player>0</p.is_player>
							<p.is_spring>0</p.is_spring>
							<p.is_collectable>0</p.is_collectable>
							<p.is_fan>0</p.is_fan>
							<p.is_door>0</p.is_door>
							<p.is_ring>0</p.is_ring>
							<p.is_ball>0</p.is_ball>
							<p.is_badguy>0</p.is_badguy>
						</properties>
					</Object>
				</item>
				<item class_id_reference="9" object_id="_511">
					<Object>
						<pos>
							<x>2.440000000e+02</x>
							<y>-2.000000000e+00</y>
						</pos>
						<objectDefName>s_flower2</objectDefName>
						<controller_num>0</controller_num>
						<properties>
							<p.feels_gravity>0</p.feels_gravity>
							<p.feels_user_input>0</p.feels_user_input>
							<p.feels_friction>0</p.feels_friction>
							<p.spawns_enemies>0</p.spawns_enemies>
							<p.is_physical>0</p.is_physical>
							<p.is_static>1</p.is_static>
							<p.is_sensor>0</p.is_sensor>
							<p.ignores_physics_rotation>0</p.ignores_physics_rotation>
							<p.do_our_own_rotation>0</p.do_our_own_rotation>
							<p.use_angled_corners_collision_box>0</p.use_angled_corners_collision_box>
							<p.is_overlay>0</p.is_overlay>
							<p.is_player>0</p.is_player>
							<p.is_spring>0</p.is_spring>
							<p.is_collectable>0</p.is_collectable>
							<p.is_fan>0</p.is_fan>
							<p.is_door>0</p.is_door>
							<p.is_ring>0</p.is_ring>
							<p.is_ball>0</p.is_ball>
							<p.is_badguy>0</p.is_badguy>
						</properties>
					</Object>
				</item>
				<item class_id_reference="9" object_id="_512">
					<Object>
						<pos>
							<x>2.060000000e+02</x>
							<y>-1.200000000e+01</y>
						</pos>
						<objectDefName>s_flower2</objectDefName>
						<controller_num>0</controller_num>
						<properties>
							<p.feels_gravity>0</p.feels_gravity>
							<p.feels_user_input>0</p.feels_user_input>
							<p.feels_friction>0</p.feels_friction>
							<p.spawns_enemies>0</p.spawns_enemies>
							<p.is_physical>0</p.is_physical>
							<p.is_static>1</p.is_static>
							<p.is_sensor>0</p.is_sensor>
							<p.ignores_physics_rotation>0</p.ignores_physics_rotation>
							<p.do_our_own_rotation>0</p.do_our_own_rotation>
							<p.use_angled_corners_collision_box>0</p.use_angled_corners_collision_box>
							<p.is_overlay>0</p.is_overlay>
							<p.is_player>0</p.is_player>
							<p.is_spring>0</p.is_spring>
							<p.is_collectable>0</p.is_collectable>
							<p.is_fan>0</p.is_fan>
							<p.is_door>0</p.is_door>
							<p.is_ring>0</p.is_ring>
							<p.is_ball>0</p.is_ball>
							<p.is_badguy>0</p.is_badguy>
						</properties>
					</Object>
				</item>
				<item class_id_reference="9" object_id="_513">
					<Object>
						<pos>
							<x>6.760000000e+02</x>
							<y>-8.000000000e+00</y>
						</pos>
						<objectDefName>s_flower2</objectDefName>
						<controller_num>0</controller_num>
						<properties>
							<p.feels_gravity>0</p.feels_gravity>
							<p.feels_user_input>0</p.feels_user_input>
							<p.feels_friction>0</p.feels_friction>
							<p.spawns_enemies>0</p.spawns_enemies>
							<p.is_physical>0</p.is_physical>
							<p.is_static>1</p.is_static>
							<p.is_sensor>0</p.is_sensor>
							<p.ignores_physics_rotation>0</p.ignores_physics_rotation>
							<p.do_our_own_rotation>0</p.do_our_own_rotation>
							<p.use_angled_corners_collision_box>0</p.use_angled_corners_collision_box>
							<p.is_overlay>0</p.is_overlay>
							<p.is_player>0</p.is_player>
							<p.is_spring>0</p.is_spring>
							<p.is_collectable>0</p.is_collectable>
							<p.is_fan>0</p.is_fan>
							<p.is_door>0</p.is_door>
							<p.is_ring>0</p.is_ring>
							<p.is_ball>0</p.is_ball>
							<p.is_badguy>0</p.is_badguy>
						</properties>
					</Object>
				</item>
				<item class_id_reference="9" object_id="_514">
					<Object>
						<pos>
							<x>6.360000000e+02</x>
							<y>-8.000000000e+00</y>
						</pos>
						<objectDefName>s_flower2</objectDefName>
						<controller_num>0</controller_num>
						<properties>
							<p.feels_gravity>0</p.feels_gravity>
							<p.feels_user_input>0</p.feels_user_input>
							<p.feels_friction>0</p.feels_friction>
							<p.spawns_enemies>0</p.spawns_enemies>
							<p.is_physical>0</p.is_physical>
							<p.is_static>1</p.is_static>
							<p.is_sensor>0</p.is_sensor>
							<p.ignores_physics_rotation>0</p.ignores_physics_rotation>
							<p.do_our_own_rotation>0</p.do_our_own_rotation>
							<p.use_angled_corners_collision_box>0</p.use_angled_corners_collision_box>
							<p.is_overlay>0</p.is_overlay>
							<p.is_player>0</p.is_player>
							<p.is_spring>0</p.is_spring>
							<p.is_collectable>0</p.is_collectable>
							<p.is_fan>0</p.is_fan>
							<p.is_door>0</p.is_door>
							<p.is_ring>0</p.is_ring>
							<p.is_ball>0</p.is_ball>
							<p.is_badguy>0</p.is_badguy>
						</properties>
					</Object>
				</item>
				<item class_id_reference="9" object_id="_515">
					<Object>
						<pos>
							<x>5.540000000e+02</x>
							<y>0.000000000e+00</y>
						</pos>
						<objectDefName>s_flower1</objectDefName>
						<controller_num>0</controller_num>
						<properties>
							<p.feels_gravity>0</p.feels_gravity>
							<p.feels_user_input>0</p.feels_user_input>
							<p.feels_friction>0</p.feels_friction>
							<p.spawns_enemies>0</p.spawns_enemies>
							<p.is_physical>0</p.is_physical>
							<p.is_static>1</p.is_static>
							<p.is_sensor>0</p.is_sensor>
							<p.ignores_physics_rotation>0</p.ignores_physics_rotation>
							<p.do_our_own_rotation>0</p.do_our_own_rotation>
							<p.use_angled_corners_collision_box>0</p.use_angled_corners_collision_box>
							<p.is_overlay>0</p.is_overlay>
							<p.is_player>0</p.is_player>
							<p.is_spring>0</p.is_spring>
							<p.is_collectable>0</p.is_collectable>
							<p.is_fan>0</p.is_fan>
							<p.is_door>0</p.is_door>
							<p.is_ring>0</p.is_ring>
							<p.is_ball>0</p.is_ball>
							<p.is_badguy>0</p.is_badguy>
						</properties>
					</Object>
				</item>
				<item class_id_reference="9" object_id="_516">
					<Object>
						<pos>
							<x>1.240000000e+02</x>
							<y>-1.800000000e+01</y>
						</pos>
						<objectDefName>s_flower1</objectDefName>
						<controller_num>0</controller_num>
						<properties>
							<p.feels_gravity>0</p.feels_gravity>
							<p.feels_user_input>0</p.feels_user_input>
							<p.feels_friction>0</p.feels_friction>
							<p.spawns_enemies>0</p.spawns_enemies>
							<p.is_physical>0</p.is_physical>
							<p.is_static>1</p.is_static>
							<p.is_sensor>0</p.is_sensor>
							<p.ignores_physics_rotation>0</p.ignores_physics_rotation>
							<p.do_our_own_rotation>0</p.do_our_own_rotation>
							<p.use_angled_corners_collision_box>0</p.use_angled_corners_collision_box>
							<p.is_overlay>0</p.is_overlay>
							<p.is_player>0</p.is_player>
							<p.is_spring>0</p.is_spring>
							<p.is_collectable>0</p.is_collectable>
							<p.is_fan>0</p.is_fan>
							<p.is_door>0</p.is_door>
							<p.is_ring>0</p.is_ring>
							<p.is_ball>0</p.is_ball>
							<p.is_badguy>0</p.is_badguy>
						</properties>
					</Object>
				</item>
				<item class_id_reference="9" object_id="_517">
					<Object>
						<pos>
							<x>1.110000000e+03</x>
							<y>-8.000000000e+00</y>
						</pos>
						<objectDefName>s_flower1</objectDefName>
						<controller_num>0</controller_num>
						<properties>
							<p.feels_gravity>0</p.feels_gravity>
							<p.feels_user_input>0</p.feels_user_input>
							<p.feels_friction>0</p.feels_friction>
							<p.spawns_enemies>0</p.spawns_enemies>
							<p.is_physical>0</p.is_physical>
							<p.is_static>1</p.is_static>
							<p.is_sensor>0</p.is_sensor>
							<p.ignores_physics_rotation>0</p.ignores_physics_rotation>
							<p.do_our_own_rotation>0</p.do_our_own_rotation>
							<p.use_angled_corners_collision_box>0</p.use_angled_corners_collision_box>
							<p.is_overlay>0</p.is_overlay>
							<p.is_player>0</p.is_player>
							<p.is_spring>0</p.is_spring>
							<p.is_collectable>0</p.is_collectable>
							<p.is_fan>0</p.is_fan>
							<p.is_door>0</p.is_door>
							<p.is_ring>0</p.is_ring>
							<p.is_ball>0</p.is_ball>
							<p.is_badguy>0</p.is_badguy>
						</properties>
					</Object>
				</item>
				<item class_id_reference="9" object_id="_518">
					<Object>
						<pos>
							<x>1.016000000e+03</x>
							<y>-1.800000000e+01</y>
						</pos>
						<objectDefName>s_flower1</objectDefName>
						<controller_num>0</controller_num>
						<properties>
							<p.feels_gravity>0</p.feels_gravity>
							<p.feels_user_input>0</p.feels_user_input>
							<p.feels_friction>0</p.feels_friction>
							<p.spawns_enemies>0</p.spawns_enemies>
							<p.is_physical>0</p.is_physical>
							<p.is_static>1</p.is_static>
							<p.is_sensor>0</p.is_sensor>
							<p.ignores_physics_rotation>0</p.ignores_physics_rotation>
							<p.do_our_own_rotation>0</p.do_our_own_rotation>
							<p.use_angled_corners_collision_box>0</p.use_angled_corners_collision_box>
							<p.is_overlay>0</p.is_overlay>
							<p.is_player>0</p.is_player>
							<p.is_spring>0</p.is_spring>
							<p.is_collectable>0</p.is_collectable>
							<p.is_fan>0</p.is_fan>
							<p.is_door>0</p.is_door>
							<p.is_ring>0</p.is_ring>
							<p.is_ball>0</p.is_ball>
							<p.is_badguy>0</p.is_badguy>
						</properties>
					</Object>
				</item>
				<item class_id_reference="9" object_id="_519">
					<Object>
						<pos>
							<x>3.740000000e+02</x>
							<y>-1.200000000e+01</y>
						</pos>
						<objectDefName>s_flower1</objectDefName>
						<controller_num>0</controller_num>
						<properties>
							<p.feels_gravity>0</p.feels_gravity>
							<p.feels_user_input>0</p.feels_user_input>
							<p.feels_friction>0</p.feels_friction>
							<p.spawns_enemies>0</p.spawns_enemies>
							<p.is_physical>0</p.is_physical>
							<p.is_static>1</p.is_static>
							<p.is_sensor>0</p.is_sensor>
							<p.ignores_physics_rotation>0</p.ignores_physics_rotation>
							<p.do_our_own_rotation>0</p.do_our_own_rotation>
							<p.use_angled_corners_collision_box>0</p.use_angled_corners_collision_box>
							<p.is_overlay>0</p.is_overlay>
							<p.is_player>0</p.is_player>
							<p.is_spring>0</p.is_spring>
							<p.is_collectable>0</p.is_collectable>
							<p.is_fan>0</p.is_fan>
							<p.is_door>0</p.is_door>
							<p.is_ring>0</p.is_ring>
							<p.is_ball>0</p.is_ball>
							<p.is_badguy>0</p.is_badguy>
						</properties>
					</Object>
				</item>
				<item class_id_reference="9" object_id="_520">
					<Object>
						<pos>
							<x>4.180000000e+02</x>
							<y>0.000000000e+00</y>
						</pos>
						<objectDefName>s_flower1</objectDefName>
						<controller_num>0</controller_num>
						<properties>
							<p.feels_gravity>0</p.feels_gravity>
							<p.feels_user_input>0</p.feels_user_input>
							<p.feels_friction>0</p.feels_friction>
							<p.spawns_enemies>0</p.spawns_enemies>
							<p.is_physical>0</p.is_physical>
							<p.is_static>1</p.is_static>
							<p.is_sensor>0</p.is_sensor>
							<p.ignores_physics_rotation>0</p.ignores_physics_rotation>
							<p.do_our_own_rotation>0</p.do_our_own_rotation>
							<p.use_angled_corners_collision_box>0</p.use_angled_corners_collision_box>
							<p.is_overlay>0</p.is_overlay>
							<p.is_player>0</p.is_player>
							<p.is_spring>0</p.is_spring>
							<p.is_collectable>0</p.is_collectable>
							<p.is_fan>0</p.is_fan>
							<p.is_door>0</p.is_door>
							<p.is_ring>0</p.is_ring>
							<p.is_ball>0</p.is_ball>
							<p.is_badguy>0</p.is_badguy>
						</properties>
					</Object>
				</item>
				<item class_id_reference="9" object_id="_521">
					<Object>
						<pos>
							<x>5.240000000e+02</x>
							<y>-2.000000000e+00</y>
						</pos>
						<objectDefName>s_flower1</objectDefName>
						<controller_num>0</controller_num>
						<properties>
							<p.feels_gravity>0</p.feels_gravity>
							<p.feels_user_input>0</p.feels_user_input>
							<p.feels_friction>0</p.feels_friction>
							<p.spawns_enemies>0</p.spawns_enemies>
							<p.is_physical>0</p.is_physical>
							<p.is_static>1</p.is_static>
							<p.is_sensor>0</p.is_sensor>
							<p.ignores_physics_rotation>0</p.ignores_physics_rotation>
							<p.do_our_own_rotation>0</p.do_our_own_rotation>
							<p.use_angled_corners_collision_box>0</p.use_angled_corners_collision_box>
							<p.is_overlay>0</p.is_overlay>
							<p.is_player>0</p.is_player>
							<p.is_spring>0</p.is_spring>
							<p.is_collectable>0</p.is_collectable>
							<p.is_fan>0</p.is_fan>
							<p.is_door>0</p.is_door>
							<p.is_ring>0</p.is_ring>
							<p.is_ball>0</p.is_ball>
							<p.is_badguy>0</p.is_badguy>
						</properties>
					</Object>
				</item>
				<item class_id_reference="9" object_id="_522">
					<Object>
						<pos>
							<x>5.680000000e+02</x>
							<y>-6.000000000e+00</y>
						</pos>
						<objectDefName>s_flower1</objectDefName>
						<controller_num>0</controller_num>
						<properties>
							<p.feels_gravity>0</p.feels_gravity>
							<p.feels_user_input>0</p.feels_user_input>
							<p.feels_friction>0</p.feels_friction>
							<p.spawns_enemies>0</p.spawns_enemies>
							<p.is_physical>0</p.is_physical>
							<p.is_static>1</p.is_static>
							<p.is_sensor>0</p.is_sensor>
							<p.ignores_physics_rotation>0</p.ignores_physics_rotation>
							<p.do_our_own_rotation>0</p.do_our_own_rotation>
							<p.use_angled_corners_collision_box>0</p.use_angled_corners_collision_box>
							<p.is_overlay>0</p.is_overlay>
							<p.is_player>0</p.is_player>
							<p.is_spring>0</p.is_spring>
							<p.is_collectable>0</p.is_collectable>
							<p.is_fan>0</p.is_fan>
							<p.is_door>0</p.is_door>
							<p.is_ring>0</p.is_ring>
							<p.is_ball>0</p.is_ball>
							<p.is_badguy>0</p.is_badguy>
						</properties>
					</Object>
				</item>
				<item class_id_reference="9" object_id="_523">
					<Object>
						<pos>
							<x>5.480000000e+02</x>
							<y>-4.000000000e+00</y>
						</pos>
						<objectDefName>s_flower1</objectDefName>
						<controller_num>0</controller_num>
						<properties>
							<p.feels_gravity>0</p.feels_gravity>
							<p.feels_user_input>0</p.feels_user_input>
							<p.feels_friction>0</p.feels_friction>
							<p.spawns_enemies>0</p.spawns_enemies>
							<p.is_physical>0</p.is_physical>
							<p.is_static>1</p.is_static>
							<p.is_sensor>0</p.is_sensor>
							<p.ignores_physics_rotation>0</p.ignores_physics_rotation>
							<p.do_our_own_rotation>0</p.do_our_own_rotation>
							<p.use_angled_corners_collision_box>0</p.use_angled_corners_collision_box>
							<p.is_overlay>0</p.is_overlay>
							<p.is_player>0</p.is_player>
							<p.is_spring>0</p.is_spring>
							<p.is_collectable>0</p.is_collectable>
							<p.is_fan>0</p.is_fan>
							<p.is_door>0</p.is_door>
							<p.is_ring>0</p.is_ring>
							<p.is_ball>0</p.is_ball>
							<p.is_badguy>0</p.is_badguy>
						</properties>
					</Object>
				</item>
				<item class_id_reference="9" object_id="_524">
					<Object>
						<pos>
							<x>1.068000000e+03</x>
							<y>-1.000000000e+01</y>
						</pos>
						<objectDefName>s_flower1</objectDefName>
						<controller_num>0</controller_num>
						<properties>
							<p.feels_gravity>0</p.feels_gravity>
							<p.feels_user_input>0</p.feels_user_input>
							<p.feels_friction>0</p.feels_friction>
							<p.spawns_enemies>0</p.spawns_enemies>
							<p.is_physical>0</p.is_physical>
							<p.is_static>1</p.is_static>
							<p.is_sensor>0</p.is_sensor>
							<p.ignores_physics_rotation>0</p.ignores_physics_rotation>
							<p.do_our_own_rotation>0</p.do_our_own_rotation>
							<p.use_angled_corners_collision_box>0</p.use_angled_corners_collision_box>
							<p.is_overlay>0</p.is_overlay>
							<p.is_player>0</p.is_player>
							<p.is_spring>0</p.is_spring>
							<p.is_collectable>0</p.is_collectable>
							<p.is_fan>0</p.is_fan>
							<p.is_door>0</p.is_door>
							<p.is_ring>0</p.is_ring>
							<p.is_ball>0</p.is_ball>
							<p.is_badguy>0</p.is_badguy>
						</properties>
					</Object>
				</item>
				<item class_id_reference="9" object_id="_525">
					<Object>
						<pos>
							<x>3.480000000e+02</x>
							<y>-1.000000000e+01</y>
						</pos>
						<objectDefName>s_flower1</objectDefName>
						<controller_num>0</controller_num>
						<properties>
							<p.feels_gravity>0</p.feels_gravity>
							<p.feels_user_input>0</p.feels_user_input>
							<p.feels_friction>0</p.feels_friction>
							<p.spawns_enemies>0</p.spawns_enemies>
							<p.is_physical>0</p.is_physical>
							<p.is_static>1</p.is_static>
							<p.is_sensor>0</p.is_sensor>
							<p.ignores_physics_rotation>0</p.ignores_physics_rotation>
							<p.do_our_own_rotation>0</p.do_our_own_rotation>
							<p.use_angled_corners_collision_box>0</p.use_angled_corners_collision_box>
							<p.is_overlay>0</p.is_overlay>
							<p.is_player>0</p.is_player>
							<p.is_spring>0</p.is_spring>
							<p.is_collectable>0</p.is_collectable>
							<p.is_fan>0</p.is_fan>
							<p.is_door>0</p.is_door>
							<p.is_ring>0</p.is_ring>
							<p.is_ball>0</p.is_ball>
							<p.is_badguy>0</p.is_badguy>
						</properties>
					</Object>
				</item>
				<item class_id_reference="9" object_id="_526">
					<Object>
						<pos>
							<x>8.840000000e+02</x>
							<y>-1.800000000e+01</y>
						</pos>
						<objectDefName>s_flower1</objectDefName>
						<controller_num>0</controller_num>
						<properties>
							<p.feels_gravity>0</p.feels_gravity>
							<p.feels_user_input>0</p.feels_user_input>
							<p.feels_friction>0</p.feels_friction>
							<p.spawns_enemies>0</p.spawns_enemies>
							<p.is_physical>0</p.is_physical>
							<p.is_static>1</p.is_static>
							<p.is_sensor>0</p.is_sensor>
							<p.ignores_physics_rotation>0</p.ignores_physics_rotation>
							<p.do_our_own_rotation>0</p.do_our_own_rotation>
							<p.use_angled_corners_collision_box>0</p.use_angled_corners_collision_box>
							<p.is_overlay>0</p.is_overlay>
							<p.is_player>0</p.is_player>
							<p.is_spring>0</p.is_spring>
							<p.is_collectable>0</p.is_collectable>
							<p.is_fan>0</p.is_fan>
							<p.is_door>0</p.is_door>
							<p.is_ring>0</p.is_ring>
							<p.is_ball>0</p.is_ball>
							<p.is_badguy>0</p.is_badguy>
						</properties>
					</Object>
				</item>
				<item class_id_reference="9" object_id="_527">
					<Object>
						<pos>
							<x>5.480000000e+02</x>
							<y>-2.000000000e+01</y>
						</pos>
						<objectDefName>s_flower1</objectDefName>
						<controller_num>0</controller_num>
						<properties>
							<p.feels_gravity>0</p.feels_gravity>
							<p.feels_user_input>0</p.feels_user_input>
							<p.feels_friction>0</p.feels_friction>
							<p.spawns_enemies>0</p.spawns_enemies>
							<p.is_physical>0</p.is_physical>
							<p.is_static>1</p.is_static>
							<p.is_sensor>0</p.is_sensor>
							<p.ignores_physics_rotation>0</p.ignores_physics_rotation>
							<p.do_our_own_rotation>0</p.do_our_own_rotation>
							<p.use_angled_corners_collision_box>0</p.use_angled_corners_collision_box>
							<p.is_overlay>0</p.is_overlay>
							<p.is_player>0</p.is_player>
							<p.is_spring>0</p.is_spring>
							<p.is_collectable>0</p.is_collectable>
							<p.is_fan>0</p.is_fan>
							<p.is_door>0</p.is_door>
							<p.is_ring>0</p.is_ring>
							<p.is_ball>0</p.is_ball>
							<p.is_badguy>0</p.is_badguy>
						</properties>
					</Object>
				</item>
				<item class_id_reference="9" object_id="_528">
					<Object>
						<pos>
							<x>7.840000000e+02</x>
							<y>-1.200000000e+01</y>
						</pos>
						<objectDefName>s_flower1</objectDefName>
						<controller_num>0</controller_num>
						<properties>
							<p.feels_gravity>0</p.feels_gravity>
							<p.feels_user_input>0</p.feels_user_input>
							<p.feels_friction>0</p.feels_friction>
							<p.spawns_enemies>0</p.spawns_enemies>
							<p.is_physical>0</p.is_physical>
							<p.is_static>1</p.is_static>
							<p.is_sensor>0</p.is_sensor>
							<p.ignores_physics_rotation>0</p.ignores_physics_rotation>
							<p.do_our_own_rotation>0</p.do_our_own_rotation>
							<p.use_angled_corners_collision_box>0</p.use_angled_corners_collision_box>
							<p.is_overlay>0</p.is_overlay>
							<p.is_player>0</p.is_player>
							<p.is_spring>0</p.is_spring>
							<p.is_collectable>0</p.is_collectable>
							<p.is_fan>0</p.is_fan>
							<p.is_door>0</p.is_door>
							<p.is_ring>0</p.is_ring>
							<p.is_ball>0</p.is_ball>
							<p.is_badguy>0</p.is_badguy>
						</properties>
					</Object>
				</item>
				<item class_id_reference="9" object_id="_529">
					<Object>
						<pos>
							<x>5.720000000e+02</x>
							<y>-8.000000000e+00</y>
						</pos>
						<objectDefName>s_flower1</objectDefName>
						<controller_num>0</controller_num>
						<properties>
							<p.feels_gravity>0</p.feels_gravity>
							<p.feels_user_input>0</p.feels_user_input>
							<p.feels_friction>0</p.feels_friction>
							<p.spawns_enemies>0</p.spawns_enemies>
							<p.is_physical>0</p.is_physical>
							<p.is_static>1</p.is_static>
							<p.is_sensor>0</p.is_sensor>
							<p.ignores_physics_rotation>0</p.ignores_physics_rotation>
							<p.do_our_own_rotation>0</p.do_our_own_rotation>
							<p.use_angled_corners_collision_box>0</p.use_angled_corners_collision_box>
							<p.is_overlay>0</p.is_overlay>
							<p.is_player>0</p.is_player>
							<p.is_spring>0</p.is_spring>
							<p.is_collectable>0</p.is_collectable>
							<p.is_fan>0</p.is_fan>
							<p.is_door>0</p.is_door>
							<p.is_ring>0</p.is_ring>
							<p.is_ball>0</p.is_ball>
							<p.is_badguy>0</p.is_badguy>
						</properties>
					</Object>
				</item>
				<item class_id_reference="9" object_id="_530">
					<Object>
						<pos>
							<x>1.082000000e+03</x>
							<y>-1.800000000e+01</y>
						</pos>
						<objectDefName>s_flower1</objectDefName>
						<controller_num>0</controller_num>
						<properties>
							<p.feels_gravity>0</p.feels_gravity>
							<p.feels_user_input>0</p.feels_user_input>
							<p.feels_friction>0</p.feels_friction>
							<p.spawns_enemies>0</p.spawns_enemies>
							<p.is_physical>0</p.is_physical>
							<p.is_static>1</p.is_static>
							<p.is_sensor>0</p.is_sensor>
							<p.ignores_physics_rotation>0</p.ignores_physics_rotation>
							<p.do_our_own_rotation>0</p.do_our_own_rotation>
							<p.use_angled_corners_collision_box>0</p.use_angled_corners_collision_box>
							<p.is_overlay>0</p.is_overlay>
							<p.is_player>0</p.is_player>
							<p.is_spring>0</p.is_spring>
							<p.is_collectable>0</p.is_collectable>
							<p.is_fan>0</p.is_fan>
							<p.is_door>0</p.is_door>
							<p.is_ring>0</p.is_ring>
							<p.is_ball>0</p.is_ball>
							<p.is_badguy>0</p.is_badguy>
						</properties>
					</Object>
				</item>
				<item class_id_reference="9" object_id="_531">
					<Object>
						<pos>
							<x>8.520000000e+02</x>
							<y>-2.000000000e+01</y>
						</pos>
						<objectDefName>s_flower1</objectDefName>
						<controller_num>0</controller_num>
						<properties>
							<p.feels_gravity>0</p.feels_gravity>
							<p.feels_user_input>0</p.feels_user_input>
							<p.feels_friction>0</p.feels_friction>
							<p.spawns_enemies>0</p.spawns_enemies>
							<p.is_physical>0</p.is_physical>
							<p.is_static>1</p.is_static>
							<p.is_sensor>0</p.is_sensor>
							<p.ignores_physics_rotation>0</p.ignores_physics_rotation>
							<p.do_our_own_rotation>0</p.do_our_own_rotation>
							<p.use_angled_corners_collision_box>0</p.use_angled_corners_collision_box>
							<p.is_overlay>0</p.is_overlay>
							<p.is_player>0</p.is_player>
							<p.is_spring>0</p.is_spring>
							<p.is_collectable>0</p.is_collectable>
							<p.is_fan>0</p.is_fan>
							<p.is_door>0</p.is_door>
							<p.is_ring>0</p.is_ring>
							<p.is_ball>0</p.is_ball>
							<p.is_badguy>0</p.is_badguy>
						</properties>
					</Object>
				</item>
				<item class_id_reference="9" object_id="_532">
					<Object>
						<pos>
							<x>5.980000000e+02</x>
							<y>-1.600000000e+01</y>
						</pos>
						<objectDefName>s_flower1</objectDefName>
						<controller_num>0</controller_num>
						<properties>
							<p.feels_gravity>0</p.feels_gravity>
							<p.feels_user_input>0</p.feels_user_input>
							<p.feels_friction>0</p.feels_friction>
							<p.spawns_enemies>0</p.spawns_enemies>
							<p.is_physical>0</p.is_physical>
							<p.is_static>1</p.is_static>
							<p.is_sensor>0</p.is_sensor>
							<p.ignores_physics_rotation>0</p.ignores_physics_rotation>
							<p.do_our_own_rotation>0</p.do_our_own_rotation>
							<p.use_angled_corners_collision_box>0</p.use_angled_corners_collision_box>
							<p.is_overlay>0</p.is_overlay>
							<p.is_player>0</p.is_player>
							<p.is_spring>0</p.is_spring>
							<p.is_collectable>0</p.is_collectable>
							<p.is_fan>0</p.is_fan>
							<p.is_door>0</p.is_door>
							<p.is_ring>0</p.is_ring>
							<p.is_ball>0</p.is_ball>
							<p.is_badguy>0</p.is_badguy>
						</properties>
					</Object>
				</item>
				<item class_id_reference="9" object_id="_533">
					<Object>
						<pos>
							<x>4.380000000e+02</x>
							<y>-1.200000000e+01</y>
						</pos>
						<objectDefName>s_flower1</objectDefName>
						<controller_num>0</controller_num>
						<properties>
							<p.feels_gravity>0</p.feels_gravity>
							<p.feels_user_input>0</p.feels_user_input>
							<p.feels_friction>0</p.feels_friction>
							<p.spawns_enemies>0</p.spawns_enemies>
							<p.is_physical>0</p.is_physical>
							<p.is_static>1</p.is_static>
							<p.is_sensor>0</p.is_sensor>
							<p.ignores_physics_rotation>0</p.ignores_physics_rotation>
							<p.do_our_own_rotation>0</p.do_our_own_rotation>
							<p.use_angled_corners_collision_box>0</p.use_angled_corners_collision_box>
							<p.is_overlay>0</p.is_overlay>
							<p.is_player>0</p.is_player>
							<p.is_spring>0</p.is_spring>
							<p.is_collectable>0</p.is_collectable>
							<p.is_fan>0</p.is_fan>
							<p.is_door>0</p.is_door>
							<p.is_ring>0</p.is_ring>
							<p.is_ball>0</p.is_ball>
							<p.is_badguy>0</p.is_badguy>
						</properties>
					</Object>
				</item>
				<item class_id_reference="9" object_id="_534">
					<Object>
						<pos>
							<x>1.076000000e+03</x>
							<y>-1.600000000e+01</y>
						</pos>
						<objectDefName>s_flower1</objectDefName>
						<controller_num>0</controller_num>
						<properties>
							<p.feels_gravity>0</p.feels_gravity>
							<p.feels_user_input>0</p.feels_user_input>
							<p.feels_friction>0</p.feels_friction>
							<p.spawns_enemies>0</p.spawns_enemies>
							<p.is_physical>0</p.is_physical>
							<p.is_static>1</p.is_static>
							<p.is_sensor>0</p.is_sensor>
							<p.ignores_physics_rotation>0</p.ignores_physics_rotation>
							<p.do_our_own_rotation>0</p.do_our_own_rotation>
							<p.use_angled_corners_collision_box>0</p.use_angled_corners_collision_box>
							<p.is_overlay>0</p.is_overlay>
							<p.is_player>0</p.is_player>
							<p.is_spring>0</p.is_spring>
							<p.is_collectable>0</p.is_collectable>
							<p.is_fan>0</p.is_fan>
							<p.is_door>0</p.is_door>
							<p.is_ring>0</p.is_ring>
							<p.is_ball>0</p.is_ball>
							<p.is_badguy>0</p.is_badguy>
						</properties>
					</Object>
				</item>
			</objects>
			<scroll_speed>1.500000000e+00</scroll_speed>
			<name>foreground_fast</name>
			<visible>1</visible>
		</item>
		<item class_id_reference="3" object_id="_535">
			<objects>
				<count>30</count>
				<item_version>0</item_version>
				<item class_id_reference="9" object_id="_536">
					<Object>
						<pos>
							<x>1.748000000e+03</x>
							<y>4.498000000e+03</y>
						</pos>
						<objectDefName>cloud2</objectDefName>
						<controller_num>0</controller_num>
						<properties>
							<p.feels_gravity>0</p.feels_gravity>
							<p.feels_user_input>0</p.feels_user_input>
							<p.feels_friction>0</p.feels_friction>
							<p.spawns_enemies>0</p.spawns_enemies>
							<p.is_physical>0</p.is_physical>
							<p.is_static>1</p.is_static>
							<p.is_sensor>0</p.is_sensor>
							<p.ignores_physics_rotation>0</p.ignores_physics_rotation>
							<p.do_our_own_rotation>0</p.do_our_own_rotation>
							<p.use_angled_corners_collision_box>0</p.use_angled_corners_collision_box>
							<p.is_overlay>0</p.is_overlay>
							<p.is_player>0</p.is_player>
							<p.is_spring>0</p.is_spring>
							<p.is_collectable>0</p.is_collectable>
							<p.is_fan>0</p.is_fan>
							<p.is_door>0</p.is_door>
							<p.is_ring>0</p.is_ring>
							<p.is_ball>0</p.is_ball>
							<p.is_badguy>0</p.is_badguy>
						</properties>
					</Object>
				</item>
				<item class_id_reference="9" object_id="_537">
					<Object>
						<pos>
							<x>1.372000000e+03</x>
							<y>2.431000000e+03</y>
						</pos>
						<objectDefName>cloud2</objectDefName>
						<controller_num>0</controller_num>
						<properties>
							<p.feels_gravity>0</p.feels_gravity>
							<p.feels_user_input>0</p.feels_user_input>
							<p.feels_friction>0</p.feels_friction>
							<p.spawns_enemies>0</p.spawns_enemies>
							<p.is_physical>0</p.is_physical>
							<p.is_static>1</p.is_static>
							<p.is_sensor>0</p.is_sensor>
							<p.ignores_physics_rotation>0</p.ignores_physics_rotation>
							<p.do_our_own_rotation>0</p.do_our_own_rotation>
							<p.use_angled_corners_collision_box>0</p.use_angled_corners_collision_box>
							<p.is_overlay>0</p.is_overlay>
							<p.is_player>0</p.is_player>
							<p.is_spring>0</p.is_spring>
							<p.is_collectable>0</p.is_collectable>
							<p.is_fan>0</p.is_fan>
							<p.is_door>0</p.is_door>
							<p.is_ring>0</p.is_ring>
							<p.is_ball>0</p.is_ball>
							<p.is_badguy>0</p.is_badguy>
						</properties>
					</Object>
				</item>
				<item class_id_reference="9" object_id="_538">
					<Object>
						<pos>
							<x>9.390000000e+02</x>
							<y>4.241000000e+03</y>
						</pos>
						<objectDefName>cloud2</objectDefName>
						<controller_num>0</controller_num>
						<properties>
							<p.feels_gravity>0</p.feels_gravity>
							<p.feels_user_input>0</p.feels_user_input>
							<p.feels_friction>0</p.feels_friction>
							<p.spawns_enemies>0</p.spawns_enemies>
							<p.is_physical>0</p.is_physical>
							<p.is_static>1</p.is_static>
							<p.is_sensor>0</p.is_sensor>
							<p.ignores_physics_rotation>0</p.ignores_physics_rotation>
							<p.do_our_own_rotation>0</p.do_our_own_rotation>
							<p.use_angled_corners_collision_box>0</p.use_angled_corners_collision_box>
							<p.is_overlay>0</p.is_overlay>
							<p.is_player>0</p.is_player>
							<p.is_spring>0</p.is_spring>
							<p.is_collectable>0</p.is_collectable>
							<p.is_fan>0</p.is_fan>
							<p.is_door>0</p.is_door>
							<p.is_ring>0</p.is_ring>
							<p.is_ball>0</p.is_ball>
							<p.is_badguy>0</p.is_badguy>
						</properties>
					</Object>
				</item>
				<item class_id_reference="9" object_id="_539">
					<Object>
						<pos>
							<x>1.566000000e+03</x>
							<y>1.551000000e+03</y>
						</pos>
						<objectDefName>cloud2</objectDefName>
						<controller_num>0</controller_num>
						<properties>
							<p.feels_gravity>0</p.feels_gravity>
							<p.feels_user_input>0</p.feels_user_input>
							<p.feels_friction>0</p.feels_friction>
							<p.spawns_enemies>0</p.spawns_enemies>
							<p.is_physical>0</p.is_physical>
							<p.is_static>1</p.is_static>
							<p.is_sensor>0</p.is_sensor>
							<p.ignores_physics_rotation>0</p.ignores_physics_rotation>
							<p.do_our_own_rotation>0</p.do_our_own_rotation>
							<p.use_angled_corners_collision_box>0</p.use_angled_corners_collision_box>
							<p.is_overlay>0</p.is_overlay>
							<p.is_player>0</p.is_player>
							<p.is_spring>0</p.is_spring>
							<p.is_collectable>0</p.is_collectable>
							<p.is_fan>0</p.is_fan>
							<p.is_door>0</p.is_door>
							<p.is_ring>0</p.is_ring>
							<p.is_ball>0</p.is_ball>
							<p.is_badguy>0</p.is_badguy>
						</properties>
					</Object>
				</item>
				<item class_id_reference="9" object_id="_540">
					<Object>
						<pos>
							<x>6.500000000e+02</x>
							<y>1.970000000e+03</y>
						</pos>
						<objectDefName>cloud2</objectDefName>
						<controller_num>0</controller_num>
						<properties>
							<p.feels_gravity>0</p.feels_gravity>
							<p.feels_user_input>0</p.feels_user_input>
							<p.feels_friction>0</p.feels_friction>
							<p.spawns_enemies>0</p.spawns_enemies>
							<p.is_physical>0</p.is_physical>
							<p.is_static>1</p.is_static>
							<p.is_sensor>0</p.is_sensor>
							<p.ignores_physics_rotation>0</p.ignores_physics_rotation>
							<p.do_our_own_rotation>0</p.do_our_own_rotation>
							<p.use_angled_corners_collision_box>0</p.use_angled_corners_collision_box>
							<p.is_overlay>0</p.is_overlay>
							<p.is_player>0</p.is_player>
							<p.is_spring>0</p.is_spring>
							<p.is_collectable>0</p.is_collectable>
							<p.is_fan>0</p.is_fan>
							<p.is_door>0</p.is_door>
							<p.is_ring>0</p.is_ring>
							<p.is_ball>0</p.is_ball>
							<p.is_badguy>0</p.is_badguy>
						</properties>
					</Object>
				</item>
				<item class_id_reference="9" object_id="_541">
					<Object>
						<pos>
							<x>1.840000000e+03</x>
							<y>1.406000000e+03</y>
						</pos>
						<objectDefName>cloud2</objectDefName>
						<controller_num>0</controller_num>
						<properties>
							<p.feels_gravity>0</p.feels_gravity>
							<p.feels_user_input>0</p.feels_user_input>
							<p.feels_friction>0</p.feels_friction>
							<p.spawns_enemies>0</p.spawns_enemies>
							<p.is_physical>0</p.is_physical>
							<p.is_static>1</p.is_static>
							<p.is_sensor>0</p.is_sensor>
							<p.ignores_physics_rotation>0</p.ignores_physics_rotation>
							<p.do_our_own_rotation>0</p.do_our_own_rotation>
							<p.use_angled_corners_collision_box>0</p.use_angled_corners_collision_box>
							<p.is_overlay>0</p.is_overlay>
							<p.is_player>0</p.is_player>
							<p.is_spring>0</p.is_spring>
							<p.is_collectable>0</p.is_collectable>
							<p.is_fan>0</p.is_fan>
							<p.is_door>0</p.is_door>
							<p.is_ring>0</p.is_ring>
							<p.is_ball>0</p.is_ball>
							<p.is_badguy>0</p.is_badguy>
						</properties>
					</Object>
				</item>
				<item class_id_reference="9" object_id="_542">
					<Object>
						<pos>
							<x>8.320000000e+02</x>
							<y>3.183000000e+03</y>
						</pos>
						<objectDefName>cloud2</objectDefName>
						<controller_num>0</controller_num>
						<properties>
							<p.feels_gravity>0</p.feels_gravity>
							<p.feels_user_input>0</p.feels_user_input>
							<p.feels_friction>0</p.feels_friction>
							<p.spawns_enemies>0</p.spawns_enemies>
							<p.is_physical>0</p.is_physical>
							<p.is_static>1</p.is_static>
							<p.is_sensor>0</p.is_sensor>
							<p.ignores_physics_rotation>0</p.ignores_physics_rotation>
							<p.do_our_own_rotation>0</p.do_our_own_rotation>
							<p.use_angled_corners_collision_box>0</p.use_angled_corners_collision_box>
							<p.is_overlay>0</p.is_overlay>
							<p.is_player>0</p.is_player>
							<p.is_spring>0</p.is_spring>
							<p.is_collectable>0</p.is_collectable>
							<p.is_fan>0</p.is_fan>
							<p.is_door>0</p.is_door>
							<p.is_ring>0</p.is_ring>
							<p.is_ball>0</p.is_ball>
							<p.is_badguy>0</p.is_badguy>
						</properties>
					</Object>
				</item>
				<item class_id_reference="9" object_id="_543">
					<Object>
						<pos>
							<x>1.950000000e+02</x>
							<y>1.347000000e+03</y>
						</pos>
						<objectDefName>cloud2</objectDefName>
						<controller_num>0</controller_num>
						<properties>
							<p.feels_gravity>0</p.feels_gravity>
							<p.feels_user_input>0</p.feels_user_input>
							<p.feels_friction>0</p.feels_friction>
							<p.spawns_enemies>0</p.spawns_enemies>
							<p.is_physical>0</p.is_physical>
							<p.is_static>1</p.is_static>
							<p.is_sensor>0</p.is_sensor>
							<p.ignores_physics_rotation>0</p.ignores_physics_rotation>
							<p.do_our_own_rotation>0</p.do_our_own_rotation>
							<p.use_angled_corners_collision_box>0</p.use_angled_corners_collision_box>
							<p.is_overlay>0</p.is_overlay>
							<p.is_player>0</p.is_player>
							<p.is_spring>0</p.is_spring>
							<p.is_collectable>0</p.is_collectable>
							<p.is_fan>0</p.is_fan>
							<p.is_door>0</p.is_door>
							<p.is_ring>0</p.is_ring>
							<p.is_ball>0</p.is_ball>
							<p.is_badguy>0</p.is_badguy>
						</properties>
					</Object>
				</item>
				<item class_id_reference="9" object_id="_544">
					<Object>
						<pos>
							<x>2.048000000e+03</x>
							<y>1.125000000e+03</y>
						</pos>
						<objectDefName>cloud2</objectDefName>
						<controller_num>0</controller_num>
						<properties>
							<p.feels_gravity>0</p.feels_gravity>
							<p.feels_user_input>0</p.feels_user_input>
							<p.feels_friction>0</p.feels_friction>
							<p.spawns_enemies>0</p.spawns_enemies>
							<p.is_physical>0</p.is_physical>
							<p.is_static>1</p.is_static>
							<p.is_sensor>0</p.is_sensor>
							<p.ignores_physics_rotation>0</p.ignores_physics_rotation>
							<p.do_our_own_rotation>0</p.do_our_own_rotation>
							<p.use_angled_corners_collision_box>0</p.use_angled_corners_collision_box>
							<p.is_overlay>0</p.is_overlay>
							<p.is_player>0</p.is_player>
							<p.is_spring>0</p.is_spring>
							<p.is_collectable>0</p.is_collectable>
							<p.is_fan>0</p.is_fan>
							<p.is_door>0</p.is_door>
							<p.is_ring>0</p.is_ring>
							<p.is_ball>0</p.is_ball>
							<p.is_badguy>0</p.is_badguy>
						</properties>
					</Object>
				</item>
				<item class_id_reference="9" object_id="_545">
					<Object>
						<pos>
							<x>5.770000000e+02</x>
							<y>2.863000000e+03</y>
						</pos>
						<objectDefName>cloud2</objectDefName>
						<controller_num>0</controller_num>
						<properties>
							<p.feels_gravity>0</p.feels_gravity>
							<p.feels_user_input>0</p.feels_user_input>
							<p.feels_friction>0</p.feels_friction>
							<p.spawns_enemies>0</p.spawns_enemies>
							<p.is_physical>0</p.is_physical>
							<p.is_static>1</p.is_static>
							<p.is_sensor>0</p.is_sensor>
							<p.ignores_physics_rotation>0</p.ignores_physics_rotation>
							<p.do_our_own_rotation>0</p.do_our_own_rotation>
							<p.use_angled_corners_collision_box>0</p.use_angled_corners_collision_box>
							<p.is_overlay>0</p.is_overlay>
							<p.is_player>0</p.is_player>
							<p.is_spring>0</p.is_spring>
							<p.is_collectable>0</p.is_collectable>
							<p.is_fan>0</p.is_fan>
							<p.is_door>0</p.is_door>
							<p.is_ring>0</p.is_ring>
							<p.is_ball>0</p.is_ball>
							<p.is_badguy>0</p.is_badguy>
						</properties>
					</Object>
				</item>
				<item class_id_reference="9" object_id="_546">
					<Object>
						<pos>
							<x>1.262000000e+03</x>
							<y>1.291000000e+03</y>
						</pos>
						<objectDefName>cloud2</objectDefName>
						<controller_num>0</controller_num>
						<properties>
							<p.feels_gravity>0</p.feels_gravity>
							<p.feels_user_input>0</p.feels_user_input>
							<p.feels_friction>0</p.feels_friction>
							<p.spawns_enemies>0</p.spawns_enemies>
							<p.is_physical>0</p.is_physical>
							<p.is_static>1</p.is_static>
							<p.is_sensor>0</p.is_sensor>
							<p.ignores_physics_rotation>0</p.ignores_physics_rotation>
							<p.do_our_own_rotation>0</p.do_our_own_rotation>
							<p.use_angled_corners_collision_box>0</p.use_angled_corners_collision_box>
							<p.is_overlay>0</p.is_overlay>
							<p.is_player>0</p.is_player>
							<p.is_spring>0</p.is_spring>
							<p.is_collectable>0</p.is_collectable>
							<p.is_fan>0</p.is_fan>
							<p.is_door>0</p.is_door>
							<p.is_ring>0</p.is_ring>
							<p.is_ball>0</p.is_ball>
							<p.is_badguy>0</p.is_badguy>
						</properties>
					</Object>
				</item>
				<item class_id_reference="9" object_id="_547">
					<Object>
						<pos>
							<x>1.616000000e+03</x>
							<y>7.760000000e+02</y>
						</pos>
						<objectDefName>cloud2</objectDefName>
						<controller_num>0</controller_num>
						<properties>
							<p.feels_gravity>0</p.feels_gravity>
							<p.feels_user_input>0</p.feels_user_input>
							<p.feels_friction>0</p.feels_friction>
							<p.spawns_enemies>0</p.spawns_enemies>
							<p.is_physical>0</p.is_physical>
							<p.is_static>1</p.is_static>
							<p.is_sensor>0</p.is_sensor>
							<p.ignores_physics_rotation>0</p.ignores_physics_rotation>
							<p.do_our_own_rotation>0</p.do_our_own_rotation>
							<p.use_angled_corners_collision_box>0</p.use_angled_corners_collision_box>
							<p.is_overlay>0</p.is_overlay>
							<p.is_player>0</p.is_player>
							<p.is_spring>0</p.is_spring>
							<p.is_collectable>0</p.is_collectable>
							<p.is_fan>0</p.is_fan>
							<p.is_door>0</p.is_door>
							<p.is_ring>0</p.is_ring>
							<p.is_ball>0</p.is_ball>
							<p.is_badguy>0</p.is_badguy>
						</properties>
					</Object>
				</item>
				<item class_id_reference="9" object_id="_548">
					<Object>
						<pos>
							<x>1.304000000e+03</x>
							<y>3.723000000e+03</y>
						</pos>
						<objectDefName>cloud2</objectDefName>
						<controller_num>0</controller_num>
						<properties>
							<p.feels_gravity>0</p.feels_gravity>
							<p.feels_user_input>0</p.feels_user_input>
							<p.feels_friction>0</p.feels_friction>
							<p.spawns_enemies>0</p.spawns_enemies>
							<p.is_physical>0</p.is_physical>
							<p.is_static>1</p.is_static>
							<p.is_sensor>0</p.is_sensor>
							<p.ignores_physics_rotation>0</p.ignores_physics_rotation>
							<p.do_our_own_rotation>0</p.do_our_own_rotation>
							<p.use_angled_corners_collision_box>0</p.use_angled_corners_collision_box>
							<p.is_overlay>0</p.is_overlay>
							<p.is_player>0</p.is_player>
							<p.is_spring>0</p.is_spring>
							<p.is_collectable>0</p.is_collectable>
							<p.is_fan>0</p.is_fan>
							<p.is_door>0</p.is_door>
							<p.is_ring>0</p.is_ring>
							<p.is_ball>0</p.is_ball>
							<p.is_badguy>0</p.is_badguy>
						</properties>
					</Object>
				</item>
				<item class_id_reference="9" object_id="_549">
					<Object>
						<pos>
							<x>1.246000000e+03</x>
							<y>3.663000000e+03</y>
						</pos>
						<objectDefName>cloud2</objectDefName>
						<controller_num>0</controller_num>
						<properties>
							<p.feels_gravity>0</p.feels_gravity>
							<p.feels_user_input>0</p.feels_user_input>
							<p.feels_friction>0</p.feels_friction>
							<p.spawns_enemies>0</p.spawns_enemies>
							<p.is_physical>0</p.is_physical>
							<p.is_static>1</p.is_static>
							<p.is_sensor>0</p.is_sensor>
							<p.ignores_physics_rotation>0</p.ignores_physics_rotation>
							<p.do_our_own_rotation>0</p.do_our_own_rotation>
							<p.use_angled_corners_collision_box>0</p.use_angled_corners_collision_box>
							<p.is_overlay>0</p.is_overlay>
							<p.is_player>0</p.is_player>
							<p.is_spring>0</p.is_spring>
							<p.is_collectable>0</p.is_collectable>
							<p.is_fan>0</p.is_fan>
							<p.is_door>0</p.is_door>
							<p.is_ring>0</p.is_ring>
							<p.is_ball>0</p.is_ball>
							<p.is_badguy>0</p.is_badguy>
						</properties>
					</Object>
				</item>
				<item class_id_reference="9" object_id="_550">
					<Object>
						<pos>
							<x>2.066000000e+03</x>
							<y>2.361000000e+03</y>
						</pos>
						<objectDefName>cloud2</objectDefName>
						<controller_num>0</controller_num>
						<properties>
							<p.feels_gravity>0</p.feels_gravity>
							<p.feels_user_input>0</p.feels_user_input>
							<p.feels_friction>0</p.feels_friction>
							<p.spawns_enemies>0</p.spawns_enemies>
							<p.is_physical>0</p.is_physical>
							<p.is_static>1</p.is_static>
							<p.is_sensor>0</p.is_sensor>
							<p.ignores_physics_rotation>0</p.ignores_physics_rotation>
							<p.do_our_own_rotation>0</p.do_our_own_rotation>
							<p.use_angled_corners_collision_box>0</p.use_angled_corners_collision_box>
							<p.is_overlay>0</p.is_overlay>
							<p.is_player>0</p.is_player>
							<p.is_spring>0</p.is_spring>
							<p.is_collectable>0</p.is_collectable>
							<p.is_fan>0</p.is_fan>
							<p.is_door>0</p.is_door>
							<p.is_ring>0</p.is_ring>
							<p.is_ball>0</p.is_ball>
							<p.is_badguy>0</p.is_badguy>
						</properties>
					</Object>
				</item>
				<item class_id_reference="9" object_id="_551">
					<Object>
						<pos>
							<x>1.164000000e+03</x>
							<y>1.613000000e+03</y>
						</pos>
						<objectDefName>cloud2</objectDefName>
						<controller_num>0</controller_num>
						<properties>
							<p.feels_gravity>0</p.feels_gravity>
							<p.feels_user_input>0</p.feels_user_input>
							<p.feels_friction>0</p.feels_friction>
							<p.spawns_enemies>0</p.spawns_enemies>
							<p.is_physical>0</p.is_physical>
							<p.is_static>1</p.is_static>
							<p.is_sensor>0</p.is_sensor>
							<p.ignores_physics_rotation>0</p.ignores_physics_rotation>
							<p.do_our_own_rotation>0</p.do_our_own_rotation>
							<p.use_angled_corners_collision_box>0</p.use_angled_corners_collision_box>
							<p.is_overlay>0</p.is_overlay>
							<p.is_player>0</p.is_player>
							<p.is_spring>0</p.is_spring>
							<p.is_collectable>0</p.is_collectable>
							<p.is_fan>0</p.is_fan>
							<p.is_door>0</p.is_door>
							<p.is_ring>0</p.is_ring>
							<p.is_ball>0</p.is_ball>
							<p.is_badguy>0</p.is_badguy>
						</properties>
					</Object>
				</item>
				<item class_id_reference="9" object_id="_552">
					<Object>
						<pos>
							<x>1.126000000e+03</x>
							<y>4.540000000e+03</y>
						</pos>
						<objectDefName>cloud2</objectDefName>
						<controller_num>0</controller_num>
						<properties>
							<p.feels_gravity>0</p.feels_gravity>
							<p.feels_user_input>0</p.feels_user_input>
							<p.feels_friction>0</p.feels_friction>
							<p.spawns_enemies>0</p.spawns_enemies>
							<p.is_physical>0</p.is_physical>
							<p.is_static>1</p.is_static>
							<p.is_sensor>0</p.is_sensor>
							<p.ignores_physics_rotation>0</p.ignores_physics_rotation>
							<p.do_our_own_rotation>0</p.do_our_own_rotation>
							<p.use_angled_corners_collision_box>0</p.use_angled_corners_collision_box>
							<p.is_overlay>0</p.is_overlay>
							<p.is_player>0</p.is_player>
							<p.is_spring>0</p.is_spring>
							<p.is_collectable>0</p.is_collectable>
							<p.is_fan>0</p.is_fan>
							<p.is_door>0</p.is_door>
							<p.is_ring>0</p.is_ring>
							<p.is_ball>0</p.is_ball>
							<p.is_badguy>0</p.is_badguy>
						</properties>
					</Object>
				</item>
				<item class_id_reference="9" object_id="_553">
					<Object>
						<pos>
							<x>7.600000000e+01</x>
							<y>2.604000000e+03</y>
						</pos>
						<objectDefName>cloud2</objectDefName>
						<controller_num>0</controller_num>
						<properties>
							<p.feels_gravity>0</p.feels_gravity>
							<p.feels_user_input>0</p.feels_user_input>
							<p.feels_friction>0</p.feels_friction>
							<p.spawns_enemies>0</p.spawns_enemies>
							<p.is_physical>0</p.is_physical>
							<p.is_static>1</p.is_static>
							<p.is_sensor>0</p.is_sensor>
							<p.ignores_physics_rotation>0</p.ignores_physics_rotation>
							<p.do_our_own_rotation>0</p.do_our_own_rotation>
							<p.use_angled_corners_collision_box>0</p.use_angled_corners_collision_box>
							<p.is_overlay>0</p.is_overlay>
							<p.is_player>0</p.is_player>
							<p.is_spring>0</p.is_spring>
							<p.is_collectable>0</p.is_collectable>
							<p.is_fan>0</p.is_fan>
							<p.is_door>0</p.is_door>
							<p.is_ring>0</p.is_ring>
							<p.is_ball>0</p.is_ball>
							<p.is_badguy>0</p.is_badguy>
						</properties>
					</Object>
				</item>
				<item class_id_reference="9" object_id="_554">
					<Object>
						<pos>
							<x>4.070000000e+02</x>
							<y>2.434000000e+03</y>
						</pos>
						<objectDefName>cloud2</objectDefName>
						<controller_num>0</controller_num>
						<properties>
							<p.feels_gravity>0</p.feels_gravity>
							<p.feels_user_input>0</p.feels_user_input>
							<p.feels_friction>0</p.feels_friction>
							<p.spawns_enemies>0</p.spawns_enemies>
							<p.is_physical>0</p.is_physical>
							<p.is_static>1</p.is_static>
							<p.is_sensor>0</p.is_sensor>
							<p.ignores_physics_rotation>0</p.ignores_physics_rotation>
							<p.do_our_own_rotation>0</p.do_our_own_rotation>
							<p.use_angled_corners_collision_box>0</p.use_angled_corners_collision_box>
							<p.is_overlay>0</p.is_overlay>
							<p.is_player>0</p.is_player>
							<p.is_spring>0</p.is_spring>
							<p.is_collectable>0</p.is_collectable>
							<p.is_fan>0</p.is_fan>
							<p.is_door>0</p.is_door>
							<p.is_ring>0</p.is_ring>
							<p.is_ball>0</p.is_ball>
							<p.is_badguy>0</p.is_badguy>
						</properties>
					</Object>
				</item>
				<item class_id_reference="9" object_id="_555">
					<Object>
						<pos>
							<x>5.960000000e+02</x>
							<y>2.026000000e+03</y>
						</pos>
						<objectDefName>cloud2</objectDefName>
						<controller_num>0</controller_num>
						<properties>
							<p.feels_gravity>0</p.feels_gravity>
							<p.feels_user_input>0</p.feels_user_input>
							<p.feels_friction>0</p.feels_friction>
							<p.spawns_enemies>0</p.spawns_enemies>
							<p.is_physical>0</p.is_physical>
							<p.is_static>1</p.is_static>
							<p.is_sensor>0</p.is_sensor>
							<p.ignores_physics_rotation>0</p.ignores_physics_rotation>
							<p.do_our_own_rotation>0</p.do_our_own_rotation>
							<p.use_angled_corners_collision_box>0</p.use_angled_corners_collision_box>
							<p.is_overlay>0</p.is_overlay>
							<p.is_player>0</p.is_player>
							<p.is_spring>0</p.is_spring>
							<p.is_collectable>0</p.is_collectable>
							<p.is_fan>0</p.is_fan>
							<p.is_door>0</p.is_door>
							<p.is_ring>0</p.is_ring>
							<p.is_ball>0</p.is_ball>
							<p.is_badguy>0</p.is_badguy>
						</properties>
					</Object>
				</item>
				<item class_id_reference="9" object_id="_556">
					<Object>
						<pos>
							<x>4.800000000e+01</x>
							<y>4.049000000e+03</y>
						</pos>
						<objectDefName>cloud2</objectDefName>
						<controller_num>0</controller_num>
						<properties>
							<p.feels_gravity>0</p.feels_gravity>
							<p.feels_user_input>0</p.feels_user_input>
							<p.feels_friction>0</p.feels_friction>
							<p.spawns_enemies>0</p.spawns_enemies>
							<p.is_physical>0</p.is_physical>
							<p.is_static>1</p.is_static>
							<p.is_sensor>0</p.is_sensor>
							<p.ignores_physics_rotation>0</p.ignores_physics_rotation>
							<p.do_our_own_rotation>0</p.do_our_own_rotation>
							<p.use_angled_corners_collision_box>0</p.use_angled_corners_collision_box>
							<p.is_overlay>0</p.is_overlay>
							<p.is_player>0</p.is_player>
							<p.is_spring>0</p.is_spring>
							<p.is_collectable>0</p.is_collectable>
							<p.is_fan>0</p.is_fan>
							<p.is_door>0</p.is_door>
							<p.is_ring>0</p.is_ring>
							<p.is_ball>0</p.is_ball>
							<p.is_badguy>0</p.is_badguy>
						</properties>
					</Object>
				</item>
				<item class_id_reference="9" object_id="_557">
					<Object>
						<pos>
							<x>5.660000000e+02</x>
							<y>2.020000000e+03</y>
						</pos>
						<objectDefName>cloud2</objectDefName>
						<controller_num>0</controller_num>
						<properties>
							<p.feels_gravity>0</p.feels_gravity>
							<p.feels_user_input>0</p.feels_user_input>
							<p.feels_friction>0</p.feels_friction>
							<p.spawns_enemies>0</p.spawns_enemies>
							<p.is_physical>0</p.is_physical>
							<p.is_static>1</p.is_static>
							<p.is_sensor>0</p.is_sensor>
							<p.ignores_physics_rotation>0</p.ignores_physics_rotation>
							<p.do_our_own_rotation>0</p.do_our_own_rotation>
							<p.use_angled_corners_collision_box>0</p.use_angled_corners_collision_box>
							<p.is_overlay>0</p.is_overlay>
							<p.is_player>0</p.is_player>
							<p.is_spring>0</p.is_spring>
							<p.is_collectable>0</p.is_collectable>
							<p.is_fan>0</p.is_fan>
							<p.is_door>0</p.is_door>
							<p.is_ring>0</p.is_ring>
							<p.is_ball>0</p.is_ball>
							<p.is_badguy>0</p.is_badguy>
						</properties>
					</Object>
				</item>
				<item class_id_reference="9" object_id="_558">
					<Object>
						<pos>
							<x>1.912000000e+03</x>
							<y>4.382000000e+03</y>
						</pos>
						<objectDefName>cloud2</objectDefName>
						<controller_num>0</controller_num>
						<properties>
							<p.feels_gravity>0</p.feels_gravity>
							<p.feels_user_input>0</p.feels_user_input>
							<p.feels_friction>0</p.feels_friction>
							<p.spawns_enemies>0</p.spawns_enemies>
							<p.is_physical>0</p.is_physical>
							<p.is_static>1</p.is_static>
							<p.is_sensor>0</p.is_sensor>
							<p.ignores_physics_rotation>0</p.ignores_physics_rotation>
							<p.do_our_own_rotation>0</p.do_our_own_rotation>
							<p.use_angled_corners_collision_box>0</p.use_angled_corners_collision_box>
							<p.is_overlay>0</p.is_overlay>
							<p.is_player>0</p.is_player>
							<p.is_spring>0</p.is_spring>
							<p.is_collectable>0</p.is_collectable>
							<p.is_fan>0</p.is_fan>
							<p.is_door>0</p.is_door>
							<p.is_ring>0</p.is_ring>
							<p.is_ball>0</p.is_ball>
							<p.is_badguy>0</p.is_badguy>
						</properties>
					</Object>
				</item>
				<item class_id_reference="9" object_id="_559">
					<Object>
						<pos>
							<x>1.080000000e+03</x>
							<y>2.976000000e+03</y>
						</pos>
						<objectDefName>cloud2</objectDefName>
						<controller_num>0</controller_num>
						<properties>
							<p.feels_gravity>0</p.feels_gravity>
							<p.feels_user_input>0</p.feels_user_input>
							<p.feels_friction>0</p.feels_friction>
							<p.spawns_enemies>0</p.spawns_enemies>
							<p.is_physical>0</p.is_physical>
							<p.is_static>1</p.is_static>
							<p.is_sensor>0</p.is_sensor>
							<p.ignores_physics_rotation>0</p.ignores_physics_rotation>
							<p.do_our_own_rotation>0</p.do_our_own_rotation>
							<p.use_angled_corners_collision_box>0</p.use_angled_corners_collision_box>
							<p.is_overlay>0</p.is_overlay>
							<p.is_player>0</p.is_player>
							<p.is_spring>0</p.is_spring>
							<p.is_collectable>0</p.is_collectable>
							<p.is_fan>0</p.is_fan>
							<p.is_door>0</p.is_door>
							<p.is_ring>0</p.is_ring>
							<p.is_ball>0</p.is_ball>
							<p.is_badguy>0</p.is_badguy>
						</properties>
					</Object>
				</item>
				<item class_id_reference="9" object_id="_560">
					<Object>
						<pos>
							<x>4.070000000e+02</x>
							<y>1.553000000e+03</y>
						</pos>
						<objectDefName>cloud2</objectDefName>
						<controller_num>0</controller_num>
						<properties>
							<p.feels_gravity>0</p.feels_gravity>
							<p.feels_user_input>0</p.feels_user_input>
							<p.feels_friction>0</p.feels_friction>
							<p.spawns_enemies>0</p.spawns_enemies>
							<p.is_physical>0</p.is_physical>
							<p.is_static>1</p.is_static>
							<p.is_sensor>0</p.is_sensor>
							<p.ignores_physics_rotation>0</p.ignores_physics_rotation>
							<p.do_our_own_rotation>0</p.do_our_own_rotation>
							<p.use_angled_corners_collision_box>0</p.use_angled_corners_collision_box>
							<p.is_overlay>0</p.is_overlay>
							<p.is_player>0</p.is_player>
							<p.is_spring>0</p.is_spring>
							<p.is_collectable>0</p.is_collectable>
							<p.is_fan>0</p.is_fan>
							<p.is_door>0</p.is_door>
							<p.is_ring>0</p.is_ring>
							<p.is_ball>0</p.is_ball>
							<p.is_badguy>0</p.is_badguy>
						</properties>
					</Object>
				</item>
				<item class_id_reference="9" object_id="_561">
					<Object>
						<pos>
							<x>2.252000000e+03</x>
							<y>4.410000000e+03</y>
						</pos>
						<objectDefName>cloud2</objectDefName>
						<controller_num>0</controller_num>
						<properties>
							<p.feels_gravity>0</p.feels_gravity>
							<p.feels_user_input>0</p.feels_user_input>
							<p.feels_friction>0</p.feels_friction>
							<p.spawns_enemies>0</p.spawns_enemies>
							<p.is_physical>0</p.is_physical>
							<p.is_static>1</p.is_static>
							<p.is_sensor>0</p.is_sensor>
							<p.ignores_physics_rotation>0</p.ignores_physics_rotation>
							<p.do_our_own_rotation>0</p.do_our_own_rotation>
							<p.use_angled_corners_collision_box>0</p.use_angled_corners_collision_box>
							<p.is_overlay>0</p.is_overlay>
							<p.is_player>0</p.is_player>
							<p.is_spring>0</p.is_spring>
							<p.is_collectable>0</p.is_collectable>
							<p.is_fan>0</p.is_fan>
							<p.is_door>0</p.is_door>
							<p.is_ring>0</p.is_ring>
							<p.is_ball>0</p.is_ball>
							<p.is_badguy>0</p.is_badguy>
						</properties>
					</Object>
				</item>
				<item class_id_reference="9" object_id="_562">
					<Object>
						<pos>
							<x>9.070000000e+02</x>
							<y>1.802000000e+03</y>
						</pos>
						<objectDefName>cloud2</objectDefName>
						<controller_num>0</controller_num>
						<properties>
							<p.feels_gravity>0</p.feels_gravity>
							<p.feels_user_input>0</p.feels_user_input>
							<p.feels_friction>0</p.feels_friction>
							<p.spawns_enemies>0</p.spawns_enemies>
							<p.is_physical>0</p.is_physical>
							<p.is_static>1</p.is_static>
							<p.is_sensor>0</p.is_sensor>
							<p.ignores_physics_rotation>0</p.ignores_physics_rotation>
							<p.do_our_own_rotation>0</p.do_our_own_rotation>
							<p.use_angled_corners_collision_box>0</p.use_angled_corners_collision_box>
							<p.is_overlay>0</p.is_overlay>
							<p.is_player>0</p.is_player>
							<p.is_spring>0</p.is_spring>
							<p.is_collectable>0</p.is_collectable>
							<p.is_fan>0</p.is_fan>
							<p.is_door>0</p.is_door>
							<p.is_ring>0</p.is_ring>
							<p.is_ball>0</p.is_ball>
							<p.is_badguy>0</p.is_badguy>
						</properties>
					</Object>
				</item>
				<item class_id_reference="9" object_id="_563">
					<Object>
						<pos>
							<x>6.600000000e+02</x>
							<y>2.536000000e+03</y>
						</pos>
						<objectDefName>cloud2</objectDefName>
						<controller_num>0</controller_num>
						<properties>
							<p.feels_gravity>0</p.feels_gravity>
							<p.feels_user_input>0</p.feels_user_input>
							<p.feels_friction>0</p.feels_friction>
							<p.spawns_enemies>0</p.spawns_enemies>
							<p.is_physical>0</p.is_physical>
							<p.is_static>1</p.is_static>
							<p.is_sensor>0</p.is_sensor>
							<p.ignores_physics_rotation>0</p.ignores_physics_rotation>
							<p.do_our_own_rotation>0</p.do_our_own_rotation>
							<p.use_angled_corners_collision_box>0</p.use_angled_corners_collision_box>
							<p.is_overlay>0</p.is_overlay>
							<p.is_player>0</p.is_player>
							<p.is_spring>0</p.is_spring>
							<p.is_collectable>0</p.is_collectable>
							<p.is_fan>0</p.is_fan>
							<p.is_door>0</p.is_door>
							<p.is_ring>0</p.is_ring>
							<p.is_ball>0</p.is_ball>
							<p.is_badguy>0</p.is_badguy>
						</properties>
					</Object>
				</item>
				<item class_id_reference="9" object_id="_564">
					<Object>
						<pos>
							<x>2.560000000e+02</x>
							<y>1.819000000e+03</y>
						</pos>
						<objectDefName>cloud2</objectDefName>
						<controller_num>0</controller_num>
						<properties>
							<p.feels_gravity>0</p.feels_gravity>
							<p.feels_user_input>0</p.feels_user_input>
							<p.feels_friction>0</p.feels_friction>
							<p.spawns_enemies>0</p.spawns_enemies>
							<p.is_physical>0</p.is_physical>
							<p.is_static>1</p.is_static>
							<p.is_sensor>0</p.is_sensor>
							<p.ignores_physics_rotation>0</p.ignores_physics_rotation>
							<p.do_our_own_rotation>0</p.do_our_own_rotation>
							<p.use_angled_corners_collision_box>0</p.use_angled_corners_collision_box>
							<p.is_overlay>0</p.is_overlay>
							<p.is_player>0</p.is_player>
							<p.is_spring>0</p.is_spring>
							<p.is_collectable>0</p.is_collectable>
							<p.is_fan>0</p.is_fan>
							<p.is_door>0</p.is_door>
							<p.is_ring>0</p.is_ring>
							<p.is_ball>0</p.is_ball>
							<p.is_badguy>0</p.is_badguy>
						</properties>
					</Object>
				</item>
				<item class_id_reference="9" object_id="_565">
					<Object>
						<pos>
							<x>3.530000000e+02</x>
							<y>4.552000000e+03</y>
						</pos>
						<objectDefName>cloud2</objectDefName>
						<controller_num>0</controller_num>
						<properties>
							<p.feels_gravity>0</p.feels_gravity>
							<p.feels_user_input>0</p.feels_user_input>
							<p.feels_friction>0</p.feels_friction>
							<p.spawns_enemies>0</p.spawns_enemies>
							<p.is_physical>0</p.is_physical>
							<p.is_static>1</p.is_static>
							<p.is_sensor>0</p.is_sensor>
							<p.ignores_physics_rotation>0</p.ignores_physics_rotation>
							<p.do_our_own_rotation>0</p.do_our_own_rotation>
							<p.use_angled_corners_collision_box>0</p.use_angled_corners_collision_box>
							<p.is_overlay>0</p.is_overlay>
							<p.is_player>0</p.is_player>
							<p.is_spring>0</p.is_spring>
							<p.is_collectable>0</p.is_collectable>
							<p.is_fan>0</p.is_fan>
							<p.is_door>0</p.is_door>
							<p.is_ring>0</p.is_ring>
							<p.is_ball>0</p.is_ball>
							<p.is_badguy>0</p.is_badguy>
						</properties>
					</Object>
				</item>
			</objects>
			<scroll_speed>1.299999952e+00</scroll_speed>
			<name>overlays</name>
			<visible>1</visible>
		</item>
	</layers>
	<bgcolor class_id="15" tracking_level="0" version="0">
		<r>1.058823541e-01</r>
		<g>1.764705926e-01</g>
		<b>5.294117928e-01</b>
		<a>1.000000000e+00</a>
	</bgcolor>
	<bgcolor_top>
		<r>1.058823541e-01</r>
		<g>1.764705926e-01</g>
		<b>5.294117928e-01</b>
		<a>1.000000000e+00</a>
	</bgcolor_top>
	<music></music>
	<width>2560</width>
	<height>8000</height>
	<lua_script></lua_script>
</this>
</boost_serialization>

