<?xml version="1.0" encoding="UTF-8" standalone="yes" ?>
<!DOCTYPE boost_serialization>
<boost_serialization signature="serialization::archive" version="14">
<this class_id="0" tracking_level="1" version="0" object_id="_0">
	<GameMode class_id="1" tracking_level="0" version="0"></GameMode>
	<layers class_id="2" tracking_level="0" version="0">
		<count>5</count>
		<item_version>0</item_version>
		<item class_id="3" tracking_level="1" version="0" object_id="_1">
			<objects class_id="4" tracking_level="0" version="0">
				<count>1</count>
				<item_version>0</item_version>
				<item class_id="5" class_name="BackgroundObject" tracking_level="1" version="0" object_id="_2">
					<Object class_id="6" tracking_level="0" version="0">
						<pos class_id="7" tracking_level="0" version="0">
							<x>0.000000000e+00</x>
							<y>0.000000000e+00</y>
						</pos>
						<objectDefName>background-lava</objectDefName>
						<controller_num>0</controller_num>
						<properties class_id="8" tracking_level="0" version="0">
							<p.feels_gravity>0</p.feels_gravity>
							<p.feels_user_input>0</p.feels_user_input>
							<p.feels_friction>0</p.feels_friction>
							<p.spawns_enemies>0</p.spawns_enemies>
							<p.is_physical>0</p.is_physical>
							<p.is_static>0</p.is_static>
							<p.is_sensor>0</p.is_sensor>
							<p.ignores_physics_rotation>0</p.ignores_physics_rotation>
							<p.do_our_own_rotation>0</p.do_our_own_rotation>
							<p.use_angled_corners_collision_box>0</p.use_angled_corners_collision_box>
							<p.is_overlay>0</p.is_overlay>
							<p.is_player>0</p.is_player>
							<p.is_spring>0</p.is_spring>
							<p.is_collectable>0</p.is_collectable>
							<p.is_fan>0</p.is_fan>
							<p.is_door>0</p.is_door>
							<p.is_ring>0</p.is_ring>
							<p.is_ball>0</p.is_ball>
							<p.is_badguy>0</p.is_badguy>
						</properties>
					</Object>
				</item>
			</objects>
			<scroll_speed>1.500000060e-01</scroll_speed>
			<name>background</name>
			<visible>1</visible>
		</item>
		<item class_id_reference="3" object_id="_3">
			<objects>
				<count>4</count>
				<item_version>0</item_version>
				<item class_id_reference="5" object_id="_4">
					<Object>
						<pos>
							<x>0.000000000e+00</x>
							<y>0.000000000e+00</y>
						</pos>
						<objectDefName>background-lava2</objectDefName>
						<controller_num>0</controller_num>
						<properties>
							<p.feels_gravity>0</p.feels_gravity>
							<p.feels_user_input>0</p.feels_user_input>
							<p.feels_friction>0</p.feels_friction>
							<p.spawns_enemies>0</p.spawns_enemies>
							<p.is_physical>0</p.is_physical>
							<p.is_static>0</p.is_static>
							<p.is_sensor>0</p.is_sensor>
							<p.ignores_physics_rotation>0</p.ignores_physics_rotation>
							<p.do_our_own_rotation>0</p.do_our_own_rotation>
							<p.use_angled_corners_collision_box>0</p.use_angled_corners_collision_box>
							<p.is_overlay>0</p.is_overlay>
							<p.is_player>0</p.is_player>
							<p.is_spring>0</p.is_spring>
							<p.is_collectable>0</p.is_collectable>
							<p.is_fan>0</p.is_fan>
							<p.is_door>0</p.is_door>
							<p.is_ring>0</p.is_ring>
							<p.is_ball>0</p.is_ball>
							<p.is_badguy>0</p.is_badguy>
						</properties>
					</Object>
				</item>
				<item class_id="9" class_name="StaticObject" tracking_level="1" version="0" object_id="_5">
					<Object>
						<pos>
							<x>1.288000000e+03</x>
							<y>1.550000000e+02</y>
						</pos>
						<objectDefName>gear1</objectDefName>
						<controller_num>0</controller_num>
						<properties>
							<p.feels_gravity>0</p.feels_gravity>
							<p.feels_user_input>0</p.feels_user_input>
							<p.feels_friction>0</p.feels_friction>
							<p.spawns_enemies>0</p.spawns_enemies>
							<p.is_physical>1</p.is_physical>
							<p.is_static>1</p.is_static>
							<p.is_sensor>1</p.is_sensor>
							<p.ignores_physics_rotation>0</p.ignores_physics_rotation>
							<p.do_our_own_rotation>1</p.do_our_own_rotation>
							<p.use_angled_corners_collision_box>0</p.use_angled_corners_collision_box>
							<p.is_overlay>0</p.is_overlay>
							<p.is_player>0</p.is_player>
							<p.is_spring>0</p.is_spring>
							<p.is_collectable>0</p.is_collectable>
							<p.is_fan>0</p.is_fan>
							<p.is_door>0</p.is_door>
							<p.is_ring>0</p.is_ring>
							<p.is_ball>0</p.is_ball>
							<p.is_badguy>0</p.is_badguy>
						</properties>
					</Object>
				</item>
				<item class_id_reference="9" object_id="_6">
					<Object>
						<pos>
							<x>8.880000000e+02</x>
							<y>1.110000153e+02</y>
						</pos>
						<objectDefName>gear1</objectDefName>
						<controller_num>0</controller_num>
						<properties>
							<p.feels_gravity>0</p.feels_gravity>
							<p.feels_user_input>0</p.feels_user_input>
							<p.feels_friction>0</p.feels_friction>
							<p.spawns_enemies>0</p.spawns_enemies>
							<p.is_physical>1</p.is_physical>
							<p.is_static>1</p.is_static>
							<p.is_sensor>1</p.is_sensor>
							<p.ignores_physics_rotation>0</p.ignores_physics_rotation>
							<p.do_our_own_rotation>1</p.do_our_own_rotation>
							<p.use_angled_corners_collision_box>0</p.use_angled_corners_collision_box>
							<p.is_overlay>0</p.is_overlay>
							<p.is_player>0</p.is_player>
							<p.is_spring>0</p.is_spring>
							<p.is_collectable>0</p.is_collectable>
							<p.is_fan>0</p.is_fan>
							<p.is_door>0</p.is_door>
							<p.is_ring>0</p.is_ring>
							<p.is_ball>0</p.is_ball>
							<p.is_badguy>0</p.is_badguy>
						</properties>
					</Object>
				</item>
				<item class_id_reference="9" object_id="_7">
					<Object>
						<pos>
							<x>5.110000000e+02</x>
							<y>1.770000000e+02</y>
						</pos>
						<objectDefName>gear1</objectDefName>
						<controller_num>0</controller_num>
						<properties>
							<p.feels_gravity>0</p.feels_gravity>
							<p.feels_user_input>0</p.feels_user_input>
							<p.feels_friction>0</p.feels_friction>
							<p.spawns_enemies>0</p.spawns_enemies>
							<p.is_physical>1</p.is_physical>
							<p.is_static>1</p.is_static>
							<p.is_sensor>1</p.is_sensor>
							<p.ignores_physics_rotation>0</p.ignores_physics_rotation>
							<p.do_our_own_rotation>1</p.do_our_own_rotation>
							<p.use_angled_corners_collision_box>0</p.use_angled_corners_collision_box>
							<p.is_overlay>0</p.is_overlay>
							<p.is_player>0</p.is_player>
							<p.is_spring>0</p.is_spring>
							<p.is_collectable>0</p.is_collectable>
							<p.is_fan>0</p.is_fan>
							<p.is_door>0</p.is_door>
							<p.is_ring>0</p.is_ring>
							<p.is_ball>0</p.is_ball>
							<p.is_badguy>0</p.is_badguy>
						</properties>
					</Object>
				</item>
			</objects>
			<scroll_speed>4.499999881e-01</scroll_speed>
			<name>background</name>
			<visible>1</visible>
		</item>
		<item class_id_reference="3" object_id="_8">
			<objects>
				<count>99</count>
				<item_version>0</item_version>
				<item class_id="10" class_name="DoorObject" tracking_level="1" version="0" object_id="_9">
					<Object>
						<pos>
							<x>2.050000000e+03</x>
							<y>3.000000000e+01</y>
						</pos>
						<objectDefName>door-slide</objectDefName>
						<controller_num>0</controller_num>
						<properties>
							<p.feels_gravity>0</p.feels_gravity>
							<p.feels_user_input>0</p.feels_user_input>
							<p.feels_friction>0</p.feels_friction>
							<p.spawns_enemies>0</p.spawns_enemies>
							<p.is_physical>1</p.is_physical>
							<p.is_static>1</p.is_static>
							<p.is_sensor>1</p.is_sensor>
							<p.ignores_physics_rotation>0</p.ignores_physics_rotation>
							<p.do_our_own_rotation>0</p.do_our_own_rotation>
							<p.use_angled_corners_collision_box>0</p.use_angled_corners_collision_box>
							<p.is_overlay>0</p.is_overlay>
							<p.is_player>0</p.is_player>
							<p.is_spring>0</p.is_spring>
							<p.is_collectable>0</p.is_collectable>
							<p.is_fan>0</p.is_fan>
							<p.is_door>1</p.is_door>
							<p.is_ring>0</p.is_ring>
							<p.is_ball>0</p.is_ball>
							<p.is_badguy>0</p.is_badguy>
						</properties>
					</Object>
				</item>
				<item class_id_reference="9" object_id="_10">
					<Object>
						<pos>
							<x>1.750000000e+03</x>
							<y>3.000000000e+01</y>
						</pos>
						<objectDefName>jouten-sign-rocket</objectDefName>
						<controller_num>0</controller_num>
						<properties>
							<p.feels_gravity>0</p.feels_gravity>
							<p.feels_user_input>0</p.feels_user_input>
							<p.feels_friction>0</p.feels_friction>
							<p.spawns_enemies>0</p.spawns_enemies>
							<p.is_physical>0</p.is_physical>
							<p.is_static>1</p.is_static>
							<p.is_sensor>0</p.is_sensor>
							<p.ignores_physics_rotation>0</p.ignores_physics_rotation>
							<p.do_our_own_rotation>0</p.do_our_own_rotation>
							<p.use_angled_corners_collision_box>0</p.use_angled_corners_collision_box>
							<p.is_overlay>0</p.is_overlay>
							<p.is_player>0</p.is_player>
							<p.is_spring>0</p.is_spring>
							<p.is_collectable>0</p.is_collectable>
							<p.is_fan>0</p.is_fan>
							<p.is_door>0</p.is_door>
							<p.is_ring>0</p.is_ring>
							<p.is_ball>0</p.is_ball>
							<p.is_badguy>0</p.is_badguy>
						</properties>
					</Object>
				</item>
				<item class_id_reference="9" object_id="_11">
					<Object>
						<pos>
							<x>1.800000000e+03</x>
							<y>3.000000000e+01</y>
						</pos>
						<objectDefName>jouten-house</objectDefName>
						<controller_num>0</controller_num>
						<properties>
							<p.feels_gravity>0</p.feels_gravity>
							<p.feels_user_input>0</p.feels_user_input>
							<p.feels_friction>0</p.feels_friction>
							<p.spawns_enemies>0</p.spawns_enemies>
							<p.is_physical>0</p.is_physical>
							<p.is_static>1</p.is_static>
							<p.is_sensor>0</p.is_sensor>
							<p.ignores_physics_rotation>0</p.ignores_physics_rotation>
							<p.do_our_own_rotation>0</p.do_our_own_rotation>
							<p.use_angled_corners_collision_box>0</p.use_angled_corners_collision_box>
							<p.is_overlay>0</p.is_overlay>
							<p.is_player>0</p.is_player>
							<p.is_spring>0</p.is_spring>
							<p.is_collectable>0</p.is_collectable>
							<p.is_fan>0</p.is_fan>
							<p.is_door>0</p.is_door>
							<p.is_ring>0</p.is_ring>
							<p.is_ball>0</p.is_ball>
							<p.is_badguy>0</p.is_badguy>
						</properties>
					</Object>
				</item>
				<item class_id_reference="9" object_id="_12">
					<Object>
						<pos>
							<x>1.200000000e+03</x>
							<y>3.000000000e+01</y>
						</pos>
						<objectDefName>s_sign_arrow</objectDefName>
						<controller_num>0</controller_num>
						<properties>
							<p.feels_gravity>0</p.feels_gravity>
							<p.feels_user_input>0</p.feels_user_input>
							<p.feels_friction>0</p.feels_friction>
							<p.spawns_enemies>0</p.spawns_enemies>
							<p.is_physical>0</p.is_physical>
							<p.is_static>1</p.is_static>
							<p.is_sensor>0</p.is_sensor>
							<p.ignores_physics_rotation>0</p.ignores_physics_rotation>
							<p.do_our_own_rotation>0</p.do_our_own_rotation>
							<p.use_angled_corners_collision_box>0</p.use_angled_corners_collision_box>
							<p.is_overlay>0</p.is_overlay>
							<p.is_player>0</p.is_player>
							<p.is_spring>0</p.is_spring>
							<p.is_collectable>0</p.is_collectable>
							<p.is_fan>0</p.is_fan>
							<p.is_door>0</p.is_door>
							<p.is_ring>0</p.is_ring>
							<p.is_ball>0</p.is_ball>
							<p.is_badguy>0</p.is_badguy>
						</properties>
					</Object>
				</item>
				<item class_id_reference="9" object_id="_13">
					<Object>
						<pos>
							<x>1.100000000e+03</x>
							<y>3.000000000e+01</y>
						</pos>
						<objectDefName>s_sign_arrow</objectDefName>
						<controller_num>0</controller_num>
						<properties>
							<p.feels_gravity>0</p.feels_gravity>
							<p.feels_user_input>0</p.feels_user_input>
							<p.feels_friction>0</p.feels_friction>
							<p.spawns_enemies>0</p.spawns_enemies>
							<p.is_physical>0</p.is_physical>
							<p.is_static>1</p.is_static>
							<p.is_sensor>0</p.is_sensor>
							<p.ignores_physics_rotation>0</p.ignores_physics_rotation>
							<p.do_our_own_rotation>0</p.do_our_own_rotation>
							<p.use_angled_corners_collision_box>0</p.use_angled_corners_collision_box>
							<p.is_overlay>0</p.is_overlay>
							<p.is_player>0</p.is_player>
							<p.is_spring>0</p.is_spring>
							<p.is_collectable>0</p.is_collectable>
							<p.is_fan>0</p.is_fan>
							<p.is_door>0</p.is_door>
							<p.is_ring>0</p.is_ring>
							<p.is_ball>0</p.is_ball>
							<p.is_badguy>0</p.is_badguy>
						</properties>
					</Object>
				</item>
				<item class_id_reference="9" object_id="_14">
					<Object>
						<pos>
							<x>1.000000000e+03</x>
							<y>3.000000000e+01</y>
						</pos>
						<objectDefName>s_sign_arrow</objectDefName>
						<controller_num>0</controller_num>
						<properties>
							<p.feels_gravity>0</p.feels_gravity>
							<p.feels_user_input>0</p.feels_user_input>
							<p.feels_friction>0</p.feels_friction>
							<p.spawns_enemies>0</p.spawns_enemies>
							<p.is_physical>0</p.is_physical>
							<p.is_static>1</p.is_static>
							<p.is_sensor>0</p.is_sensor>
							<p.ignores_physics_rotation>0</p.ignores_physics_rotation>
							<p.do_our_own_rotation>0</p.do_our_own_rotation>
							<p.use_angled_corners_collision_box>0</p.use_angled_corners_collision_box>
							<p.is_overlay>0</p.is_overlay>
							<p.is_player>0</p.is_player>
							<p.is_spring>0</p.is_spring>
							<p.is_collectable>0</p.is_collectable>
							<p.is_fan>0</p.is_fan>
							<p.is_door>0</p.is_door>
							<p.is_ring>0</p.is_ring>
							<p.is_ball>0</p.is_ball>
							<p.is_badguy>0</p.is_badguy>
						</properties>
					</Object>
				</item>
				<item class_id_reference="9" object_id="_15">
					<Object>
						<pos>
							<x>3.000000000e+01</x>
							<y>3.000000000e+01</y>
						</pos>
						<objectDefName>s_sign_arrow</objectDefName>
						<controller_num>0</controller_num>
						<properties>
							<p.feels_gravity>0</p.feels_gravity>
							<p.feels_user_input>0</p.feels_user_input>
							<p.feels_friction>0</p.feels_friction>
							<p.spawns_enemies>0</p.spawns_enemies>
							<p.is_physical>0</p.is_physical>
							<p.is_static>1</p.is_static>
							<p.is_sensor>0</p.is_sensor>
							<p.ignores_physics_rotation>0</p.ignores_physics_rotation>
							<p.do_our_own_rotation>0</p.do_our_own_rotation>
							<p.use_angled_corners_collision_box>0</p.use_angled_corners_collision_box>
							<p.is_overlay>0</p.is_overlay>
							<p.is_player>0</p.is_player>
							<p.is_spring>0</p.is_spring>
							<p.is_collectable>0</p.is_collectable>
							<p.is_fan>0</p.is_fan>
							<p.is_door>0</p.is_door>
							<p.is_ring>0</p.is_ring>
							<p.is_ball>0</p.is_ball>
							<p.is_badguy>0</p.is_badguy>
						</properties>
					</Object>
				</item>
				<item class_id_reference="9" object_id="_16">
					<Object>
						<pos>
							<x>5.070000000e+03</x>
							<y>3.000000000e+01</y>
						</pos>
						<objectDefName>s_sign_arrow</objectDefName>
						<controller_num>0</controller_num>
						<properties>
							<p.feels_gravity>0</p.feels_gravity>
							<p.feels_user_input>0</p.feels_user_input>
							<p.feels_friction>0</p.feels_friction>
							<p.spawns_enemies>0</p.spawns_enemies>
							<p.is_physical>0</p.is_physical>
							<p.is_static>1</p.is_static>
							<p.is_sensor>0</p.is_sensor>
							<p.ignores_physics_rotation>0</p.ignores_physics_rotation>
							<p.do_our_own_rotation>0</p.do_our_own_rotation>
							<p.use_angled_corners_collision_box>0</p.use_angled_corners_collision_box>
							<p.is_overlay>0</p.is_overlay>
							<p.is_player>0</p.is_player>
							<p.is_spring>0</p.is_spring>
							<p.is_collectable>0</p.is_collectable>
							<p.is_fan>0</p.is_fan>
							<p.is_door>0</p.is_door>
							<p.is_ring>0</p.is_ring>
							<p.is_ball>0</p.is_ball>
							<p.is_badguy>0</p.is_badguy>
						</properties>
					</Object>
				</item>
				<item class_id_reference="9" object_id="_17">
					<Object>
						<pos>
							<x>5.200000000e+03</x>
							<y>3.000000000e+01</y>
						</pos>
						<objectDefName>s_sign_credits</objectDefName>
						<controller_num>0</controller_num>
						<properties>
							<p.feels_gravity>0</p.feels_gravity>
							<p.feels_user_input>0</p.feels_user_input>
							<p.feels_friction>0</p.feels_friction>
							<p.spawns_enemies>0</p.spawns_enemies>
							<p.is_physical>0</p.is_physical>
							<p.is_static>1</p.is_static>
							<p.is_sensor>0</p.is_sensor>
							<p.ignores_physics_rotation>0</p.ignores_physics_rotation>
							<p.do_our_own_rotation>0</p.do_our_own_rotation>
							<p.use_angled_corners_collision_box>0</p.use_angled_corners_collision_box>
							<p.is_overlay>0</p.is_overlay>
							<p.is_player>0</p.is_player>
							<p.is_spring>0</p.is_spring>
							<p.is_collectable>0</p.is_collectable>
							<p.is_fan>0</p.is_fan>
							<p.is_door>0</p.is_door>
							<p.is_ring>0</p.is_ring>
							<p.is_ball>0</p.is_ball>
							<p.is_badguy>0</p.is_badguy>
						</properties>
					</Object>
				</item>
				<item class_id_reference="10" object_id="_18">
					<Object>
						<pos>
							<x>5.000000000e+03</x>
							<y>3.000000000e+01</y>
						</pos>
						<objectDefName>door</objectDefName>
						<controller_num>0</controller_num>
						<properties>
							<p.feels_gravity>0</p.feels_gravity>
							<p.feels_user_input>0</p.feels_user_input>
							<p.feels_friction>0</p.feels_friction>
							<p.spawns_enemies>0</p.spawns_enemies>
							<p.is_physical>1</p.is_physical>
							<p.is_static>1</p.is_static>
							<p.is_sensor>1</p.is_sensor>
							<p.ignores_physics_rotation>0</p.ignores_physics_rotation>
							<p.do_our_own_rotation>1</p.do_our_own_rotation>
							<p.use_angled_corners_collision_box>0</p.use_angled_corners_collision_box>
							<p.is_overlay>0</p.is_overlay>
							<p.is_player>0</p.is_player>
							<p.is_spring>0</p.is_spring>
							<p.is_collectable>0</p.is_collectable>
							<p.is_fan>0</p.is_fan>
							<p.is_door>1</p.is_door>
							<p.is_ring>0</p.is_ring>
							<p.is_ball>0</p.is_ball>
							<p.is_badguy>0</p.is_badguy>
						</properties>
					</Object>
				</item>
				<item class_id_reference="9" object_id="_19">
					<Object>
						<pos>
							<x>4.930000000e+03</x>
							<y>3.000000000e+01</y>
						</pos>
						<objectDefName>s_sign_arrow</objectDefName>
						<controller_num>0</controller_num>
						<properties>
							<p.feels_gravity>0</p.feels_gravity>
							<p.feels_user_input>0</p.feels_user_input>
							<p.feels_friction>0</p.feels_friction>
							<p.spawns_enemies>0</p.spawns_enemies>
							<p.is_physical>0</p.is_physical>
							<p.is_static>1</p.is_static>
							<p.is_sensor>0</p.is_sensor>
							<p.ignores_physics_rotation>0</p.ignores_physics_rotation>
							<p.do_our_own_rotation>0</p.do_our_own_rotation>
							<p.use_angled_corners_collision_box>0</p.use_angled_corners_collision_box>
							<p.is_overlay>0</p.is_overlay>
							<p.is_player>0</p.is_player>
							<p.is_spring>0</p.is_spring>
							<p.is_collectable>0</p.is_collectable>
							<p.is_fan>0</p.is_fan>
							<p.is_door>0</p.is_door>
							<p.is_ring>0</p.is_ring>
							<p.is_ball>0</p.is_ball>
							<p.is_badguy>0</p.is_badguy>
						</properties>
					</Object>
				</item>
				<item class_id_reference="9" object_id="_20">
					<Object>
						<pos>
							<x>0.000000000e+00</x>
							<y>4.980000000e+03</y>
						</pos>
						<objectDefName>floor3_a</objectDefName>
						<controller_num>0</controller_num>
						<properties>
							<p.feels_gravity>0</p.feels_gravity>
							<p.feels_user_input>0</p.feels_user_input>
							<p.feels_friction>0</p.feels_friction>
							<p.spawns_enemies>0</p.spawns_enemies>
							<p.is_physical>1</p.is_physical>
							<p.is_static>1</p.is_static>
							<p.is_sensor>0</p.is_sensor>
							<p.ignores_physics_rotation>0</p.ignores_physics_rotation>
							<p.do_our_own_rotation>0</p.do_our_own_rotation>
							<p.use_angled_corners_collision_box>0</p.use_angled_corners_collision_box>
							<p.is_overlay>0</p.is_overlay>
							<p.is_player>0</p.is_player>
							<p.is_spring>0</p.is_spring>
							<p.is_collectable>0</p.is_collectable>
							<p.is_fan>0</p.is_fan>
							<p.is_door>0</p.is_door>
							<p.is_ring>0</p.is_ring>
							<p.is_ball>0</p.is_ball>
							<p.is_badguy>0</p.is_badguy>
						</properties>
					</Object>
				</item>
				<item class_id_reference="9" object_id="_21">
					<Object>
						<pos>
							<x>9.130000000e+02</x>
							<y>3.000000000e+01</y>
						</pos>
						<objectDefName>s_siren</objectDefName>
						<controller_num>0</controller_num>
						<properties>
							<p.feels_gravity>0</p.feels_gravity>
							<p.feels_user_input>0</p.feels_user_input>
							<p.feels_friction>0</p.feels_friction>
							<p.spawns_enemies>0</p.spawns_enemies>
							<p.is_physical>0</p.is_physical>
							<p.is_static>1</p.is_static>
							<p.is_sensor>0</p.is_sensor>
							<p.ignores_physics_rotation>0</p.ignores_physics_rotation>
							<p.do_our_own_rotation>0</p.do_our_own_rotation>
							<p.use_angled_corners_collision_box>0</p.use_angled_corners_collision_box>
							<p.is_overlay>0</p.is_overlay>
							<p.is_player>0</p.is_player>
							<p.is_spring>0</p.is_spring>
							<p.is_collectable>0</p.is_collectable>
							<p.is_fan>0</p.is_fan>
							<p.is_door>0</p.is_door>
							<p.is_ring>0</p.is_ring>
							<p.is_ball>0</p.is_ball>
							<p.is_badguy>0</p.is_badguy>
						</properties>
					</Object>
				</item>
				<item class_id_reference="9" object_id="_22">
					<Object>
						<pos>
							<x>3.460000000e+02</x>
							<y>3.000000000e+01</y>
						</pos>
						<objectDefName>s_siren</objectDefName>
						<controller_num>0</controller_num>
						<properties>
							<p.feels_gravity>0</p.feels_gravity>
							<p.feels_user_input>0</p.feels_user_input>
							<p.feels_friction>0</p.feels_friction>
							<p.spawns_enemies>0</p.spawns_enemies>
							<p.is_physical>0</p.is_physical>
							<p.is_static>1</p.is_static>
							<p.is_sensor>0</p.is_sensor>
							<p.ignores_physics_rotation>0</p.ignores_physics_rotation>
							<p.do_our_own_rotation>0</p.do_our_own_rotation>
							<p.use_angled_corners_collision_box>0</p.use_angled_corners_collision_box>
							<p.is_overlay>0</p.is_overlay>
							<p.is_player>0</p.is_player>
							<p.is_spring>0</p.is_spring>
							<p.is_collectable>0</p.is_collectable>
							<p.is_fan>0</p.is_fan>
							<p.is_door>0</p.is_door>
							<p.is_ring>0</p.is_ring>
							<p.is_ball>0</p.is_ball>
							<p.is_badguy>0</p.is_badguy>
						</properties>
					</Object>
				</item>
				<item class_id_reference="9" object_id="_23">
					<Object>
						<pos>
							<x>2.269000000e+03</x>
							<y>3.000000000e+01</y>
						</pos>
						<objectDefName>s_siren</objectDefName>
						<controller_num>0</controller_num>
						<properties>
							<p.feels_gravity>0</p.feels_gravity>
							<p.feels_user_input>0</p.feels_user_input>
							<p.feels_friction>0</p.feels_friction>
							<p.spawns_enemies>0</p.spawns_enemies>
							<p.is_physical>0</p.is_physical>
							<p.is_static>1</p.is_static>
							<p.is_sensor>0</p.is_sensor>
							<p.ignores_physics_rotation>0</p.ignores_physics_rotation>
							<p.do_our_own_rotation>0</p.do_our_own_rotation>
							<p.use_angled_corners_collision_box>0</p.use_angled_corners_collision_box>
							<p.is_overlay>0</p.is_overlay>
							<p.is_player>0</p.is_player>
							<p.is_spring>0</p.is_spring>
							<p.is_collectable>0</p.is_collectable>
							<p.is_fan>0</p.is_fan>
							<p.is_door>0</p.is_door>
							<p.is_ring>0</p.is_ring>
							<p.is_ball>0</p.is_ball>
							<p.is_badguy>0</p.is_badguy>
						</properties>
					</Object>
				</item>
				<item class_id_reference="9" object_id="_24">
					<Object>
						<pos>
							<x>3.520000000e+02</x>
							<y>3.000000000e+01</y>
						</pos>
						<objectDefName>s_siren</objectDefName>
						<controller_num>0</controller_num>
						<properties>
							<p.feels_gravity>0</p.feels_gravity>
							<p.feels_user_input>0</p.feels_user_input>
							<p.feels_friction>0</p.feels_friction>
							<p.spawns_enemies>0</p.spawns_enemies>
							<p.is_physical>0</p.is_physical>
							<p.is_static>1</p.is_static>
							<p.is_sensor>0</p.is_sensor>
							<p.ignores_physics_rotation>0</p.ignores_physics_rotation>
							<p.do_our_own_rotation>0</p.do_our_own_rotation>
							<p.use_angled_corners_collision_box>0</p.use_angled_corners_collision_box>
							<p.is_overlay>0</p.is_overlay>
							<p.is_player>0</p.is_player>
							<p.is_spring>0</p.is_spring>
							<p.is_collectable>0</p.is_collectable>
							<p.is_fan>0</p.is_fan>
							<p.is_door>0</p.is_door>
							<p.is_ring>0</p.is_ring>
							<p.is_ball>0</p.is_ball>
							<p.is_badguy>0</p.is_badguy>
						</properties>
					</Object>
				</item>
				<item class_id_reference="9" object_id="_25">
					<Object>
						<pos>
							<x>2.500000000e+03</x>
							<y>3.000000000e+01</y>
						</pos>
						<objectDefName>s_siren</objectDefName>
						<controller_num>0</controller_num>
						<properties>
							<p.feels_gravity>0</p.feels_gravity>
							<p.feels_user_input>0</p.feels_user_input>
							<p.feels_friction>0</p.feels_friction>
							<p.spawns_enemies>0</p.spawns_enemies>
							<p.is_physical>0</p.is_physical>
							<p.is_static>1</p.is_static>
							<p.is_sensor>0</p.is_sensor>
							<p.ignores_physics_rotation>0</p.ignores_physics_rotation>
							<p.do_our_own_rotation>0</p.do_our_own_rotation>
							<p.use_angled_corners_collision_box>0</p.use_angled_corners_collision_box>
							<p.is_overlay>0</p.is_overlay>
							<p.is_player>0</p.is_player>
							<p.is_spring>0</p.is_spring>
							<p.is_collectable>0</p.is_collectable>
							<p.is_fan>0</p.is_fan>
							<p.is_door>0</p.is_door>
							<p.is_ring>0</p.is_ring>
							<p.is_ball>0</p.is_ball>
							<p.is_badguy>0</p.is_badguy>
						</properties>
					</Object>
				</item>
				<item class_id_reference="9" object_id="_26">
					<Object>
						<pos>
							<x>6.170000000e+02</x>
							<y>3.000000000e+01</y>
						</pos>
						<objectDefName>s_siren</objectDefName>
						<controller_num>0</controller_num>
						<properties>
							<p.feels_gravity>0</p.feels_gravity>
							<p.feels_user_input>0</p.feels_user_input>
							<p.feels_friction>0</p.feels_friction>
							<p.spawns_enemies>0</p.spawns_enemies>
							<p.is_physical>0</p.is_physical>
							<p.is_static>1</p.is_static>
							<p.is_sensor>0</p.is_sensor>
							<p.ignores_physics_rotation>0</p.ignores_physics_rotation>
							<p.do_our_own_rotation>0</p.do_our_own_rotation>
							<p.use_angled_corners_collision_box>0</p.use_angled_corners_collision_box>
							<p.is_overlay>0</p.is_overlay>
							<p.is_player>0</p.is_player>
							<p.is_spring>0</p.is_spring>
							<p.is_collectable>0</p.is_collectable>
							<p.is_fan>0</p.is_fan>
							<p.is_door>0</p.is_door>
							<p.is_ring>0</p.is_ring>
							<p.is_ball>0</p.is_ball>
							<p.is_badguy>0</p.is_badguy>
						</properties>
					</Object>
				</item>
				<item class_id_reference="9" object_id="_27">
					<Object>
						<pos>
							<x>1.612000000e+03</x>
							<y>3.000000000e+01</y>
						</pos>
						<objectDefName>s_siren</objectDefName>
						<controller_num>0</controller_num>
						<properties>
							<p.feels_gravity>0</p.feels_gravity>
							<p.feels_user_input>0</p.feels_user_input>
							<p.feels_friction>0</p.feels_friction>
							<p.spawns_enemies>0</p.spawns_enemies>
							<p.is_physical>0</p.is_physical>
							<p.is_static>1</p.is_static>
							<p.is_sensor>0</p.is_sensor>
							<p.ignores_physics_rotation>0</p.ignores_physics_rotation>
							<p.do_our_own_rotation>0</p.do_our_own_rotation>
							<p.use_angled_corners_collision_box>0</p.use_angled_corners_collision_box>
							<p.is_overlay>0</p.is_overlay>
							<p.is_player>0</p.is_player>
							<p.is_spring>0</p.is_spring>
							<p.is_collectable>0</p.is_collectable>
							<p.is_fan>0</p.is_fan>
							<p.is_door>0</p.is_door>
							<p.is_ring>0</p.is_ring>
							<p.is_ball>0</p.is_ball>
							<p.is_badguy>0</p.is_badguy>
						</properties>
					</Object>
				</item>
				<item class_id_reference="9" object_id="_28">
					<Object>
						<pos>
							<x>9.470000000e+02</x>
							<y>3.000000000e+01</y>
						</pos>
						<objectDefName>s_siren</objectDefName>
						<controller_num>0</controller_num>
						<properties>
							<p.feels_gravity>0</p.feels_gravity>
							<p.feels_user_input>0</p.feels_user_input>
							<p.feels_friction>0</p.feels_friction>
							<p.spawns_enemies>0</p.spawns_enemies>
							<p.is_physical>0</p.is_physical>
							<p.is_static>1</p.is_static>
							<p.is_sensor>0</p.is_sensor>
							<p.ignores_physics_rotation>0</p.ignores_physics_rotation>
							<p.do_our_own_rotation>0</p.do_our_own_rotation>
							<p.use_angled_corners_collision_box>0</p.use_angled_corners_collision_box>
							<p.is_overlay>0</p.is_overlay>
							<p.is_player>0</p.is_player>
							<p.is_spring>0</p.is_spring>
							<p.is_collectable>0</p.is_collectable>
							<p.is_fan>0</p.is_fan>
							<p.is_door>0</p.is_door>
							<p.is_ring>0</p.is_ring>
							<p.is_ball>0</p.is_ball>
							<p.is_badguy>0</p.is_badguy>
						</properties>
					</Object>
				</item>
				<item class_id_reference="9" object_id="_29">
					<Object>
						<pos>
							<x>2.481000000e+03</x>
							<y>3.000000000e+01</y>
						</pos>
						<objectDefName>s_siren</objectDefName>
						<controller_num>0</controller_num>
						<properties>
							<p.feels_gravity>0</p.feels_gravity>
							<p.feels_user_input>0</p.feels_user_input>
							<p.feels_friction>0</p.feels_friction>
							<p.spawns_enemies>0</p.spawns_enemies>
							<p.is_physical>0</p.is_physical>
							<p.is_static>1</p.is_static>
							<p.is_sensor>0</p.is_sensor>
							<p.ignores_physics_rotation>0</p.ignores_physics_rotation>
							<p.do_our_own_rotation>0</p.do_our_own_rotation>
							<p.use_angled_corners_collision_box>0</p.use_angled_corners_collision_box>
							<p.is_overlay>0</p.is_overlay>
							<p.is_player>0</p.is_player>
							<p.is_spring>0</p.is_spring>
							<p.is_collectable>0</p.is_collectable>
							<p.is_fan>0</p.is_fan>
							<p.is_door>0</p.is_door>
							<p.is_ring>0</p.is_ring>
							<p.is_ball>0</p.is_ball>
							<p.is_badguy>0</p.is_badguy>
						</properties>
					</Object>
				</item>
				<item class_id_reference="9" object_id="_30">
					<Object>
						<pos>
							<x>1.768000000e+03</x>
							<y>3.000000000e+01</y>
						</pos>
						<objectDefName>s_siren</objectDefName>
						<controller_num>0</controller_num>
						<properties>
							<p.feels_gravity>0</p.feels_gravity>
							<p.feels_user_input>0</p.feels_user_input>
							<p.feels_friction>0</p.feels_friction>
							<p.spawns_enemies>0</p.spawns_enemies>
							<p.is_physical>0</p.is_physical>
							<p.is_static>1</p.is_static>
							<p.is_sensor>0</p.is_sensor>
							<p.ignores_physics_rotation>0</p.ignores_physics_rotation>
							<p.do_our_own_rotation>0</p.do_our_own_rotation>
							<p.use_angled_corners_collision_box>0</p.use_angled_corners_collision_box>
							<p.is_overlay>0</p.is_overlay>
							<p.is_player>0</p.is_player>
							<p.is_spring>0</p.is_spring>
							<p.is_collectable>0</p.is_collectable>
							<p.is_fan>0</p.is_fan>
							<p.is_door>0</p.is_door>
							<p.is_ring>0</p.is_ring>
							<p.is_ball>0</p.is_ball>
							<p.is_badguy>0</p.is_badguy>
						</properties>
					</Object>
				</item>
				<item class_id_reference="9" object_id="_31">
					<Object>
						<pos>
							<x>9.804000000e+03</x>
							<y>-3.400000000e+01</y>
						</pos>
						<objectDefName>floor2</objectDefName>
						<controller_num>0</controller_num>
						<properties>
							<p.feels_gravity>0</p.feels_gravity>
							<p.feels_user_input>0</p.feels_user_input>
							<p.feels_friction>0</p.feels_friction>
							<p.spawns_enemies>0</p.spawns_enemies>
							<p.is_physical>1</p.is_physical>
							<p.is_static>1</p.is_static>
							<p.is_sensor>0</p.is_sensor>
							<p.ignores_physics_rotation>0</p.ignores_physics_rotation>
							<p.do_our_own_rotation>0</p.do_our_own_rotation>
							<p.use_angled_corners_collision_box>0</p.use_angled_corners_collision_box>
							<p.is_overlay>0</p.is_overlay>
							<p.is_player>0</p.is_player>
							<p.is_spring>0</p.is_spring>
							<p.is_collectable>0</p.is_collectable>
							<p.is_fan>0</p.is_fan>
							<p.is_door>0</p.is_door>
							<p.is_ring>0</p.is_ring>
							<p.is_ball>0</p.is_ball>
							<p.is_badguy>0</p.is_badguy>
						</properties>
					</Object>
				</item>
				<item class_id_reference="9" object_id="_32">
					<Object>
						<pos>
							<x>9.675000000e+03</x>
							<y>-3.400000000e+01</y>
						</pos>
						<objectDefName>floor2</objectDefName>
						<controller_num>0</controller_num>
						<properties>
							<p.feels_gravity>0</p.feels_gravity>
							<p.feels_user_input>0</p.feels_user_input>
							<p.feels_friction>0</p.feels_friction>
							<p.spawns_enemies>0</p.spawns_enemies>
							<p.is_physical>1</p.is_physical>
							<p.is_static>1</p.is_static>
							<p.is_sensor>0</p.is_sensor>
							<p.ignores_physics_rotation>0</p.ignores_physics_rotation>
							<p.do_our_own_rotation>0</p.do_our_own_rotation>
							<p.use_angled_corners_collision_box>0</p.use_angled_corners_collision_box>
							<p.is_overlay>0</p.is_overlay>
							<p.is_player>0</p.is_player>
							<p.is_spring>0</p.is_spring>
							<p.is_collectable>0</p.is_collectable>
							<p.is_fan>0</p.is_fan>
							<p.is_door>0</p.is_door>
							<p.is_ring>0</p.is_ring>
							<p.is_ball>0</p.is_ball>
							<p.is_badguy>0</p.is_badguy>
						</properties>
					</Object>
				</item>
				<item class_id_reference="9" object_id="_33">
					<Object>
						<pos>
							<x>9.546000000e+03</x>
							<y>-3.400000000e+01</y>
						</pos>
						<objectDefName>floor2</objectDefName>
						<controller_num>0</controller_num>
						<properties>
							<p.feels_gravity>0</p.feels_gravity>
							<p.feels_user_input>0</p.feels_user_input>
							<p.feels_friction>0</p.feels_friction>
							<p.spawns_enemies>0</p.spawns_enemies>
							<p.is_physical>1</p.is_physical>
							<p.is_static>1</p.is_static>
							<p.is_sensor>0</p.is_sensor>
							<p.ignores_physics_rotation>0</p.ignores_physics_rotation>
							<p.do_our_own_rotation>0</p.do_our_own_rotation>
							<p.use_angled_corners_collision_box>0</p.use_angled_corners_collision_box>
							<p.is_overlay>0</p.is_overlay>
							<p.is_player>0</p.is_player>
							<p.is_spring>0</p.is_spring>
							<p.is_collectable>0</p.is_collectable>
							<p.is_fan>0</p.is_fan>
							<p.is_door>0</p.is_door>
							<p.is_ring>0</p.is_ring>
							<p.is_ball>0</p.is_ball>
							<p.is_badguy>0</p.is_badguy>
						</properties>
					</Object>
				</item>
				<item class_id_reference="9" object_id="_34">
					<Object>
						<pos>
							<x>9.417000000e+03</x>
							<y>-3.400000000e+01</y>
						</pos>
						<objectDefName>floor2</objectDefName>
						<controller_num>0</controller_num>
						<properties>
							<p.feels_gravity>0</p.feels_gravity>
							<p.feels_user_input>0</p.feels_user_input>
							<p.feels_friction>0</p.feels_friction>
							<p.spawns_enemies>0</p.spawns_enemies>
							<p.is_physical>1</p.is_physical>
							<p.is_static>1</p.is_static>
							<p.is_sensor>0</p.is_sensor>
							<p.ignores_physics_rotation>0</p.ignores_physics_rotation>
							<p.do_our_own_rotation>0</p.do_our_own_rotation>
							<p.use_angled_corners_collision_box>0</p.use_angled_corners_collision_box>
							<p.is_overlay>0</p.is_overlay>
							<p.is_player>0</p.is_player>
							<p.is_spring>0</p.is_spring>
							<p.is_collectable>0</p.is_collectable>
							<p.is_fan>0</p.is_fan>
							<p.is_door>0</p.is_door>
							<p.is_ring>0</p.is_ring>
							<p.is_ball>0</p.is_ball>
							<p.is_badguy>0</p.is_badguy>
						</properties>
					</Object>
				</item>
				<item class_id_reference="9" object_id="_35">
					<Object>
						<pos>
							<x>9.288000000e+03</x>
							<y>-3.400000000e+01</y>
						</pos>
						<objectDefName>floor2</objectDefName>
						<controller_num>0</controller_num>
						<properties>
							<p.feels_gravity>0</p.feels_gravity>
							<p.feels_user_input>0</p.feels_user_input>
							<p.feels_friction>0</p.feels_friction>
							<p.spawns_enemies>0</p.spawns_enemies>
							<p.is_physical>1</p.is_physical>
							<p.is_static>1</p.is_static>
							<p.is_sensor>0</p.is_sensor>
							<p.ignores_physics_rotation>0</p.ignores_physics_rotation>
							<p.do_our_own_rotation>0</p.do_our_own_rotation>
							<p.use_angled_corners_collision_box>0</p.use_angled_corners_collision_box>
							<p.is_overlay>0</p.is_overlay>
							<p.is_player>0</p.is_player>
							<p.is_spring>0</p.is_spring>
							<p.is_collectable>0</p.is_collectable>
							<p.is_fan>0</p.is_fan>
							<p.is_door>0</p.is_door>
							<p.is_ring>0</p.is_ring>
							<p.is_ball>0</p.is_ball>
							<p.is_badguy>0</p.is_badguy>
						</properties>
					</Object>
				</item>
				<item class_id_reference="9" object_id="_36">
					<Object>
						<pos>
							<x>9.159000000e+03</x>
							<y>-3.400000000e+01</y>
						</pos>
						<objectDefName>floor2</objectDefName>
						<controller_num>0</controller_num>
						<properties>
							<p.feels_gravity>0</p.feels_gravity>
							<p.feels_user_input>0</p.feels_user_input>
							<p.feels_friction>0</p.feels_friction>
							<p.spawns_enemies>0</p.spawns_enemies>
							<p.is_physical>1</p.is_physical>
							<p.is_static>1</p.is_static>
							<p.is_sensor>0</p.is_sensor>
							<p.ignores_physics_rotation>0</p.ignores_physics_rotation>
							<p.do_our_own_rotation>0</p.do_our_own_rotation>
							<p.use_angled_corners_collision_box>0</p.use_angled_corners_collision_box>
							<p.is_overlay>0</p.is_overlay>
							<p.is_player>0</p.is_player>
							<p.is_spring>0</p.is_spring>
							<p.is_collectable>0</p.is_collectable>
							<p.is_fan>0</p.is_fan>
							<p.is_door>0</p.is_door>
							<p.is_ring>0</p.is_ring>
							<p.is_ball>0</p.is_ball>
							<p.is_badguy>0</p.is_badguy>
						</properties>
					</Object>
				</item>
				<item class_id_reference="9" object_id="_37">
					<Object>
						<pos>
							<x>9.030000000e+03</x>
							<y>-3.400000000e+01</y>
						</pos>
						<objectDefName>floor2</objectDefName>
						<controller_num>0</controller_num>
						<properties>
							<p.feels_gravity>0</p.feels_gravity>
							<p.feels_user_input>0</p.feels_user_input>
							<p.feels_friction>0</p.feels_friction>
							<p.spawns_enemies>0</p.spawns_enemies>
							<p.is_physical>1</p.is_physical>
							<p.is_static>1</p.is_static>
							<p.is_sensor>0</p.is_sensor>
							<p.ignores_physics_rotation>0</p.ignores_physics_rotation>
							<p.do_our_own_rotation>0</p.do_our_own_rotation>
							<p.use_angled_corners_collision_box>0</p.use_angled_corners_collision_box>
							<p.is_overlay>0</p.is_overlay>
							<p.is_player>0</p.is_player>
							<p.is_spring>0</p.is_spring>
							<p.is_collectable>0</p.is_collectable>
							<p.is_fan>0</p.is_fan>
							<p.is_door>0</p.is_door>
							<p.is_ring>0</p.is_ring>
							<p.is_ball>0</p.is_ball>
							<p.is_badguy>0</p.is_badguy>
						</properties>
					</Object>
				</item>
				<item class_id_reference="9" object_id="_38">
					<Object>
						<pos>
							<x>8.901000000e+03</x>
							<y>-3.400000000e+01</y>
						</pos>
						<objectDefName>floor2</objectDefName>
						<controller_num>0</controller_num>
						<properties>
							<p.feels_gravity>0</p.feels_gravity>
							<p.feels_user_input>0</p.feels_user_input>
							<p.feels_friction>0</p.feels_friction>
							<p.spawns_enemies>0</p.spawns_enemies>
							<p.is_physical>1</p.is_physical>
							<p.is_static>1</p.is_static>
							<p.is_sensor>0</p.is_sensor>
							<p.ignores_physics_rotation>0</p.ignores_physics_rotation>
							<p.do_our_own_rotation>0</p.do_our_own_rotation>
							<p.use_angled_corners_collision_box>0</p.use_angled_corners_collision_box>
							<p.is_overlay>0</p.is_overlay>
							<p.is_player>0</p.is_player>
							<p.is_spring>0</p.is_spring>
							<p.is_collectable>0</p.is_collectable>
							<p.is_fan>0</p.is_fan>
							<p.is_door>0</p.is_door>
							<p.is_ring>0</p.is_ring>
							<p.is_ball>0</p.is_ball>
							<p.is_badguy>0</p.is_badguy>
						</properties>
					</Object>
				</item>
				<item class_id_reference="9" object_id="_39">
					<Object>
						<pos>
							<x>8.772000000e+03</x>
							<y>-3.400000000e+01</y>
						</pos>
						<objectDefName>floor2</objectDefName>
						<controller_num>0</controller_num>
						<properties>
							<p.feels_gravity>0</p.feels_gravity>
							<p.feels_user_input>0</p.feels_user_input>
							<p.feels_friction>0</p.feels_friction>
							<p.spawns_enemies>0</p.spawns_enemies>
							<p.is_physical>1</p.is_physical>
							<p.is_static>1</p.is_static>
							<p.is_sensor>0</p.is_sensor>
							<p.ignores_physics_rotation>0</p.ignores_physics_rotation>
							<p.do_our_own_rotation>0</p.do_our_own_rotation>
							<p.use_angled_corners_collision_box>0</p.use_angled_corners_collision_box>
							<p.is_overlay>0</p.is_overlay>
							<p.is_player>0</p.is_player>
							<p.is_spring>0</p.is_spring>
							<p.is_collectable>0</p.is_collectable>
							<p.is_fan>0</p.is_fan>
							<p.is_door>0</p.is_door>
							<p.is_ring>0</p.is_ring>
							<p.is_ball>0</p.is_ball>
							<p.is_badguy>0</p.is_badguy>
						</properties>
					</Object>
				</item>
				<item class_id_reference="9" object_id="_40">
					<Object>
						<pos>
							<x>8.643000000e+03</x>
							<y>-3.400000000e+01</y>
						</pos>
						<objectDefName>floor2</objectDefName>
						<controller_num>0</controller_num>
						<properties>
							<p.feels_gravity>0</p.feels_gravity>
							<p.feels_user_input>0</p.feels_user_input>
							<p.feels_friction>0</p.feels_friction>
							<p.spawns_enemies>0</p.spawns_enemies>
							<p.is_physical>1</p.is_physical>
							<p.is_static>1</p.is_static>
							<p.is_sensor>0</p.is_sensor>
							<p.ignores_physics_rotation>0</p.ignores_physics_rotation>
							<p.do_our_own_rotation>0</p.do_our_own_rotation>
							<p.use_angled_corners_collision_box>0</p.use_angled_corners_collision_box>
							<p.is_overlay>0</p.is_overlay>
							<p.is_player>0</p.is_player>
							<p.is_spring>0</p.is_spring>
							<p.is_collectable>0</p.is_collectable>
							<p.is_fan>0</p.is_fan>
							<p.is_door>0</p.is_door>
							<p.is_ring>0</p.is_ring>
							<p.is_ball>0</p.is_ball>
							<p.is_badguy>0</p.is_badguy>
						</properties>
					</Object>
				</item>
				<item class_id_reference="9" object_id="_41">
					<Object>
						<pos>
							<x>8.514000000e+03</x>
							<y>-3.400000000e+01</y>
						</pos>
						<objectDefName>floor2</objectDefName>
						<controller_num>0</controller_num>
						<properties>
							<p.feels_gravity>0</p.feels_gravity>
							<p.feels_user_input>0</p.feels_user_input>
							<p.feels_friction>0</p.feels_friction>
							<p.spawns_enemies>0</p.spawns_enemies>
							<p.is_physical>1</p.is_physical>
							<p.is_static>1</p.is_static>
							<p.is_sensor>0</p.is_sensor>
							<p.ignores_physics_rotation>0</p.ignores_physics_rotation>
							<p.do_our_own_rotation>0</p.do_our_own_rotation>
							<p.use_angled_corners_collision_box>0</p.use_angled_corners_collision_box>
							<p.is_overlay>0</p.is_overlay>
							<p.is_player>0</p.is_player>
							<p.is_spring>0</p.is_spring>
							<p.is_collectable>0</p.is_collectable>
							<p.is_fan>0</p.is_fan>
							<p.is_door>0</p.is_door>
							<p.is_ring>0</p.is_ring>
							<p.is_ball>0</p.is_ball>
							<p.is_badguy>0</p.is_badguy>
						</properties>
					</Object>
				</item>
				<item class_id_reference="9" object_id="_42">
					<Object>
						<pos>
							<x>8.385000000e+03</x>
							<y>-3.400000000e+01</y>
						</pos>
						<objectDefName>floor2</objectDefName>
						<controller_num>0</controller_num>
						<properties>
							<p.feels_gravity>0</p.feels_gravity>
							<p.feels_user_input>0</p.feels_user_input>
							<p.feels_friction>0</p.feels_friction>
							<p.spawns_enemies>0</p.spawns_enemies>
							<p.is_physical>1</p.is_physical>
							<p.is_static>1</p.is_static>
							<p.is_sensor>0</p.is_sensor>
							<p.ignores_physics_rotation>0</p.ignores_physics_rotation>
							<p.do_our_own_rotation>0</p.do_our_own_rotation>
							<p.use_angled_corners_collision_box>0</p.use_angled_corners_collision_box>
							<p.is_overlay>0</p.is_overlay>
							<p.is_player>0</p.is_player>
							<p.is_spring>0</p.is_spring>
							<p.is_collectable>0</p.is_collectable>
							<p.is_fan>0</p.is_fan>
							<p.is_door>0</p.is_door>
							<p.is_ring>0</p.is_ring>
							<p.is_ball>0</p.is_ball>
							<p.is_badguy>0</p.is_badguy>
						</properties>
					</Object>
				</item>
				<item class_id_reference="9" object_id="_43">
					<Object>
						<pos>
							<x>8.256000000e+03</x>
							<y>-3.400000000e+01</y>
						</pos>
						<objectDefName>floor2</objectDefName>
						<controller_num>0</controller_num>
						<properties>
							<p.feels_gravity>0</p.feels_gravity>
							<p.feels_user_input>0</p.feels_user_input>
							<p.feels_friction>0</p.feels_friction>
							<p.spawns_enemies>0</p.spawns_enemies>
							<p.is_physical>1</p.is_physical>
							<p.is_static>1</p.is_static>
							<p.is_sensor>0</p.is_sensor>
							<p.ignores_physics_rotation>0</p.ignores_physics_rotation>
							<p.do_our_own_rotation>0</p.do_our_own_rotation>
							<p.use_angled_corners_collision_box>0</p.use_angled_corners_collision_box>
							<p.is_overlay>0</p.is_overlay>
							<p.is_player>0</p.is_player>
							<p.is_spring>0</p.is_spring>
							<p.is_collectable>0</p.is_collectable>
							<p.is_fan>0</p.is_fan>
							<p.is_door>0</p.is_door>
							<p.is_ring>0</p.is_ring>
							<p.is_ball>0</p.is_ball>
							<p.is_badguy>0</p.is_badguy>
						</properties>
					</Object>
				</item>
				<item class_id_reference="9" object_id="_44">
					<Object>
						<pos>
							<x>8.127000488e+03</x>
							<y>-3.400000000e+01</y>
						</pos>
						<objectDefName>floor2</objectDefName>
						<controller_num>0</controller_num>
						<properties>
							<p.feels_gravity>0</p.feels_gravity>
							<p.feels_user_input>0</p.feels_user_input>
							<p.feels_friction>0</p.feels_friction>
							<p.spawns_enemies>0</p.spawns_enemies>
							<p.is_physical>1</p.is_physical>
							<p.is_static>1</p.is_static>
							<p.is_sensor>0</p.is_sensor>
							<p.ignores_physics_rotation>0</p.ignores_physics_rotation>
							<p.do_our_own_rotation>0</p.do_our_own_rotation>
							<p.use_angled_corners_collision_box>0</p.use_angled_corners_collision_box>
							<p.is_overlay>0</p.is_overlay>
							<p.is_player>0</p.is_player>
							<p.is_spring>0</p.is_spring>
							<p.is_collectable>0</p.is_collectable>
							<p.is_fan>0</p.is_fan>
							<p.is_door>0</p.is_door>
							<p.is_ring>0</p.is_ring>
							<p.is_ball>0</p.is_ball>
							<p.is_badguy>0</p.is_badguy>
						</properties>
					</Object>
				</item>
				<item class_id_reference="9" object_id="_45">
					<Object>
						<pos>
							<x>7.998000000e+03</x>
							<y>-3.400000000e+01</y>
						</pos>
						<objectDefName>floor2</objectDefName>
						<controller_num>0</controller_num>
						<properties>
							<p.feels_gravity>0</p.feels_gravity>
							<p.feels_user_input>0</p.feels_user_input>
							<p.feels_friction>0</p.feels_friction>
							<p.spawns_enemies>0</p.spawns_enemies>
							<p.is_physical>1</p.is_physical>
							<p.is_static>1</p.is_static>
							<p.is_sensor>0</p.is_sensor>
							<p.ignores_physics_rotation>0</p.ignores_physics_rotation>
							<p.do_our_own_rotation>0</p.do_our_own_rotation>
							<p.use_angled_corners_collision_box>0</p.use_angled_corners_collision_box>
							<p.is_overlay>0</p.is_overlay>
							<p.is_player>0</p.is_player>
							<p.is_spring>0</p.is_spring>
							<p.is_collectable>0</p.is_collectable>
							<p.is_fan>0</p.is_fan>
							<p.is_door>0</p.is_door>
							<p.is_ring>0</p.is_ring>
							<p.is_ball>0</p.is_ball>
							<p.is_badguy>0</p.is_badguy>
						</properties>
					</Object>
				</item>
				<item class_id_reference="9" object_id="_46">
					<Object>
						<pos>
							<x>7.869000000e+03</x>
							<y>-3.400000000e+01</y>
						</pos>
						<objectDefName>floor2</objectDefName>
						<controller_num>0</controller_num>
						<properties>
							<p.feels_gravity>0</p.feels_gravity>
							<p.feels_user_input>0</p.feels_user_input>
							<p.feels_friction>0</p.feels_friction>
							<p.spawns_enemies>0</p.spawns_enemies>
							<p.is_physical>1</p.is_physical>
							<p.is_static>1</p.is_static>
							<p.is_sensor>0</p.is_sensor>
							<p.ignores_physics_rotation>0</p.ignores_physics_rotation>
							<p.do_our_own_rotation>0</p.do_our_own_rotation>
							<p.use_angled_corners_collision_box>0</p.use_angled_corners_collision_box>
							<p.is_overlay>0</p.is_overlay>
							<p.is_player>0</p.is_player>
							<p.is_spring>0</p.is_spring>
							<p.is_collectable>0</p.is_collectable>
							<p.is_fan>0</p.is_fan>
							<p.is_door>0</p.is_door>
							<p.is_ring>0</p.is_ring>
							<p.is_ball>0</p.is_ball>
							<p.is_badguy>0</p.is_badguy>
						</properties>
					</Object>
				</item>
				<item class_id_reference="9" object_id="_47">
					<Object>
						<pos>
							<x>7.740000000e+03</x>
							<y>-3.400000000e+01</y>
						</pos>
						<objectDefName>floor2</objectDefName>
						<controller_num>0</controller_num>
						<properties>
							<p.feels_gravity>0</p.feels_gravity>
							<p.feels_user_input>0</p.feels_user_input>
							<p.feels_friction>0</p.feels_friction>
							<p.spawns_enemies>0</p.spawns_enemies>
							<p.is_physical>1</p.is_physical>
							<p.is_static>1</p.is_static>
							<p.is_sensor>0</p.is_sensor>
							<p.ignores_physics_rotation>0</p.ignores_physics_rotation>
							<p.do_our_own_rotation>0</p.do_our_own_rotation>
							<p.use_angled_corners_collision_box>0</p.use_angled_corners_collision_box>
							<p.is_overlay>0</p.is_overlay>
							<p.is_player>0</p.is_player>
							<p.is_spring>0</p.is_spring>
							<p.is_collectable>0</p.is_collectable>
							<p.is_fan>0</p.is_fan>
							<p.is_door>0</p.is_door>
							<p.is_ring>0</p.is_ring>
							<p.is_ball>0</p.is_ball>
							<p.is_badguy>0</p.is_badguy>
						</properties>
					</Object>
				</item>
				<item class_id_reference="9" object_id="_48">
					<Object>
						<pos>
							<x>7.611000000e+03</x>
							<y>-3.400000000e+01</y>
						</pos>
						<objectDefName>floor2</objectDefName>
						<controller_num>0</controller_num>
						<properties>
							<p.feels_gravity>0</p.feels_gravity>
							<p.feels_user_input>0</p.feels_user_input>
							<p.feels_friction>0</p.feels_friction>
							<p.spawns_enemies>0</p.spawns_enemies>
							<p.is_physical>1</p.is_physical>
							<p.is_static>1</p.is_static>
							<p.is_sensor>0</p.is_sensor>
							<p.ignores_physics_rotation>0</p.ignores_physics_rotation>
							<p.do_our_own_rotation>0</p.do_our_own_rotation>
							<p.use_angled_corners_collision_box>0</p.use_angled_corners_collision_box>
							<p.is_overlay>0</p.is_overlay>
							<p.is_player>0</p.is_player>
							<p.is_spring>0</p.is_spring>
							<p.is_collectable>0</p.is_collectable>
							<p.is_fan>0</p.is_fan>
							<p.is_door>0</p.is_door>
							<p.is_ring>0</p.is_ring>
							<p.is_ball>0</p.is_ball>
							<p.is_badguy>0</p.is_badguy>
						</properties>
					</Object>
				</item>
				<item class_id_reference="9" object_id="_49">
					<Object>
						<pos>
							<x>7.482000000e+03</x>
							<y>-3.400000000e+01</y>
						</pos>
						<objectDefName>floor2</objectDefName>
						<controller_num>0</controller_num>
						<properties>
							<p.feels_gravity>0</p.feels_gravity>
							<p.feels_user_input>0</p.feels_user_input>
							<p.feels_friction>0</p.feels_friction>
							<p.spawns_enemies>0</p.spawns_enemies>
							<p.is_physical>1</p.is_physical>
							<p.is_static>1</p.is_static>
							<p.is_sensor>0</p.is_sensor>
							<p.ignores_physics_rotation>0</p.ignores_physics_rotation>
							<p.do_our_own_rotation>0</p.do_our_own_rotation>
							<p.use_angled_corners_collision_box>0</p.use_angled_corners_collision_box>
							<p.is_overlay>0</p.is_overlay>
							<p.is_player>0</p.is_player>
							<p.is_spring>0</p.is_spring>
							<p.is_collectable>0</p.is_collectable>
							<p.is_fan>0</p.is_fan>
							<p.is_door>0</p.is_door>
							<p.is_ring>0</p.is_ring>
							<p.is_ball>0</p.is_ball>
							<p.is_badguy>0</p.is_badguy>
						</properties>
					</Object>
				</item>
				<item class_id_reference="9" object_id="_50">
					<Object>
						<pos>
							<x>7.353000000e+03</x>
							<y>-3.400000000e+01</y>
						</pos>
						<objectDefName>floor2</objectDefName>
						<controller_num>0</controller_num>
						<properties>
							<p.feels_gravity>0</p.feels_gravity>
							<p.feels_user_input>0</p.feels_user_input>
							<p.feels_friction>0</p.feels_friction>
							<p.spawns_enemies>0</p.spawns_enemies>
							<p.is_physical>1</p.is_physical>
							<p.is_static>1</p.is_static>
							<p.is_sensor>0</p.is_sensor>
							<p.ignores_physics_rotation>0</p.ignores_physics_rotation>
							<p.do_our_own_rotation>0</p.do_our_own_rotation>
							<p.use_angled_corners_collision_box>0</p.use_angled_corners_collision_box>
							<p.is_overlay>0</p.is_overlay>
							<p.is_player>0</p.is_player>
							<p.is_spring>0</p.is_spring>
							<p.is_collectable>0</p.is_collectable>
							<p.is_fan>0</p.is_fan>
							<p.is_door>0</p.is_door>
							<p.is_ring>0</p.is_ring>
							<p.is_ball>0</p.is_ball>
							<p.is_badguy>0</p.is_badguy>
						</properties>
					</Object>
				</item>
				<item class_id_reference="9" object_id="_51">
					<Object>
						<pos>
							<x>7.224000488e+03</x>
							<y>-3.400000000e+01</y>
						</pos>
						<objectDefName>floor2</objectDefName>
						<controller_num>0</controller_num>
						<properties>
							<p.feels_gravity>0</p.feels_gravity>
							<p.feels_user_input>0</p.feels_user_input>
							<p.feels_friction>0</p.feels_friction>
							<p.spawns_enemies>0</p.spawns_enemies>
							<p.is_physical>1</p.is_physical>
							<p.is_static>1</p.is_static>
							<p.is_sensor>0</p.is_sensor>
							<p.ignores_physics_rotation>0</p.ignores_physics_rotation>
							<p.do_our_own_rotation>0</p.do_our_own_rotation>
							<p.use_angled_corners_collision_box>0</p.use_angled_corners_collision_box>
							<p.is_overlay>0</p.is_overlay>
							<p.is_player>0</p.is_player>
							<p.is_spring>0</p.is_spring>
							<p.is_collectable>0</p.is_collectable>
							<p.is_fan>0</p.is_fan>
							<p.is_door>0</p.is_door>
							<p.is_ring>0</p.is_ring>
							<p.is_ball>0</p.is_ball>
							<p.is_badguy>0</p.is_badguy>
						</properties>
					</Object>
				</item>
				<item class_id_reference="9" object_id="_52">
					<Object>
						<pos>
							<x>7.095000488e+03</x>
							<y>-3.400000000e+01</y>
						</pos>
						<objectDefName>floor2</objectDefName>
						<controller_num>0</controller_num>
						<properties>
							<p.feels_gravity>0</p.feels_gravity>
							<p.feels_user_input>0</p.feels_user_input>
							<p.feels_friction>0</p.feels_friction>
							<p.spawns_enemies>0</p.spawns_enemies>
							<p.is_physical>1</p.is_physical>
							<p.is_static>1</p.is_static>
							<p.is_sensor>0</p.is_sensor>
							<p.ignores_physics_rotation>0</p.ignores_physics_rotation>
							<p.do_our_own_rotation>0</p.do_our_own_rotation>
							<p.use_angled_corners_collision_box>0</p.use_angled_corners_collision_box>
							<p.is_overlay>0</p.is_overlay>
							<p.is_player>0</p.is_player>
							<p.is_spring>0</p.is_spring>
							<p.is_collectable>0</p.is_collectable>
							<p.is_fan>0</p.is_fan>
							<p.is_door>0</p.is_door>
							<p.is_ring>0</p.is_ring>
							<p.is_ball>0</p.is_ball>
							<p.is_badguy>0</p.is_badguy>
						</properties>
					</Object>
				</item>
				<item class_id_reference="9" object_id="_53">
					<Object>
						<pos>
							<x>6.966000000e+03</x>
							<y>-3.400000000e+01</y>
						</pos>
						<objectDefName>floor2</objectDefName>
						<controller_num>0</controller_num>
						<properties>
							<p.feels_gravity>0</p.feels_gravity>
							<p.feels_user_input>0</p.feels_user_input>
							<p.feels_friction>0</p.feels_friction>
							<p.spawns_enemies>0</p.spawns_enemies>
							<p.is_physical>1</p.is_physical>
							<p.is_static>1</p.is_static>
							<p.is_sensor>0</p.is_sensor>
							<p.ignores_physics_rotation>0</p.ignores_physics_rotation>
							<p.do_our_own_rotation>0</p.do_our_own_rotation>
							<p.use_angled_corners_collision_box>0</p.use_angled_corners_collision_box>
							<p.is_overlay>0</p.is_overlay>
							<p.is_player>0</p.is_player>
							<p.is_spring>0</p.is_spring>
							<p.is_collectable>0</p.is_collectable>
							<p.is_fan>0</p.is_fan>
							<p.is_door>0</p.is_door>
							<p.is_ring>0</p.is_ring>
							<p.is_ball>0</p.is_ball>
							<p.is_badguy>0</p.is_badguy>
						</properties>
					</Object>
				</item>
				<item class_id_reference="9" object_id="_54">
					<Object>
						<pos>
							<x>6.837000000e+03</x>
							<y>-3.400000000e+01</y>
						</pos>
						<objectDefName>floor2</objectDefName>
						<controller_num>0</controller_num>
						<properties>
							<p.feels_gravity>0</p.feels_gravity>
							<p.feels_user_input>0</p.feels_user_input>
							<p.feels_friction>0</p.feels_friction>
							<p.spawns_enemies>0</p.spawns_enemies>
							<p.is_physical>1</p.is_physical>
							<p.is_static>1</p.is_static>
							<p.is_sensor>0</p.is_sensor>
							<p.ignores_physics_rotation>0</p.ignores_physics_rotation>
							<p.do_our_own_rotation>0</p.do_our_own_rotation>
							<p.use_angled_corners_collision_box>0</p.use_angled_corners_collision_box>
							<p.is_overlay>0</p.is_overlay>
							<p.is_player>0</p.is_player>
							<p.is_spring>0</p.is_spring>
							<p.is_collectable>0</p.is_collectable>
							<p.is_fan>0</p.is_fan>
							<p.is_door>0</p.is_door>
							<p.is_ring>0</p.is_ring>
							<p.is_ball>0</p.is_ball>
							<p.is_badguy>0</p.is_badguy>
						</properties>
					</Object>
				</item>
				<item class_id_reference="9" object_id="_55">
					<Object>
						<pos>
							<x>6.708000000e+03</x>
							<y>-3.400000000e+01</y>
						</pos>
						<objectDefName>floor2</objectDefName>
						<controller_num>0</controller_num>
						<properties>
							<p.feels_gravity>0</p.feels_gravity>
							<p.feels_user_input>0</p.feels_user_input>
							<p.feels_friction>0</p.feels_friction>
							<p.spawns_enemies>0</p.spawns_enemies>
							<p.is_physical>1</p.is_physical>
							<p.is_static>1</p.is_static>
							<p.is_sensor>0</p.is_sensor>
							<p.ignores_physics_rotation>0</p.ignores_physics_rotation>
							<p.do_our_own_rotation>0</p.do_our_own_rotation>
							<p.use_angled_corners_collision_box>0</p.use_angled_corners_collision_box>
							<p.is_overlay>0</p.is_overlay>
							<p.is_player>0</p.is_player>
							<p.is_spring>0</p.is_spring>
							<p.is_collectable>0</p.is_collectable>
							<p.is_fan>0</p.is_fan>
							<p.is_door>0</p.is_door>
							<p.is_ring>0</p.is_ring>
							<p.is_ball>0</p.is_ball>
							<p.is_badguy>0</p.is_badguy>
						</properties>
					</Object>
				</item>
				<item class_id_reference="9" object_id="_56">
					<Object>
						<pos>
							<x>6.579000000e+03</x>
							<y>-3.400000000e+01</y>
						</pos>
						<objectDefName>floor2</objectDefName>
						<controller_num>0</controller_num>
						<properties>
							<p.feels_gravity>0</p.feels_gravity>
							<p.feels_user_input>0</p.feels_user_input>
							<p.feels_friction>0</p.feels_friction>
							<p.spawns_enemies>0</p.spawns_enemies>
							<p.is_physical>1</p.is_physical>
							<p.is_static>1</p.is_static>
							<p.is_sensor>0</p.is_sensor>
							<p.ignores_physics_rotation>0</p.ignores_physics_rotation>
							<p.do_our_own_rotation>0</p.do_our_own_rotation>
							<p.use_angled_corners_collision_box>0</p.use_angled_corners_collision_box>
							<p.is_overlay>0</p.is_overlay>
							<p.is_player>0</p.is_player>
							<p.is_spring>0</p.is_spring>
							<p.is_collectable>0</p.is_collectable>
							<p.is_fan>0</p.is_fan>
							<p.is_door>0</p.is_door>
							<p.is_ring>0</p.is_ring>
							<p.is_ball>0</p.is_ball>
							<p.is_badguy>0</p.is_badguy>
						</properties>
					</Object>
				</item>
				<item class_id_reference="9" object_id="_57">
					<Object>
						<pos>
							<x>6.450000000e+03</x>
							<y>-3.400000000e+01</y>
						</pos>
						<objectDefName>floor2</objectDefName>
						<controller_num>0</controller_num>
						<properties>
							<p.feels_gravity>0</p.feels_gravity>
							<p.feels_user_input>0</p.feels_user_input>
							<p.feels_friction>0</p.feels_friction>
							<p.spawns_enemies>0</p.spawns_enemies>
							<p.is_physical>1</p.is_physical>
							<p.is_static>1</p.is_static>
							<p.is_sensor>0</p.is_sensor>
							<p.ignores_physics_rotation>0</p.ignores_physics_rotation>
							<p.do_our_own_rotation>0</p.do_our_own_rotation>
							<p.use_angled_corners_collision_box>0</p.use_angled_corners_collision_box>
							<p.is_overlay>0</p.is_overlay>
							<p.is_player>0</p.is_player>
							<p.is_spring>0</p.is_spring>
							<p.is_collectable>0</p.is_collectable>
							<p.is_fan>0</p.is_fan>
							<p.is_door>0</p.is_door>
							<p.is_ring>0</p.is_ring>
							<p.is_ball>0</p.is_ball>
							<p.is_badguy>0</p.is_badguy>
						</properties>
					</Object>
				</item>
				<item class_id_reference="9" object_id="_58">
					<Object>
						<pos>
							<x>6.320999512e+03</x>
							<y>-3.400000000e+01</y>
						</pos>
						<objectDefName>floor2</objectDefName>
						<controller_num>0</controller_num>
						<properties>
							<p.feels_gravity>0</p.feels_gravity>
							<p.feels_user_input>0</p.feels_user_input>
							<p.feels_friction>0</p.feels_friction>
							<p.spawns_enemies>0</p.spawns_enemies>
							<p.is_physical>1</p.is_physical>
							<p.is_static>1</p.is_static>
							<p.is_sensor>0</p.is_sensor>
							<p.ignores_physics_rotation>0</p.ignores_physics_rotation>
							<p.do_our_own_rotation>0</p.do_our_own_rotation>
							<p.use_angled_corners_collision_box>0</p.use_angled_corners_collision_box>
							<p.is_overlay>0</p.is_overlay>
							<p.is_player>0</p.is_player>
							<p.is_spring>0</p.is_spring>
							<p.is_collectable>0</p.is_collectable>
							<p.is_fan>0</p.is_fan>
							<p.is_door>0</p.is_door>
							<p.is_ring>0</p.is_ring>
							<p.is_ball>0</p.is_ball>
							<p.is_badguy>0</p.is_badguy>
						</properties>
					</Object>
				</item>
				<item class_id_reference="9" object_id="_59">
					<Object>
						<pos>
							<x>6.192000488e+03</x>
							<y>-3.400000000e+01</y>
						</pos>
						<objectDefName>floor2</objectDefName>
						<controller_num>0</controller_num>
						<properties>
							<p.feels_gravity>0</p.feels_gravity>
							<p.feels_user_input>0</p.feels_user_input>
							<p.feels_friction>0</p.feels_friction>
							<p.spawns_enemies>0</p.spawns_enemies>
							<p.is_physical>1</p.is_physical>
							<p.is_static>1</p.is_static>
							<p.is_sensor>0</p.is_sensor>
							<p.ignores_physics_rotation>0</p.ignores_physics_rotation>
							<p.do_our_own_rotation>0</p.do_our_own_rotation>
							<p.use_angled_corners_collision_box>0</p.use_angled_corners_collision_box>
							<p.is_overlay>0</p.is_overlay>
							<p.is_player>0</p.is_player>
							<p.is_spring>0</p.is_spring>
							<p.is_collectable>0</p.is_collectable>
							<p.is_fan>0</p.is_fan>
							<p.is_door>0</p.is_door>
							<p.is_ring>0</p.is_ring>
							<p.is_ball>0</p.is_ball>
							<p.is_badguy>0</p.is_badguy>
						</properties>
					</Object>
				</item>
				<item class_id_reference="9" object_id="_60">
					<Object>
						<pos>
							<x>6.063000000e+03</x>
							<y>-3.400000000e+01</y>
						</pos>
						<objectDefName>floor2</objectDefName>
						<controller_num>0</controller_num>
						<properties>
							<p.feels_gravity>0</p.feels_gravity>
							<p.feels_user_input>0</p.feels_user_input>
							<p.feels_friction>0</p.feels_friction>
							<p.spawns_enemies>0</p.spawns_enemies>
							<p.is_physical>1</p.is_physical>
							<p.is_static>1</p.is_static>
							<p.is_sensor>0</p.is_sensor>
							<p.ignores_physics_rotation>0</p.ignores_physics_rotation>
							<p.do_our_own_rotation>0</p.do_our_own_rotation>
							<p.use_angled_corners_collision_box>0</p.use_angled_corners_collision_box>
							<p.is_overlay>0</p.is_overlay>
							<p.is_player>0</p.is_player>
							<p.is_spring>0</p.is_spring>
							<p.is_collectable>0</p.is_collectable>
							<p.is_fan>0</p.is_fan>
							<p.is_door>0</p.is_door>
							<p.is_ring>0</p.is_ring>
							<p.is_ball>0</p.is_ball>
							<p.is_badguy>0</p.is_badguy>
						</properties>
					</Object>
				</item>
				<item class_id_reference="9" object_id="_61">
					<Object>
						<pos>
							<x>5.934000000e+03</x>
							<y>-3.400000000e+01</y>
						</pos>
						<objectDefName>floor2</objectDefName>
						<controller_num>0</controller_num>
						<properties>
							<p.feels_gravity>0</p.feels_gravity>
							<p.feels_user_input>0</p.feels_user_input>
							<p.feels_friction>0</p.feels_friction>
							<p.spawns_enemies>0</p.spawns_enemies>
							<p.is_physical>1</p.is_physical>
							<p.is_static>1</p.is_static>
							<p.is_sensor>0</p.is_sensor>
							<p.ignores_physics_rotation>0</p.ignores_physics_rotation>
							<p.do_our_own_rotation>0</p.do_our_own_rotation>
							<p.use_angled_corners_collision_box>0</p.use_angled_corners_collision_box>
							<p.is_overlay>0</p.is_overlay>
							<p.is_player>0</p.is_player>
							<p.is_spring>0</p.is_spring>
							<p.is_collectable>0</p.is_collectable>
							<p.is_fan>0</p.is_fan>
							<p.is_door>0</p.is_door>
							<p.is_ring>0</p.is_ring>
							<p.is_ball>0</p.is_ball>
							<p.is_badguy>0</p.is_badguy>
						</properties>
					</Object>
				</item>
				<item class_id_reference="9" object_id="_62">
					<Object>
						<pos>
							<x>5.805000000e+03</x>
							<y>-3.400000000e+01</y>
						</pos>
						<objectDefName>floor2</objectDefName>
						<controller_num>0</controller_num>
						<properties>
							<p.feels_gravity>0</p.feels_gravity>
							<p.feels_user_input>0</p.feels_user_input>
							<p.feels_friction>0</p.feels_friction>
							<p.spawns_enemies>0</p.spawns_enemies>
							<p.is_physical>1</p.is_physical>
							<p.is_static>1</p.is_static>
							<p.is_sensor>0</p.is_sensor>
							<p.ignores_physics_rotation>0</p.ignores_physics_rotation>
							<p.do_our_own_rotation>0</p.do_our_own_rotation>
							<p.use_angled_corners_collision_box>0</p.use_angled_corners_collision_box>
							<p.is_overlay>0</p.is_overlay>
							<p.is_player>0</p.is_player>
							<p.is_spring>0</p.is_spring>
							<p.is_collectable>0</p.is_collectable>
							<p.is_fan>0</p.is_fan>
							<p.is_door>0</p.is_door>
							<p.is_ring>0</p.is_ring>
							<p.is_ball>0</p.is_ball>
							<p.is_badguy>0</p.is_badguy>
						</properties>
					</Object>
				</item>
				<item class_id_reference="9" object_id="_63">
					<Object>
						<pos>
							<x>5.676000000e+03</x>
							<y>-3.400000000e+01</y>
						</pos>
						<objectDefName>floor2</objectDefName>
						<controller_num>0</controller_num>
						<properties>
							<p.feels_gravity>0</p.feels_gravity>
							<p.feels_user_input>0</p.feels_user_input>
							<p.feels_friction>0</p.feels_friction>
							<p.spawns_enemies>0</p.spawns_enemies>
							<p.is_physical>1</p.is_physical>
							<p.is_static>1</p.is_static>
							<p.is_sensor>0</p.is_sensor>
							<p.ignores_physics_rotation>0</p.ignores_physics_rotation>
							<p.do_our_own_rotation>0</p.do_our_own_rotation>
							<p.use_angled_corners_collision_box>0</p.use_angled_corners_collision_box>
							<p.is_overlay>0</p.is_overlay>
							<p.is_player>0</p.is_player>
							<p.is_spring>0</p.is_spring>
							<p.is_collectable>0</p.is_collectable>
							<p.is_fan>0</p.is_fan>
							<p.is_door>0</p.is_door>
							<p.is_ring>0</p.is_ring>
							<p.is_ball>0</p.is_ball>
							<p.is_badguy>0</p.is_badguy>
						</properties>
					</Object>
				</item>
				<item class_id_reference="9" object_id="_64">
					<Object>
						<pos>
							<x>5.547000000e+03</x>
							<y>-3.400000000e+01</y>
						</pos>
						<objectDefName>floor2</objectDefName>
						<controller_num>0</controller_num>
						<properties>
							<p.feels_gravity>0</p.feels_gravity>
							<p.feels_user_input>0</p.feels_user_input>
							<p.feels_friction>0</p.feels_friction>
							<p.spawns_enemies>0</p.spawns_enemies>
							<p.is_physical>1</p.is_physical>
							<p.is_static>1</p.is_static>
							<p.is_sensor>0</p.is_sensor>
							<p.ignores_physics_rotation>0</p.ignores_physics_rotation>
							<p.do_our_own_rotation>0</p.do_our_own_rotation>
							<p.use_angled_corners_collision_box>0</p.use_angled_corners_collision_box>
							<p.is_overlay>0</p.is_overlay>
							<p.is_player>0</p.is_player>
							<p.is_spring>0</p.is_spring>
							<p.is_collectable>0</p.is_collectable>
							<p.is_fan>0</p.is_fan>
							<p.is_door>0</p.is_door>
							<p.is_ring>0</p.is_ring>
							<p.is_ball>0</p.is_ball>
							<p.is_badguy>0</p.is_badguy>
						</properties>
					</Object>
				</item>
				<item class_id_reference="9" object_id="_65">
					<Object>
						<pos>
							<x>5.418000000e+03</x>
							<y>-3.400000000e+01</y>
						</pos>
						<objectDefName>floor2</objectDefName>
						<controller_num>0</controller_num>
						<properties>
							<p.feels_gravity>0</p.feels_gravity>
							<p.feels_user_input>0</p.feels_user_input>
							<p.feels_friction>0</p.feels_friction>
							<p.spawns_enemies>0</p.spawns_enemies>
							<p.is_physical>1</p.is_physical>
							<p.is_static>1</p.is_static>
							<p.is_sensor>0</p.is_sensor>
							<p.ignores_physics_rotation>0</p.ignores_physics_rotation>
							<p.do_our_own_rotation>0</p.do_our_own_rotation>
							<p.use_angled_corners_collision_box>0</p.use_angled_corners_collision_box>
							<p.is_overlay>0</p.is_overlay>
							<p.is_player>0</p.is_player>
							<p.is_spring>0</p.is_spring>
							<p.is_collectable>0</p.is_collectable>
							<p.is_fan>0</p.is_fan>
							<p.is_door>0</p.is_door>
							<p.is_ring>0</p.is_ring>
							<p.is_ball>0</p.is_ball>
							<p.is_badguy>0</p.is_badguy>
						</properties>
					</Object>
				</item>
				<item class_id_reference="9" object_id="_66">
					<Object>
						<pos>
							<x>5.289000000e+03</x>
							<y>-3.400000000e+01</y>
						</pos>
						<objectDefName>floor2</objectDefName>
						<controller_num>0</controller_num>
						<properties>
							<p.feels_gravity>0</p.feels_gravity>
							<p.feels_user_input>0</p.feels_user_input>
							<p.feels_friction>0</p.feels_friction>
							<p.spawns_enemies>0</p.spawns_enemies>
							<p.is_physical>1</p.is_physical>
							<p.is_static>1</p.is_static>
							<p.is_sensor>0</p.is_sensor>
							<p.ignores_physics_rotation>0</p.ignores_physics_rotation>
							<p.do_our_own_rotation>0</p.do_our_own_rotation>
							<p.use_angled_corners_collision_box>0</p.use_angled_corners_collision_box>
							<p.is_overlay>0</p.is_overlay>
							<p.is_player>0</p.is_player>
							<p.is_spring>0</p.is_spring>
							<p.is_collectable>0</p.is_collectable>
							<p.is_fan>0</p.is_fan>
							<p.is_door>0</p.is_door>
							<p.is_ring>0</p.is_ring>
							<p.is_ball>0</p.is_ball>
							<p.is_badguy>0</p.is_badguy>
						</properties>
					</Object>
				</item>
				<item class_id_reference="9" object_id="_67">
					<Object>
						<pos>
							<x>5.160000000e+03</x>
							<y>-3.400000000e+01</y>
						</pos>
						<objectDefName>floor2</objectDefName>
						<controller_num>0</controller_num>
						<properties>
							<p.feels_gravity>0</p.feels_gravity>
							<p.feels_user_input>0</p.feels_user_input>
							<p.feels_friction>0</p.feels_friction>
							<p.spawns_enemies>0</p.spawns_enemies>
							<p.is_physical>1</p.is_physical>
							<p.is_static>1</p.is_static>
							<p.is_sensor>0</p.is_sensor>
							<p.ignores_physics_rotation>0</p.ignores_physics_rotation>
							<p.do_our_own_rotation>0</p.do_our_own_rotation>
							<p.use_angled_corners_collision_box>0</p.use_angled_corners_collision_box>
							<p.is_overlay>0</p.is_overlay>
							<p.is_player>0</p.is_player>
							<p.is_spring>0</p.is_spring>
							<p.is_collectable>0</p.is_collectable>
							<p.is_fan>0</p.is_fan>
							<p.is_door>0</p.is_door>
							<p.is_ring>0</p.is_ring>
							<p.is_ball>0</p.is_ball>
							<p.is_badguy>0</p.is_badguy>
						</properties>
					</Object>
				</item>
				<item class_id_reference="9" object_id="_68">
					<Object>
						<pos>
							<x>5.031000000e+03</x>
							<y>-3.400000000e+01</y>
						</pos>
						<objectDefName>floor2</objectDefName>
						<controller_num>0</controller_num>
						<properties>
							<p.feels_gravity>0</p.feels_gravity>
							<p.feels_user_input>0</p.feels_user_input>
							<p.feels_friction>0</p.feels_friction>
							<p.spawns_enemies>0</p.spawns_enemies>
							<p.is_physical>1</p.is_physical>
							<p.is_static>1</p.is_static>
							<p.is_sensor>0</p.is_sensor>
							<p.ignores_physics_rotation>0</p.ignores_physics_rotation>
							<p.do_our_own_rotation>0</p.do_our_own_rotation>
							<p.use_angled_corners_collision_box>0</p.use_angled_corners_collision_box>
							<p.is_overlay>0</p.is_overlay>
							<p.is_player>0</p.is_player>
							<p.is_spring>0</p.is_spring>
							<p.is_collectable>0</p.is_collectable>
							<p.is_fan>0</p.is_fan>
							<p.is_door>0</p.is_door>
							<p.is_ring>0</p.is_ring>
							<p.is_ball>0</p.is_ball>
							<p.is_badguy>0</p.is_badguy>
						</properties>
					</Object>
				</item>
				<item class_id_reference="9" object_id="_69">
					<Object>
						<pos>
							<x>4.902000000e+03</x>
							<y>-3.400000000e+01</y>
						</pos>
						<objectDefName>floor2</objectDefName>
						<controller_num>0</controller_num>
						<properties>
							<p.feels_gravity>0</p.feels_gravity>
							<p.feels_user_input>0</p.feels_user_input>
							<p.feels_friction>0</p.feels_friction>
							<p.spawns_enemies>0</p.spawns_enemies>
							<p.is_physical>1</p.is_physical>
							<p.is_static>1</p.is_static>
							<p.is_sensor>0</p.is_sensor>
							<p.ignores_physics_rotation>0</p.ignores_physics_rotation>
							<p.do_our_own_rotation>0</p.do_our_own_rotation>
							<p.use_angled_corners_collision_box>0</p.use_angled_corners_collision_box>
							<p.is_overlay>0</p.is_overlay>
							<p.is_player>0</p.is_player>
							<p.is_spring>0</p.is_spring>
							<p.is_collectable>0</p.is_collectable>
							<p.is_fan>0</p.is_fan>
							<p.is_door>0</p.is_door>
							<p.is_ring>0</p.is_ring>
							<p.is_ball>0</p.is_ball>
							<p.is_badguy>0</p.is_badguy>
						</properties>
					</Object>
				</item>
				<item class_id_reference="9" object_id="_70">
					<Object>
						<pos>
							<x>4.773000000e+03</x>
							<y>-3.400000000e+01</y>
						</pos>
						<objectDefName>floor2</objectDefName>
						<controller_num>0</controller_num>
						<properties>
							<p.feels_gravity>0</p.feels_gravity>
							<p.feels_user_input>0</p.feels_user_input>
							<p.feels_friction>0</p.feels_friction>
							<p.spawns_enemies>0</p.spawns_enemies>
							<p.is_physical>1</p.is_physical>
							<p.is_static>1</p.is_static>
							<p.is_sensor>0</p.is_sensor>
							<p.ignores_physics_rotation>0</p.ignores_physics_rotation>
							<p.do_our_own_rotation>0</p.do_our_own_rotation>
							<p.use_angled_corners_collision_box>0</p.use_angled_corners_collision_box>
							<p.is_overlay>0</p.is_overlay>
							<p.is_player>0</p.is_player>
							<p.is_spring>0</p.is_spring>
							<p.is_collectable>0</p.is_collectable>
							<p.is_fan>0</p.is_fan>
							<p.is_door>0</p.is_door>
							<p.is_ring>0</p.is_ring>
							<p.is_ball>0</p.is_ball>
							<p.is_badguy>0</p.is_badguy>
						</properties>
					</Object>
				</item>
				<item class_id_reference="9" object_id="_71">
					<Object>
						<pos>
							<x>4.644000000e+03</x>
							<y>-3.400000000e+01</y>
						</pos>
						<objectDefName>floor2</objectDefName>
						<controller_num>0</controller_num>
						<properties>
							<p.feels_gravity>0</p.feels_gravity>
							<p.feels_user_input>0</p.feels_user_input>
							<p.feels_friction>0</p.feels_friction>
							<p.spawns_enemies>0</p.spawns_enemies>
							<p.is_physical>1</p.is_physical>
							<p.is_static>1</p.is_static>
							<p.is_sensor>0</p.is_sensor>
							<p.ignores_physics_rotation>0</p.ignores_physics_rotation>
							<p.do_our_own_rotation>0</p.do_our_own_rotation>
							<p.use_angled_corners_collision_box>0</p.use_angled_corners_collision_box>
							<p.is_overlay>0</p.is_overlay>
							<p.is_player>0</p.is_player>
							<p.is_spring>0</p.is_spring>
							<p.is_collectable>0</p.is_collectable>
							<p.is_fan>0</p.is_fan>
							<p.is_door>0</p.is_door>
							<p.is_ring>0</p.is_ring>
							<p.is_ball>0</p.is_ball>
							<p.is_badguy>0</p.is_badguy>
						</properties>
					</Object>
				</item>
				<item class_id_reference="9" object_id="_72">
					<Object>
						<pos>
							<x>4.515000000e+03</x>
							<y>-3.400000000e+01</y>
						</pos>
						<objectDefName>floor2</objectDefName>
						<controller_num>0</controller_num>
						<properties>
							<p.feels_gravity>0</p.feels_gravity>
							<p.feels_user_input>0</p.feels_user_input>
							<p.feels_friction>0</p.feels_friction>
							<p.spawns_enemies>0</p.spawns_enemies>
							<p.is_physical>1</p.is_physical>
							<p.is_static>1</p.is_static>
							<p.is_sensor>0</p.is_sensor>
							<p.ignores_physics_rotation>0</p.ignores_physics_rotation>
							<p.do_our_own_rotation>0</p.do_our_own_rotation>
							<p.use_angled_corners_collision_box>0</p.use_angled_corners_collision_box>
							<p.is_overlay>0</p.is_overlay>
							<p.is_player>0</p.is_player>
							<p.is_spring>0</p.is_spring>
							<p.is_collectable>0</p.is_collectable>
							<p.is_fan>0</p.is_fan>
							<p.is_door>0</p.is_door>
							<p.is_ring>0</p.is_ring>
							<p.is_ball>0</p.is_ball>
							<p.is_badguy>0</p.is_badguy>
						</properties>
					</Object>
				</item>
				<item class_id_reference="9" object_id="_73">
					<Object>
						<pos>
							<x>4.386000000e+03</x>
							<y>-3.400000000e+01</y>
						</pos>
						<objectDefName>floor2</objectDefName>
						<controller_num>0</controller_num>
						<properties>
							<p.feels_gravity>0</p.feels_gravity>
							<p.feels_user_input>0</p.feels_user_input>
							<p.feels_friction>0</p.feels_friction>
							<p.spawns_enemies>0</p.spawns_enemies>
							<p.is_physical>1</p.is_physical>
							<p.is_static>1</p.is_static>
							<p.is_sensor>0</p.is_sensor>
							<p.ignores_physics_rotation>0</p.ignores_physics_rotation>
							<p.do_our_own_rotation>0</p.do_our_own_rotation>
							<p.use_angled_corners_collision_box>0</p.use_angled_corners_collision_box>
							<p.is_overlay>0</p.is_overlay>
							<p.is_player>0</p.is_player>
							<p.is_spring>0</p.is_spring>
							<p.is_collectable>0</p.is_collectable>
							<p.is_fan>0</p.is_fan>
							<p.is_door>0</p.is_door>
							<p.is_ring>0</p.is_ring>
							<p.is_ball>0</p.is_ball>
							<p.is_badguy>0</p.is_badguy>
						</properties>
					</Object>
				</item>
				<item class_id_reference="9" object_id="_74">
					<Object>
						<pos>
							<x>4.257000000e+03</x>
							<y>-3.400000000e+01</y>
						</pos>
						<objectDefName>floor2</objectDefName>
						<controller_num>0</controller_num>
						<properties>
							<p.feels_gravity>0</p.feels_gravity>
							<p.feels_user_input>0</p.feels_user_input>
							<p.feels_friction>0</p.feels_friction>
							<p.spawns_enemies>0</p.spawns_enemies>
							<p.is_physical>1</p.is_physical>
							<p.is_static>1</p.is_static>
							<p.is_sensor>0</p.is_sensor>
							<p.ignores_physics_rotation>0</p.ignores_physics_rotation>
							<p.do_our_own_rotation>0</p.do_our_own_rotation>
							<p.use_angled_corners_collision_box>0</p.use_angled_corners_collision_box>
							<p.is_overlay>0</p.is_overlay>
							<p.is_player>0</p.is_player>
							<p.is_spring>0</p.is_spring>
							<p.is_collectable>0</p.is_collectable>
							<p.is_fan>0</p.is_fan>
							<p.is_door>0</p.is_door>
							<p.is_ring>0</p.is_ring>
							<p.is_ball>0</p.is_ball>
							<p.is_badguy>0</p.is_badguy>
						</properties>
					</Object>
				</item>
				<item class_id_reference="9" object_id="_75">
					<Object>
						<pos>
							<x>4.128000000e+03</x>
							<y>-3.400000000e+01</y>
						</pos>
						<objectDefName>floor2</objectDefName>
						<controller_num>0</controller_num>
						<properties>
							<p.feels_gravity>0</p.feels_gravity>
							<p.feels_user_input>0</p.feels_user_input>
							<p.feels_friction>0</p.feels_friction>
							<p.spawns_enemies>0</p.spawns_enemies>
							<p.is_physical>1</p.is_physical>
							<p.is_static>1</p.is_static>
							<p.is_sensor>0</p.is_sensor>
							<p.ignores_physics_rotation>0</p.ignores_physics_rotation>
							<p.do_our_own_rotation>0</p.do_our_own_rotation>
							<p.use_angled_corners_collision_box>0</p.use_angled_corners_collision_box>
							<p.is_overlay>0</p.is_overlay>
							<p.is_player>0</p.is_player>
							<p.is_spring>0</p.is_spring>
							<p.is_collectable>0</p.is_collectable>
							<p.is_fan>0</p.is_fan>
							<p.is_door>0</p.is_door>
							<p.is_ring>0</p.is_ring>
							<p.is_ball>0</p.is_ball>
							<p.is_badguy>0</p.is_badguy>
						</properties>
					</Object>
				</item>
				<item class_id_reference="9" object_id="_76">
					<Object>
						<pos>
							<x>3.999000244e+03</x>
							<y>-3.400000000e+01</y>
						</pos>
						<objectDefName>floor2</objectDefName>
						<controller_num>0</controller_num>
						<properties>
							<p.feels_gravity>0</p.feels_gravity>
							<p.feels_user_input>0</p.feels_user_input>
							<p.feels_friction>0</p.feels_friction>
							<p.spawns_enemies>0</p.spawns_enemies>
							<p.is_physical>1</p.is_physical>
							<p.is_static>1</p.is_static>
							<p.is_sensor>0</p.is_sensor>
							<p.ignores_physics_rotation>0</p.ignores_physics_rotation>
							<p.do_our_own_rotation>0</p.do_our_own_rotation>
							<p.use_angled_corners_collision_box>0</p.use_angled_corners_collision_box>
							<p.is_overlay>0</p.is_overlay>
							<p.is_player>0</p.is_player>
							<p.is_spring>0</p.is_spring>
							<p.is_collectable>0</p.is_collectable>
							<p.is_fan>0</p.is_fan>
							<p.is_door>0</p.is_door>
							<p.is_ring>0</p.is_ring>
							<p.is_ball>0</p.is_ball>
							<p.is_badguy>0</p.is_badguy>
						</properties>
					</Object>
				</item>
				<item class_id_reference="9" object_id="_77">
					<Object>
						<pos>
							<x>3.870000000e+03</x>
							<y>-3.400000000e+01</y>
						</pos>
						<objectDefName>floor2</objectDefName>
						<controller_num>0</controller_num>
						<properties>
							<p.feels_gravity>0</p.feels_gravity>
							<p.feels_user_input>0</p.feels_user_input>
							<p.feels_friction>0</p.feels_friction>
							<p.spawns_enemies>0</p.spawns_enemies>
							<p.is_physical>1</p.is_physical>
							<p.is_static>1</p.is_static>
							<p.is_sensor>0</p.is_sensor>
							<p.ignores_physics_rotation>0</p.ignores_physics_rotation>
							<p.do_our_own_rotation>0</p.do_our_own_rotation>
							<p.use_angled_corners_collision_box>0</p.use_angled_corners_collision_box>
							<p.is_overlay>0</p.is_overlay>
							<p.is_player>0</p.is_player>
							<p.is_spring>0</p.is_spring>
							<p.is_collectable>0</p.is_collectable>
							<p.is_fan>0</p.is_fan>
							<p.is_door>0</p.is_door>
							<p.is_ring>0</p.is_ring>
							<p.is_ball>0</p.is_ball>
							<p.is_badguy>0</p.is_badguy>
						</properties>
					</Object>
				</item>
				<item class_id_reference="9" object_id="_78">
					<Object>
						<pos>
							<x>3.741000000e+03</x>
							<y>-3.400000000e+01</y>
						</pos>
						<objectDefName>floor2</objectDefName>
						<controller_num>0</controller_num>
						<properties>
							<p.feels_gravity>0</p.feels_gravity>
							<p.feels_user_input>0</p.feels_user_input>
							<p.feels_friction>0</p.feels_friction>
							<p.spawns_enemies>0</p.spawns_enemies>
							<p.is_physical>1</p.is_physical>
							<p.is_static>1</p.is_static>
							<p.is_sensor>0</p.is_sensor>
							<p.ignores_physics_rotation>0</p.ignores_physics_rotation>
							<p.do_our_own_rotation>0</p.do_our_own_rotation>
							<p.use_angled_corners_collision_box>0</p.use_angled_corners_collision_box>
							<p.is_overlay>0</p.is_overlay>
							<p.is_player>0</p.is_player>
							<p.is_spring>0</p.is_spring>
							<p.is_collectable>0</p.is_collectable>
							<p.is_fan>0</p.is_fan>
							<p.is_door>0</p.is_door>
							<p.is_ring>0</p.is_ring>
							<p.is_ball>0</p.is_ball>
							<p.is_badguy>0</p.is_badguy>
						</properties>
					</Object>
				</item>
				<item class_id_reference="9" object_id="_79">
					<Object>
						<pos>
							<x>3.612000244e+03</x>
							<y>-3.400000000e+01</y>
						</pos>
						<objectDefName>floor2</objectDefName>
						<controller_num>0</controller_num>
						<properties>
							<p.feels_gravity>0</p.feels_gravity>
							<p.feels_user_input>0</p.feels_user_input>
							<p.feels_friction>0</p.feels_friction>
							<p.spawns_enemies>0</p.spawns_enemies>
							<p.is_physical>1</p.is_physical>
							<p.is_static>1</p.is_static>
							<p.is_sensor>0</p.is_sensor>
							<p.ignores_physics_rotation>0</p.ignores_physics_rotation>
							<p.do_our_own_rotation>0</p.do_our_own_rotation>
							<p.use_angled_corners_collision_box>0</p.use_angled_corners_collision_box>
							<p.is_overlay>0</p.is_overlay>
							<p.is_player>0</p.is_player>
							<p.is_spring>0</p.is_spring>
							<p.is_collectable>0</p.is_collectable>
							<p.is_fan>0</p.is_fan>
							<p.is_door>0</p.is_door>
							<p.is_ring>0</p.is_ring>
							<p.is_ball>0</p.is_ball>
							<p.is_badguy>0</p.is_badguy>
						</properties>
					</Object>
				</item>
				<item class_id_reference="9" object_id="_80">
					<Object>
						<pos>
							<x>3.483000000e+03</x>
							<y>-3.400000000e+01</y>
						</pos>
						<objectDefName>floor2</objectDefName>
						<controller_num>0</controller_num>
						<properties>
							<p.feels_gravity>0</p.feels_gravity>
							<p.feels_user_input>0</p.feels_user_input>
							<p.feels_friction>0</p.feels_friction>
							<p.spawns_enemies>0</p.spawns_enemies>
							<p.is_physical>1</p.is_physical>
							<p.is_static>1</p.is_static>
							<p.is_sensor>0</p.is_sensor>
							<p.ignores_physics_rotation>0</p.ignores_physics_rotation>
							<p.do_our_own_rotation>0</p.do_our_own_rotation>
							<p.use_angled_corners_collision_box>0</p.use_angled_corners_collision_box>
							<p.is_overlay>0</p.is_overlay>
							<p.is_player>0</p.is_player>
							<p.is_spring>0</p.is_spring>
							<p.is_collectable>0</p.is_collectable>
							<p.is_fan>0</p.is_fan>
							<p.is_door>0</p.is_door>
							<p.is_ring>0</p.is_ring>
							<p.is_ball>0</p.is_ball>
							<p.is_badguy>0</p.is_badguy>
						</properties>
					</Object>
				</item>
				<item class_id_reference="9" object_id="_81">
					<Object>
						<pos>
							<x>3.354000000e+03</x>
							<y>-3.400000000e+01</y>
						</pos>
						<objectDefName>floor2</objectDefName>
						<controller_num>0</controller_num>
						<properties>
							<p.feels_gravity>0</p.feels_gravity>
							<p.feels_user_input>0</p.feels_user_input>
							<p.feels_friction>0</p.feels_friction>
							<p.spawns_enemies>0</p.spawns_enemies>
							<p.is_physical>1</p.is_physical>
							<p.is_static>1</p.is_static>
							<p.is_sensor>0</p.is_sensor>
							<p.ignores_physics_rotation>0</p.ignores_physics_rotation>
							<p.do_our_own_rotation>0</p.do_our_own_rotation>
							<p.use_angled_corners_collision_box>0</p.use_angled_corners_collision_box>
							<p.is_overlay>0</p.is_overlay>
							<p.is_player>0</p.is_player>
							<p.is_spring>0</p.is_spring>
							<p.is_collectable>0</p.is_collectable>
							<p.is_fan>0</p.is_fan>
							<p.is_door>0</p.is_door>
							<p.is_ring>0</p.is_ring>
							<p.is_ball>0</p.is_ball>
							<p.is_badguy>0</p.is_badguy>
						</properties>
					</Object>
				</item>
				<item class_id_reference="9" object_id="_82">
					<Object>
						<pos>
							<x>3.225000000e+03</x>
							<y>-3.400000000e+01</y>
						</pos>
						<objectDefName>floor2</objectDefName>
						<controller_num>0</controller_num>
						<properties>
							<p.feels_gravity>0</p.feels_gravity>
							<p.feels_user_input>0</p.feels_user_input>
							<p.feels_friction>0</p.feels_friction>
							<p.spawns_enemies>0</p.spawns_enemies>
							<p.is_physical>1</p.is_physical>
							<p.is_static>1</p.is_static>
							<p.is_sensor>0</p.is_sensor>
							<p.ignores_physics_rotation>0</p.ignores_physics_rotation>
							<p.do_our_own_rotation>0</p.do_our_own_rotation>
							<p.use_angled_corners_collision_box>0</p.use_angled_corners_collision_box>
							<p.is_overlay>0</p.is_overlay>
							<p.is_player>0</p.is_player>
							<p.is_spring>0</p.is_spring>
							<p.is_collectable>0</p.is_collectable>
							<p.is_fan>0</p.is_fan>
							<p.is_door>0</p.is_door>
							<p.is_ring>0</p.is_ring>
							<p.is_ball>0</p.is_ball>
							<p.is_badguy>0</p.is_badguy>
						</properties>
					</Object>
				</item>
				<item class_id_reference="9" object_id="_83">
					<Object>
						<pos>
							<x>3.096000244e+03</x>
							<y>-3.400000000e+01</y>
						</pos>
						<objectDefName>floor2</objectDefName>
						<controller_num>0</controller_num>
						<properties>
							<p.feels_gravity>0</p.feels_gravity>
							<p.feels_user_input>0</p.feels_user_input>
							<p.feels_friction>0</p.feels_friction>
							<p.spawns_enemies>0</p.spawns_enemies>
							<p.is_physical>1</p.is_physical>
							<p.is_static>1</p.is_static>
							<p.is_sensor>0</p.is_sensor>
							<p.ignores_physics_rotation>0</p.ignores_physics_rotation>
							<p.do_our_own_rotation>0</p.do_our_own_rotation>
							<p.use_angled_corners_collision_box>0</p.use_angled_corners_collision_box>
							<p.is_overlay>0</p.is_overlay>
							<p.is_player>0</p.is_player>
							<p.is_spring>0</p.is_spring>
							<p.is_collectable>0</p.is_collectable>
							<p.is_fan>0</p.is_fan>
							<p.is_door>0</p.is_door>
							<p.is_ring>0</p.is_ring>
							<p.is_ball>0</p.is_ball>
							<p.is_badguy>0</p.is_badguy>
						</properties>
					</Object>
				</item>
				<item class_id_reference="9" object_id="_84">
					<Object>
						<pos>
							<x>2.967000000e+03</x>
							<y>-3.400000000e+01</y>
						</pos>
						<objectDefName>floor2</objectDefName>
						<controller_num>0</controller_num>
						<properties>
							<p.feels_gravity>0</p.feels_gravity>
							<p.feels_user_input>0</p.feels_user_input>
							<p.feels_friction>0</p.feels_friction>
							<p.spawns_enemies>0</p.spawns_enemies>
							<p.is_physical>1</p.is_physical>
							<p.is_static>1</p.is_static>
							<p.is_sensor>0</p.is_sensor>
							<p.ignores_physics_rotation>0</p.ignores_physics_rotation>
							<p.do_our_own_rotation>0</p.do_our_own_rotation>
							<p.use_angled_corners_collision_box>0</p.use_angled_corners_collision_box>
							<p.is_overlay>0</p.is_overlay>
							<p.is_player>0</p.is_player>
							<p.is_spring>0</p.is_spring>
							<p.is_collectable>0</p.is_collectable>
							<p.is_fan>0</p.is_fan>
							<p.is_door>0</p.is_door>
							<p.is_ring>0</p.is_ring>
							<p.is_ball>0</p.is_ball>
							<p.is_badguy>0</p.is_badguy>
						</properties>
					</Object>
				</item>
				<item class_id_reference="9" object_id="_85">
					<Object>
						<pos>
							<x>2.838000000e+03</x>
							<y>-3.400000000e+01</y>
						</pos>
						<objectDefName>floor2</objectDefName>
						<controller_num>0</controller_num>
						<properties>
							<p.feels_gravity>0</p.feels_gravity>
							<p.feels_user_input>0</p.feels_user_input>
							<p.feels_friction>0</p.feels_friction>
							<p.spawns_enemies>0</p.spawns_enemies>
							<p.is_physical>1</p.is_physical>
							<p.is_static>1</p.is_static>
							<p.is_sensor>0</p.is_sensor>
							<p.ignores_physics_rotation>0</p.ignores_physics_rotation>
							<p.do_our_own_rotation>0</p.do_our_own_rotation>
							<p.use_angled_corners_collision_box>0</p.use_angled_corners_collision_box>
							<p.is_overlay>0</p.is_overlay>
							<p.is_player>0</p.is_player>
							<p.is_spring>0</p.is_spring>
							<p.is_collectable>0</p.is_collectable>
							<p.is_fan>0</p.is_fan>
							<p.is_door>0</p.is_door>
							<p.is_ring>0</p.is_ring>
							<p.is_ball>0</p.is_ball>
							<p.is_badguy>0</p.is_badguy>
						</properties>
					</Object>
				</item>
				<item class_id_reference="9" object_id="_86">
					<Object>
						<pos>
							<x>2.709000000e+03</x>
							<y>-3.400000000e+01</y>
						</pos>
						<objectDefName>floor2</objectDefName>
						<controller_num>0</controller_num>
						<properties>
							<p.feels_gravity>0</p.feels_gravity>
							<p.feels_user_input>0</p.feels_user_input>
							<p.feels_friction>0</p.feels_friction>
							<p.spawns_enemies>0</p.spawns_enemies>
							<p.is_physical>1</p.is_physical>
							<p.is_static>1</p.is_static>
							<p.is_sensor>0</p.is_sensor>
							<p.ignores_physics_rotation>0</p.ignores_physics_rotation>
							<p.do_our_own_rotation>0</p.do_our_own_rotation>
							<p.use_angled_corners_collision_box>0</p.use_angled_corners_collision_box>
							<p.is_overlay>0</p.is_overlay>
							<p.is_player>0</p.is_player>
							<p.is_spring>0</p.is_spring>
							<p.is_collectable>0</p.is_collectable>
							<p.is_fan>0</p.is_fan>
							<p.is_door>0</p.is_door>
							<p.is_ring>0</p.is_ring>
							<p.is_ball>0</p.is_ball>
							<p.is_badguy>0</p.is_badguy>
						</properties>
					</Object>
				</item>
				<item class_id_reference="9" object_id="_87">
					<Object>
						<pos>
							<x>2.580000000e+03</x>
							<y>-3.400000000e+01</y>
						</pos>
						<objectDefName>floor2</objectDefName>
						<controller_num>0</controller_num>
						<properties>
							<p.feels_gravity>0</p.feels_gravity>
							<p.feels_user_input>0</p.feels_user_input>
							<p.feels_friction>0</p.feels_friction>
							<p.spawns_enemies>0</p.spawns_enemies>
							<p.is_physical>1</p.is_physical>
							<p.is_static>1</p.is_static>
							<p.is_sensor>0</p.is_sensor>
							<p.ignores_physics_rotation>0</p.ignores_physics_rotation>
							<p.do_our_own_rotation>0</p.do_our_own_rotation>
							<p.use_angled_corners_collision_box>0</p.use_angled_corners_collision_box>
							<p.is_overlay>0</p.is_overlay>
							<p.is_player>0</p.is_player>
							<p.is_spring>0</p.is_spring>
							<p.is_collectable>0</p.is_collectable>
							<p.is_fan>0</p.is_fan>
							<p.is_door>0</p.is_door>
							<p.is_ring>0</p.is_ring>
							<p.is_ball>0</p.is_ball>
							<p.is_badguy>0</p.is_badguy>
						</properties>
					</Object>
				</item>
				<item class_id_reference="9" object_id="_88">
					<Object>
						<pos>
							<x>2.451000000e+03</x>
							<y>-3.400000000e+01</y>
						</pos>
						<objectDefName>floor2</objectDefName>
						<controller_num>0</controller_num>
						<properties>
							<p.feels_gravity>0</p.feels_gravity>
							<p.feels_user_input>0</p.feels_user_input>
							<p.feels_friction>0</p.feels_friction>
							<p.spawns_enemies>0</p.spawns_enemies>
							<p.is_physical>1</p.is_physical>
							<p.is_static>1</p.is_static>
							<p.is_sensor>0</p.is_sensor>
							<p.ignores_physics_rotation>0</p.ignores_physics_rotation>
							<p.do_our_own_rotation>0</p.do_our_own_rotation>
							<p.use_angled_corners_collision_box>0</p.use_angled_corners_collision_box>
							<p.is_overlay>0</p.is_overlay>
							<p.is_player>0</p.is_player>
							<p.is_spring>0</p.is_spring>
							<p.is_collectable>0</p.is_collectable>
							<p.is_fan>0</p.is_fan>
							<p.is_door>0</p.is_door>
							<p.is_ring>0</p.is_ring>
							<p.is_ball>0</p.is_ball>
							<p.is_badguy>0</p.is_badguy>
						</properties>
					</Object>
				</item>
				<item class_id_reference="9" object_id="_89">
					<Object>
						<pos>
							<x>2.322000000e+03</x>
							<y>-3.400000000e+01</y>
						</pos>
						<objectDefName>floor2</objectDefName>
						<controller_num>0</controller_num>
						<properties>
							<p.feels_gravity>0</p.feels_gravity>
							<p.feels_user_input>0</p.feels_user_input>
							<p.feels_friction>0</p.feels_friction>
							<p.spawns_enemies>0</p.spawns_enemies>
							<p.is_physical>1</p.is_physical>
							<p.is_static>1</p.is_static>
							<p.is_sensor>0</p.is_sensor>
							<p.ignores_physics_rotation>0</p.ignores_physics_rotation>
							<p.do_our_own_rotation>0</p.do_our_own_rotation>
							<p.use_angled_corners_collision_box>0</p.use_angled_corners_collision_box>
							<p.is_overlay>0</p.is_overlay>
							<p.is_player>0</p.is_player>
							<p.is_spring>0</p.is_spring>
							<p.is_collectable>0</p.is_collectable>
							<p.is_fan>0</p.is_fan>
							<p.is_door>0</p.is_door>
							<p.is_ring>0</p.is_ring>
							<p.is_ball>0</p.is_ball>
							<p.is_badguy>0</p.is_badguy>
						</properties>
					</Object>
				</item>
				<item class_id_reference="9" object_id="_90">
					<Object>
						<pos>
							<x>2.193000000e+03</x>
							<y>-3.400000000e+01</y>
						</pos>
						<objectDefName>floor2</objectDefName>
						<controller_num>0</controller_num>
						<properties>
							<p.feels_gravity>0</p.feels_gravity>
							<p.feels_user_input>0</p.feels_user_input>
							<p.feels_friction>0</p.feels_friction>
							<p.spawns_enemies>0</p.spawns_enemies>
							<p.is_physical>1</p.is_physical>
							<p.is_static>1</p.is_static>
							<p.is_sensor>0</p.is_sensor>
							<p.ignores_physics_rotation>0</p.ignores_physics_rotation>
							<p.do_our_own_rotation>0</p.do_our_own_rotation>
							<p.use_angled_corners_collision_box>0</p.use_angled_corners_collision_box>
							<p.is_overlay>0</p.is_overlay>
							<p.is_player>0</p.is_player>
							<p.is_spring>0</p.is_spring>
							<p.is_collectable>0</p.is_collectable>
							<p.is_fan>0</p.is_fan>
							<p.is_door>0</p.is_door>
							<p.is_ring>0</p.is_ring>
							<p.is_ball>0</p.is_ball>
							<p.is_badguy>0</p.is_badguy>
						</properties>
					</Object>
				</item>
				<item class_id_reference="9" object_id="_91">
					<Object>
						<pos>
							<x>2.064000000e+03</x>
							<y>-3.400000000e+01</y>
						</pos>
						<objectDefName>floor2</objectDefName>
						<controller_num>0</controller_num>
						<properties>
							<p.feels_gravity>0</p.feels_gravity>
							<p.feels_user_input>0</p.feels_user_input>
							<p.feels_friction>0</p.feels_friction>
							<p.spawns_enemies>0</p.spawns_enemies>
							<p.is_physical>1</p.is_physical>
							<p.is_static>1</p.is_static>
							<p.is_sensor>0</p.is_sensor>
							<p.ignores_physics_rotation>0</p.ignores_physics_rotation>
							<p.do_our_own_rotation>0</p.do_our_own_rotation>
							<p.use_angled_corners_collision_box>0</p.use_angled_corners_collision_box>
							<p.is_overlay>0</p.is_overlay>
							<p.is_player>0</p.is_player>
							<p.is_spring>0</p.is_spring>
							<p.is_collectable>0</p.is_collectable>
							<p.is_fan>0</p.is_fan>
							<p.is_door>0</p.is_door>
							<p.is_ring>0</p.is_ring>
							<p.is_ball>0</p.is_ball>
							<p.is_badguy>0</p.is_badguy>
						</properties>
					</Object>
				</item>
				<item class_id_reference="9" object_id="_92">
					<Object>
						<pos>
							<x>1.935000000e+03</x>
							<y>-3.400000000e+01</y>
						</pos>
						<objectDefName>floor2</objectDefName>
						<controller_num>0</controller_num>
						<properties>
							<p.feels_gravity>0</p.feels_gravity>
							<p.feels_user_input>0</p.feels_user_input>
							<p.feels_friction>0</p.feels_friction>
							<p.spawns_enemies>0</p.spawns_enemies>
							<p.is_physical>1</p.is_physical>
							<p.is_static>1</p.is_static>
							<p.is_sensor>0</p.is_sensor>
							<p.ignores_physics_rotation>0</p.ignores_physics_rotation>
							<p.do_our_own_rotation>0</p.do_our_own_rotation>
							<p.use_angled_corners_collision_box>0</p.use_angled_corners_collision_box>
							<p.is_overlay>0</p.is_overlay>
							<p.is_player>0</p.is_player>
							<p.is_spring>0</p.is_spring>
							<p.is_collectable>0</p.is_collectable>
							<p.is_fan>0</p.is_fan>
							<p.is_door>0</p.is_door>
							<p.is_ring>0</p.is_ring>
							<p.is_ball>0</p.is_ball>
							<p.is_badguy>0</p.is_badguy>
						</properties>
					</Object>
				</item>
				<item class_id_reference="9" object_id="_93">
					<Object>
						<pos>
							<x>1.806000122e+03</x>
							<y>-3.400000000e+01</y>
						</pos>
						<objectDefName>floor2</objectDefName>
						<controller_num>0</controller_num>
						<properties>
							<p.feels_gravity>0</p.feels_gravity>
							<p.feels_user_input>0</p.feels_user_input>
							<p.feels_friction>0</p.feels_friction>
							<p.spawns_enemies>0</p.spawns_enemies>
							<p.is_physical>1</p.is_physical>
							<p.is_static>1</p.is_static>
							<p.is_sensor>0</p.is_sensor>
							<p.ignores_physics_rotation>0</p.ignores_physics_rotation>
							<p.do_our_own_rotation>0</p.do_our_own_rotation>
							<p.use_angled_corners_collision_box>0</p.use_angled_corners_collision_box>
							<p.is_overlay>0</p.is_overlay>
							<p.is_player>0</p.is_player>
							<p.is_spring>0</p.is_spring>
							<p.is_collectable>0</p.is_collectable>
							<p.is_fan>0</p.is_fan>
							<p.is_door>0</p.is_door>
							<p.is_ring>0</p.is_ring>
							<p.is_ball>0</p.is_ball>
							<p.is_badguy>0</p.is_badguy>
						</properties>
					</Object>
				</item>
				<item class_id_reference="9" object_id="_94">
					<Object>
						<pos>
							<x>1.677000000e+03</x>
							<y>-3.400000000e+01</y>
						</pos>
						<objectDefName>floor2</objectDefName>
						<controller_num>0</controller_num>
						<properties>
							<p.feels_gravity>0</p.feels_gravity>
							<p.feels_user_input>0</p.feels_user_input>
							<p.feels_friction>0</p.feels_friction>
							<p.spawns_enemies>0</p.spawns_enemies>
							<p.is_physical>1</p.is_physical>
							<p.is_static>1</p.is_static>
							<p.is_sensor>0</p.is_sensor>
							<p.ignores_physics_rotation>0</p.ignores_physics_rotation>
							<p.do_our_own_rotation>0</p.do_our_own_rotation>
							<p.use_angled_corners_collision_box>0</p.use_angled_corners_collision_box>
							<p.is_overlay>0</p.is_overlay>
							<p.is_player>0</p.is_player>
							<p.is_spring>0</p.is_spring>
							<p.is_collectable>0</p.is_collectable>
							<p.is_fan>0</p.is_fan>
							<p.is_door>0</p.is_door>
							<p.is_ring>0</p.is_ring>
							<p.is_ball>0</p.is_ball>
							<p.is_badguy>0</p.is_badguy>
						</properties>
					</Object>
				</item>
				<item class_id_reference="9" object_id="_95">
					<Object>
						<pos>
							<x>1.548000122e+03</x>
							<y>-3.400000000e+01</y>
						</pos>
						<objectDefName>floor2</objectDefName>
						<controller_num>0</controller_num>
						<properties>
							<p.feels_gravity>0</p.feels_gravity>
							<p.feels_user_input>0</p.feels_user_input>
							<p.feels_friction>0</p.feels_friction>
							<p.spawns_enemies>0</p.spawns_enemies>
							<p.is_physical>1</p.is_physical>
							<p.is_static>1</p.is_static>
							<p.is_sensor>0</p.is_sensor>
							<p.ignores_physics_rotation>0</p.ignores_physics_rotation>
							<p.do_our_own_rotation>0</p.do_our_own_rotation>
							<p.use_angled_corners_collision_box>0</p.use_angled_corners_collision_box>
							<p.is_overlay>0</p.is_overlay>
							<p.is_player>0</p.is_player>
							<p.is_spring>0</p.is_spring>
							<p.is_collectable>0</p.is_collectable>
							<p.is_fan>0</p.is_fan>
							<p.is_door>0</p.is_door>
							<p.is_ring>0</p.is_ring>
							<p.is_ball>0</p.is_ball>
							<p.is_badguy>0</p.is_badguy>
						</properties>
					</Object>
				</item>
				<item class_id_reference="9" object_id="_96">
					<Object>
						<pos>
							<x>1.419000000e+03</x>
							<y>-3.400000000e+01</y>
						</pos>
						<objectDefName>floor2</objectDefName>
						<controller_num>0</controller_num>
						<properties>
							<p.feels_gravity>0</p.feels_gravity>
							<p.feels_user_input>0</p.feels_user_input>
							<p.feels_friction>0</p.feels_friction>
							<p.spawns_enemies>0</p.spawns_enemies>
							<p.is_physical>1</p.is_physical>
							<p.is_static>1</p.is_static>
							<p.is_sensor>0</p.is_sensor>
							<p.ignores_physics_rotation>0</p.ignores_physics_rotation>
							<p.do_our_own_rotation>0</p.do_our_own_rotation>
							<p.use_angled_corners_collision_box>0</p.use_angled_corners_collision_box>
							<p.is_overlay>0</p.is_overlay>
							<p.is_player>0</p.is_player>
							<p.is_spring>0</p.is_spring>
							<p.is_collectable>0</p.is_collectable>
							<p.is_fan>0</p.is_fan>
							<p.is_door>0</p.is_door>
							<p.is_ring>0</p.is_ring>
							<p.is_ball>0</p.is_ball>
							<p.is_badguy>0</p.is_badguy>
						</properties>
					</Object>
				</item>
				<item class_id_reference="9" object_id="_97">
					<Object>
						<pos>
							<x>1.289999878e+03</x>
							<y>-3.400000000e+01</y>
						</pos>
						<objectDefName>floor2</objectDefName>
						<controller_num>0</controller_num>
						<properties>
							<p.feels_gravity>0</p.feels_gravity>
							<p.feels_user_input>0</p.feels_user_input>
							<p.feels_friction>0</p.feels_friction>
							<p.spawns_enemies>0</p.spawns_enemies>
							<p.is_physical>1</p.is_physical>
							<p.is_static>1</p.is_static>
							<p.is_sensor>0</p.is_sensor>
							<p.ignores_physics_rotation>0</p.ignores_physics_rotation>
							<p.do_our_own_rotation>0</p.do_our_own_rotation>
							<p.use_angled_corners_collision_box>0</p.use_angled_corners_collision_box>
							<p.is_overlay>0</p.is_overlay>
							<p.is_player>0</p.is_player>
							<p.is_spring>0</p.is_spring>
							<p.is_collectable>0</p.is_collectable>
							<p.is_fan>0</p.is_fan>
							<p.is_door>0</p.is_door>
							<p.is_ring>0</p.is_ring>
							<p.is_ball>0</p.is_ball>
							<p.is_badguy>0</p.is_badguy>
						</properties>
					</Object>
				</item>
				<item class_id_reference="9" object_id="_98">
					<Object>
						<pos>
							<x>1.160999878e+03</x>
							<y>-3.400000000e+01</y>
						</pos>
						<objectDefName>floor2</objectDefName>
						<controller_num>0</controller_num>
						<properties>
							<p.feels_gravity>0</p.feels_gravity>
							<p.feels_user_input>0</p.feels_user_input>
							<p.feels_friction>0</p.feels_friction>
							<p.spawns_enemies>0</p.spawns_enemies>
							<p.is_physical>1</p.is_physical>
							<p.is_static>1</p.is_static>
							<p.is_sensor>0</p.is_sensor>
							<p.ignores_physics_rotation>0</p.ignores_physics_rotation>
							<p.do_our_own_rotation>0</p.do_our_own_rotation>
							<p.use_angled_corners_collision_box>0</p.use_angled_corners_collision_box>
							<p.is_overlay>0</p.is_overlay>
							<p.is_player>0</p.is_player>
							<p.is_spring>0</p.is_spring>
							<p.is_collectable>0</p.is_collectable>
							<p.is_fan>0</p.is_fan>
							<p.is_door>0</p.is_door>
							<p.is_ring>0</p.is_ring>
							<p.is_ball>0</p.is_ball>
							<p.is_badguy>0</p.is_badguy>
						</properties>
					</Object>
				</item>
				<item class_id_reference="9" object_id="_99">
					<Object>
						<pos>
							<x>1.031999878e+03</x>
							<y>-3.400000000e+01</y>
						</pos>
						<objectDefName>floor2</objectDefName>
						<controller_num>0</controller_num>
						<properties>
							<p.feels_gravity>0</p.feels_gravity>
							<p.feels_user_input>0</p.feels_user_input>
							<p.feels_friction>0</p.feels_friction>
							<p.spawns_enemies>0</p.spawns_enemies>
							<p.is_physical>1</p.is_physical>
							<p.is_static>1</p.is_static>
							<p.is_sensor>0</p.is_sensor>
							<p.ignores_physics_rotation>0</p.ignores_physics_rotation>
							<p.do_our_own_rotation>0</p.do_our_own_rotation>
							<p.use_angled_corners_collision_box>0</p.use_angled_corners_collision_box>
							<p.is_overlay>0</p.is_overlay>
							<p.is_player>0</p.is_player>
							<p.is_spring>0</p.is_spring>
							<p.is_collectable>0</p.is_collectable>
							<p.is_fan>0</p.is_fan>
							<p.is_door>0</p.is_door>
							<p.is_ring>0</p.is_ring>
							<p.is_ball>0</p.is_ball>
							<p.is_badguy>0</p.is_badguy>
						</properties>
					</Object>
				</item>
				<item class_id_reference="9" object_id="_100">
					<Object>
						<pos>
							<x>9.030000000e+02</x>
							<y>-3.400000000e+01</y>
						</pos>
						<objectDefName>floor2</objectDefName>
						<controller_num>0</controller_num>
						<properties>
							<p.feels_gravity>0</p.feels_gravity>
							<p.feels_user_input>0</p.feels_user_input>
							<p.feels_friction>0</p.feels_friction>
							<p.spawns_enemies>0</p.spawns_enemies>
							<p.is_physical>1</p.is_physical>
							<p.is_static>1</p.is_static>
							<p.is_sensor>0</p.is_sensor>
							<p.ignores_physics_rotation>0</p.ignores_physics_rotation>
							<p.do_our_own_rotation>0</p.do_our_own_rotation>
							<p.use_angled_corners_collision_box>0</p.use_angled_corners_collision_box>
							<p.is_overlay>0</p.is_overlay>
							<p.is_player>0</p.is_player>
							<p.is_spring>0</p.is_spring>
							<p.is_collectable>0</p.is_collectable>
							<p.is_fan>0</p.is_fan>
							<p.is_door>0</p.is_door>
							<p.is_ring>0</p.is_ring>
							<p.is_ball>0</p.is_ball>
							<p.is_badguy>0</p.is_badguy>
						</properties>
					</Object>
				</item>
				<item class_id_reference="9" object_id="_101">
					<Object>
						<pos>
							<x>7.740000000e+02</x>
							<y>-3.400000000e+01</y>
						</pos>
						<objectDefName>floor2</objectDefName>
						<controller_num>0</controller_num>
						<properties>
							<p.feels_gravity>0</p.feels_gravity>
							<p.feels_user_input>0</p.feels_user_input>
							<p.feels_friction>0</p.feels_friction>
							<p.spawns_enemies>0</p.spawns_enemies>
							<p.is_physical>1</p.is_physical>
							<p.is_static>1</p.is_static>
							<p.is_sensor>0</p.is_sensor>
							<p.ignores_physics_rotation>0</p.ignores_physics_rotation>
							<p.do_our_own_rotation>0</p.do_our_own_rotation>
							<p.use_angled_corners_collision_box>0</p.use_angled_corners_collision_box>
							<p.is_overlay>0</p.is_overlay>
							<p.is_player>0</p.is_player>
							<p.is_spring>0</p.is_spring>
							<p.is_collectable>0</p.is_collectable>
							<p.is_fan>0</p.is_fan>
							<p.is_door>0</p.is_door>
							<p.is_ring>0</p.is_ring>
							<p.is_ball>0</p.is_ball>
							<p.is_badguy>0</p.is_badguy>
						</properties>
					</Object>
				</item>
				<item class_id_reference="9" object_id="_102">
					<Object>
						<pos>
							<x>6.450000000e+02</x>
							<y>-3.400000000e+01</y>
						</pos>
						<objectDefName>floor2</objectDefName>
						<controller_num>0</controller_num>
						<properties>
							<p.feels_gravity>0</p.feels_gravity>
							<p.feels_user_input>0</p.feels_user_input>
							<p.feels_friction>0</p.feels_friction>
							<p.spawns_enemies>0</p.spawns_enemies>
							<p.is_physical>1</p.is_physical>
							<p.is_static>1</p.is_static>
							<p.is_sensor>0</p.is_sensor>
							<p.ignores_physics_rotation>0</p.ignores_physics_rotation>
							<p.do_our_own_rotation>0</p.do_our_own_rotation>
							<p.use_angled_corners_collision_box>0</p.use_angled_corners_collision_box>
							<p.is_overlay>0</p.is_overlay>
							<p.is_player>0</p.is_player>
							<p.is_spring>0</p.is_spring>
							<p.is_collectable>0</p.is_collectable>
							<p.is_fan>0</p.is_fan>
							<p.is_door>0</p.is_door>
							<p.is_ring>0</p.is_ring>
							<p.is_ball>0</p.is_ball>
							<p.is_badguy>0</p.is_badguy>
						</properties>
					</Object>
				</item>
				<item class_id_reference="9" object_id="_103">
					<Object>
						<pos>
							<x>5.160000000e+02</x>
							<y>-3.400000000e+01</y>
						</pos>
						<objectDefName>floor2</objectDefName>
						<controller_num>0</controller_num>
						<properties>
							<p.feels_gravity>0</p.feels_gravity>
							<p.feels_user_input>0</p.feels_user_input>
							<p.feels_friction>0</p.feels_friction>
							<p.spawns_enemies>0</p.spawns_enemies>
							<p.is_physical>1</p.is_physical>
							<p.is_static>1</p.is_static>
							<p.is_sensor>0</p.is_sensor>
							<p.ignores_physics_rotation>0</p.ignores_physics_rotation>
							<p.do_our_own_rotation>0</p.do_our_own_rotation>
							<p.use_angled_corners_collision_box>0</p.use_angled_corners_collision_box>
							<p.is_overlay>0</p.is_overlay>
							<p.is_player>0</p.is_player>
							<p.is_spring>0</p.is_spring>
							<p.is_collectable>0</p.is_collectable>
							<p.is_fan>0</p.is_fan>
							<p.is_door>0</p.is_door>
							<p.is_ring>0</p.is_ring>
							<p.is_ball>0</p.is_ball>
							<p.is_badguy>0</p.is_badguy>
						</properties>
					</Object>
				</item>
				<item class_id_reference="9" object_id="_104">
					<Object>
						<pos>
							<x>3.870000305e+02</x>
							<y>-3.400000000e+01</y>
						</pos>
						<objectDefName>floor2</objectDefName>
						<controller_num>0</controller_num>
						<properties>
							<p.feels_gravity>0</p.feels_gravity>
							<p.feels_user_input>0</p.feels_user_input>
							<p.feels_friction>0</p.feels_friction>
							<p.spawns_enemies>0</p.spawns_enemies>
							<p.is_physical>1</p.is_physical>
							<p.is_static>1</p.is_static>
							<p.is_sensor>0</p.is_sensor>
							<p.ignores_physics_rotation>0</p.ignores_physics_rotation>
							<p.do_our_own_rotation>0</p.do_our_own_rotation>
							<p.use_angled_corners_collision_box>0</p.use_angled_corners_collision_box>
							<p.is_overlay>0</p.is_overlay>
							<p.is_player>0</p.is_player>
							<p.is_spring>0</p.is_spring>
							<p.is_collectable>0</p.is_collectable>
							<p.is_fan>0</p.is_fan>
							<p.is_door>0</p.is_door>
							<p.is_ring>0</p.is_ring>
							<p.is_ball>0</p.is_ball>
							<p.is_badguy>0</p.is_badguy>
						</properties>
					</Object>
				</item>
				<item class_id_reference="9" object_id="_105">
					<Object>
						<pos>
							<x>2.580000000e+02</x>
							<y>-3.400000000e+01</y>
						</pos>
						<objectDefName>floor2</objectDefName>
						<controller_num>0</controller_num>
						<properties>
							<p.feels_gravity>0</p.feels_gravity>
							<p.feels_user_input>0</p.feels_user_input>
							<p.feels_friction>0</p.feels_friction>
							<p.spawns_enemies>0</p.spawns_enemies>
							<p.is_physical>1</p.is_physical>
							<p.is_static>1</p.is_static>
							<p.is_sensor>0</p.is_sensor>
							<p.ignores_physics_rotation>0</p.ignores_physics_rotation>
							<p.do_our_own_rotation>0</p.do_our_own_rotation>
							<p.use_angled_corners_collision_box>0</p.use_angled_corners_collision_box>
							<p.is_overlay>0</p.is_overlay>
							<p.is_player>0</p.is_player>
							<p.is_spring>0</p.is_spring>
							<p.is_collectable>0</p.is_collectable>
							<p.is_fan>0</p.is_fan>
							<p.is_door>0</p.is_door>
							<p.is_ring>0</p.is_ring>
							<p.is_ball>0</p.is_ball>
							<p.is_badguy>0</p.is_badguy>
						</properties>
					</Object>
				</item>
				<item class_id_reference="9" object_id="_106">
					<Object>
						<pos>
							<x>1.289999847e+02</x>
							<y>-3.400000000e+01</y>
						</pos>
						<objectDefName>floor2</objectDefName>
						<controller_num>0</controller_num>
						<properties>
							<p.feels_gravity>0</p.feels_gravity>
							<p.feels_user_input>0</p.feels_user_input>
							<p.feels_friction>0</p.feels_friction>
							<p.spawns_enemies>0</p.spawns_enemies>
							<p.is_physical>1</p.is_physical>
							<p.is_static>1</p.is_static>
							<p.is_sensor>0</p.is_sensor>
							<p.ignores_physics_rotation>0</p.ignores_physics_rotation>
							<p.do_our_own_rotation>0</p.do_our_own_rotation>
							<p.use_angled_corners_collision_box>0</p.use_angled_corners_collision_box>
							<p.is_overlay>0</p.is_overlay>
							<p.is_player>0</p.is_player>
							<p.is_spring>0</p.is_spring>
							<p.is_collectable>0</p.is_collectable>
							<p.is_fan>0</p.is_fan>
							<p.is_door>0</p.is_door>
							<p.is_ring>0</p.is_ring>
							<p.is_ball>0</p.is_ball>
							<p.is_badguy>0</p.is_badguy>
						</properties>
					</Object>
				</item>
				<item class_id_reference="9" object_id="_107">
					<Object>
						<pos>
							<x>0.000000000e+00</x>
							<y>-3.400000000e+01</y>
						</pos>
						<objectDefName>floor2</objectDefName>
						<controller_num>0</controller_num>
						<properties>
							<p.feels_gravity>0</p.feels_gravity>
							<p.feels_user_input>0</p.feels_user_input>
							<p.feels_friction>0</p.feels_friction>
							<p.spawns_enemies>0</p.spawns_enemies>
							<p.is_physical>1</p.is_physical>
							<p.is_static>1</p.is_static>
							<p.is_sensor>0</p.is_sensor>
							<p.ignores_physics_rotation>0</p.ignores_physics_rotation>
							<p.do_our_own_rotation>0</p.do_our_own_rotation>
							<p.use_angled_corners_collision_box>0</p.use_angled_corners_collision_box>
							<p.is_overlay>0</p.is_overlay>
							<p.is_player>0</p.is_player>
							<p.is_spring>0</p.is_spring>
							<p.is_collectable>0</p.is_collectable>
							<p.is_fan>0</p.is_fan>
							<p.is_door>0</p.is_door>
							<p.is_ring>0</p.is_ring>
							<p.is_ball>0</p.is_ball>
							<p.is_badguy>0</p.is_badguy>
						</properties>
					</Object>
				</item>
			</objects>
			<scroll_speed>1.000000000e+00</scroll_speed>
			<name>bg_objects</name>
			<visible>1</visible>
		</item>
		<item class_id_reference="3" object_id="_108">
			<objects>
				<count>5</count>
				<item_version>0</item_version>
				<item class_id_reference="9" object_id="_109">
					<Object>
						<pos>
							<x>1.536000000e+03</x>
							<y>3.070531082e+01</y>
						</pos>
						<objectDefName>explosion</objectDefName>
						<controller_num>0</controller_num>
						<properties>
							<p.feels_gravity>0</p.feels_gravity>
							<p.feels_user_input>0</p.feels_user_input>
							<p.feels_friction>0</p.feels_friction>
							<p.spawns_enemies>0</p.spawns_enemies>
							<p.is_physical>0</p.is_physical>
							<p.is_static>1</p.is_static>
							<p.is_sensor>0</p.is_sensor>
							<p.ignores_physics_rotation>0</p.ignores_physics_rotation>
							<p.do_our_own_rotation>0</p.do_our_own_rotation>
							<p.use_angled_corners_collision_box>0</p.use_angled_corners_collision_box>
							<p.is_overlay>0</p.is_overlay>
							<p.is_player>0</p.is_player>
							<p.is_spring>0</p.is_spring>
							<p.is_collectable>0</p.is_collectable>
							<p.is_fan>0</p.is_fan>
							<p.is_door>0</p.is_door>
							<p.is_ring>0</p.is_ring>
							<p.is_ball>0</p.is_ball>
							<p.is_badguy>0</p.is_badguy>
						</properties>
					</Object>
				</item>
				<item class_id="11" class_name="ObjectBounce" tracking_level="1" version="0" object_id="_110">
					<Object>
						<pos>
							<x>1.812369019e+03</x>
							<y>3.070377731e+01</y>
						</pos>
						<objectDefName>bomb</objectDefName>
						<controller_num>0</controller_num>
						<properties>
							<p.feels_gravity>1</p.feels_gravity>
							<p.feels_user_input>0</p.feels_user_input>
							<p.feels_friction>0</p.feels_friction>
							<p.spawns_enemies>0</p.spawns_enemies>
							<p.is_physical>1</p.is_physical>
							<p.is_static>0</p.is_static>
							<p.is_sensor>0</p.is_sensor>
							<p.ignores_physics_rotation>0</p.ignores_physics_rotation>
							<p.do_our_own_rotation>0</p.do_our_own_rotation>
							<p.use_angled_corners_collision_box>0</p.use_angled_corners_collision_box>
							<p.is_overlay>0</p.is_overlay>
							<p.is_player>0</p.is_player>
							<p.is_spring>0</p.is_spring>
							<p.is_collectable>0</p.is_collectable>
							<p.is_fan>0</p.is_fan>
							<p.is_door>0</p.is_door>
							<p.is_ring>0</p.is_ring>
							<p.is_ball>1</p.is_ball>
							<p.is_badguy>0</p.is_badguy>
						</properties>
					</Object>
				</item>
				<item class_id_reference="11" object_id="_111">
					<Object>
						<pos>
							<x>1.758046021e+03</x>
							<y>3.070261765e+01</y>
						</pos>
						<objectDefName>bomb</objectDefName>
						<controller_num>0</controller_num>
						<properties>
							<p.feels_gravity>1</p.feels_gravity>
							<p.feels_user_input>0</p.feels_user_input>
							<p.feels_friction>0</p.feels_friction>
							<p.spawns_enemies>0</p.spawns_enemies>
							<p.is_physical>1</p.is_physical>
							<p.is_static>0</p.is_static>
							<p.is_sensor>0</p.is_sensor>
							<p.ignores_physics_rotation>0</p.ignores_physics_rotation>
							<p.do_our_own_rotation>0</p.do_our_own_rotation>
							<p.use_angled_corners_collision_box>0</p.use_angled_corners_collision_box>
							<p.is_overlay>0</p.is_overlay>
							<p.is_player>0</p.is_player>
							<p.is_spring>0</p.is_spring>
							<p.is_collectable>0</p.is_collectable>
							<p.is_fan>0</p.is_fan>
							<p.is_door>0</p.is_door>
							<p.is_ring>0</p.is_ring>
							<p.is_ball>1</p.is_ball>
							<p.is_badguy>0</p.is_badguy>
						</properties>
					</Object>
				</item>
				<item class_id_reference="11" object_id="_112">
					<Object>
						<pos>
							<x>1.690340820e+03</x>
							<y>3.068202209e+01</y>
						</pos>
						<objectDefName>bomb</objectDefName>
						<controller_num>0</controller_num>
						<properties>
							<p.feels_gravity>1</p.feels_gravity>
							<p.feels_user_input>0</p.feels_user_input>
							<p.feels_friction>0</p.feels_friction>
							<p.spawns_enemies>0</p.spawns_enemies>
							<p.is_physical>1</p.is_physical>
							<p.is_static>0</p.is_static>
							<p.is_sensor>0</p.is_sensor>
							<p.ignores_physics_rotation>0</p.ignores_physics_rotation>
							<p.do_our_own_rotation>0</p.do_our_own_rotation>
							<p.use_angled_corners_collision_box>0</p.use_angled_corners_collision_box>
							<p.is_overlay>0</p.is_overlay>
							<p.is_player>0</p.is_player>
							<p.is_spring>0</p.is_spring>
							<p.is_collectable>0</p.is_collectable>
							<p.is_fan>0</p.is_fan>
							<p.is_door>0</p.is_door>
							<p.is_ring>0</p.is_ring>
							<p.is_ball>1</p.is_ball>
							<p.is_badguy>0</p.is_badguy>
						</properties>
					</Object>
				</item>
				<item class_id="12" class_name="HumanPlayerObject" tracking_level="1" version="0" object_id="_113">
					<Object>
						<pos>
							<x>2.260700928e+03</x>
							<y>3.067498779e+01</y>
						</pos>
						<objectDefName>amaya</objectDefName>
						<controller_num>1</controller_num>
						<properties>
							<p.feels_gravity>1</p.feels_gravity>
							<p.feels_user_input>1</p.feels_user_input>
							<p.feels_friction>1</p.feels_friction>
							<p.spawns_enemies>0</p.spawns_enemies>
							<p.is_physical>1</p.is_physical>
							<p.is_static>0</p.is_static>
							<p.is_sensor>0</p.is_sensor>
							<p.ignores_physics_rotation>1</p.ignores_physics_rotation>
							<p.do_our_own_rotation>0</p.do_our_own_rotation>
							<p.use_angled_corners_collision_box>1</p.use_angled_corners_collision_box>
							<p.is_overlay>0</p.is_overlay>
							<p.is_player>1</p.is_player>
							<p.is_spring>0</p.is_spring>
							<p.is_collectable>0</p.is_collectable>
							<p.is_fan>0</p.is_fan>
							<p.is_door>0</p.is_door>
							<p.is_ring>0</p.is_ring>
							<p.is_ball>0</p.is_ball>
							<p.is_badguy>0</p.is_badguy>
						</properties>
					</Object>
				</item>
			</objects>
			<scroll_speed>1.000000000e+00</scroll_speed>
			<name>foreground</name>
			<visible>1</visible>
		</item>
		<item class_id_reference="3" object_id="_114">
			<objects>
				<count>1</count>
				<item_version>0</item_version>
				<item class_id="13" class_name="ObjectController" tracking_level="1" version="0" object_id="_115">
					<Object>
						<pos>
							<x>5.000000000e+00</x>
							<y>5.000000000e+00</y>
						</pos>
						<objectDefName>controller</objectDefName>
						<controller_num>1</controller_num>
						<properties>
							<p.feels_gravity>0</p.feels_gravity>
							<p.feels_user_input>0</p.feels_user_input>
							<p.feels_friction>0</p.feels_friction>
							<p.spawns_enemies>0</p.spawns_enemies>
							<p.is_physical>0</p.is_physical>
							<p.is_static>0</p.is_static>
							<p.is_sensor>0</p.is_sensor>
							<p.ignores_physics_rotation>0</p.ignores_physics_rotation>
							<p.do_our_own_rotation>0</p.do_our_own_rotation>
							<p.use_angled_corners_collision_box>0</p.use_angled_corners_collision_box>
							<p.is_overlay>1</p.is_overlay>
							<p.is_player>0</p.is_player>
							<p.is_spring>0</p.is_spring>
							<p.is_collectable>0</p.is_collectable>
							<p.is_fan>0</p.is_fan>
							<p.is_door>0</p.is_door>
							<p.is_ring>0</p.is_ring>
							<p.is_ball>0</p.is_ball>
							<p.is_badguy>0</p.is_badguy>
						</properties>
					</Object>
				</item>
			</objects>
			<scroll_speed>1.000000000e+00</scroll_speed>
			<name>overlays</name>
			<visible>1</visible>
		</item>
	</layers>
	<bgcolor class_id="14" tracking_level="0" version="0">
		<r>3.568627536e-01</r>
		<g>1.137254909e-01</g>
		<b>1.529411823e-01</b>
		<a>1.000000000e+00</a>
	</bgcolor>
	<bgcolor_top>
		<r>3.568627536e-01</r>
		<g>1.137254909e-01</g>
		<b>1.529411823e-01</b>
		<a>1.000000000e+00</a>
	</bgcolor_top>
	<music>level2.ogg</music>
	<width>10000</width>
	<height>6000</height>
	<lua_script>scripts/level2.lua</lua_script>
</this>
</boost_serialization>

